INFO: [SIM 2] *************** CSIM start ***************
INFO: [SIM 4] CSIM will launch GCC as the compiler.
   Compiling ../../../../TestTPG.cpp in debug mode
   Generating csim.exe
Using: #define uint10_t uint16_t
24 
56 
72 
36 
0 
0 
0 
0 
0 
0 
0 
0 
0 
0 
0 
1 
0 
0 
0 
0 
0 
1 
2 
2 
0 
0 
0 
0 
1 
1 
0 
0 
0 
0 
0 
3 
5 
1 
0 
0 
0 
6 
8 
8 
3 
0 
0 
1 
3 
0 
0 
0 
0 
0 
1 
0 
0 
1 
3 
8 
9 
5 
0 
0 
2 
3 
7 
10 
8 
0 
0 
0 
1 
3 
0 
0 
0 
0 
0 
0 
0 
0 
0 
0 
1 
3 
0 
0 
0 
0 
2 
3 
5 
7 
1 
0 
0 
0 
1 
0 
0 
0 
0 
0 
0 
0 
1 
4 
1 
0 
0 
0 
0 
0 
0 
0 
0 
0 
4 
2 
0 
0 
0 
0 
0 
0 
0 
0 
0 
0 
2 
4 
0 
0 
0 
0 
0 
0 
0 
0 
0 
1 
2 
1 
0 
0 
0 
2 
0 
0 
0 
0 
0 
0 
0 
0 
0 
0 
0 
0 
0 
0 
0 
0 
0 
0 
0 
0 
0 
3 
7 
5 
2 
1 
0 
0 
0 
2 
1 
0 
0 
0 
0 
0 
0 
0 
2 
0 
0 
0 
0 
0 
0 
0 
0 
1 
0 
1 
0 
0 
0 
0 
0 
0 
2 
5 
0 
0 
0 
0 
0 
0 
0 
0 
0 
0 
0 
0 
0 
0 
0 
3 
3 
0 
0 
0 
0 
2 
0 
0 
2 
0 
0 
0 
0 
0 
0 
0 
0 
0 
0 
0 
0 
0 
0 
0 
4 
2 
0 
0 
3 
4 
0 
0 
0 
0 
0 
0 
0 
0 
0 
0 
0 
0 
0 
0 
0 
0 
0 
0 
0 
2 
8 
6 
3 
0 
0 
0 
0 
0 
3 
5 
0 
0 
0 
0 
0 
0 
0 
0 
0 
0 
0 
0 
3 
2 
0 
0 
4 
0 
0 
0 
0 
0 
0 
0 
0 
0 
1 
1 
1 
0 
0 
0 
0 
0 
0 
0 
0 
0 
0 
1 
3 
2 
0 
0 
0 
0 
0 
3 
0 
0 
0 
0 
1 
2 
4 
1 
0 
0 
2 
8 
6 
4 
1 
0 
0 
0 
5 
0 
0 
0 
0 
0 
5 
3 
2 
3 
0 
4 
6 
9 
6 
2 
2 
3 
6 
8 
10 
1 
0 
0 
0 
0 
0 
0 
0 
0 
0 
0 
0 
0 
0 
0 
0 
0 
0 
0 
0 
0 
3 
4 
3 
5 
2 
0 
0 
0 
2 
4 
1 
0 
0 
0 
0 
0 
0 
0 
0 
0 
2 
0 
0 
0 
0 
2 
0 
2 
3 
0 
0 
0 
0 
0 
0 
0 
0 
0 
0 
0 
0 
5 
0 
0 
0 
0 
0 
0 
0 
0 
0 
0 
2 
0 
0 
0 
2 
2 
0 
0 
1 
0 
0 
0 
0 
2 
0 
0 
0 
0 
0 
0 
2 
0 
0 
0 
0 
0 
0 
6 
7 
6 
4 
5 
0 
0 
0 
0 
0 
0 
0 
0 
0 
0 
0 
1 
4 
0 
0 
0 
0 
0 
0 
0 
0 
0 
0 
4 
3 
0 
0 
0 
0 
0 
4 
2 
0 
0 
0 
0 
0 
0 
0 
0 
0 
0 
0 
4 
1 
0 
0 
0 
3 
0 
0 
0 
0 
1 
0 
0 
2 
0 
0 
0 
0 
0 
0 
0 
0 
0 
0 
0 
0 
0 
0 
2 
3 
0 
0 
1 
2 
1 
0 
0 
0 
0 
2 
0 
0 
0 
0 
0 
0 
0 
0 
1 
0 
0 
0 
0 
INFO: [SIM 1] CSim done with 0 errors.
INFO: [SIM 3] *************** CSIM finish ***************
