@I [HLS-0] Workspace /afs/cern.ch/user/p/psiddire/CMSSW_10_2_2/src/VivadoHLSProjects/BitShift/BitShift/solution1 opened at Thu Oct 18 19:39:15 CEST 2018
@I [HLS-100] Execute     config_clock -quiet -name default -period 10 -default=false 
@I [SYN-201] Setting up clock 'default' with a period of 10ns.
@I [HLS-100] Command     config_clock returned 0; 0 sec.
@W [HLS-40] Cannot find library '/opt/Xilinx/Vivado_HLS/2016.3/common/technology/xilinx/Defense-grade Kintex UltraScale FPGAs/Defense-grade Kintex UltraScale FPGAs.lib'.
@W [HLS-40] Cannot find library 'xilinx/Defense-grade Kintex UltraScale FPGAs/Defense-grade Kintex UltraScale FPGAs'.
@I [HLS-100] Execute     set_part xqku115-rlf1924-2-i 
@I [HLS-100] Execute       add_library xilinx/qkintexu/qkintexu:xqku115:-rlf1924:-2-i 
@I [HLS-100] Execute         get_default_platform 
@I [HLS-100] Command         get_default_platform returned 0; 0 sec.
@I [HLS-100] Execute         license_isbetapart xqku115 
@I [HLS-100] Command         license_isbetapart returned 1; 0 sec.
@I [HLS-100] Execute         open_platform DefaultPlatform 
@I [HLS-100] Command         open_platform returned 0; 0 sec.
@I [HLS-100] Execute         import_lib /opt/Xilinx/Vivado_HLS/2016.3/common/technology/xilinx/qkintexu/qkintexu 
@I [HLS-100] Execute           source /opt/Xilinx/Vivado_HLS/2016.3/common/technology/xilinx/common/xilinx.lib 
@I [HLS-100] Execute             source /opt/Xilinx/Vivado_HLS/2016.3/common/technology/xilinx/interface/xilinx_interface.lib 
@I [HLS-100] Execute               source /opt/Xilinx/Vivado_HLS/2016.3/common/technology/xilinx/interface/plb46.lib 
@I [HLS-100] Command               ap_source returned 0; 0 sec.
@I [HLS-100] Execute               source /opt/Xilinx/Vivado_HLS/2016.3/common/technology/xilinx/interface/fsl.lib 
@I [HLS-100] Command               ap_source returned 0; 0 sec.
@I [HLS-100] Execute               source /opt/Xilinx/Vivado_HLS/2016.3/common/technology/xilinx/interface/axi4.lib 
@I [HLS-100] Command               ap_source returned 0; 0 sec.
@I [HLS-100] Execute               source /opt/Xilinx/Vivado_HLS/2016.3/common/technology/xilinx/interface/maxi.lib 
@I [HLS-100] Command               ap_source returned 0; 0 sec.
@I [HLS-100] Execute               source /opt/Xilinx/Vivado_HLS/2016.3/common/technology/xilinx/interface/saxilite.lib 
@I [HLS-100] Command               ap_source returned 0; 0 sec.
@I [HLS-100] Command             ap_source returned 0; 0.01 sec.
@I [HLS-100] Execute             source /opt/Xilinx/Vivado_HLS/2016.3/common/technology/xilinx/common/dsp48.lib 
@I [HLS-100] Command             ap_source returned 0; 0 sec.
@I [HLS-100] Execute             source /opt/Xilinx/Vivado_HLS/2016.3/common/technology/xilinx/ip/xfir.lib 
@I [HLS-100] Command             ap_source returned 0; 0 sec.
@I [HLS-100] Execute             source /opt/Xilinx/Vivado_HLS/2016.3/common/technology/xilinx/ip/xfft.lib 
@I [HLS-100] Command             ap_source returned 0; 0 sec.
@I [HLS-100] Execute             source /opt/Xilinx/Vivado_HLS/2016.3/common/technology/xilinx/ip/dds_compiler.lib 
@I [HLS-100] Command             ap_source returned 0; 0 sec.
@I [HLS-100] Command           ap_source returned 0; 0.01 sec.
@I [HLS-100] Execute           source /opt/Xilinx/Vivado_HLS/2016.3/common/technology/xilinx/common/xilinx_old.lib 
@I [HLS-100] Command           ap_source returned 0; 0.01 sec.
@I [HLS-100] Execute           source /opt/Xilinx/Vivado_HLS/2016.3/common/technology/xilinx/common/xilinx_vivado.lib 
@I [HLS-100] Command           ap_source returned 0; 0 sec.
@I [HLS-100] Execute           source /opt/Xilinx/Vivado_HLS/2016.3/common/technology/xilinx/common/xilinx.hlp 
@I [HLS-100] Execute             source /opt/Xilinx/Vivado_HLS/2016.3/common/technology/xilinx/common/target_info.tcl 
@I [HLS-100] Command             ap_source returned 0; 0 sec.
@I [HLS-100] Execute             source /opt/Xilinx/Vivado_HLS/2016.3/common/technology/xilinx/interface/xilinx_interface.hlp 
@I [HLS-100] Execute               source /opt/Xilinx/Vivado_HLS/2016.3/common/technology/xilinx/interface/maxi.hlp 
@I [HLS-100] Command               ap_source returned 0; 0 sec.
@I [HLS-100] Execute               source /opt/Xilinx/Vivado_HLS/2016.3/common/technology/xilinx/interface/saxilite.hlp 
@I [HLS-100] Command               ap_source returned 0; 0 sec.
@I [HLS-100] Command             ap_source returned 0; 0 sec.
@I [HLS-100] Execute             source /opt/Xilinx/Vivado_HLS/2016.3/common/technology/xilinx/common/dsp48.hlp 
@I [HLS-100] Command             ap_source returned 0; 0 sec.
@I [HLS-100] Command           ap_source returned 0; 0 sec.
@I [HLS-100] Execute           source /opt/Xilinx/Vivado_HLS/2016.3/common/technology/xilinx/qkintexu/dsp48e2.hlp 
@I [HLS-100] Command           ap_source returned 0; 0 sec.
@I [HLS-100] Execute           get_default_platform 
@I [HLS-100] Command           get_default_platform returned 0; 0 sec.
@I [HLS-100] Execute           config_chip_info -quiet -resource  {SLICE 30300} {LUT 242400}    {FF 484800} {DSP48E 1920}   {BRAM 1200}  
@I [HLS-100] Command           config_chip_info returned 0; 0 sec.
@I [HLS-100] Execute           config_chip_info -quiet -speed medium 
@I [HLS-100] Command           config_chip_info returned 0; 0 sec.
@I [HLS-100] Command         import_lib returned 0; 0.02 sec.
@I [HLS-100] Execute         source /opt/Xilinx/Vivado_HLS/2016.3/common/technology/xilinx/qkintexu/qkintexu.gen 
@I [HLS-100] Execute           source /opt/Xilinx/Vivado_HLS/2016.3/common/technology/xilinx/common/virtex.gen 
@I [HLS-100] Execute             source /opt/Xilinx/Vivado_HLS/2016.3/common/technology/xilinx/common/xilinx.gen 
@I [HLS-100] Execute               source /opt/Xilinx/Vivado_HLS/2016.3/common/technology/xilinx/interface/plb46.gen 
@I [HLS-100] Command               ap_source returned 0; 0 sec.
@I [HLS-100] Execute               source /opt/Xilinx/Vivado_HLS/2016.3/common/technology/xilinx/interface/fsl.gen 
@I [HLS-100] Command               ap_source returned 0; 0 sec.
@I [HLS-100] Execute               source /opt/Xilinx/Vivado_HLS/2016.3/common/technology/xilinx/interface/axi4.gen 
@I [HLS-100] Command               ap_source returned 0; 0 sec.
@I [HLS-100] Execute               source /opt/Xilinx/Vivado_HLS/2016.3/common/technology/xilinx/interface/nativeAXI4.gen 
@I [HLS-100] Execute                 source /opt/Xilinx/Vivado_HLS/2016.3/common/technology/xilinx/interface/saxilite.gen 
@I [HLS-100] Command                 ap_source returned 0; 0.01 sec.
@I [HLS-100] Execute                 source /opt/Xilinx/Vivado_HLS/2016.3/common/technology/xilinx/interface/maxi.gen 
@I [HLS-100] Command                 ap_source returned 0; 0 sec.
@I [HLS-100] Command               ap_source returned 0; 0.01 sec.
@I [HLS-100] Execute               source /opt/Xilinx/Vivado_HLS/2016.3/common/technology/xilinx/scripts/xilinxcoregen.gen 
@I [HLS-100] Command               ap_source returned 0; 0.01 sec.
@I [HLS-100] Execute               source /opt/Xilinx/Vivado_HLS/2016.3/common/technology/xilinx/interface/XilEDKCoreGen.gen 
@I [HLS-100] Command               ap_source returned 0; 0 sec.
@I [HLS-100] Execute               source /opt/Xilinx/Vivado_HLS/2016.3/common/technology/xilinx/ip/util.gen 
@I [HLS-100] Command               ap_source returned 0; 0 sec.
@I [HLS-100] Execute               source /opt/Xilinx/Vivado_HLS/2016.3/common/technology/xilinx/ip/dds_compiler.gen 
@I [HLS-100] Command               ap_source returned 0; 0 sec.
@I [HLS-100] Execute               source /opt/Xilinx/Vivado_HLS/2016.3/common/technology/xilinx/ip/xfft.gen 
@I [HLS-100] Command               ap_source returned 0; 0.07 sec.
@I [HLS-100] Execute               source /opt/Xilinx/Vivado_HLS/2016.3/common/technology/xilinx/ip/xfir.gen 
@I [HLS-100] Command               ap_source returned 0; 0 sec.
@I [HLS-100] Command             ap_source returned 0; 0.09 sec.
@I [HLS-100] Execute             source /opt/Xilinx/Vivado_HLS/2016.3/common/technology/xilinx/common/dsp48.gen 
@I [HLS-100] Command             ap_source returned 0; 0 sec.
@I [HLS-100] Command           ap_source returned 0; 0.09 sec.
@I [HLS-100] Command         ap_source returned 0; 0.09 sec.
@I [HLS-100] Execute         get_default_platform 
@I [HLS-100] Command         get_default_platform returned 0; 0 sec.
@I [HLS-100] Execute         config_chip_info -quiet -resource  {SLICE 82920} {LUT 663360}    {FF 1326720} {DSP48E 5520}  {BRAM 4320} {SLR 2}  
@I [HLS-100] Command         config_chip_info returned 0; 0 sec.
@I [HLS-100] Execute         config_chip_info -quiet -speed medium 
@I [HLS-100] Command         config_chip_info returned 0; 0 sec.
@I [HLS-100] Command       add_library returned 0; 0.12 sec.
@I [HLS-100] Execute       add_library xilinx/qkintexu/qkintexu_fpv7 
@I [HLS-100] Execute         get_default_platform 
@I [HLS-100] Command         get_default_platform returned 0; 0 sec.
@I [HLS-100] Execute         open_platform DefaultPlatform 
@I [HLS-100] Command         open_platform returned 0; 0 sec.
@I [HLS-100] Execute         import_lib /opt/Xilinx/Vivado_HLS/2016.3/common/technology/xilinx/qkintexu/qkintexu_fpv7 
@I [HLS-100] Execute           source /opt/Xilinx/Vivado_HLS/2016.3/common/technology/xilinx/common/xilinx_fpv7.lib 
@I [HLS-100] Execute             source /opt/Xilinx/Vivado_HLS/2016.3/common/technology/xilinx/common/xilinx_hp.lib 
@I [HLS-100] Command             ap_source returned 0; 0 sec.
@I [HLS-100] Command           ap_source returned 0; 0 sec.
@I [HLS-100] Execute           source /opt/Xilinx/Vivado_HLS/2016.3/common/technology/xilinx/common/xilinx_fpv.hlp 
@I [HLS-100] Execute             source /opt/Xilinx/Vivado_HLS/2016.3/common/technology/xilinx/common/xilinx.hlp 
@I [HLS-100] Execute               source /opt/Xilinx/Vivado_HLS/2016.3/common/technology/xilinx/common/target_info.tcl 
@I [HLS-100] Command               ap_source returned 0; 0 sec.
@I [HLS-100] Execute               source /opt/Xilinx/Vivado_HLS/2016.3/common/technology/xilinx/interface/xilinx_interface.hlp 
@I [HLS-100] Execute                 source /opt/Xilinx/Vivado_HLS/2016.3/common/technology/xilinx/interface/maxi.hlp 
@I [HLS-100] Command                 ap_source returned 0; 0 sec.
@I [HLS-100] Execute                 source /opt/Xilinx/Vivado_HLS/2016.3/common/technology/xilinx/interface/saxilite.hlp 
@I [HLS-100] Command                 ap_source returned 0; 0 sec.
@I [HLS-100] Command               ap_source returned 0; 0 sec.
@I [HLS-100] Execute               source /opt/Xilinx/Vivado_HLS/2016.3/common/technology/xilinx/common/dsp48.hlp 
@I [HLS-100] Command               ap_source returned 0; 0 sec.
@I [HLS-100] Command             ap_source returned 0; 0 sec.
@I [HLS-100] Command           ap_source returned 0; 0 sec.
@I [HLS-100] Execute           source /opt/Xilinx/Vivado_HLS/2016.3/common/technology/xilinx/qkintexu/qkintexu_hp.hlp 
@I [HLS-100] Command           ap_source returned 0; 0 sec.
@I [HLS-100] Command         import_lib returned 0; 0.01 sec.
@I [HLS-100] Execute         source /opt/Xilinx/Vivado_HLS/2016.3/common/technology/xilinx/qkintexu/qkintexu_fpv7.gen 
@I [HLS-100] Execute           source /opt/Xilinx/Vivado_HLS/2016.3/common/technology/xilinx/common/xilinx_fpv6.gen 
@I [HLS-100] Command           ap_source returned 0; 0 sec.
@I [HLS-100] Command         ap_source returned 0; 0 sec.
@I [HLS-100] Command       add_library returned 0; 0.02 sec.
@I [HLS-10] Setting target device to 'xqku115-rlf1924-2-i'
@I [HLS-100] Command     set_part returned 0; 0.15 sec.
@I [HLS-100] Execute     get_default_platform 
@I [HLS-100] Command     get_default_platform returned 0; 0 sec.
@I [HLS-100] Execute     config_chip_info -quiet -resource  {SLICE 82920} {LUT 663360}    {FF 1326720} {DSP48E 5520}  {BRAM 4320} {SLR 2}  
@I [HLS-100] Command     config_chip_info returned 0; 0 sec.
@I [HLS-100] Execute     config_chip_info -quiet -speed medium 
@I [HLS-100] Command     config_chip_info returned 0; 0 sec.
@I [HLS-100] Command   open_solution returned 0; 0.16 sec.
@I [HLS-100] Execute   csim_design -compiler gcc -setup -use_gcc -quiet 
@I [HLS-100] Execute     source /afs/cern.ch/user/p/psiddire/CMSSW_10_2_2/src/VivadoHLSProjects/BitShift/BitShift/solution1/.autopilot/db/global.setting.tcl 
@I [HLS-100] Command     ap_source returned 0; 0 sec.
@I [SIM-2] *************** CSIM start ***************
@I [SIM-4] CSIM will launch GCC as the compiler.
@I [HLS-100] Execute     source csim/.lst_opt.tcl 
@I [HLS-100] Command     ap_source returned 0; 0 sec.
@I [HLS-100] Execute     is_encrypted /afs/cern.ch/user/p/psiddire/CMSSW_10_2_2/src/VivadoHLSProjects/BitShift/Test.cpp 
@I [HLS-100] Command     is_encrypted returned 0; 0 sec.
@I [HLS-100] Execute     is_xip /afs/cern.ch/user/p/psiddire/CMSSW_10_2_2/src/VivadoHLSProjects/BitShift/Test.cpp 
@I [HLS-100] Command     is_xip returned 0; 0 sec.
@I [HLS-100] Execute     is_encrypted /afs/cern.ch/user/p/psiddire/CMSSW_10_2_2/src/VivadoHLSProjects/BitShift/BitShift.cc 
@I [HLS-100] Command     is_encrypted returned 0; 0 sec.
@I [HLS-100] Execute     is_xip /afs/cern.ch/user/p/psiddire/CMSSW_10_2_2/src/VivadoHLSProjects/BitShift/BitShift.cc 
@I [HLS-100] Command     is_xip returned 0; 0 sec.
@I [SIM-1] CSim file generation done with 0 errors.
@I [SIM-3] *************** CSIM finish ***************
@I [HLS-100] Command   csim_design returned 0; 0.22 sec.
@I [HLS-100] Command ap_source returned 0; 0.38 sec.
@I [HLS-100] Execute cleanup_all 
@I [HLS-100] Command cleanup_all returned 0; 0 sec.
