                            latency            interval
transaction        0            79            5
transaction        1            80            6
transaction        2            80            6
transaction        3            80            6
transaction        4            80            6
transaction        5            80            6
transaction        6            80            6
transaction        7            80            6
transaction        8            80            6
transaction        9            80            6
transaction        10            80            6
transaction        11            80            6
transaction        12            80            6
transaction        13            80            6
transaction        14            80            6
transaction        15            80            6
transaction        16            80            6
transaction        17            80            6
transaction        18            80            6
transaction        19            80            6
transaction        20            80            6
transaction        21            80            6
transaction        22            80            6
transaction        23            80            6
transaction        24            80            6
transaction        25            80            6
transaction        26            80            6
transaction        27            80            6
transaction        28            80            6
transaction        29            80            6
transaction        30            80            6
transaction        31            80            6
transaction        32            80            6
transaction        33            80            6
transaction        34            80            6
transaction        35            80            6
transaction        36            80            6
transaction        37            80            6
transaction        38            80            6
transaction        39            80            6
transaction        40            80            6
transaction        41            80            6
transaction        42            80            6
transaction        43            80            6
transaction        44            80            6
transaction        45            80            6
transaction        46            80            6
transaction        47            80            6
transaction        48            80            6
transaction        49            80            6
transaction        50            80            6
transaction        51            80            6
transaction        52            80            6
transaction        53            80            6
transaction        54            80            6
transaction        55            80            6
transaction        56            80            6
transaction        57            80            6
transaction        58            80            6
transaction        59            80            6
transaction        60            80            6
transaction        61            80            6
transaction        62            80            6
transaction        63            80            6
transaction        64            80            6
transaction        65            80            6
transaction        66            80            6
transaction        67            80            6
transaction        68            80            6
transaction        69            80            6
transaction        70            80            6
transaction        71            80            6
transaction        72            80            6
transaction        73            80            6
transaction        74            80            6
transaction        75            80            6
transaction        76            80            6
transaction        77            80            6
transaction        78            80            6
transaction        79            80            6
transaction        80            80            6
transaction        81            80            6
transaction        82            80            6
transaction        83            80            6
transaction        84            80            6
transaction        85            80            6
transaction        86            80            6
transaction        87            80            6
transaction        88            80            6
transaction        89            80            6
transaction        90            80            6
transaction        91            80            6
transaction        92            80            6
transaction        93            80            6
transaction        94            80            6
transaction        95            80            6
transaction        96            80            6
transaction        97            80            6
transaction        98            80            6
transaction        99            80            6
transaction        100            80            6
transaction        101            80            6
transaction        102            80            6
transaction        103            80            6
transaction        104            80            6
transaction        105            80            6
transaction        106            80            6
transaction        107            80            6
transaction        108            80            6
transaction        109            80            6
transaction        110            80            6
transaction        111            80            6
transaction        112            80            6
transaction        113            80            6
transaction        114            80            6
transaction        115            80            6
transaction        116            80            6
transaction        117            80            6
transaction        118            80            6
transaction        119            80            6
transaction        120            80            6
transaction        121            80            6
transaction        122            80            6
transaction        123            80            6
transaction        124            80            6
transaction        125            80            6
transaction        126            80            6
transaction        127            80            6
transaction        128            80            6
transaction        129            80            6
transaction        130            80            6
transaction        131            80            6
transaction        132            80            6
transaction        133            80            6
transaction        134            80            6
transaction        135            80            6
transaction        136            80            6
transaction        137            80            6
transaction        138            80            6
transaction        139            80            6
transaction        140            80            6
transaction        141            80            6
transaction        142            80            6
transaction        143            80            6
transaction        144            80            6
transaction        145            80            6
transaction        146            80            6
transaction        147            80            6
transaction        148            80            6
transaction        149            80            6
transaction        150            80            6
transaction        151            80            6
transaction        152            80            6
transaction        153            80            6
transaction        154            80            6
transaction        155            80            6
transaction        156            80            6
transaction        157            80            6
transaction        158            80            6
transaction        159            80            6
transaction        160            80            6
transaction        161            80            6
transaction        162            80            6
transaction        163            80            6
transaction        164            80            6
transaction        165            80            6
transaction        166            80            6
transaction        167            80            6
transaction        168            80            6
transaction        169            80            6
