Copyright 1986-2016 Xilinx, Inc. All Rights Reserved.
-------------------------------------------------------------------------------------------------
| Tool Version : Vivado v.2016.4 (lin64) Build 1733598 Wed Dec 14 22:35:42 MST 2016
| Date         : Mon Aug 20 17:40:29 2018
| Host         : pcminn34.cern.ch running 64-bit Scientific Linux CERN SLC release 6.10 (Carbon)
| Command      : report_timing -file ./report/TowerPeaks_timing_synth.rpt
| Design       : TowerPeaks
| Device       : 7vx690t-ffg1927
| Speed File   : -2  PRODUCTION 1.11 2014-09-11
-------------------------------------------------------------------------------------------------

Timing Report

Slack (MET) :             2.508ns  (required time - arrival time)
  Source:                 grp_bitonic4_fu_1134/grp_bitonic8_fu_726/grp_bitonic16_fu_758/ClusterDeposits1214_5_reg_4261_reg[1]/C
                            (rising edge-triggered cell FDRE clocked by ap_clk  {rise@0.000ns fall@5.000ns period=10.000ns})
  Destination:            grp_bitonic4_fu_1134/grp_bitonic8_fu_726/grp_bitonic16_fu_758/grp_bitonic32_fu_760/tmp_297_12_reg_5336_reg[0]/D
                            (rising edge-triggered cell FDRE clocked by ap_clk  {rise@0.000ns fall@5.000ns period=10.000ns})
  Path Group:             ap_clk
  Path Type:              Setup (Max at Slow Process Corner)
  Requirement:            10.000ns  (ap_clk rise@10.000ns - ap_clk rise@0.000ns)
  Data Path Delay:        7.325ns  (logic 2.263ns (30.894%)  route 5.062ns (69.106%))
  Logic Levels:           19  (CARRY4=10 LUT3=1 LUT4=1 LUT5=2 LUT6=5)
  Clock Path Skew:        -0.027ns (DCD - SCD + CPR)
    Destination Clock Delay (DCD):    0.510ns = ( 10.510 - 10.000 ) 
    Source Clock Delay      (SCD):    0.537ns
    Clock Pessimism Removal (CPR):    0.000ns
  Clock Uncertainty:      0.035ns  ((TSJ^2 + TIJ^2)^1/2 + DJ) / 2 + PE
    Total System Jitter     (TSJ):    0.071ns
    Total Input Jitter      (TIJ):    0.000ns
    Discrete Jitter          (DJ):    0.000ns
    Phase Error              (PE):    0.000ns

    Location             Delay type                Incr(ns)  Path(ns)    Netlist Resource(s)
  -------------------------------------------------------------------    -------------------
                         (clock ap_clk rise edge)     0.000     0.000 r  
                                                      0.000     0.000 r  ap_clk (IN)
                         net (fo=4983, unset)         0.537     0.537    grp_bitonic4_fu_1134/grp_bitonic8_fu_726/grp_bitonic16_fu_758/ap_clk
                         FDRE                                         r  grp_bitonic4_fu_1134/grp_bitonic8_fu_726/grp_bitonic16_fu_758/ClusterDeposits1214_5_reg_4261_reg[1]/C
  -------------------------------------------------------------------    -------------------
                         FDRE (Prop_fdre_C_Q)         0.175     0.712 f  grp_bitonic4_fu_1134/grp_bitonic8_fu_726/grp_bitonic16_fu_758/ClusterDeposits1214_5_reg_4261_reg[1]/Q
                         net (fo=8, unplaced)         0.465     1.177    grp_bitonic4_fu_1134/grp_bitonic8_fu_726/grp_bitonic16_fu_758/grp_bitonic32_fu_760/ClusterDeposits1214_5_reg_4261_reg[15][1]
                         LUT4 (Prop_lut4_I1_O)        0.131     1.308 r  grp_bitonic4_fu_1134/grp_bitonic8_fu_726/grp_bitonic16_fu_758/grp_bitonic32_fu_760/tmp_258_11_reg_4828[0]_i_14/O
                         net (fo=1, unplaced)         0.000     1.308    grp_bitonic4_fu_1134/grp_bitonic8_fu_726/grp_bitonic16_fu_758/grp_bitonic32_fu_760/tmp_258_11_reg_4828[0]_i_14_n_0
                         CARRY4 (Prop_carry4_DI[0]_CO[3])
                                                      0.293     1.601 r  grp_bitonic4_fu_1134/grp_bitonic8_fu_726/grp_bitonic16_fu_758/grp_bitonic32_fu_760/tmp_258_11_reg_4828_reg[0]_i_2/CO[3]
                         net (fo=1, unplaced)         0.000     1.601    grp_bitonic4_fu_1134/grp_bitonic8_fu_726/grp_bitonic16_fu_758/grp_bitonic32_fu_760/tmp_258_11_reg_4828_reg[0]_i_2_n_0
                         CARRY4 (Prop_carry4_CI_CO[3])
                                                      0.054     1.655 r  grp_bitonic4_fu_1134/grp_bitonic8_fu_726/grp_bitonic16_fu_758/grp_bitonic32_fu_760/tmp_258_11_reg_4828_reg[0]_i_1/CO[3]
                         net (fo=113, unplaced)       0.515     2.170    grp_bitonic4_fu_1134/grp_bitonic8_fu_726/grp_bitonic16_fu_758/grp_bitonic32_fu_760/tmp_258_11_reg_4828_reg[0]_i_1_n_0
                         LUT3 (Prop_lut3_I1_O)        0.047     2.217 r  grp_bitonic4_fu_1134/grp_bitonic8_fu_726/grp_bitonic16_fu_758/grp_bitonic32_fu_760/tmp_266_5_reg_4956[0]_i_41/O
                         net (fo=6, unplaced)         0.439     2.656    grp_bitonic4_fu_1134/grp_bitonic8_fu_726/grp_bitonic16_fu_758/grp_bitonic32_fu_760/tmp_266_5_reg_4956[0]_i_41_n_0
                         LUT6 (Prop_lut6_I0_O)        0.043     2.699 r  grp_bitonic4_fu_1134/grp_bitonic8_fu_726/grp_bitonic16_fu_758/grp_bitonic32_fu_760/tmp_266_5_reg_4956[0]_i_13/O
                         net (fo=1, unplaced)         0.281     2.980    grp_bitonic4_fu_1134/grp_bitonic8_fu_726/grp_bitonic16_fu_758/grp_bitonic32_fu_760/tmp_266_5_reg_4956[0]_i_13_n_0
                         CARRY4 (Prop_carry4_DI[1]_CO[3])
                                                      0.253     3.233 r  grp_bitonic4_fu_1134/grp_bitonic8_fu_726/grp_bitonic16_fu_758/grp_bitonic32_fu_760/tmp_266_5_reg_4956_reg[0]_i_2/CO[3]
                         net (fo=1, unplaced)         0.000     3.233    grp_bitonic4_fu_1134/grp_bitonic8_fu_726/grp_bitonic16_fu_758/grp_bitonic32_fu_760/tmp_266_5_reg_4956_reg[0]_i_2_n_0
                         CARRY4 (Prop_carry4_CI_CO[3])
                                                      0.054     3.287 r  grp_bitonic4_fu_1134/grp_bitonic8_fu_726/grp_bitonic16_fu_758/grp_bitonic32_fu_760/tmp_266_5_reg_4956_reg[0]_i_1/CO[3]
                         net (fo=89, unplaced)        0.509     3.796    grp_bitonic4_fu_1134/grp_bitonic8_fu_726/grp_bitonic16_fu_758/grp_bitonic32_fu_760/tmp_266_5_reg_4956_reg[0]_i_1_n_0
                         LUT5 (Prop_lut5_I3_O)        0.043     3.839 r  grp_bitonic4_fu_1134/grp_bitonic8_fu_726/grp_bitonic16_fu_758/grp_bitonic32_fu_760/tmp_282_1_reg_5084[0]_i_25/O
                         net (fo=2, unplaced)         0.281     4.120    grp_bitonic4_fu_1134/grp_bitonic8_fu_726/grp_bitonic16_fu_758/grp_bitonic32_fu_760/tmp_282_1_reg_5084[0]_i_25_n_0
                         LUT6 (Prop_lut6_I0_O)        0.043     4.163 r  grp_bitonic4_fu_1134/grp_bitonic8_fu_726/grp_bitonic16_fu_758/grp_bitonic32_fu_760/tmp_282_1_reg_5084[0]_i_13/O
                         net (fo=1, unplaced)         0.281     4.444    grp_bitonic4_fu_1134/grp_bitonic8_fu_726/grp_bitonic16_fu_758/grp_bitonic32_fu_760/tmp_282_1_reg_5084[0]_i_13_n_0
                         CARRY4 (Prop_carry4_DI[1]_CO[3])
                                                      0.253     4.697 r  grp_bitonic4_fu_1134/grp_bitonic8_fu_726/grp_bitonic16_fu_758/grp_bitonic32_fu_760/tmp_282_1_reg_5084_reg[0]_i_2/CO[3]
                         net (fo=1, unplaced)         0.000     4.697    grp_bitonic4_fu_1134/grp_bitonic8_fu_726/grp_bitonic16_fu_758/grp_bitonic32_fu_760/tmp_282_1_reg_5084_reg[0]_i_2_n_0
                         CARRY4 (Prop_carry4_CI_CO[3])
                                                      0.054     4.751 f  grp_bitonic4_fu_1134/grp_bitonic8_fu_726/grp_bitonic16_fu_758/grp_bitonic32_fu_760/tmp_282_1_reg_5084_reg[0]_i_1/CO[3]
                         net (fo=20, unplaced)        0.472     5.223    grp_bitonic4_fu_1134/grp_bitonic8_fu_726/grp_bitonic16_fu_758/grp_bitonic32_fu_760/tmp_282_1_reg_5084_reg[0]_i_1_n_0
                         LUT6 (Prop_lut6_I5_O)        0.043     5.266 f  grp_bitonic4_fu_1134/grp_bitonic8_fu_726/grp_bitonic16_fu_758/grp_bitonic32_fu_760/tmp_297_11_reg_5328[0]_i_66/O
                         net (fo=6, unplaced)         0.439     5.705    grp_bitonic4_fu_1134/grp_bitonic8_fu_726/grp_bitonic16_fu_758/grp_bitonic32_fu_760/tmp_297_11_reg_5328[0]_i_66_n_0
                         LUT6 (Prop_lut6_I3_O)        0.043     5.748 r  grp_bitonic4_fu_1134/grp_bitonic8_fu_726/grp_bitonic16_fu_758/grp_bitonic32_fu_760/tmp_292_6_reg_5212[0]_i_14/O
                         net (fo=1, unplaced)         0.192     5.940    grp_bitonic4_fu_1134/grp_bitonic8_fu_726/grp_bitonic16_fu_758/grp_bitonic32_fu_760/tmp_292_6_reg_5212[0]_i_14_n_0
                         CARRY4 (Prop_carry4_DI[0]_CO[3])
                                                      0.283     6.223 r  grp_bitonic4_fu_1134/grp_bitonic8_fu_726/grp_bitonic16_fu_758/grp_bitonic32_fu_760/tmp_292_6_reg_5212_reg[0]_i_2/CO[3]
                         net (fo=1, unplaced)         0.000     6.223    grp_bitonic4_fu_1134/grp_bitonic8_fu_726/grp_bitonic16_fu_758/grp_bitonic32_fu_760/tmp_292_6_reg_5212_reg[0]_i_2_n_0
                         CARRY4 (Prop_carry4_CI_CO[3])
                                                      0.054     6.277 r  grp_bitonic4_fu_1134/grp_bitonic8_fu_726/grp_bitonic16_fu_758/grp_bitonic32_fu_760/tmp_292_6_reg_5212_reg[0]_i_1/CO[3]
                         net (fo=63, unplaced)        0.500     6.777    grp_bitonic4_fu_1134/grp_bitonic8_fu_726/grp_bitonic16_fu_758/grp_bitonic32_fu_760/tmp_292_6_reg_5212_reg[0]_i_1_n_0
                         LUT5 (Prop_lut5_I1_O)        0.047     6.824 r  grp_bitonic4_fu_1134/grp_bitonic8_fu_726/grp_bitonic16_fu_758/grp_bitonic32_fu_760/tmp_297_12_reg_5336[0]_i_41/O
                         net (fo=1, unplaced)         0.407     7.231    grp_bitonic4_fu_1134/grp_bitonic8_fu_726/grp_bitonic16_fu_758/grp_bitonic32_fu_760/tmp_297_12_reg_5336[0]_i_41_n_0
                         LUT6 (Prop_lut6_I0_O)        0.043     7.274 r  grp_bitonic4_fu_1134/grp_bitonic8_fu_726/grp_bitonic16_fu_758/grp_bitonic32_fu_760/tmp_297_12_reg_5336[0]_i_13/O
                         net (fo=1, unplaced)         0.281     7.555    grp_bitonic4_fu_1134/grp_bitonic8_fu_726/grp_bitonic16_fu_758/grp_bitonic32_fu_760/tmp_297_12_reg_5336[0]_i_13_n_0
                         CARRY4 (Prop_carry4_DI[1]_CO[3])
                                                      0.253     7.808 r  grp_bitonic4_fu_1134/grp_bitonic8_fu_726/grp_bitonic16_fu_758/grp_bitonic32_fu_760/tmp_297_12_reg_5336_reg[0]_i_2/CO[3]
                         net (fo=1, unplaced)         0.000     7.808    grp_bitonic4_fu_1134/grp_bitonic8_fu_726/grp_bitonic16_fu_758/grp_bitonic32_fu_760/tmp_297_12_reg_5336_reg[0]_i_2_n_0
                         CARRY4 (Prop_carry4_CI_CO[3])
                                                      0.054     7.862 r  grp_bitonic4_fu_1134/grp_bitonic8_fu_726/grp_bitonic16_fu_758/grp_bitonic32_fu_760/tmp_297_12_reg_5336_reg[0]_i_1/CO[3]
                         net (fo=1, unplaced)         0.000     7.862    grp_bitonic4_fu_1134/grp_bitonic8_fu_726/grp_bitonic16_fu_758/grp_bitonic32_fu_760/tmp_297_12_fu_2240_p2
                         FDRE                                         r  grp_bitonic4_fu_1134/grp_bitonic8_fu_726/grp_bitonic16_fu_758/grp_bitonic32_fu_760/tmp_297_12_reg_5336_reg[0]/D
  -------------------------------------------------------------------    -------------------

                         (clock ap_clk rise edge)    10.000    10.000 r  
                                                      0.000    10.000 r  ap_clk (IN)
                         net (fo=4983, unset)         0.510    10.510    grp_bitonic4_fu_1134/grp_bitonic8_fu_726/grp_bitonic16_fu_758/grp_bitonic32_fu_760/ap_clk
                         FDRE                                         r  grp_bitonic4_fu_1134/grp_bitonic8_fu_726/grp_bitonic16_fu_758/grp_bitonic32_fu_760/tmp_297_12_reg_5336_reg[0]/C
                         clock pessimism              0.000    10.510    
                         clock uncertainty           -0.035    10.475    
                         FDRE (Setup_fdre_C_D)       -0.105    10.370    grp_bitonic4_fu_1134/grp_bitonic8_fu_726/grp_bitonic16_fu_758/grp_bitonic32_fu_760/tmp_297_12_reg_5336_reg[0]
  -------------------------------------------------------------------
                         required time                         10.370    
                         arrival time                          -7.862    
  -------------------------------------------------------------------
                         slack                                  2.508    




