@I [HLS-0] Workspace /afs/cern.ch/user/p/psiddire/CMSSW_10_2_2/src/VivadoHLSProjects/HT/MakeHT/solution4 opened at Mon Sep 17 15:23:52 CEST 2018
@I [HLS-100] Execute     config_clock -quiet -name default -period 6.25 -default=false 
@I [SYN-201] Setting up clock 'default' with a period of 6.25ns.
@I [HLS-100] Command     config_clock returned 0; 0 sec.
@I [HLS-100] Execute     open_platform DefaultPlatform 
@I [HLS-100] Command     open_platform returned 0; 0 sec.
@I [HLS-100] Execute     import_lib /opt/Xilinx/Vivado_HLS/2016.4/common/technology/xilinx/virtex7/virtex7 
@I [HLS-100] Execute       source /opt/Xilinx/Vivado_HLS/2016.4/common/technology/xilinx/common/xilinx.lib 
@I [HLS-100] Execute         source /opt/Xilinx/Vivado_HLS/2016.4/common/technology/xilinx/interface/xilinx_interface.lib 
@I [HLS-100] Execute           source /opt/Xilinx/Vivado_HLS/2016.4/common/technology/xilinx/interface/plb46.lib 
@I [HLS-100] Command           ap_source returned 0; 0 sec.
@I [HLS-100] Execute           source /opt/Xilinx/Vivado_HLS/2016.4/common/technology/xilinx/interface/fsl.lib 
@I [HLS-100] Command           ap_source returned 0; 0 sec.
@I [HLS-100] Execute           source /opt/Xilinx/Vivado_HLS/2016.4/common/technology/xilinx/interface/axi4.lib 
@I [HLS-100] Command           ap_source returned 0; 0 sec.
@I [HLS-100] Execute           source /opt/Xilinx/Vivado_HLS/2016.4/common/technology/xilinx/interface/maxi.lib 
@I [HLS-100] Command           ap_source returned 0; 0 sec.
@I [HLS-100] Execute           source /opt/Xilinx/Vivado_HLS/2016.4/common/technology/xilinx/interface/saxilite.lib 
@I [HLS-100] Command           ap_source returned 0; 0 sec.
@I [HLS-100] Command         ap_source returned 0; 0 sec.
@I [HLS-100] Execute         source /opt/Xilinx/Vivado_HLS/2016.4/common/technology/xilinx/common/dsp48.lib 
@I [HLS-100] Command         ap_source returned 0; 0.01 sec.
@I [HLS-100] Execute         source /opt/Xilinx/Vivado_HLS/2016.4/common/technology/xilinx/ip/xfir.lib 
@I [HLS-100] Command         ap_source returned 0; 0 sec.
@I [HLS-100] Execute         source /opt/Xilinx/Vivado_HLS/2016.4/common/technology/xilinx/ip/xfft.lib 
@I [HLS-100] Command         ap_source returned 0; 0 sec.
@I [HLS-100] Execute         source /opt/Xilinx/Vivado_HLS/2016.4/common/technology/xilinx/ip/dds_compiler.lib 
@I [HLS-100] Command         ap_source returned 0; 0 sec.
@I [HLS-100] Command       ap_source returned 0; 0.01 sec.
@I [HLS-100] Execute       source /opt/Xilinx/Vivado_HLS/2016.4/common/technology/xilinx/common/xilinx_old.lib 
@I [HLS-100] Command       ap_source returned 0; 0 sec.
@I [HLS-100] Execute       source /opt/Xilinx/Vivado_HLS/2016.4/common/technology/xilinx/common/xilinx_vivado.lib 
@I [HLS-100] Command       ap_source returned 0; 0 sec.
@I [HLS-100] Execute       source /opt/Xilinx/Vivado_HLS/2016.4/common/technology/xilinx/common/xilinx.hlp 
@I [HLS-100] Execute         source /opt/Xilinx/Vivado_HLS/2016.4/common/technology/xilinx/common/target_info.tcl 
@I [HLS-100] Command         ap_source returned 0; 0 sec.
@I [HLS-100] Execute         source /opt/Xilinx/Vivado_HLS/2016.4/common/technology/xilinx/interface/xilinx_interface.hlp 
@I [HLS-100] Execute           source /opt/Xilinx/Vivado_HLS/2016.4/common/technology/xilinx/interface/maxi.hlp 
@I [HLS-100] Command           ap_source returned 0; 0 sec.
@I [HLS-100] Execute           source /opt/Xilinx/Vivado_HLS/2016.4/common/technology/xilinx/interface/saxilite.hlp 
@I [HLS-100] Command           ap_source returned 0; 0 sec.
@I [HLS-100] Command         ap_source returned 0; 0.01 sec.
@I [HLS-100] Execute         source /opt/Xilinx/Vivado_HLS/2016.4/common/technology/xilinx/common/dsp48.hlp 
@I [HLS-100] Command         ap_source returned 0; 0 sec.
@I [HLS-100] Command       ap_source returned 0; 0.01 sec.
@I [HLS-100] Execute       source /opt/Xilinx/Vivado_HLS/2016.4/common/technology/xilinx/virtex7/dsp48e1.hlp 
@I [HLS-100] Command       ap_source returned 0; 0 sec.
@I [HLS-100] Execute       get_default_platform 
@I [HLS-100] Command       get_default_platform returned 0; 0 sec.
@I [HLS-100] Execute       config_chip_info -quiet -resource  {SLICE 91050 } {LUT 364200 } {FF 728400 } {DSP48E 1260} {BRAM 1590}  
@I [HLS-100] Command       config_chip_info returned 0; 0 sec.
@I [HLS-100] Execute       config_chip_info -quiet -speed medium 
@I [HLS-100] Command       config_chip_info returned 0; 0 sec.
@I [HLS-100] Command     import_lib returned 0; 0.02 sec.
@I [HLS-100] Execute     source /opt/Xilinx/Vivado_HLS/2016.4/common/technology/xilinx/virtex7/virtex7.gen 
@I [HLS-100] Execute       source /opt/Xilinx/Vivado_HLS/2016.4/common/technology/xilinx/common/virtex.gen 
@I [HLS-100] Execute         source /opt/Xilinx/Vivado_HLS/2016.4/common/technology/xilinx/common/xilinx.gen 
@I [HLS-100] Execute           source /opt/Xilinx/Vivado_HLS/2016.4/common/technology/xilinx/interface/plb46.gen 
@I [HLS-100] Command           ap_source returned 0; 0 sec.
@I [HLS-100] Execute           source /opt/Xilinx/Vivado_HLS/2016.4/common/technology/xilinx/interface/fsl.gen 
@I [HLS-100] Command           ap_source returned 0; 0 sec.
@I [HLS-100] Execute           source /opt/Xilinx/Vivado_HLS/2016.4/common/technology/xilinx/interface/axi4.gen 
@I [HLS-100] Command           ap_source returned 0; 0 sec.
@I [HLS-100] Execute           source /opt/Xilinx/Vivado_HLS/2016.4/common/technology/xilinx/interface/nativeAXI4.gen 
@I [HLS-100] Execute             source /opt/Xilinx/Vivado_HLS/2016.4/common/technology/xilinx/interface/saxilite.gen 
@I [HLS-100] Command             ap_source returned 0; 0 sec.
@I [HLS-100] Execute             source /opt/Xilinx/Vivado_HLS/2016.4/common/technology/xilinx/interface/maxi.gen 
@I [HLS-100] Command             ap_source returned 0; 0.01 sec.
@I [HLS-100] Command           ap_source returned 0; 0.01 sec.
@I [HLS-100] Execute           source /opt/Xilinx/Vivado_HLS/2016.4/common/technology/xilinx/scripts/xilinxcoregen.gen 
@I [HLS-100] Command           ap_source returned 0; 0 sec.
@I [HLS-100] Execute           source /opt/Xilinx/Vivado_HLS/2016.4/common/technology/xilinx/interface/XilEDKCoreGen.gen 
@I [HLS-100] Command           ap_source returned 0; 0.01 sec.
@I [HLS-100] Execute           source /opt/Xilinx/Vivado_HLS/2016.4/common/technology/xilinx/ip/util.gen 
@I [HLS-100] Command           ap_source returned 0; 0 sec.
@I [HLS-100] Execute           source /opt/Xilinx/Vivado_HLS/2016.4/common/technology/xilinx/ip/dds_compiler.gen 
@I [HLS-100] Command           ap_source returned 0; 0 sec.
@I [HLS-100] Execute           source /opt/Xilinx/Vivado_HLS/2016.4/common/technology/xilinx/ip/xfft.gen 
@I [HLS-100] Command           ap_source returned 0; 0.06 sec.
@I [HLS-100] Execute           source /opt/Xilinx/Vivado_HLS/2016.4/common/technology/xilinx/ip/xfir.gen 
@I [HLS-100] Command           ap_source returned 0; 0 sec.
@I [HLS-100] Command         ap_source returned 0; 0.08 sec.
@I [HLS-100] Execute         source /opt/Xilinx/Vivado_HLS/2016.4/common/technology/xilinx/common/dsp48.gen 
@I [HLS-100] Command         ap_source returned 0; 0 sec.
@I [HLS-100] Command       ap_source returned 0; 0.08 sec.
@I [HLS-100] Command     ap_source returned 0; 0.08 sec.
@I [HLS-100] Execute     open_platform DefaultPlatform 
@I [HLS-100] Command     open_platform returned 0; 0 sec.
@I [HLS-100] Execute     import_lib /opt/Xilinx/Vivado_HLS/2016.4/common/technology/xilinx/virtex7/virtex7_fpv6 
@I [HLS-100] Execute       source /opt/Xilinx/Vivado_HLS/2016.4/common/technology/xilinx/common/xilinx_fpv7.lib 
@I [HLS-100] Execute         source /opt/Xilinx/Vivado_HLS/2016.4/common/technology/xilinx/common/xilinx_hp.lib 
@I [HLS-100] Command         ap_source returned 0; 0 sec.
@I [HLS-100] Command       ap_source returned 0; 0.01 sec.
@I [HLS-100] Execute       source /opt/Xilinx/Vivado_HLS/2016.4/common/technology/xilinx/common/xilinx_fpv.hlp 
@I [HLS-100] Execute         source /opt/Xilinx/Vivado_HLS/2016.4/common/technology/xilinx/common/xilinx.hlp 
@I [HLS-100] Execute           source /opt/Xilinx/Vivado_HLS/2016.4/common/technology/xilinx/common/target_info.tcl 
@I [HLS-100] Command           ap_source returned 0; 0 sec.
@I [HLS-100] Execute           source /opt/Xilinx/Vivado_HLS/2016.4/common/technology/xilinx/interface/xilinx_interface.hlp 
@I [HLS-100] Execute             source /opt/Xilinx/Vivado_HLS/2016.4/common/technology/xilinx/interface/maxi.hlp 
@I [HLS-100] Command             ap_source returned 0; 0 sec.
@I [HLS-100] Execute             source /opt/Xilinx/Vivado_HLS/2016.4/common/technology/xilinx/interface/saxilite.hlp 
@I [HLS-100] Command             ap_source returned 0; 0 sec.
@I [HLS-100] Command           ap_source returned 0; 0 sec.
@I [HLS-100] Execute           source /opt/Xilinx/Vivado_HLS/2016.4/common/technology/xilinx/common/dsp48.hlp 
@I [HLS-100] Command           ap_source returned 0; 0 sec.
@I [HLS-100] Command         ap_source returned 0; 0 sec.
@I [HLS-100] Command       ap_source returned 0; 0 sec.
@I [HLS-100] Execute       source /opt/Xilinx/Vivado_HLS/2016.4/common/technology/xilinx/virtex7/virtex7_hp.hlp 
@I [HLS-100] Command       ap_source returned 0; 0 sec.
@I [HLS-100] Command     import_lib returned 0; 0.02 sec.
@I [HLS-100] Execute     source /opt/Xilinx/Vivado_HLS/2016.4/common/technology/xilinx/virtex7/virtex7_fpv6.gen 
@I [HLS-100] Execute       source /opt/Xilinx/Vivado_HLS/2016.4/common/technology/xilinx/common/xilinx_fpv6.gen 
@I [HLS-100] Command       ap_source returned 0; 0 sec.
@I [HLS-100] Command     ap_source returned 0; 0 sec.
@I [HLS-100] Execute     set_part xc7vx690tffg1927-2 
@I [HLS-100] Execute       add_library xilinx/virtex7/virtex7:xc7vx690t:ffg1927:-2 
@I [HLS-100] Execute         get_default_platform 
@I [HLS-100] Command         get_default_platform returned 0; 0 sec.
@I [HLS-100] Execute         license_isbetapart xc7vx690t 
@I [HLS-100] Command         license_isbetapart returned 1; 0.01 sec.
@I [HLS-100] Execute         get_default_platform 
@I [HLS-100] Command         get_default_platform returned 0; 0 sec.
@I [HLS-100] Execute         config_chip_info -quiet -resource  {SLICE 108300} {LUT 433200 } {FF 866400 } {DSP48E 3600} {BRAM 2940}  
@I [HLS-100] Command         config_chip_info returned 0; 0 sec.
@I [HLS-100] Execute         config_chip_info -quiet -speed medium 
@I [HLS-100] Command         config_chip_info returned 0; 0 sec.
@I [HLS-100] Command       add_library returned 0; 0.01 sec.
@I [HLS-100] Execute       add_library xilinx/virtex7/virtex7_fpv6 
@I [HLS-100] Execute         get_default_platform 
@I [HLS-100] Command         get_default_platform returned 0; 0 sec.
@I [HLS-100] Command       add_library returned 0; 0 sec.
@I [HLS-10] Setting target device to 'xc7vx690tffg1927-2'
@I [HLS-100] Command     set_part returned 0; 0.01 sec.
@I [HLS-100] Execute     get_default_platform 
@I [HLS-100] Command     get_default_platform returned 0; 0 sec.
@I [HLS-100] Execute     config_chip_info -quiet -resource  {SLICE 108300} {LUT 433200 } {FF 866400 } {DSP48E 3600} {BRAM 2940}  
@I [HLS-100] Command     config_chip_info returned 0; 0 sec.
@I [HLS-100] Execute     config_chip_info -quiet -speed medium 
@I [HLS-100] Command     config_chip_info returned 0; 0 sec.
@I [HLS-100] Command   open_solution returned 0; 0.15 sec.
@I [HLS-100] Execute   set_part xc7vx690tffg1927-2 
@I [HLS-100] Execute     add_library xilinx/virtex7/virtex7:xc7vx690t:ffg1927:-2 
@I [HLS-100] Execute       get_default_platform 
@I [HLS-100] Command       get_default_platform returned 0; 0 sec.
@I [HLS-100] Execute       license_isbetapart xc7vx690t 
@I [HLS-100] Command       license_isbetapart returned 1; 0 sec.
@I [HLS-100] Execute       get_default_platform 
@I [HLS-100] Command       get_default_platform returned 0; 0 sec.
@I [HLS-100] Execute       config_chip_info -quiet -resource  {SLICE 108300} {LUT 433200 } {FF 866400 } {DSP48E 3600} {BRAM 2940}  
@I [HLS-100] Command       config_chip_info returned 0; 0 sec.
@I [HLS-100] Execute       config_chip_info -quiet -speed medium 
@I [HLS-100] Command       config_chip_info returned 0; 0 sec.
@I [HLS-100] Command     add_library returned 0; 0 sec.
@I [HLS-100] Execute     add_library xilinx/virtex7/virtex7_fpv6 
@I [HLS-100] Execute       get_default_platform 
@I [HLS-100] Command       get_default_platform returned 0; 0 sec.
@I [HLS-100] Command     add_library returned 0; 0 sec.
@I [HLS-100] Command   set_part returned 0; 0 sec.
@I [HLS-100] Execute   create_clock -period 6.25 -name default 
@I [HLS-100] Execute     config_clock -quiet -name default -period 6.25 -default=false 
@I [SYN-201] Setting up clock 'default' with a period of 6.25ns.
@I [HLS-100] Command     config_clock returned 0; 0 sec.
@I [HLS-100] Command   create_clock returned 0; 0.01 sec.
@I [HLS-100] Execute   csynth_design 
@I [HLS-100] Execute     elaborate -effort=medium -skip_syncheck=0 -keep_printf=0 -lm=0 -skip_cdt=0 -skip_transform=0 -ng=0 -g=0 -opt_fp=0 
@I [HLS-10] Analyzing design file 'MakeHT.cc' ... 
@I [HLS-0] Compiling one TU...
@I [HLS-0] Handling MakeHT.cc as C++
@I [HLS-0] Syntax Checking before pre-processing...
@I [HLS-100] Execute       clang  -fno-limit-debug-info -gcc-toolchain "/opt/Xilinx/Vivado_HLS/2016.4/lnx64/tools/gcc" -hls    -fno-math-errno -c -emit-llvm -O0  -mllvm -disable-llvm-optzns -fno-threadsafe-statics  -fno-use-cxa-atexit  -fno-threadsafe-statics -fno-use-cxa-atexit -Wno-attributes -Wno-gcc-compat   -I "/opt/Xilinx/Vivado_HLS/2016.4/lnx64/tools/systemc/include" -I "/opt/Xilinx/Vivado_HLS/2016.4/include" -I "/opt/Xilinx/Vivado_HLS/2016.4/include/ap_sysc" -fexceptions -I "/opt/Xilinx/Vivado_HLS/2016.4/common/technology/autopilot" -include etc/autopilot_ssdm_op.h "MakeHT.cc"  -o "/afs/cern.ch/user/p/psiddire/CMSSW_10_2_2/src/VivadoHLSProjects/HT/MakeHT/solution4/.autopilot/db/MakeHT.pp.00.o" 
@I [HLS-100] Command       clang returned 0; 0.11 sec.
@I [HLS-100] Execute       is_encrypted /afs/cern.ch/user/p/psiddire/CMSSW_10_2_2/src/VivadoHLSProjects/HT/MakeHT/solution4/.autopilot/db/MakeHT.pp.00.o 
@I [HLS-100] Command       is_encrypted returned 0; 0 sec.
@I [HLS-0] Source preprocessing
@I [HLS-100] Execute       clang  -fno-limit-debug-info -gcc-toolchain "/opt/Xilinx/Vivado_HLS/2016.4/lnx64/tools/gcc" -hls -fno-exceptions  -D__llvm__  -CC -E "MakeHT.cc"     -fno-math-errno -c -emit-llvm -O0  -mllvm -disable-llvm-optzns -fno-threadsafe-statics  -fno-use-cxa-atexit  -fno-threadsafe-statics -fno-use-cxa-atexit -Wno-attributes -Wno-gcc-compat -DAESL_SYN -D__SYNTHESIS__ -D__HLS_SYN__ -I "/opt/Xilinx/Vivado_HLS/2016.4/common/technology/autopilot" -I "/opt/Xilinx/Vivado_HLS/2016.4/common/technology/autopilot/ap_sysc" -include etc/autopilot_ssdm_op.h  -o "/afs/cern.ch/user/p/psiddire/CMSSW_10_2_2/src/VivadoHLSProjects/HT/MakeHT/solution4/.autopilot/db/MakeHT.pp.0.cc" 
@I [HLS-100] Command       clang returned 0; 0.09 sec.
@I [HLS-0] GCC PP time: 0 seconds per iteration
@I [HLS-100] Execute       list_core -type functional_unit 
@I [HLS-100] Command       list_core returned 0; 0 sec.
@I [HLS-0] CDT Preprocessing...
@I [HLS-0] Marker-Pragma convertor: /afs/cern.ch/user/p/psiddire/CMSSW_10_2_2/src/VivadoHLSProjects/HT/MakeHT/solution4/.autopilot/db/MakeHT.pp.0.cc /afs/cern.ch/user/p/psiddire/CMSSW_10_2_2/src/VivadoHLSProjects/HT/MakeHT/solution4/.autopilot/db/MakeHT.pp.0.cc.ap-line.cc /afs/cern.ch/user/p/psiddire/CMSSW_10_2_2/src/VivadoHLSProjects/HT/MakeHT/solution4/.autopilot/db/MakeHT.pp.0.cc.ap-line.cc.CXX 1
@I [HLS-0] Converting Markers to Pragmas...
@I [HLS-100] Execute       cdt  "/afs/cern.ch/user/p/psiddire/CMSSW_10_2_2/src/VivadoHLSProjects/HT/MakeHT/solution4/.autopilot/db/MakeHT.pp.0.cc.ap-line.cc"  -m "MakeHT" -o "/afs/cern.ch/user/p/psiddire/CMSSW_10_2_2/src/VivadoHLSProjects/HT/MakeHT/solution4/.autopilot/db/MakeHT.pp.0.cc.ap-cdt.cc" --pp --directive /afs/cern.ch/user/p/psiddire/CMSSW_10_2_2/src/VivadoHLSProjects/HT/MakeHT/solution4/solution4.directive --source /afs/cern.ch/user/p/psiddire/CMSSW_10_2_2/src/VivadoHLSProjects/HT/MakeHT.cc --error /afs/cern.ch/user/p/psiddire/CMSSW_10_2_2/src/VivadoHLSProjects/HT/MakeHT/solution4/.autopilot/db --funcunit "AddSub AddSub_DSP AddSubnS DAddSub_fulldsp DAddSub_nodsp DDiv DExp_fulldsp DExp_meddsp DExp_nodsp DLog_fulldsp DLog_meddsp DLog_nodsp DMul_fulldsp DMul_maxdsp DMul_meddsp DMul_nodsp DRSqrt DRecip DSqrt DivnS FAddSub_fulldsp FAddSub_nodsp FDiv FExp_fulldsp FExp_meddsp FExp_nodsp FLog_fulldsp FLog_meddsp FLog_nodsp FMul_fulldsp FMul_maxdsp FMul_meddsp FMul_nodsp FRSqrt_fulldsp FRSqrt_nodsp FRecip_fulldsp FRecip_nodsp FSqrt HAddSub_nodsp HDiv HMul_fulldsp HMul_maxdsp HMul_nodsp HSqrt Mul Mul2S Mul3S Mul4S Mul5S Mul6S Mul_LUT MulnS MuxnS" --ve --vetcl /afs/cern.ch/user/p/psiddire/CMSSW_10_2_2/src/VivadoHLSProjects/HT/MakeHT/solution4/.autopilot/db --ca --es --gf --pd --p2d /afs/cern.ch/user/p/psiddire/CMSSW_10_2_2/src/VivadoHLSProjects/HT/MakeHT/solution4/.autopilot/db --sd --scff /afs/cern.ch/user/p/psiddire/CMSSW_10_2_2/src/VivadoHLSProjects/HT/MakeHT/solution4/.autopilot/db/.systemc_flag --ad 
@I [HLS-100] Command       cdt returned 0; 1.18 sec.
@I [HLS-0] Marker-Pragma convertor: /afs/cern.ch/user/p/psiddire/CMSSW_10_2_2/src/VivadoHLSProjects/HT/MakeHT/solution4/.autopilot/db/MakeHT.pp.0.cc.ap-cdt.cc /afs/cern.ch/user/p/psiddire/CMSSW_10_2_2/src/VivadoHLSProjects/HT/MakeHT/solution4/.autopilot/db/MakeHT.pragma.0.cc /afs/cern.ch/user/p/psiddire/CMSSW_10_2_2/src/VivadoHLSProjects/HT/MakeHT/solution4/.autopilot/db/MakeHT.pragma.0.cc.ap-line.CXX 0
@I [HLS-0] Converting Pragmas to Markers...
@I [HLS-100] Execute       source /afs/cern.ch/user/p/psiddire/CMSSW_10_2_2/src/VivadoHLSProjects/HT/MakeHT/solution4/.autopilot/db/pragma.status.tcl 
@I [HLS-100] Command       ap_source returned 0; 0 sec.
@I [HLS-0] Pragma Handling...
@I [HLS-0] Source preprocessing
@I [HLS-100] Execute       clang  -fno-limit-debug-info -gcc-toolchain "/opt/Xilinx/Vivado_HLS/2016.4/lnx64/tools/gcc" -hls -fno-exceptions  -D__llvm__  -CC -E "/afs/cern.ch/user/p/psiddire/CMSSW_10_2_2/src/VivadoHLSProjects/HT/MakeHT/solution4/.autopilot/db/MakeHT.pragma.1.cc"     -fno-math-errno -c -emit-llvm -O0  -mllvm -disable-llvm-optzns -fno-threadsafe-statics  -fno-use-cxa-atexit  -fno-threadsafe-statics -fno-use-cxa-atexit -Wno-attributes -Wno-gcc-compat -DAESL_SYN -D__SYNTHESIS__ -D__HLS_SYN__ -I "/opt/Xilinx/Vivado_HLS/2016.4/common/technology/autopilot" -I "/opt/Xilinx/Vivado_HLS/2016.4/common/technology/autopilot/ap_sysc" -include etc/autopilot_ssdm_op.h  -o "/afs/cern.ch/user/p/psiddire/CMSSW_10_2_2/src/VivadoHLSProjects/HT/MakeHT/solution4/.autopilot/db/MakeHT.pragma.2.cc" 
@I [HLS-100] Command       clang returned 0; 0.1 sec.
@I [HLS-0] Processing labels
@I [HLS-100] Execute       clang  -fno-limit-debug-info -gcc-toolchain /opt/Xilinx/Vivado_HLS/2016.4/lnx64/tools/gcc -hls -hls-analyze-label -hls-analyze-pragma -fno-exceptions  -D__llvm__  -w  "/afs/cern.ch/user/p/psiddire/CMSSW_10_2_2/src/VivadoHLSProjects/HT/MakeHT/solution4/.autopilot/db/MakeHT.pragma.2.cc"    -fno-math-errno -c -emit-llvm -O0  -mllvm -disable-llvm-optzns -fno-threadsafe-statics  -fno-use-cxa-atexit -DAESL_SYN -D__SYNTHESIS__ -D__HLS_SYN__ -I "/opt/Xilinx/Vivado_HLS/2016.4/common/technology/autopilot" -I "/opt/Xilinx/Vivado_HLS/2016.4/common/technology/autopilot/ap_sysc" -include etc/autopilot_ssdm_op.h -g -o "/afs/cern.ch/user/p/psiddire/CMSSW_10_2_2/src/VivadoHLSProjects/HT/MakeHT/solution4/.autopilot/db/MakeHT.g.bc" 
@I [HLS-100] Command       clang returned 0; 0.11 sec.
@I [HLS-100] Execute       source /afs/cern.ch/user/p/psiddire/CMSSW_10_2_2/src/VivadoHLSProjects/HT/MakeHT/solution4/.autopilot/db/ve_warning.tcl 
@I [HLS-100] Command       ap_source returned 0; 0 sec.
@I [HLS-10] Validating synthesis directives ...
@I [HLS-100] Execute       source /afs/cern.ch/user/p/psiddire/CMSSW_10_2_2/src/VivadoHLSProjects/HT/MakeHT/solution4/.autopilot/db/pragma.status.tcl 
@I [HLS-100] Command       ap_source returned 0; 0 sec.
@I [HLS-111] Finished Checking Pragmas Time (s): cpu = 00:00:03 ; elapsed = 00:00:02 . Memory (MB): peak = 319.164 ; gain = 16.715 ; free physical = 619 ; free virtual = 33556
@I [HLS-0] Linking Release ...
@I [HLS-100] Execute       llvm-ld /afs/cern.ch/user/p/psiddire/CMSSW_10_2_2/src/VivadoHLSProjects/HT/MakeHT/solution4/.autopilot/db/MakeHT.bc -disable-opt -L/opt/Xilinx/Vivado_HLS/2016.4/lnx64/lib -lm_basic -o /afs/cern.ch/user/p/psiddire/CMSSW_10_2_2/src/VivadoHLSProjects/HT/MakeHT/solution4/.autopilot/db/a.o 
@I [HLS-100] Command       llvm-ld returned 0; 0.05 sec.
@I [HLS-100] Execute       disassemble /afs/cern.ch/user/p/psiddire/CMSSW_10_2_2/src/VivadoHLSProjects/HT/MakeHT/solution4/.autopilot/db/a.o /afs/cern.ch/user/p/psiddire/CMSSW_10_2_2/src/VivadoHLSProjects/HT/MakeHT/solution4/.autopilot/db/a.o 
@I [HLS-100] Execute         is_encrypted /afs/cern.ch/user/p/psiddire/CMSSW_10_2_2/src/VivadoHLSProjects/HT/MakeHT/solution4/.autopilot/db/a.o.bc 
@I [HLS-100] Command         is_encrypted returned 0; 0 sec.
@I [HLS-100] Command       disassemble returned 0; 0.05 sec.
@I [HLS-0] Disassemble time: 0 seconds per iteration
@I [HLS-0] Linking Debug ...
@I [HLS-100] Execute       llvm-ld /afs/cern.ch/user/p/psiddire/CMSSW_10_2_2/src/VivadoHLSProjects/HT/MakeHT/solution4/.autopilot/db/MakeHT.g.bc -disable-opt -L/opt/Xilinx/Vivado_HLS/2016.4/lnx64/lib -lm_basic -o /afs/cern.ch/user/p/psiddire/CMSSW_10_2_2/src/VivadoHLSProjects/HT/MakeHT/solution4/.autopilot/db/a.g 
@I [HLS-100] Command       llvm-ld returned 0; 0.05 sec.
@I [HLS-100] Execute       disassemble /afs/cern.ch/user/p/psiddire/CMSSW_10_2_2/src/VivadoHLSProjects/HT/MakeHT/solution4/.autopilot/db/a.g /afs/cern.ch/user/p/psiddire/CMSSW_10_2_2/src/VivadoHLSProjects/HT/MakeHT/solution4/.autopilot/db/a.g 
@I [HLS-100] Execute         is_encrypted /afs/cern.ch/user/p/psiddire/CMSSW_10_2_2/src/VivadoHLSProjects/HT/MakeHT/solution4/.autopilot/db/a.g.bc 
@I [HLS-100] Command         is_encrypted returned 0; 0 sec.
@I [HLS-100] Command       disassemble returned 0; 0.05 sec.
@I [HLS-0] Disassemble time: 0 seconds per iteration
@I [HLS-111] Finished Linking Time (s): cpu = 00:00:03 ; elapsed = 00:00:02 . Memory (MB): peak = 319.164 ; gain = 16.715 ; free physical = 644 ; free virtual = 33582
@I [HLS-100] Execute       opt_and_import_c a -opt_level=2 -skip_syncheck=0 -ng=0 -keep_printf=0 
@I [HLS-100] Execute         cleanup_all_models 
@I [HLS-100] Command         cleanup_all_models returned 0; 0 sec.
@I [HLS-10] Starting code transformations ...
@I [HLS-100] Execute         transform -promote-dbg-pointer /afs/cern.ch/user/p/psiddire/CMSSW_10_2_2/src/VivadoHLSProjects/HT/MakeHT/solution4/.autopilot/db/a.pp.bc -o /afs/cern.ch/user/p/psiddire/CMSSW_10_2_2/src/VivadoHLSProjects/HT/MakeHT/solution4/.autopilot/db/a.pp.0.bc -f 
@I [HLS-100] Command         transform returned 0; 0.01 sec.
@I [HLS-100] Execute         llvm-ld /afs/cern.ch/user/p/psiddire/CMSSW_10_2_2/src/VivadoHLSProjects/HT/MakeHT/solution4/.autopilot/db/a.pp.0.bc -disable-opt -L/opt/Xilinx/Vivado_HLS/2016.4/lnx64/lib -lfloatconversion -o /afs/cern.ch/user/p/psiddire/CMSSW_10_2_2/src/VivadoHLSProjects/HT/MakeHT/solution4/.autopilot/db/a.g.0 
@I [HLS-100] Command         llvm-ld returned 0; 0.05 sec.
@I [HLS-0] Running Standard Transforms...
@I [HLS-100] Execute         transform -hls -share-std-xform -always-inline -promote-dbg-pointer -interface-preproc -scalarrepl -mem2reg -keep-read-access -instcombine -dce -promote-dbg-pointer -bitop-raise -indvarspre -indvars -loop-simplify -xunroll -constprop -instcombine -simplifycfg -indvars -simplifycfg -dce -globaldce -basicaa -simplifycfg -mem2reg -globalopt -global-constprop -deadargelim -instcombine -simplifycfg -prune-eh -simplifycfg -scalarrepl -instcombine -reassociate -licm -simplifycfg -loop-simplify -indvars -instcombine -simplifycfg -mem2reg -loop-simplify -indvars -instcombine -gvn -gvn -instcombine -adce -break-crit-edges -simplifycfg -loop-delete -global-array-opt -dce -dse -adce -find-syn-modules -top MakeHT -deadargelim -mem2reg -instcombine -dce -presyn-prepare -auto-rom-infer -interface-preproc -syn-check -check-rec-only -find-region -simplifycfg -func-extr -function-inline -globaldce -mem2reg -instcombine -dce -gvn -globaldce -adce -adse -constprop -instcombine -bit-constprop -instcombine -dce -simplifycfg -bitop-raise -simplifycfg -dce -loop-delete -reassociate -globalopt -global-privatize -mem2reg -dce -global-constprop -pointer-simplify -constprop -dce -func-inst -deadargelim -promote-dbg-pointer -norm-name /afs/cern.ch/user/p/psiddire/CMSSW_10_2_2/src/VivadoHLSProjects/HT/MakeHT/solution4/.autopilot/db/a.g.0.bc -o /afs/cern.ch/user/p/psiddire/CMSSW_10_2_2/src/VivadoHLSProjects/HT/MakeHT/solution4/.autopilot/db/a.g.1.bc -f -phase std-opt 
@I [HLS-100] Command         transform returned 0; 0.03 sec.
@I [HLS-100] Execute         disassemble /afs/cern.ch/user/p/psiddire/CMSSW_10_2_2/src/VivadoHLSProjects/HT/MakeHT/solution4/.autopilot/db/a.g.1 /afs/cern.ch/user/p/psiddire/CMSSW_10_2_2/src/VivadoHLSProjects/HT/MakeHT/solution4/.autopilot/db/a.g.1 
@I [HLS-100] Execute           is_encrypted /afs/cern.ch/user/p/psiddire/CMSSW_10_2_2/src/VivadoHLSProjects/HT/MakeHT/solution4/.autopilot/db/a.g.1.bc 
@I [HLS-100] Command           is_encrypted returned 0; 0 sec.
@I [HLS-100] Command         disassemble returned 0; 0.05 sec.
@I [HLS-111] Finished Standard Transforms Time (s): cpu = 00:00:03 ; elapsed = 00:00:02 . Memory (MB): peak = 319.207 ; gain = 16.758 ; free physical = 640 ; free virtual = 33579
@I [HLS-10] Checking synthesizability ...
@I [HLS-0] Checking Synthesizability 1/2..
@I [HLS-100] Execute         transform -hls -syn-check -check-rec-only -disaggr -scalarrepl -norm-name -dce -mem2reg -instcombine -function-uniquify -directive-preproc -mem2reg -dse -dce -auto-rom-infer -dce -array-normalize -instcombine -dce -array-seg-normalize -instcombine -dce -array-flatten -instcombine -dce -array-burst -dce -deadargelim -promote-global-argument -simplifycfg -mem2reg -globaldce -resolve-double-ptr -dce -deadargelim -dce -instcombine -function-inline -globaldce -dce -doublePtrSimplify -doublePtrElim -dce -doublePtrSimplify -promote-dbg-pointer -dce -scalarrepl -dse -adse -instcombine -ptrLegalization -simplifycfg -dce -instcombine -pointer-simplify -ptrArgReplace -dce -instcombine -disaggr -scalarrepl -norm-name -dce -mem2reg -instcombine -ptrLegalization -simplifycfg -deadargelim -instcombine -dce -inst-simplify -function-uniquify -directive-preproc -mem2reg -dse -dce -globaldce /afs/cern.ch/user/p/psiddire/CMSSW_10_2_2/src/VivadoHLSProjects/HT/MakeHT/solution4/.autopilot/db/a.g.1.bc -o /afs/cern.ch/user/p/psiddire/CMSSW_10_2_2/src/VivadoHLSProjects/HT/MakeHT/solution4/.autopilot/db/a.g.2.prechk.bc -f 
@I [HLS-100] Command         transform returned 0; 0.04 sec.
@I [HLS-0] Checking Synthesizability 2/2..
@I [HLS-100] Execute         transform -syn-check /afs/cern.ch/user/p/psiddire/CMSSW_10_2_2/src/VivadoHLSProjects/HT/MakeHT/solution4/.autopilot/db/a.g.2.prechk.bc -o /afs/cern.ch/user/p/psiddire/CMSSW_10_2_2/src/VivadoHLSProjects/HT/MakeHT/solution4/.autopilot/db/a.g.2.bc -f -phase syn-check 
@I [HLS-100] Command         transform returned 0; 0.01 sec.
@I [HLS-111] Finished Checking Synthesizability Time (s): cpu = 00:00:03 ; elapsed = 00:00:03 . Memory (MB): peak = 319.207 ; gain = 16.758 ; free physical = 642 ; free virtual = 33580
@I [HLS-0] Compiler optimizing ...
@I [HLS-0] Share syncheck's 1.bc for syn flow: copy /afs/cern.ch/user/p/psiddire/CMSSW_10_2_2/src/VivadoHLSProjects/HT/MakeHT/solution4/.autopilot/db/a.g.1.bc to /afs/cern.ch/user/p/psiddire/CMSSW_10_2_2/src/VivadoHLSProjects/HT/MakeHT/solution4/.autopilot/db/a.o.1.bc
@I [HLS-0] Presyn 1...
@I [HLS-100] Execute         transform -hls -tmp /afs/cern.ch/user/p/psiddire/CMSSW_10_2_2/src/VivadoHLSProjects/HT/MakeHT/solution4/.autopilot/db -interface-port-rename -type-info -function-uniquify -directive-preproc -mem2reg -dse -dce -disaggr -scalarrepl -norm-name -deadargelim -mem2reg -instcombine -dce -auto-rom-infer -dce -function-uniquify -resource-proc -simplifycfg -mem2reg -globaldce -resolve-double-ptr -dce -deadargelim -dce -instcombine -clib-intrinsic-prepare -dce -func-buffer -dce -array-normalize -func-legal -instcombine -gvn -constprop -dce -ptrArgReplace -mem2reg -instcombine -dce -array-seg-normalize -deadargelim -instcombine -dce -pointer-simplify -dce -port-alignment -dce -interface-preproc -data-pack -instcombine -dce -basicaa -aggr-aa -aggrmodref-aa -aggr-aa -gvn -gvn -basicaa -aggr-aa -aggrmodref-aa -aggr-aa -dse -adse -adce -loop-simplify -indvars -instcombine -gvn -loop-simplify -mem2reg -dce -simplifycfg -find-region -instcombine -auto-loop-pipeline -inst-simplify -interface-preproc -cfgopt -instcombine -indvars -auto-loop-unroll -loop-simplify -loop-bound -xunroll -constprop -instcombine -simplifycfg -indvars -simplifycfg -dce -globaldce -clean-region -attach-range -gvn -inst-simplify -constprop -simplifycfg -dce -pointer-simplify -dce -globalopt -constprop -dce -array-promote -constprop -instcombine -dce -ptrArgReplace -mem2reg -instcombine -simplifycfg -dce -auto-par -instcombine -dce -array-transform-check -array-reshape -instcombine -simplifycfg -dce -ptrArgReplace -deadargelim -mem2reg -instcombine -simplifycfg -dce -indvars -loop-simplify -loop-bound -xunroll -constprop -instcombine -simplifycfg -indvars -simplifycfg -dce -globaldce -duplicate-dataflow-processes -globaldce -instcombine -array-partition -instcombine -simplifycfg -dce -ptrArgReplace -global-constprop -deadargelim -mem2reg -func-legal -instcombine -dce -global-constprop -deadargelim -mem2reg -instcombine -simplifycfg -dce -globalopt -constprop -dce -array-promote -constprop -instcombine -dce -ptrArgReplace -mem2reg -instcombine -simplifycfg -dce -mem-intrinsic-preproc -dce -global-privatize -mem2reg -globaldce -promote-global-argument -ptrArgReplace -mem2reg -instcombine -dce -globalopt -mergereturn -simplify-global-access -mem2reg -dce -pointer-simplify -dce -functionattrs -basicaa -aggr-aa -aggrmodref-aa -aggr-aa -gvn -gvn -basicaa -aggr-aa -aggrmodref-aa -aggr-aa -dse -adse -adce -inst-simplify -dce -norm-name -function-inline -globaldce -func-inst -constprop -instcombine -simplifycfg -dce -func-legal -dce -loop-bound -arraycheck -bitwidthmin -on-by-dataflow -loop-delete -instcombine -simplifycfg -globaldce -dce -gvn -deadargelim -dce -loop-simplify -clean-region -simplifycfg -propagate-stable-arguments -loop-stream -instcombine -simplifycfg -dce -globaldce -stream-intrinsic-preproc -dce -check-ap-stream -loop-simplify -eliminate-keepreads -extract-dataflow-in-loop -loop-simplify -dce -gvn -deadargelim -dse -check-dataflow-syntax -legalize-stream-variable -legalize-global -extract-subproc -dce -dead-channel-elimination -canonicalize-gep -globaldce -dce -gvn -deadargelim -annotate-dataflow-channels -scalar-propagation -deadargelim -globaldce -mem2reg -check-dataflow-channels -function-stream -dce -globaldce -prop-fifo-spec -internal-stream-gen -canonicalize-gep -globaldce -dce -gvn -deadargelim -mergereturn -indvars -loop-simplify -instcombine -array-stream -array-seg-normalize -array-partition -func-legal -instcombine -simplifycfg -dce -bundle-memfifo-ops -deadargelim -function-uniquify -directive-preproc -mem2reg -dse -dce -group-axi-access -licm -simplifycfg -dce -loop-delete -norm-name /afs/cern.ch/user/p/psiddire/CMSSW_10_2_2/src/VivadoHLSProjects/HT/MakeHT/solution4/.autopilot/db/a.o.1.bc -o /afs/cern.ch/user/p/psiddire/CMSSW_10_2_2/src/VivadoHLSProjects/HT/MakeHT/solution4/.autopilot/db/a.o.1.tmp.bc -f 
@I [XFORM-502] Unrolling all loops for pipelining in function 'MakeHT' (MakeHT.cc:5).
@I [XFORM-501] Unrolling loop 'Loop-1' (MakeHT.cc:16) in function 'MakeHT' completely.
@I [XFORM-501] Unrolling loop 'Loop-2' (MakeHT.cc:24) in function 'MakeHT' completely.
@I [XFORM-102] Partitioning array 'rgnETLUT' in dimension 2 automatically.
@I [XFORM-102] Partitioning array 'hfETLUT' in dimension 2 automatically.
@I [XFORM-101] Partitioning array 'rgnET' (MakeHT.cc:5) in dimension 1 completely.
@I [XFORM-101] Partitioning array 'hfET' (MakeHT.cc:5) in dimension 1 completely.
@I [XFORM-101] Partitioning array 'HT' (MakeHT.cc:5) in dimension 1 completely.
@I [HLS-100] Command         transform returned 0; 4.81 sec.
@I [HLS-0] Presyn 2...
@I [HLS-100] Execute         transform -hls -keep-callgraph -scalarrepl -mem2reg -port-alignment -attach-range -dce -pipe-mux-gen -indvars -loop-bound -inst-simplify -instcombine -dce -merge-array-access -mem2reg -dce -clean-region -mergereturn -if-conv -instcombine -dce -constprop -basicaa -aggr-aa -aggrmodref-aa -aggr-aa -gvn -gvn -basicaa -aggr-aa -aggrmodref-aa -aggr-aa -dse -adse -adce -scalarrepl -mem2reg -global-constprop -deadargelim -deadargelim -instcombine -dce -simplifycfg -ptrArgReplace -mem2reg -function-inline -globaldce -mem2reg -instcombine -dce -expr-balance -instcombine -dce -bitwidthmin -interface-preproc -directive-preproc -inst-rectify -instcombine -dce -functionattrs -constprop -instcombine -bit-constprop -simplify-global-access -globalopt -globaldce -inst-simplify -instcombine -elimdeaddata -dce -loop-delete -simplifycfg -loop-simplify -auto-burst -norm-name /afs/cern.ch/user/p/psiddire/CMSSW_10_2_2/src/VivadoHLSProjects/HT/MakeHT/solution4/.autopilot/db/a.o.1.tmp.bc -o /afs/cern.ch/user/p/psiddire/CMSSW_10_2_2/src/VivadoHLSProjects/HT/MakeHT/solution4/.autopilot/db/a.o.2.bc -f -phase presyn 
@I [XFORM-401] Performing if-conversion on hyperblock to (MakeHT.cc:37:1) in function 'MakeHT'... converting 789 basic blocks.
@I [HLS-100] Command         transform returned 0; 1.71 sec.
@I [HLS-100] Execute         disassemble /afs/cern.ch/user/p/psiddire/CMSSW_10_2_2/src/VivadoHLSProjects/HT/MakeHT/solution4/.autopilot/db/a.o.2 /afs/cern.ch/user/p/psiddire/CMSSW_10_2_2/src/VivadoHLSProjects/HT/MakeHT/solution4/.autopilot/db/a.o.2 
@I [HLS-100] Execute           is_encrypted /afs/cern.ch/user/p/psiddire/CMSSW_10_2_2/src/VivadoHLSProjects/HT/MakeHT/solution4/.autopilot/db/a.o.2.bc 
@I [HLS-100] Command           is_encrypted returned 0; 0 sec.
@I [HLS-100] Command         disassemble returned 0; 0.08 sec.
@I [HLS-111] Finished Pre-synthesis Time (s): cpu = 00:00:10 ; elapsed = 00:00:09 . Memory (MB): peak = 447.160 ; gain = 144.711 ; free physical = 588 ; free virtual = 33530
@I [HLS-0] Building ssdm...
@I [HLS-100] Execute         transform -hls -function-uniquify -auto-function-inline -globaldce -ptrArgReplace -mem2reg -instcombine -dce -reset-lda -loop-simplify -indvars -licm -loop-dep -loop-bound -licm -loop-simplify -flattenloopnest -array-flatten -gvn -instcombine -dce -array-map -dce -func-legal -gvn -adce -instcombine -cfgopt -simplifycfg -loop-simplify -array-burst -promote-global-argument -dce -axi4-lower -array-seg-normalize -basicaa -aggrmodref-aa -globalsmodref-aa -aggr-aa -gvn -gvn -basicaa -aggrmodref-aa -globalsmodref-aa -aggr-aa -dse -adse -adce -licm -inst-simplify -dce -globaldce -instcombine -array-stream -eliminate-keepreads -instcombine -dce -deadargelim -doublePtrSimplify -doublePtrElim -dce -doublePtrSimplify -promote-dbg-pointer -dce -scalarrepl -mem2reg -disaggr -norm-name -mem2reg -instcombine -dse -adse -adce -ptrLegalization -dce -auto-rom-infer -array-flatten -dce -instcombine -loop-rot -constprop -cfgopt -simplifycfg -loop-simplify -indvars -pointer-simplify -dce -loop-bound -loop-simplify -loop-preproc -constprop -global-constprop -gvn -mem2reg -instcombine -dce -loop-bound -loop-merge -dce -bitwidthmin -deadargelim -dce -canonicalize-dataflow -dce -scalar-propagation -deadargelim -globaldce -mem2reg -interface-preproc -interface-gen -deadargelim -directive-preproc -inst-simplify -dce -gvn -mem2reg -instcombine -dce -adse -loop-bound -instcombine -cfgopt -simplifycfg -loop-simplify -clean-region -io-protocol -find-region -mem2reg -bitop-raise -inst-simplify -inst-rectify -instcombine -adce -deadargelim -loop-simplify -phi-opt -bitop-raise -cfgopt -simplifycfg -strip-dead-prototypes -interface-lower -bitop-lower -intrinsic-lower -auto-function-inline -basicaa -aggrmodref-aa -globalsmodref-aa -aggr-aa -inst-simplify -simplifycfg -loop-simplify -mergereturn -inst-simplify -inst-rectify -dce -bitop-lower -loop-rewind -pointer-simplify -dce -cfgopt -read-loop-dep -dce -bitwidth -loop-dep -norm-name -legalize -cdfg-build /afs/cern.ch/user/p/psiddire/CMSSW_10_2_2/src/VivadoHLSProjects/HT/MakeHT/solution4/.autopilot/db/a.o.2.bc -o /afs/cern.ch/user/p/psiddire/CMSSW_10_2_2/src/VivadoHLSProjects/HT/MakeHT/solution4/.autopilot/db/a.o.3.bc -f -phase build-ssdm 
@I [HLS-100] Command         transform returned 0; 31.44 sec.
@I [HLS-100] Execute         disassemble /afs/cern.ch/user/p/psiddire/CMSSW_10_2_2/src/VivadoHLSProjects/HT/MakeHT/solution4/.autopilot/db/a.o.3 /afs/cern.ch/user/p/psiddire/CMSSW_10_2_2/src/VivadoHLSProjects/HT/MakeHT/solution4/.autopilot/db/a.o.3 
@I [HLS-100] Execute           is_encrypted /afs/cern.ch/user/p/psiddire/CMSSW_10_2_2/src/VivadoHLSProjects/HT/MakeHT/solution4/.autopilot/db/a.o.3.bc 
@I [HLS-100] Command           is_encrypted returned 0; 0 sec.
@I [HLS-100] Command         disassemble returned 0; 0.07 sec.
@I [HLS-111] Finished Architecture Synthesis Time (s): cpu = 00:00:41 ; elapsed = 00:00:41 . Memory (MB): peak = 447.160 ; gain = 144.711 ; free physical = 593 ; free virtual = 33538
@I [HLS-0] Finish building internal data model.
@I [HLS-100] Command       opt_and_import_c returned 0; 38.33 sec.
@I [HLS-100] Command     elaborate returned 0; 40.27 sec.
@I [HLS-100] Execute     autosyn 
@I [HLS-10] Starting hardware synthesis ...
@I [HLS-0] Synthesizing C/C++ design ...
@I [HLS-10] Synthesizing 'MakeHT' ...
@I [HLS-100] Execute       ap_set_top_model MakeHT 
@I [HLS-100] Command       ap_set_top_model returned 0; 0 sec.
@I [HLS-100] Execute       get_model_list MakeHT -filter all-wo-channel -topdown 
@I [HLS-100] Command       get_model_list returned 0; 0 sec.
@I [HLS-100] Execute       preproc_iomode -model MakeHT 
@I [HLS-100] Command       preproc_iomode returned 0; 0 sec.
@I [HLS-100] Execute       get_model_list MakeHT -filter all-wo-channel 
@I [HLS-100] Command       get_model_list returned 0; 0 sec.
@I [HLS-0] Model list for configure: MakeHT
@I [HLS-0] Configuring Module : MakeHT ...
@I [HLS-100] Execute       set_default_model MakeHT 
@I [HLS-100] Command       set_default_model returned 0; 0 sec.
@I [HLS-100] Execute       apply_spec_resource_limit MakeHT 
@I [HLS-100] Command       apply_spec_resource_limit returned 0; 0 sec.
@I [HLS-0] Model list for preprocess: MakeHT
@I [HLS-0] Preprocessing Module: MakeHT ...
@I [HLS-100] Execute       set_default_model MakeHT 
@I [HLS-100] Command       set_default_model returned 0; 0 sec.
@I [HLS-100] Execute       cdfg_preprocess -model MakeHT 
@I [HLS-100] Command       cdfg_preprocess returned 0; 0.82 sec.
@I [HLS-100] Execute       rtl_gen_preprocess MakeHT 
@I [HLS-100] Command       rtl_gen_preprocess returned 0; 0.01 sec.
@I [HLS-0] Model list for synthesis: MakeHT
