

================================================================
== Vivado HLS Report for 'bitonic4'
================================================================
* Date:           Mon Aug 20 17:22:18 2018

* Version:        2016.4 (Build 1733598 on Wed Dec 14 22:59:20 MST 2016)
* Project:        HCALTower
* Solution:       solution1
* Product family: virtex7
* Target device:  xc7vx690tffg1927-2


================================================================
== Performance Estimates
================================================================
+ Timing (ns): 
    * Summary: 
    +--------+-------+----------+------------+
    |  Clock | Target| Estimated| Uncertainty|
    +--------+-------+----------+------------+
    |ap_clk  |  10.00|      8.72|        1.25|
    +--------+-------+----------+------------+

+ Latency (clock cycles): 
    * Summary: 
    +-----+-----+-----+-----+----------+
    |  Latency  |  Interval | Pipeline |
    | min | max | min | max |   Type   |
    +-----+-----+-----+-----+----------+
    |    4|    4|    5|    5| function |
    +-----+-----+-----+-----+----------+

    + Detail: 
        * Instance: 
        N/A

        * Loop: 
        N/A

============================================================
+ Verbose Summary: Synthesis Manager
============================================================
InlineROM: 1
ExposeGlobal: 0
============================================================
+ Verbose Summary: CDFG Model
============================================================
IsTopModel: 0
ResetActiveHigh: 1
IsCombinational: 2
IsDatapathOnly: 0
HasWiredReturn: 1
HasMFsm: 2
HasVarLatency: 0
IsPipeline: 1
IsRtlPipelined: 0
IsInstanceOverlapped: 0
IsDontTouch: 0
HasImplIP: 0
IsGatedGlobalClock: 0

+ Individual pipeline summary: 
  * Pipeline-0: initiation interval (II) = 5, depth = 5


============================================================
+ Verbose Summary: Schedule
============================================================
* Number of FSM states: 5
* Pipeline: 1
  Pipeline-0: II = 5, D = 5, States = { 1 2 3 4 5 }
* Dataflow Pipeline: 0

* FSM state transitions: 
1 --> 
	2  / true
2 --> 
	3  / true
3 --> 
	4  / true
4 --> 
	5  / true
5 --> 
* FSM state operations: 

 <State 1>: 1.29ns
ST_1: ClusterDeposits_27_2 (153)  [1/1] 0.00ns
._crit_edge.0:62  %ClusterDeposits_27_2 = call i16 @_ssdm_op_Read.ap_auto.i16(i16 %ClusterDeposits_27_s)

ST_1: ClusterDeposits_26_2 (154)  [1/1] 0.00ns
._crit_edge.0:63  %ClusterDeposits_26_2 = call i16 @_ssdm_op_Read.ap_auto.i16(i16 %ClusterDeposits_26_s)

ST_1: ClusterDeposits_25_2 (155)  [1/1] 0.00ns
._crit_edge.0:64  %ClusterDeposits_25_2 = call i16 @_ssdm_op_Read.ap_auto.i16(i16 %ClusterDeposits_25_s)

ST_1: ClusterDeposits_24_2 (156)  [1/1] 0.00ns
._crit_edge.0:65  %ClusterDeposits_24_2 = call i16 @_ssdm_op_Read.ap_auto.i16(i16 %ClusterDeposits_24_s)

ST_1: ClusterDeposits_23_2 (157)  [1/1] 0.00ns
._crit_edge.0:66  %ClusterDeposits_23_2 = call i16 @_ssdm_op_Read.ap_auto.i16(i16 %ClusterDeposits_23_s)

ST_1: ClusterDeposits_22_2 (158)  [1/1] 0.00ns
._crit_edge.0:67  %ClusterDeposits_22_2 = call i16 @_ssdm_op_Read.ap_auto.i16(i16 %ClusterDeposits_22_s)

ST_1: ClusterDeposits_21_2 (159)  [1/1] 0.00ns
._crit_edge.0:68  %ClusterDeposits_21_2 = call i16 @_ssdm_op_Read.ap_auto.i16(i16 %ClusterDeposits_21_s)

ST_1: ClusterDeposits_20_2 (160)  [1/1] 0.00ns
._crit_edge.0:69  %ClusterDeposits_20_2 = call i16 @_ssdm_op_Read.ap_auto.i16(i16 %ClusterDeposits_20_s)

ST_1: ClusterDeposits_19_2 (161)  [1/1] 0.00ns
._crit_edge.0:70  %ClusterDeposits_19_2 = call i16 @_ssdm_op_Read.ap_auto.i16(i16 %ClusterDeposits_19_s)

ST_1: ClusterDeposits_18_2 (162)  [1/1] 0.00ns
._crit_edge.0:71  %ClusterDeposits_18_2 = call i16 @_ssdm_op_Read.ap_auto.i16(i16 %ClusterDeposits_18_s)

ST_1: ClusterDeposits_17_2 (163)  [1/1] 0.00ns
._crit_edge.0:72  %ClusterDeposits_17_2 = call i16 @_ssdm_op_Read.ap_auto.i16(i16 %ClusterDeposits_17_s)

ST_1: ClusterDeposits_16_2 (164)  [1/1] 0.00ns
._crit_edge.0:73  %ClusterDeposits_16_2 = call i16 @_ssdm_op_Read.ap_auto.i16(i16 %ClusterDeposits_16_s)

ST_1: ClusterDeposits_15_2 (165)  [1/1] 0.00ns
._crit_edge.0:74  %ClusterDeposits_15_2 = call i16 @_ssdm_op_Read.ap_auto.i16(i16 %ClusterDeposits_15_s)

ST_1: ClusterDeposits_14_2 (166)  [1/1] 0.00ns
._crit_edge.0:75  %ClusterDeposits_14_2 = call i16 @_ssdm_op_Read.ap_auto.i16(i16 %ClusterDeposits_14_s)

ST_1: ClusterDeposits_13_2 (167)  [1/1] 0.00ns
._crit_edge.0:76  %ClusterDeposits_13_2 = call i16 @_ssdm_op_Read.ap_auto.i16(i16 %ClusterDeposits_13_s)

ST_1: ClusterDeposits_12_2 (168)  [1/1] 0.00ns
._crit_edge.0:77  %ClusterDeposits_12_2 = call i16 @_ssdm_op_Read.ap_auto.i16(i16 %ClusterDeposits_12_s)

ST_1: ClusterDeposits_11_2 (169)  [1/1] 0.00ns
._crit_edge.0:78  %ClusterDeposits_11_2 = call i16 @_ssdm_op_Read.ap_auto.i16(i16 %ClusterDeposits_11_s)

ST_1: ClusterDeposits_10_2 (170)  [1/1] 0.00ns
._crit_edge.0:79  %ClusterDeposits_10_2 = call i16 @_ssdm_op_Read.ap_auto.i16(i16 %ClusterDeposits_10_s)

ST_1: ClusterDeposits_9_r_2 (171)  [1/1] 0.00ns
._crit_edge.0:80  %ClusterDeposits_9_r_2 = call i16 @_ssdm_op_Read.ap_auto.i16(i16 %ClusterDeposits_9_r)

ST_1: ClusterDeposits_8_r_2 (172)  [1/1] 0.00ns
._crit_edge.0:81  %ClusterDeposits_8_r_2 = call i16 @_ssdm_op_Read.ap_auto.i16(i16 %ClusterDeposits_8_r)

ST_1: ClusterDeposits_7_r_2 (173)  [1/1] 0.00ns
._crit_edge.0:82  %ClusterDeposits_7_r_2 = call i16 @_ssdm_op_Read.ap_auto.i16(i16 %ClusterDeposits_7_r)

ST_1: ClusterDeposits_6_r_2 (174)  [1/1] 0.00ns
._crit_edge.0:83  %ClusterDeposits_6_r_2 = call i16 @_ssdm_op_Read.ap_auto.i16(i16 %ClusterDeposits_6_r)

ST_1: ClusterDeposits_5_r_2 (175)  [1/1] 0.00ns
._crit_edge.0:84  %ClusterDeposits_5_r_2 = call i16 @_ssdm_op_Read.ap_auto.i16(i16 %ClusterDeposits_5_r)

ST_1: ClusterDeposits_4_r_2 (176)  [1/1] 0.00ns
._crit_edge.0:85  %ClusterDeposits_4_r_2 = call i16 @_ssdm_op_Read.ap_auto.i16(i16 %ClusterDeposits_4_r)

ST_1: ClusterDeposits_3_r_2 (177)  [1/1] 0.00ns
._crit_edge.0:86  %ClusterDeposits_3_r_2 = call i16 @_ssdm_op_Read.ap_auto.i16(i16 %ClusterDeposits_3_r)

ST_1: ClusterDeposits_2_r_2 (178)  [1/1] 0.00ns
._crit_edge.0:87  %ClusterDeposits_2_r_2 = call i16 @_ssdm_op_Read.ap_auto.i16(i16 %ClusterDeposits_2_r)

ST_1: ClusterDeposits_1_r_2 (179)  [1/1] 0.00ns
._crit_edge.0:88  %ClusterDeposits_1_r_2 = call i16 @_ssdm_op_Read.ap_auto.i16(i16 %ClusterDeposits_1_r)

ST_1: ClusterDeposits_0_r_2 (180)  [1/1] 0.00ns
._crit_edge.0:89  %ClusterDeposits_0_r_2 = call i16 @_ssdm_op_Read.ap_auto.i16(i16 %ClusterDeposits_0_r)

ST_1: tmp_s (181)  [1/1] 1.29ns  loc: HCALTower.cpp:1008
._crit_edge.0:90  %tmp_s = icmp ult i16 %ClusterDeposits_0_r_2, %ClusterDeposits_2_r_2

ST_1: tmp_188_1 (188)  [1/1] 1.29ns  loc: HCALTower.cpp:1008
._crit_edge.0:97  %tmp_188_1 = icmp ult i16 %ClusterDeposits_1_r_2, %ClusterDeposits_3_r_2

ST_1: tmp_13 (195)  [1/1] 1.29ns  loc: HCALTower.cpp:1023
._crit_edge.0:104  %tmp_13 = icmp ugt i16 %ClusterDeposits_4_r_2, %ClusterDeposits_6_r_2

ST_1: tmp_192_1 (202)  [1/1] 1.29ns  loc: HCALTower.cpp:1023
._crit_edge.0:111  %tmp_192_1 = icmp ugt i16 %ClusterDeposits_5_r_2, %ClusterDeposits_7_r_2

ST_1: tmp_14 (209)  [1/1] 1.29ns  loc: HCALTower.cpp:1038
._crit_edge.0:118  %tmp_14 = icmp ult i16 %ClusterDeposits_8_r_2, %ClusterDeposits_10_2

ST_1: tmp_196_1 (216)  [1/1] 1.29ns  loc: HCALTower.cpp:1038
._crit_edge.0:125  %tmp_196_1 = icmp ult i16 %ClusterDeposits_9_r_2, %ClusterDeposits_11_2

ST_1: tmp_15 (223)  [1/1] 1.29ns  loc: HCALTower.cpp:1053
._crit_edge.0:132  %tmp_15 = icmp ugt i16 %ClusterDeposits_12_2, %ClusterDeposits_14_2

ST_1: tmp_200_1 (230)  [1/1] 1.29ns  loc: HCALTower.cpp:1053
._crit_edge.0:139  %tmp_200_1 = icmp ugt i16 %ClusterDeposits_13_2, %ClusterDeposits_15_2

ST_1: tmp_16 (237)  [1/1] 1.29ns  loc: HCALTower.cpp:1068
._crit_edge.0:146  %tmp_16 = icmp ult i16 %ClusterDeposits_16_2, %ClusterDeposits_18_2

ST_1: tmp_204_1 (244)  [1/1] 1.29ns  loc: HCALTower.cpp:1068
._crit_edge.0:153  %tmp_204_1 = icmp ult i16 %ClusterDeposits_17_2, %ClusterDeposits_19_2

ST_1: tmp_17 (251)  [1/1] 1.29ns  loc: HCALTower.cpp:1083
._crit_edge.0:160  %tmp_17 = icmp ugt i16 %ClusterDeposits_20_2, %ClusterDeposits_22_2

ST_1: tmp_208_1 (258)  [1/1] 1.29ns  loc: HCALTower.cpp:1083
._crit_edge.0:167  %tmp_208_1 = icmp ugt i16 %ClusterDeposits_21_2, %ClusterDeposits_23_2

ST_1: tmp_18 (265)  [1/1] 1.29ns  loc: HCALTower.cpp:1098
._crit_edge.0:174  %tmp_18 = icmp ult i16 %ClusterDeposits_24_2, %ClusterDeposits_26_2

ST_1: tmp_212_1 (272)  [1/1] 1.29ns  loc: HCALTower.cpp:1098
._crit_edge.0:181  %tmp_212_1 = icmp ult i16 %ClusterDeposits_25_2, %ClusterDeposits_27_2


 <State 2>: 8.72ns
ST_2: ClusterPhi_29_read_2 (91)  [1/1] 0.00ns
._crit_edge.0:0  %ClusterPhi_29_read_2 = call i16 @_ssdm_op_Read.ap_auto.i16(i16 %ClusterPhi_29_read)

ST_2: ClusterPhi_28_read_2 (92)  [1/1] 0.00ns
._crit_edge.0:1  %ClusterPhi_28_read_2 = call i16 @_ssdm_op_Read.ap_auto.i16(i16 %ClusterPhi_28_read)

ST_2: ClusterPhi_27_read_2 (93)  [1/1] 0.00ns
._crit_edge.0:2  %ClusterPhi_27_read_2 = call i16 @_ssdm_op_Read.ap_auto.i16(i16 %ClusterPhi_27_read)

ST_2: ClusterPhi_26_read_2 (94)  [1/1] 0.00ns
._crit_edge.0:3  %ClusterPhi_26_read_2 = call i16 @_ssdm_op_Read.ap_auto.i16(i16 %ClusterPhi_26_read)

ST_2: ClusterPhi_25_read_2 (95)  [1/1] 0.00ns
._crit_edge.0:4  %ClusterPhi_25_read_2 = call i16 @_ssdm_op_Read.ap_auto.i16(i16 %ClusterPhi_25_read)

ST_2: ClusterPhi_24_read_2 (96)  [1/1] 0.00ns
._crit_edge.0:5  %ClusterPhi_24_read_2 = call i16 @_ssdm_op_Read.ap_auto.i16(i16 %ClusterPhi_24_read)

ST_2: ClusterPhi_23_read_2 (97)  [1/1] 0.00ns
._crit_edge.0:6  %ClusterPhi_23_read_2 = call i16 @_ssdm_op_Read.ap_auto.i16(i16 %ClusterPhi_23_read)

ST_2: ClusterPhi_22_read_2 (98)  [1/1] 0.00ns
._crit_edge.0:7  %ClusterPhi_22_read_2 = call i16 @_ssdm_op_Read.ap_auto.i16(i16 %ClusterPhi_22_read)

ST_2: ClusterPhi_21_read_2 (99)  [1/1] 0.00ns
._crit_edge.0:8  %ClusterPhi_21_read_2 = call i16 @_ssdm_op_Read.ap_auto.i16(i16 %ClusterPhi_21_read)

ST_2: ClusterPhi_20_read8 (100)  [1/1] 0.00ns
._crit_edge.0:9  %ClusterPhi_20_read8 = call i16 @_ssdm_op_Read.ap_auto.i16(i16 %ClusterPhi_20_read)

ST_2: ClusterPhi_19_read_2 (101)  [1/1] 0.00ns
._crit_edge.0:10  %ClusterPhi_19_read_2 = call i16 @_ssdm_op_Read.ap_auto.i16(i16 %ClusterPhi_19_read)

ST_2: ClusterPhi_18_read_2 (102)  [1/1] 0.00ns
._crit_edge.0:11  %ClusterPhi_18_read_2 = call i16 @_ssdm_op_Read.ap_auto.i16(i16 %ClusterPhi_18_read)

ST_2: ClusterPhi_17_read_2 (103)  [1/1] 0.00ns
._crit_edge.0:12  %ClusterPhi_17_read_2 = call i16 @_ssdm_op_Read.ap_auto.i16(i16 %ClusterPhi_17_read)

ST_2: ClusterPhi_16_read_2 (104)  [1/1] 0.00ns
._crit_edge.0:13  %ClusterPhi_16_read_2 = call i16 @_ssdm_op_Read.ap_auto.i16(i16 %ClusterPhi_16_read)

ST_2: ClusterPhi_15_read_2 (105)  [1/1] 0.00ns
._crit_edge.0:14  %ClusterPhi_15_read_2 = call i16 @_ssdm_op_Read.ap_auto.i16(i16 %ClusterPhi_15_read)

ST_2: ClusterPhi_14_read_2 (106)  [1/1] 0.00ns
._crit_edge.0:15  %ClusterPhi_14_read_2 = call i16 @_ssdm_op_Read.ap_auto.i16(i16 %ClusterPhi_14_read)

ST_2: ClusterPhi_13_read_2 (107)  [1/1] 0.00ns
._crit_edge.0:16  %ClusterPhi_13_read_2 = call i16 @_ssdm_op_Read.ap_auto.i16(i16 %ClusterPhi_13_read)

ST_2: ClusterPhi_12_read_2 (108)  [1/1] 0.00ns
._crit_edge.0:17  %ClusterPhi_12_read_2 = call i16 @_ssdm_op_Read.ap_auto.i16(i16 %ClusterPhi_12_read)

ST_2: ClusterPhi_11_read_2 (109)  [1/1] 0.00ns
._crit_edge.0:18  %ClusterPhi_11_read_2 = call i16 @_ssdm_op_Read.ap_auto.i16(i16 %ClusterPhi_11_read)

ST_2: ClusterPhi_10_read7 (110)  [1/1] 0.00ns
._crit_edge.0:19  %ClusterPhi_10_read7 = call i16 @_ssdm_op_Read.ap_auto.i16(i16 %ClusterPhi_10_read)

ST_2: ClusterPhi_9_read_2 (111)  [1/1] 0.00ns
._crit_edge.0:20  %ClusterPhi_9_read_2 = call i16 @_ssdm_op_Read.ap_auto.i16(i16 %ClusterPhi_9_read)

ST_2: ClusterPhi_8_read_2 (112)  [1/1] 0.00ns
._crit_edge.0:21  %ClusterPhi_8_read_2 = call i16 @_ssdm_op_Read.ap_auto.i16(i16 %ClusterPhi_8_read)

ST_2: ClusterPhi_7_read_2 (113)  [1/1] 0.00ns
._crit_edge.0:22  %ClusterPhi_7_read_2 = call i16 @_ssdm_op_Read.ap_auto.i16(i16 %ClusterPhi_7_read)

ST_2: ClusterPhi_6_read_2 (114)  [1/1] 0.00ns
._crit_edge.0:23  %ClusterPhi_6_read_2 = call i16 @_ssdm_op_Read.ap_auto.i16(i16 %ClusterPhi_6_read)

ST_2: ClusterPhi_5_read_2 (115)  [1/1] 0.00ns
._crit_edge.0:24  %ClusterPhi_5_read_2 = call i16 @_ssdm_op_Read.ap_auto.i16(i16 %ClusterPhi_5_read)

ST_2: ClusterPhi_4_read_2 (116)  [1/1] 0.00ns
._crit_edge.0:25  %ClusterPhi_4_read_2 = call i16 @_ssdm_op_Read.ap_auto.i16(i16 %ClusterPhi_4_read)

ST_2: ClusterPhi_3_read_2 (117)  [1/1] 0.00ns
._crit_edge.0:26  %ClusterPhi_3_read_2 = call i16 @_ssdm_op_Read.ap_auto.i16(i16 %ClusterPhi_3_read)

ST_2: ClusterPhi_2_read_2 (118)  [1/1] 0.00ns
._crit_edge.0:27  %ClusterPhi_2_read_2 = call i16 @_ssdm_op_Read.ap_auto.i16(i16 %ClusterPhi_2_read)

ST_2: ClusterPhi_1_read_2 (119)  [1/1] 0.00ns
._crit_edge.0:28  %ClusterPhi_1_read_2 = call i16 @_ssdm_op_Read.ap_auto.i16(i16 %ClusterPhi_1_read)

ST_2: ClusterPhi_0_read61 (120)  [1/1] 0.00ns
._crit_edge.0:29  %ClusterPhi_0_read61 = call i16 @_ssdm_op_Read.ap_auto.i16(i16 %ClusterPhi_0_read)

ST_2: ClusterEta_29_read_2 (121)  [1/1] 0.00ns
._crit_edge.0:30  %ClusterEta_29_read_2 = call i16 @_ssdm_op_Read.ap_auto.i16(i16 %ClusterEta_29_read)

ST_2: ClusterEta_28_read_2 (122)  [1/1] 0.00ns
._crit_edge.0:31  %ClusterEta_28_read_2 = call i16 @_ssdm_op_Read.ap_auto.i16(i16 %ClusterEta_28_read)

ST_2: ClusterEta_27_read_2 (123)  [1/1] 0.00ns
._crit_edge.0:32  %ClusterEta_27_read_2 = call i16 @_ssdm_op_Read.ap_auto.i16(i16 %ClusterEta_27_read)

ST_2: ClusterEta_26_read_2 (124)  [1/1] 0.00ns
._crit_edge.0:33  %ClusterEta_26_read_2 = call i16 @_ssdm_op_Read.ap_auto.i16(i16 %ClusterEta_26_read)

ST_2: ClusterEta_25_read_2 (125)  [1/1] 0.00ns
._crit_edge.0:34  %ClusterEta_25_read_2 = call i16 @_ssdm_op_Read.ap_auto.i16(i16 %ClusterEta_25_read)

ST_2: ClusterEta_24_read_2 (126)  [1/1] 0.00ns
._crit_edge.0:35  %ClusterEta_24_read_2 = call i16 @_ssdm_op_Read.ap_auto.i16(i16 %ClusterEta_24_read)

ST_2: ClusterEta_23_read_2 (127)  [1/1] 0.00ns
._crit_edge.0:36  %ClusterEta_23_read_2 = call i16 @_ssdm_op_Read.ap_auto.i16(i16 %ClusterEta_23_read)

ST_2: ClusterEta_22_read_2 (128)  [1/1] 0.00ns
._crit_edge.0:37  %ClusterEta_22_read_2 = call i16 @_ssdm_op_Read.ap_auto.i16(i16 %ClusterEta_22_read)

ST_2: ClusterEta_21_read_2 (129)  [1/1] 0.00ns
._crit_edge.0:38  %ClusterEta_21_read_2 = call i16 @_ssdm_op_Read.ap_auto.i16(i16 %ClusterEta_21_read)

ST_2: ClusterEta_20_read5 (130)  [1/1] 0.00ns
._crit_edge.0:39  %ClusterEta_20_read5 = call i16 @_ssdm_op_Read.ap_auto.i16(i16 %ClusterEta_20_read)

ST_2: ClusterEta_19_read_2 (131)  [1/1] 0.00ns
._crit_edge.0:40  %ClusterEta_19_read_2 = call i16 @_ssdm_op_Read.ap_auto.i16(i16 %ClusterEta_19_read)

ST_2: ClusterEta_18_read_2 (132)  [1/1] 0.00ns
._crit_edge.0:41  %ClusterEta_18_read_2 = call i16 @_ssdm_op_Read.ap_auto.i16(i16 %ClusterEta_18_read)

ST_2: ClusterEta_17_read_2 (133)  [1/1] 0.00ns
._crit_edge.0:42  %ClusterEta_17_read_2 = call i16 @_ssdm_op_Read.ap_auto.i16(i16 %ClusterEta_17_read)

ST_2: ClusterEta_16_read_2 (134)  [1/1] 0.00ns
._crit_edge.0:43  %ClusterEta_16_read_2 = call i16 @_ssdm_op_Read.ap_auto.i16(i16 %ClusterEta_16_read)

ST_2: ClusterEta_15_read_2 (135)  [1/1] 0.00ns
._crit_edge.0:44  %ClusterEta_15_read_2 = call i16 @_ssdm_op_Read.ap_auto.i16(i16 %ClusterEta_15_read)

ST_2: ClusterEta_14_read_2 (136)  [1/1] 0.00ns
._crit_edge.0:45  %ClusterEta_14_read_2 = call i16 @_ssdm_op_Read.ap_auto.i16(i16 %ClusterEta_14_read)

ST_2: ClusterEta_13_read_2 (137)  [1/1] 0.00ns
._crit_edge.0:46  %ClusterEta_13_read_2 = call i16 @_ssdm_op_Read.ap_auto.i16(i16 %ClusterEta_13_read)

ST_2: ClusterEta_12_read_2 (138)  [1/1] 0.00ns
._crit_edge.0:47  %ClusterEta_12_read_2 = call i16 @_ssdm_op_Read.ap_auto.i16(i16 %ClusterEta_12_read)

ST_2: ClusterEta_11_read_2 (139)  [1/1] 0.00ns
._crit_edge.0:48  %ClusterEta_11_read_2 = call i16 @_ssdm_op_Read.ap_auto.i16(i16 %ClusterEta_11_read)

ST_2: ClusterEta_10_read4 (140)  [1/1] 0.00ns
._crit_edge.0:49  %ClusterEta_10_read4 = call i16 @_ssdm_op_Read.ap_auto.i16(i16 %ClusterEta_10_read)

ST_2: ClusterEta_9_read_2 (141)  [1/1] 0.00ns
._crit_edge.0:50  %ClusterEta_9_read_2 = call i16 @_ssdm_op_Read.ap_auto.i16(i16 %ClusterEta_9_read)

ST_2: ClusterEta_8_read_2 (142)  [1/1] 0.00ns
._crit_edge.0:51  %ClusterEta_8_read_2 = call i16 @_ssdm_op_Read.ap_auto.i16(i16 %ClusterEta_8_read)

ST_2: ClusterEta_7_read_2 (143)  [1/1] 0.00ns
._crit_edge.0:52  %ClusterEta_7_read_2 = call i16 @_ssdm_op_Read.ap_auto.i16(i16 %ClusterEta_7_read)

ST_2: ClusterEta_6_read_2 (144)  [1/1] 0.00ns
._crit_edge.0:53  %ClusterEta_6_read_2 = call i16 @_ssdm_op_Read.ap_auto.i16(i16 %ClusterEta_6_read)

ST_2: ClusterEta_5_read_2 (145)  [1/1] 0.00ns
._crit_edge.0:54  %ClusterEta_5_read_2 = call i16 @_ssdm_op_Read.ap_auto.i16(i16 %ClusterEta_5_read)

ST_2: ClusterEta_4_read_2 (146)  [1/1] 0.00ns
._crit_edge.0:55  %ClusterEta_4_read_2 = call i16 @_ssdm_op_Read.ap_auto.i16(i16 %ClusterEta_4_read)

ST_2: ClusterEta_3_read_2 (147)  [1/1] 0.00ns
._crit_edge.0:56  %ClusterEta_3_read_2 = call i16 @_ssdm_op_Read.ap_auto.i16(i16 %ClusterEta_3_read)

ST_2: ClusterEta_2_read_2 (148)  [1/1] 0.00ns
._crit_edge.0:57  %ClusterEta_2_read_2 = call i16 @_ssdm_op_Read.ap_auto.i16(i16 %ClusterEta_2_read)

ST_2: ClusterEta_1_read_2 (149)  [1/1] 0.00ns
._crit_edge.0:58  %ClusterEta_1_read_2 = call i16 @_ssdm_op_Read.ap_auto.i16(i16 %ClusterEta_1_read)

ST_2: ClusterEta_0_read31 (150)  [1/1] 0.00ns
._crit_edge.0:59  %ClusterEta_0_read31 = call i16 @_ssdm_op_Read.ap_auto.i16(i16 %ClusterEta_0_read)

ST_2: ClusterDeposits_29_1 (151)  [1/1] 0.00ns
._crit_edge.0:60  %ClusterDeposits_29_1 = call i16 @_ssdm_op_Read.ap_auto.i16(i16 %ClusterDeposits_29_s)

ST_2: ClusterDeposits_28_1 (152)  [1/1] 0.00ns
._crit_edge.0:61  %ClusterDeposits_28_1 = call i16 @_ssdm_op_Read.ap_auto.i16(i16 %ClusterDeposits_28_s)

ST_2: p_read2_read (182)  [1/1] 0.71ns  loc: HCALTower.cpp:1008
._crit_edge.0:91  %p_read2_read = select i1 %tmp_s, i16 %ClusterDeposits_2_r_2, i16 %ClusterDeposits_0_r_2

ST_2: p_read_read2 (183)  [1/1] 0.71ns  loc: HCALTower.cpp:1008
._crit_edge.0:92  %p_read_read2 = select i1 %tmp_s, i16 %ClusterDeposits_0_r_2, i16 %ClusterDeposits_2_r_2

ST_2: p_read34_read (184)  [1/1] 0.71ns  loc: HCALTower.cpp:1008
._crit_edge.0:93  %p_read34_read = select i1 %tmp_s, i16 %ClusterEta_2_read_2, i16 %ClusterEta_0_read31

ST_2: p_read32_read (185)  [1/1] 0.71ns  loc: HCALTower.cpp:1008
._crit_edge.0:94  %p_read32_read = select i1 %tmp_s, i16 %ClusterEta_0_read31, i16 %ClusterEta_2_read_2

ST_2: p_read66_read (186)  [1/1] 0.71ns  loc: HCALTower.cpp:1008
._crit_edge.0:95  %p_read66_read = select i1 %tmp_s, i16 %ClusterPhi_2_read_2, i16 %ClusterPhi_0_read61

ST_2: p_read64_read (187)  [1/1] 0.71ns  loc: HCALTower.cpp:1008
._crit_edge.0:96  %p_read64_read = select i1 %tmp_s, i16 %ClusterPhi_0_read61, i16 %ClusterPhi_2_read_2

ST_2: p_read3_read1 (189)  [1/1] 0.71ns  loc: HCALTower.cpp:1008
._crit_edge.0:98  %p_read3_read1 = select i1 %tmp_188_1, i16 %ClusterDeposits_3_r_2, i16 %ClusterDeposits_1_r_2

ST_2: p_read1_read3 (190)  [1/1] 0.71ns  loc: HCALTower.cpp:1008
._crit_edge.0:99  %p_read1_read3 = select i1 %tmp_188_1, i16 %ClusterDeposits_1_r_2, i16 %ClusterDeposits_3_r_2

ST_2: p_read35_read (191)  [1/1] 0.71ns  loc: HCALTower.cpp:1008
._crit_edge.0:100  %p_read35_read = select i1 %tmp_188_1, i16 %ClusterEta_3_read_2, i16 %ClusterEta_1_read_2

ST_2: p_read33_read (192)  [1/1] 0.71ns  loc: HCALTower.cpp:1008
._crit_edge.0:101  %p_read33_read = select i1 %tmp_188_1, i16 %ClusterEta_1_read_2, i16 %ClusterEta_3_read_2

ST_2: p_read67_read (193)  [1/1] 0.71ns  loc: HCALTower.cpp:1008
._crit_edge.0:102  %p_read67_read = select i1 %tmp_188_1, i16 %ClusterPhi_3_read_2, i16 %ClusterPhi_1_read_2

ST_2: p_read65_read (194)  [1/1] 0.71ns  loc: HCALTower.cpp:1008
._crit_edge.0:103  %p_read65_read = select i1 %tmp_188_1, i16 %ClusterPhi_1_read_2, i16 %ClusterPhi_3_read_2

ST_2: p_read6_read4 (196)  [1/1] 0.71ns  loc: HCALTower.cpp:1023
._crit_edge.0:105  %p_read6_read4 = select i1 %tmp_13, i16 %ClusterDeposits_6_r_2, i16 %ClusterDeposits_4_r_2

ST_2: p_read4_read6 (197)  [1/1] 0.71ns  loc: HCALTower.cpp:1023
._crit_edge.0:106  %p_read4_read6 = select i1 %tmp_13, i16 %ClusterDeposits_4_r_2, i16 %ClusterDeposits_6_r_2

ST_2: p_read38_read (198)  [1/1] 0.71ns  loc: HCALTower.cpp:1023
._crit_edge.0:107  %p_read38_read = select i1 %tmp_13, i16 %ClusterEta_6_read_2, i16 %ClusterEta_4_read_2

ST_2: p_read36_read (199)  [1/1] 0.71ns  loc: HCALTower.cpp:1023
._crit_edge.0:108  %p_read36_read = select i1 %tmp_13, i16 %ClusterEta_4_read_2, i16 %ClusterEta_6_read_2

ST_2: p_read70_read (200)  [1/1] 0.71ns  loc: HCALTower.cpp:1023
._crit_edge.0:109  %p_read70_read = select i1 %tmp_13, i16 %ClusterPhi_6_read_2, i16 %ClusterPhi_4_read_2

ST_2: p_read68_read (201)  [1/1] 0.71ns  loc: HCALTower.cpp:1023
._crit_edge.0:110  %p_read68_read = select i1 %tmp_13, i16 %ClusterPhi_4_read_2, i16 %ClusterPhi_6_read_2

ST_2: p_read7_read5 (203)  [1/1] 0.71ns  loc: HCALTower.cpp:1023
._crit_edge.0:112  %p_read7_read5 = select i1 %tmp_192_1, i16 %ClusterDeposits_7_r_2, i16 %ClusterDeposits_5_r_2

ST_2: p_read5_read7 (204)  [1/1] 0.71ns  loc: HCALTower.cpp:1023
._crit_edge.0:113  %p_read5_read7 = select i1 %tmp_192_1, i16 %ClusterDeposits_5_r_2, i16 %ClusterDeposits_7_r_2

ST_2: p_read39_read (205)  [1/1] 0.71ns  loc: HCALTower.cpp:1023
._crit_edge.0:114  %p_read39_read = select i1 %tmp_192_1, i16 %ClusterEta_7_read_2, i16 %ClusterEta_5_read_2

ST_2: p_read37_read (206)  [1/1] 0.71ns  loc: HCALTower.cpp:1023
._crit_edge.0:115  %p_read37_read = select i1 %tmp_192_1, i16 %ClusterEta_5_read_2, i16 %ClusterEta_7_read_2

ST_2: p_read71_read (207)  [1/1] 0.71ns  loc: HCALTower.cpp:1023
._crit_edge.0:116  %p_read71_read = select i1 %tmp_192_1, i16 %ClusterPhi_7_read_2, i16 %ClusterPhi_5_read_2

ST_2: p_read69_read (208)  [1/1] 0.71ns  loc: HCALTower.cpp:1023
._crit_edge.0:117  %p_read69_read = select i1 %tmp_192_1, i16 %ClusterPhi_5_read_2, i16 %ClusterPhi_7_read_2

ST_2: p_read10_read8 (210)  [1/1] 0.71ns  loc: HCALTower.cpp:1038
._crit_edge.0:119  %p_read10_read8 = select i1 %tmp_14, i16 %ClusterDeposits_10_2, i16 %ClusterDeposits_8_r_2

ST_2: p_read8_read (211)  [1/1] 0.71ns  loc: HCALTower.cpp:1038
._crit_edge.0:120  %p_read8_read = select i1 %tmp_14, i16 %ClusterDeposits_8_r_2, i16 %ClusterDeposits_10_2

ST_2: p_read42_read (212)  [1/1] 0.71ns  loc: HCALTower.cpp:1038
._crit_edge.0:121  %p_read42_read = select i1 %tmp_14, i16 %ClusterEta_10_read4, i16 %ClusterEta_8_read_2

ST_2: p_read40_read (213)  [1/1] 0.71ns  loc: HCALTower.cpp:1038
._crit_edge.0:122  %p_read40_read = select i1 %tmp_14, i16 %ClusterEta_8_read_2, i16 %ClusterEta_10_read4

ST_2: p_read74_read (214)  [1/1] 0.71ns  loc: HCALTower.cpp:1038
._crit_edge.0:123  %p_read74_read = select i1 %tmp_14, i16 %ClusterPhi_10_read7, i16 %ClusterPhi_8_read_2

ST_2: p_read72_read (215)  [1/1] 0.71ns  loc: HCALTower.cpp:1038
._crit_edge.0:124  %p_read72_read = select i1 %tmp_14, i16 %ClusterPhi_8_read_2, i16 %ClusterPhi_10_read7

ST_2: p_read11_read9 (217)  [1/1] 0.71ns  loc: HCALTower.cpp:1038
._crit_edge.0:126  %p_read11_read9 = select i1 %tmp_196_1, i16 %ClusterDeposits_11_2, i16 %ClusterDeposits_9_r_2

ST_2: p_read9_read (218)  [1/1] 0.71ns  loc: HCALTower.cpp:1038
._crit_edge.0:127  %p_read9_read = select i1 %tmp_196_1, i16 %ClusterDeposits_9_r_2, i16 %ClusterDeposits_11_2

ST_2: p_read43_read (219)  [1/1] 0.71ns  loc: HCALTower.cpp:1038
._crit_edge.0:128  %p_read43_read = select i1 %tmp_196_1, i16 %ClusterEta_11_read_2, i16 %ClusterEta_9_read_2

ST_2: p_read41_read (220)  [1/1] 0.71ns  loc: HCALTower.cpp:1038
._crit_edge.0:129  %p_read41_read = select i1 %tmp_196_1, i16 %ClusterEta_9_read_2, i16 %ClusterEta_11_read_2

ST_2: p_read75_read (221)  [1/1] 0.71ns  loc: HCALTower.cpp:1038
._crit_edge.0:130  %p_read75_read = select i1 %tmp_196_1, i16 %ClusterPhi_11_read_2, i16 %ClusterPhi_9_read_2

ST_2: p_read73_read (222)  [1/1] 0.71ns  loc: HCALTower.cpp:1038
._crit_edge.0:131  %p_read73_read = select i1 %tmp_196_1, i16 %ClusterPhi_9_read_2, i16 %ClusterPhi_11_read_2

ST_2: p_read14_read (224)  [1/1] 0.71ns  loc: HCALTower.cpp:1053
._crit_edge.0:133  %p_read14_read = select i1 %tmp_15, i16 %ClusterDeposits_14_2, i16 %ClusterDeposits_12_2

ST_2: p_read12_read (225)  [1/1] 0.71ns  loc: HCALTower.cpp:1053
._crit_edge.0:134  %p_read12_read = select i1 %tmp_15, i16 %ClusterDeposits_12_2, i16 %ClusterDeposits_14_2

ST_2: p_read46_read (226)  [1/1] 0.71ns  loc: HCALTower.cpp:1053
._crit_edge.0:135  %p_read46_read = select i1 %tmp_15, i16 %ClusterEta_14_read_2, i16 %ClusterEta_12_read_2

ST_2: p_read44_read (227)  [1/1] 0.71ns  loc: HCALTower.cpp:1053
._crit_edge.0:136  %p_read44_read = select i1 %tmp_15, i16 %ClusterEta_12_read_2, i16 %ClusterEta_14_read_2

ST_2: p_read78_read (228)  [1/1] 0.71ns  loc: HCALTower.cpp:1053
._crit_edge.0:137  %p_read78_read = select i1 %tmp_15, i16 %ClusterPhi_14_read_2, i16 %ClusterPhi_12_read_2

ST_2: p_read76_read (229)  [1/1] 0.71ns  loc: HCALTower.cpp:1053
._crit_edge.0:138  %p_read76_read = select i1 %tmp_15, i16 %ClusterPhi_12_read_2, i16 %ClusterPhi_14_read_2

ST_2: p_read15_read (231)  [1/1] 0.71ns  loc: HCALTower.cpp:1053
._crit_edge.0:140  %p_read15_read = select i1 %tmp_200_1, i16 %ClusterDeposits_15_2, i16 %ClusterDeposits_13_2

ST_2: p_read13_read (232)  [1/1] 0.71ns  loc: HCALTower.cpp:1053
._crit_edge.0:141  %p_read13_read = select i1 %tmp_200_1, i16 %ClusterDeposits_13_2, i16 %ClusterDeposits_15_2

ST_2: p_read47_read (233)  [1/1] 0.71ns  loc: HCALTower.cpp:1053
._crit_edge.0:142  %p_read47_read = select i1 %tmp_200_1, i16 %ClusterEta_15_read_2, i16 %ClusterEta_13_read_2

ST_2: p_read45_read (234)  [1/1] 0.71ns  loc: HCALTower.cpp:1053
._crit_edge.0:143  %p_read45_read = select i1 %tmp_200_1, i16 %ClusterEta_13_read_2, i16 %ClusterEta_15_read_2

ST_2: p_read79_read (235)  [1/1] 0.71ns  loc: HCALTower.cpp:1053
._crit_edge.0:144  %p_read79_read = select i1 %tmp_200_1, i16 %ClusterPhi_15_read_2, i16 %ClusterPhi_13_read_2

ST_2: p_read77_read (236)  [1/1] 0.71ns  loc: HCALTower.cpp:1053
._crit_edge.0:145  %p_read77_read = select i1 %tmp_200_1, i16 %ClusterPhi_13_read_2, i16 %ClusterPhi_15_read_2

ST_2: p_read18_read (238)  [1/1] 0.71ns  loc: HCALTower.cpp:1068
._crit_edge.0:147  %p_read18_read = select i1 %tmp_16, i16 %ClusterDeposits_18_2, i16 %ClusterDeposits_16_2

ST_2: p_read16_read (239)  [1/1] 0.71ns  loc: HCALTower.cpp:1068
._crit_edge.0:148  %p_read16_read = select i1 %tmp_16, i16 %ClusterDeposits_16_2, i16 %ClusterDeposits_18_2

ST_2: p_read50_read (240)  [1/1] 0.71ns  loc: HCALTower.cpp:1068
._crit_edge.0:149  %p_read50_read = select i1 %tmp_16, i16 %ClusterEta_18_read_2, i16 %ClusterEta_16_read_2

ST_2: p_read48_read (241)  [1/1] 0.71ns  loc: HCALTower.cpp:1068
._crit_edge.0:150  %p_read48_read = select i1 %tmp_16, i16 %ClusterEta_16_read_2, i16 %ClusterEta_18_read_2

ST_2: p_read82_read (242)  [1/1] 0.71ns  loc: HCALTower.cpp:1068
._crit_edge.0:151  %p_read82_read = select i1 %tmp_16, i16 %ClusterPhi_18_read_2, i16 %ClusterPhi_16_read_2

ST_2: p_read80_read (243)  [1/1] 0.71ns  loc: HCALTower.cpp:1068
._crit_edge.0:152  %p_read80_read = select i1 %tmp_16, i16 %ClusterPhi_16_read_2, i16 %ClusterPhi_18_read_2

ST_2: p_read19_read (245)  [1/1] 0.71ns  loc: HCALTower.cpp:1068
._crit_edge.0:154  %p_read19_read = select i1 %tmp_204_1, i16 %ClusterDeposits_19_2, i16 %ClusterDeposits_17_2

ST_2: p_read17_read (246)  [1/1] 0.71ns  loc: HCALTower.cpp:1068
._crit_edge.0:155  %p_read17_read = select i1 %tmp_204_1, i16 %ClusterDeposits_17_2, i16 %ClusterDeposits_19_2

ST_2: p_read51_read (247)  [1/1] 0.71ns  loc: HCALTower.cpp:1068
._crit_edge.0:156  %p_read51_read = select i1 %tmp_204_1, i16 %ClusterEta_19_read_2, i16 %ClusterEta_17_read_2

ST_2: p_read49_read (248)  [1/1] 0.71ns  loc: HCALTower.cpp:1068
._crit_edge.0:157  %p_read49_read = select i1 %tmp_204_1, i16 %ClusterEta_17_read_2, i16 %ClusterEta_19_read_2

ST_2: p_read83_read (249)  [1/1] 0.71ns  loc: HCALTower.cpp:1068
._crit_edge.0:158  %p_read83_read = select i1 %tmp_204_1, i16 %ClusterPhi_19_read_2, i16 %ClusterPhi_17_read_2

ST_2: p_read81_read (250)  [1/1] 0.71ns  loc: HCALTower.cpp:1068
._crit_edge.0:159  %p_read81_read = select i1 %tmp_204_1, i16 %ClusterPhi_17_read_2, i16 %ClusterPhi_19_read_2

ST_2: p_read22_read (252)  [1/1] 0.71ns  loc: HCALTower.cpp:1083
._crit_edge.0:161  %p_read22_read = select i1 %tmp_17, i16 %ClusterDeposits_22_2, i16 %ClusterDeposits_20_2

ST_2: p_read20_read (253)  [1/1] 0.71ns  loc: HCALTower.cpp:1083
._crit_edge.0:162  %p_read20_read = select i1 %tmp_17, i16 %ClusterDeposits_20_2, i16 %ClusterDeposits_22_2

ST_2: p_read54_read (254)  [1/1] 0.71ns  loc: HCALTower.cpp:1083
._crit_edge.0:163  %p_read54_read = select i1 %tmp_17, i16 %ClusterEta_22_read_2, i16 %ClusterEta_20_read5

ST_2: p_read52_read (255)  [1/1] 0.71ns  loc: HCALTower.cpp:1083
._crit_edge.0:164  %p_read52_read = select i1 %tmp_17, i16 %ClusterEta_20_read5, i16 %ClusterEta_22_read_2

ST_2: p_read86_read (256)  [1/1] 0.71ns  loc: HCALTower.cpp:1083
._crit_edge.0:165  %p_read86_read = select i1 %tmp_17, i16 %ClusterPhi_22_read_2, i16 %ClusterPhi_20_read8

ST_2: p_read84_read (257)  [1/1] 0.71ns  loc: HCALTower.cpp:1083
._crit_edge.0:166  %p_read84_read = select i1 %tmp_17, i16 %ClusterPhi_20_read8, i16 %ClusterPhi_22_read_2

ST_2: p_read23_read (259)  [1/1] 0.71ns  loc: HCALTower.cpp:1083
._crit_edge.0:168  %p_read23_read = select i1 %tmp_208_1, i16 %ClusterDeposits_23_2, i16 %ClusterDeposits_21_2

ST_2: p_read21_read (260)  [1/1] 0.71ns  loc: HCALTower.cpp:1083
._crit_edge.0:169  %p_read21_read = select i1 %tmp_208_1, i16 %ClusterDeposits_21_2, i16 %ClusterDeposits_23_2

ST_2: p_read55_read (261)  [1/1] 0.71ns  loc: HCALTower.cpp:1083
._crit_edge.0:170  %p_read55_read = select i1 %tmp_208_1, i16 %ClusterEta_23_read_2, i16 %ClusterEta_21_read_2

ST_2: p_read53_read (262)  [1/1] 0.71ns  loc: HCALTower.cpp:1083
._crit_edge.0:171  %p_read53_read = select i1 %tmp_208_1, i16 %ClusterEta_21_read_2, i16 %ClusterEta_23_read_2

ST_2: p_read87_read (263)  [1/1] 0.71ns  loc: HCALTower.cpp:1083
._crit_edge.0:172  %p_read87_read = select i1 %tmp_208_1, i16 %ClusterPhi_23_read_2, i16 %ClusterPhi_21_read_2

ST_2: p_read85_read (264)  [1/1] 0.71ns  loc: HCALTower.cpp:1083
._crit_edge.0:173  %p_read85_read = select i1 %tmp_208_1, i16 %ClusterPhi_21_read_2, i16 %ClusterPhi_23_read_2

ST_2: p_read26_read (266)  [1/1] 0.71ns  loc: HCALTower.cpp:1098
._crit_edge.0:175  %p_read26_read = select i1 %tmp_18, i16 %ClusterDeposits_26_2, i16 %ClusterDeposits_24_2

ST_2: p_read24_read (267)  [1/1] 0.71ns  loc: HCALTower.cpp:1098
._crit_edge.0:176  %p_read24_read = select i1 %tmp_18, i16 %ClusterDeposits_24_2, i16 %ClusterDeposits_26_2

ST_2: p_read58_read (268)  [1/1] 0.71ns  loc: HCALTower.cpp:1098
._crit_edge.0:177  %p_read58_read = select i1 %tmp_18, i16 %ClusterEta_26_read_2, i16 %ClusterEta_24_read_2

ST_2: p_read56_read (269)  [1/1] 0.71ns  loc: HCALTower.cpp:1098
._crit_edge.0:178  %p_read56_read = select i1 %tmp_18, i16 %ClusterEta_24_read_2, i16 %ClusterEta_26_read_2

ST_2: p_read90_read (270)  [1/1] 0.71ns  loc: HCALTower.cpp:1098
._crit_edge.0:179  %p_read90_read = select i1 %tmp_18, i16 %ClusterPhi_26_read_2, i16 %ClusterPhi_24_read_2

ST_2: p_read88_read (271)  [1/1] 0.71ns  loc: HCALTower.cpp:1098
._crit_edge.0:180  %p_read88_read = select i1 %tmp_18, i16 %ClusterPhi_24_read_2, i16 %ClusterPhi_26_read_2

ST_2: p_read27_read (273)  [1/1] 0.71ns  loc: HCALTower.cpp:1098
._crit_edge.0:182  %p_read27_read = select i1 %tmp_212_1, i16 %ClusterDeposits_27_2, i16 %ClusterDeposits_25_2

ST_2: p_read25_read (274)  [1/1] 0.71ns  loc: HCALTower.cpp:1098
._crit_edge.0:183  %p_read25_read = select i1 %tmp_212_1, i16 %ClusterDeposits_25_2, i16 %ClusterDeposits_27_2

ST_2: p_read59_read (275)  [1/1] 0.71ns  loc: HCALTower.cpp:1098
._crit_edge.0:184  %p_read59_read = select i1 %tmp_212_1, i16 %ClusterEta_27_read_2, i16 %ClusterEta_25_read_2

ST_2: p_read57_read (276)  [1/1] 0.71ns  loc: HCALTower.cpp:1098
._crit_edge.0:185  %p_read57_read = select i1 %tmp_212_1, i16 %ClusterEta_25_read_2, i16 %ClusterEta_27_read_2

ST_2: p_read91_read (277)  [1/1] 0.71ns  loc: HCALTower.cpp:1098
._crit_edge.0:186  %p_read91_read = select i1 %tmp_212_1, i16 %ClusterPhi_27_read_2, i16 %ClusterPhi_25_read_2

ST_2: p_read89_read (278)  [1/1] 0.71ns  loc: HCALTower.cpp:1098
._crit_edge.0:187  %p_read89_read = select i1 %tmp_212_1, i16 %ClusterPhi_25_read_2, i16 %ClusterPhi_27_read_2

ST_2: tmp_19 (279)  [1/1] 1.29ns  loc: HCALTower.cpp:1113
._crit_edge.0:188  %tmp_19 = icmp eq i16 %ClusterDeposits_28_1, 0

ST_2: p_read60_s (280)  [1/1] 0.71ns  loc: HCALTower.cpp:1113
._crit_edge.0:189  %p_read60_s = select i1 %tmp_19, i16 %ClusterEta_28_read_2, i16 0

ST_2: p_read (281)  [1/1] 0.71ns  loc: HCALTower.cpp:1113
._crit_edge.0:190  %p_read = select i1 %tmp_19, i16 0, i16 %ClusterEta_28_read_2

ST_2: p_read92_s (282)  [1/1] 0.71ns  loc: HCALTower.cpp:1113
._crit_edge.0:191  %p_read92_s = select i1 %tmp_19, i16 %ClusterPhi_28_read_2, i16 0

ST_2: p_read1 (283)  [1/1] 0.71ns  loc: HCALTower.cpp:1113
._crit_edge.0:192  %p_read1 = select i1 %tmp_19, i16 0, i16 %ClusterPhi_28_read_2

ST_2: tmp_216_1 (284)  [1/1] 1.29ns  loc: HCALTower.cpp:1113
._crit_edge.0:193  %tmp_216_1 = icmp eq i16 %ClusterDeposits_29_1, 0

ST_2: p_read61_s (285)  [1/1] 0.71ns  loc: HCALTower.cpp:1113
._crit_edge.0:194  %p_read61_s = select i1 %tmp_216_1, i16 %ClusterEta_29_read_2, i16 0

ST_2: p_read2 (286)  [1/1] 0.71ns  loc: HCALTower.cpp:1113
._crit_edge.0:195  %p_read2 = select i1 %tmp_216_1, i16 0, i16 %ClusterEta_29_read_2

ST_2: p_read93_s (287)  [1/1] 0.71ns  loc: HCALTower.cpp:1113
._crit_edge.0:196  %p_read93_s = select i1 %tmp_216_1, i16 %ClusterPhi_29_read_2, i16 0

ST_2: p_read3 (288)  [1/1] 0.71ns  loc: HCALTower.cpp:1113
._crit_edge.0:197  %p_read3 = select i1 %tmp_216_1, i16 0, i16 %ClusterPhi_29_read_2

ST_2: tmp_20 (289)  [1/1] 1.29ns  loc: HCALTower.cpp:1129
._crit_edge.0:198  %tmp_20 = icmp ult i16 %p_read2_read, %p_read3_read1

ST_2: ClusterDeposits12_0_s (290)  [1/1] 0.71ns  loc: HCALTower.cpp:1129
._crit_edge.0:199  %ClusterDeposits12_0_s = select i1 %tmp_20, i16 %p_read3_read1, i16 %p_read2_read

ST_2: ClusterDeposits_0_Cl (291)  [1/1] 0.71ns  loc: HCALTower.cpp:1129
._crit_edge.0:200  %ClusterDeposits_0_Cl = select i1 %tmp_20, i16 %p_read2_read, i16 %p_read3_read1

ST_2: ClusterEta32_0_Clust (292)  [1/1] 0.71ns  loc: HCALTower.cpp:1129
._crit_edge.0:201  %ClusterEta32_0_Clust = select i1 %tmp_20, i16 %p_read35_read, i16 %p_read34_read

ST_2: ClusterEta_0_Cluster (293)  [1/1] 0.71ns  loc: HCALTower.cpp:1129
._crit_edge.0:202  %ClusterEta_0_Cluster = select i1 %tmp_20, i16 %p_read34_read, i16 %p_read35_read

ST_2: ClusterPhi63_0_Clust (294)  [1/1] 0.71ns  loc: HCALTower.cpp:1129
._crit_edge.0:203  %ClusterPhi63_0_Clust = select i1 %tmp_20, i16 %p_read67_read, i16 %p_read66_read

ST_2: ClusterPhi_0_Cluster (295)  [1/1] 0.71ns  loc: HCALTower.cpp:1129
._crit_edge.0:204  %ClusterPhi_0_Cluster = select i1 %tmp_20, i16 %p_read66_read, i16 %p_read67_read

ST_2: tmp_221_1 (296)  [1/1] 1.29ns  loc: HCALTower.cpp:1129
._crit_edge.0:205  %tmp_221_1 = icmp ult i16 %p_read_read2, %p_read1_read3

ST_2: ClusterDeposits3_0_C (297)  [1/1] 0.71ns  loc: HCALTower.cpp:1129
._crit_edge.0:206  %ClusterDeposits3_0_C = select i1 %tmp_221_1, i16 %p_read1_read3, i16 %p_read_read2

ST_2: ClusterDeposits2_0_C (298)  [1/1] 0.71ns  loc: HCALTower.cpp:1129
._crit_edge.0:207  %ClusterDeposits2_0_C = select i1 %tmp_221_1, i16 %p_read_read2, i16 %p_read1_read3

ST_2: ClusterEta34_0_Clust (299)  [1/1] 0.71ns  loc: HCALTower.cpp:1129
._crit_edge.0:208  %ClusterEta34_0_Clust = select i1 %tmp_221_1, i16 %p_read33_read, i16 %p_read32_read

ST_2: ClusterEta33_0_Clust (300)  [1/1] 0.71ns  loc: HCALTower.cpp:1129
._crit_edge.0:209  %ClusterEta33_0_Clust = select i1 %tmp_221_1, i16 %p_read32_read, i16 %p_read33_read

ST_2: ClusterPhi65_0_Clust (301)  [1/1] 0.71ns  loc: HCALTower.cpp:1129
._crit_edge.0:210  %ClusterPhi65_0_Clust = select i1 %tmp_221_1, i16 %p_read65_read, i16 %p_read64_read

ST_2: ClusterPhi64_0_Clust (302)  [1/1] 0.71ns  loc: HCALTower.cpp:1129
._crit_edge.0:211  %ClusterPhi64_0_Clust = select i1 %tmp_221_1, i16 %p_read64_read, i16 %p_read65_read

ST_2: tmp_21 (303)  [1/1] 1.29ns  loc: HCALTower.cpp:1144
._crit_edge.0:212  %tmp_21 = icmp ugt i16 %p_read6_read4, %p_read7_read5

ST_2: ClusterDeposits5_0_C (304)  [1/1] 0.71ns  loc: HCALTower.cpp:1144
._crit_edge.0:213  %ClusterDeposits5_0_C = select i1 %tmp_21, i16 %p_read7_read5, i16 %p_read6_read4

ST_2: ClusterDeposits4_0_C (305)  [1/1] 0.71ns  loc: HCALTower.cpp:1144
._crit_edge.0:214  %ClusterDeposits4_0_C = select i1 %tmp_21, i16 %p_read6_read4, i16 %p_read7_read5

ST_2: ClusterEta36_0_Clust (306)  [1/1] 0.71ns  loc: HCALTower.cpp:1144
._crit_edge.0:215  %ClusterEta36_0_Clust = select i1 %tmp_21, i16 %p_read39_read, i16 %p_read38_read

ST_2: ClusterEta35_0_Clust (307)  [1/1] 0.71ns  loc: HCALTower.cpp:1144
._crit_edge.0:216  %ClusterEta35_0_Clust = select i1 %tmp_21, i16 %p_read38_read, i16 %p_read39_read

ST_2: ClusterPhi67_0_Clust (308)  [1/1] 0.71ns  loc: HCALTower.cpp:1144
._crit_edge.0:217  %ClusterPhi67_0_Clust = select i1 %tmp_21, i16 %p_read71_read, i16 %p_read70_read

ST_2: ClusterPhi66_0_Clust (309)  [1/1] 0.71ns  loc: HCALTower.cpp:1144
._crit_edge.0:218  %ClusterPhi66_0_Clust = select i1 %tmp_21, i16 %p_read70_read, i16 %p_read71_read

ST_2: tmp_226_1 (310)  [1/1] 1.29ns  loc: HCALTower.cpp:1144
._crit_edge.0:219  %tmp_226_1 = icmp ugt i16 %p_read4_read6, %p_read5_read7

ST_2: ClusterDeposits7_0_C (311)  [1/1] 0.71ns  loc: HCALTower.cpp:1144
._crit_edge.0:220  %ClusterDeposits7_0_C = select i1 %tmp_226_1, i16 %p_read5_read7, i16 %p_read4_read6

ST_2: ClusterDeposits6_0_C (312)  [1/1] 0.71ns  loc: HCALTower.cpp:1144
._crit_edge.0:221  %ClusterDeposits6_0_C = select i1 %tmp_226_1, i16 %p_read4_read6, i16 %p_read5_read7

ST_2: ClusterEta38_0_Clust (313)  [1/1] 0.71ns  loc: HCALTower.cpp:1144
._crit_edge.0:222  %ClusterEta38_0_Clust = select i1 %tmp_226_1, i16 %p_read37_read, i16 %p_read36_read

ST_2: ClusterEta3743_0_Clu (314)  [1/1] 0.71ns  loc: HCALTower.cpp:1144
._crit_edge.0:223  %ClusterEta3743_0_Clu = select i1 %tmp_226_1, i16 %p_read36_read, i16 %p_read37_read

ST_2: ClusterPhi69_0_Clust (315)  [1/1] 0.71ns  loc: HCALTower.cpp:1144
._crit_edge.0:224  %ClusterPhi69_0_Clust = select i1 %tmp_226_1, i16 %p_read69_read, i16 %p_read68_read

ST_2: ClusterPhi68_0_Clust (316)  [1/1] 0.71ns  loc: HCALTower.cpp:1144
._crit_edge.0:225  %ClusterPhi68_0_Clust = select i1 %tmp_226_1, i16 %p_read68_read, i16 %p_read69_read

ST_2: tmp_22 (317)  [1/1] 1.29ns  loc: HCALTower.cpp:1159
._crit_edge.0:226  %tmp_22 = icmp ult i16 %p_read10_read8, %p_read11_read9

ST_2: ClusterDeposits9_0_C (318)  [1/1] 0.71ns  loc: HCALTower.cpp:1159
._crit_edge.0:227  %ClusterDeposits9_0_C = select i1 %tmp_22, i16 %p_read11_read9, i16 %p_read10_read8

ST_2: ClusterDeposits8_0_C (319)  [1/1] 0.71ns  loc: HCALTower.cpp:1159
._crit_edge.0:228  %ClusterDeposits8_0_C = select i1 %tmp_22, i16 %p_read10_read8, i16 %p_read11_read9

ST_2: ClusterEta40_0_Clust (320)  [1/1] 0.71ns  loc: HCALTower.cpp:1159
._crit_edge.0:229  %ClusterEta40_0_Clust = select i1 %tmp_22, i16 %p_read43_read, i16 %p_read42_read

ST_2: ClusterEta39_0_Clust (321)  [1/1] 0.71ns  loc: HCALTower.cpp:1159
._crit_edge.0:230  %ClusterEta39_0_Clust = select i1 %tmp_22, i16 %p_read42_read, i16 %p_read43_read

ST_2: ClusterPhi71_0_Clust (322)  [1/1] 0.71ns  loc: HCALTower.cpp:1159
._crit_edge.0:231  %ClusterPhi71_0_Clust = select i1 %tmp_22, i16 %p_read75_read, i16 %p_read74_read

ST_2: ClusterPhi7078_0_Clu (323)  [1/1] 0.71ns  loc: HCALTower.cpp:1159
._crit_edge.0:232  %ClusterPhi7078_0_Clu = select i1 %tmp_22, i16 %p_read74_read, i16 %p_read75_read

ST_2: tmp_231_1 (324)  [1/1] 1.29ns  loc: HCALTower.cpp:1159
._crit_edge.0:233  %tmp_231_1 = icmp ult i16 %p_read8_read, %p_read9_read

ST_2: ClusterDeposits11_0_s (325)  [1/1] 0.71ns  loc: HCALTower.cpp:1159
._crit_edge.0:234  %ClusterDeposits11_0_s = select i1 %tmp_231_1, i16 %p_read9_read, i16 %p_read8_read

ST_2: ClusterDeposits10_0_s (326)  [1/1] 0.71ns  loc: HCALTower.cpp:1159
._crit_edge.0:235  %ClusterDeposits10_0_s = select i1 %tmp_231_1, i16 %p_read8_read, i16 %p_read9_read

ST_2: ClusterEta42_0_Clust (327)  [1/1] 0.71ns  loc: HCALTower.cpp:1159
._crit_edge.0:236  %ClusterEta42_0_Clust = select i1 %tmp_231_1, i16 %p_read41_read, i16 %p_read40_read

ST_2: ClusterEta41_0_Clust (328)  [1/1] 0.71ns  loc: HCALTower.cpp:1159
._crit_edge.0:237  %ClusterEta41_0_Clust = select i1 %tmp_231_1, i16 %p_read40_read, i16 %p_read41_read

ST_2: ClusterPhi73_0_Clust (329)  [1/1] 0.71ns  loc: HCALTower.cpp:1159
._crit_edge.0:238  %ClusterPhi73_0_Clust = select i1 %tmp_231_1, i16 %p_read73_read, i16 %p_read72_read

ST_2: ClusterPhi72_0_Clust (330)  [1/1] 0.71ns  loc: HCALTower.cpp:1159
._crit_edge.0:239  %ClusterPhi72_0_Clust = select i1 %tmp_231_1, i16 %p_read72_read, i16 %p_read73_read

ST_2: tmp_23 (331)  [1/1] 1.29ns  loc: HCALTower.cpp:1174
._crit_edge.0:240  %tmp_23 = icmp ugt i16 %p_read14_read, %p_read15_read

ST_2: ClusterDeposits1316_s (332)  [1/1] 0.71ns  loc: HCALTower.cpp:1174
._crit_edge.0:241  %ClusterDeposits1316_s = select i1 %tmp_23, i16 %p_read15_read, i16 %p_read14_read

ST_2: ClusterDeposits1214_s (333)  [1/1] 0.71ns  loc: HCALTower.cpp:1174
._crit_edge.0:242  %ClusterDeposits1214_s = select i1 %tmp_23, i16 %p_read14_read, i16 %p_read15_read

ST_2: ClusterEta44_0_Clust (334)  [1/1] 0.71ns  loc: HCALTower.cpp:1174
._crit_edge.0:243  %ClusterEta44_0_Clust = select i1 %tmp_23, i16 %p_read47_read, i16 %p_read46_read

ST_2: ClusterEta43_0_Clust (335)  [1/1] 0.71ns  loc: HCALTower.cpp:1174
._crit_edge.0:244  %ClusterEta43_0_Clust = select i1 %tmp_23, i16 %p_read46_read, i16 %p_read47_read

ST_2: ClusterPhi75_0_Clust (336)  [1/1] 0.71ns  loc: HCALTower.cpp:1174
._crit_edge.0:245  %ClusterPhi75_0_Clust = select i1 %tmp_23, i16 %p_read79_read, i16 %p_read78_read

ST_2: ClusterPhi74_0_Clust (337)  [1/1] 0.71ns  loc: HCALTower.cpp:1174
._crit_edge.0:246  %ClusterPhi74_0_Clust = select i1 %tmp_23, i16 %p_read78_read, i16 %p_read79_read

ST_2: tmp_236_1 (338)  [1/1] 1.29ns  loc: HCALTower.cpp:1174
._crit_edge.0:247  %tmp_236_1 = icmp ugt i16 %p_read12_read, %p_read13_read

ST_2: ClusterDeposits15_0_s (339)  [1/1] 0.71ns  loc: HCALTower.cpp:1174
._crit_edge.0:248  %ClusterDeposits15_0_s = select i1 %tmp_236_1, i16 %p_read13_read, i16 %p_read12_read

ST_2: ClusterDeposits14_0_s (340)  [1/1] 0.71ns  loc: HCALTower.cpp:1174
._crit_edge.0:249  %ClusterDeposits14_0_s = select i1 %tmp_236_1, i16 %p_read12_read, i16 %p_read13_read

ST_2: ClusterEta46_0_Clust (341)  [1/1] 0.71ns  loc: HCALTower.cpp:1174
._crit_edge.0:250  %ClusterEta46_0_Clust = select i1 %tmp_236_1, i16 %p_read45_read, i16 %p_read44_read

ST_2: ClusterEta45_0_Clust (342)  [1/1] 0.71ns  loc: HCALTower.cpp:1174
._crit_edge.0:251  %ClusterEta45_0_Clust = select i1 %tmp_236_1, i16 %p_read44_read, i16 %p_read45_read

ST_2: ClusterPhi77_0_Clust (343)  [1/1] 0.71ns  loc: HCALTower.cpp:1174
._crit_edge.0:252  %ClusterPhi77_0_Clust = select i1 %tmp_236_1, i16 %p_read77_read, i16 %p_read76_read

ST_2: ClusterPhi76_0_Clust (344)  [1/1] 0.71ns  loc: HCALTower.cpp:1174
._crit_edge.0:253  %ClusterPhi76_0_Clust = select i1 %tmp_236_1, i16 %p_read76_read, i16 %p_read77_read

ST_2: tmp_24 (345)  [1/1] 1.29ns  loc: HCALTower.cpp:1189
._crit_edge.0:254  %tmp_24 = icmp ult i16 %p_read18_read, %p_read19_read

ST_2: ClusterDeposits17_0_s (346)  [1/1] 0.71ns  loc: HCALTower.cpp:1189
._crit_edge.0:255  %ClusterDeposits17_0_s = select i1 %tmp_24, i16 %p_read19_read, i16 %p_read18_read

ST_2: ClusterDeposits16_0_s (347)  [1/1] 0.71ns  loc: HCALTower.cpp:1189
._crit_edge.0:256  %ClusterDeposits16_0_s = select i1 %tmp_24, i16 %p_read18_read, i16 %p_read19_read

ST_2: ClusterEta48_0_Clust (348)  [1/1] 0.71ns  loc: HCALTower.cpp:1189
._crit_edge.0:257  %ClusterEta48_0_Clust = select i1 %tmp_24, i16 %p_read51_read, i16 %p_read50_read

ST_2: ClusterEta47_0_Clust (349)  [1/1] 0.71ns  loc: HCALTower.cpp:1189
._crit_edge.0:258  %ClusterEta47_0_Clust = select i1 %tmp_24, i16 %p_read50_read, i16 %p_read51_read

ST_2: ClusterPhi79_0_Clust (350)  [1/1] 0.71ns  loc: HCALTower.cpp:1189
._crit_edge.0:259  %ClusterPhi79_0_Clust = select i1 %tmp_24, i16 %p_read83_read, i16 %p_read82_read

ST_2: ClusterPhi78_0_Clust (351)  [1/1] 0.71ns  loc: HCALTower.cpp:1189
._crit_edge.0:260  %ClusterPhi78_0_Clust = select i1 %tmp_24, i16 %p_read82_read, i16 %p_read83_read

ST_2: tmp_241_1 (352)  [1/1] 1.29ns  loc: HCALTower.cpp:1189
._crit_edge.0:261  %tmp_241_1 = icmp ult i16 %p_read16_read, %p_read17_read

ST_2: ClusterDeposits19_0_s (353)  [1/1] 0.71ns  loc: HCALTower.cpp:1189
._crit_edge.0:262  %ClusterDeposits19_0_s = select i1 %tmp_241_1, i16 %p_read17_read, i16 %p_read16_read

ST_2: ClusterDeposits18_0_s (354)  [1/1] 0.71ns  loc: HCALTower.cpp:1189
._crit_edge.0:263  %ClusterDeposits18_0_s = select i1 %tmp_241_1, i16 %p_read16_read, i16 %p_read17_read

ST_2: ClusterEta50_0_Clust (355)  [1/1] 0.71ns  loc: HCALTower.cpp:1189
._crit_edge.0:264  %ClusterEta50_0_Clust = select i1 %tmp_241_1, i16 %p_read49_read, i16 %p_read48_read

ST_2: ClusterEta49_0_Clust (356)  [1/1] 0.71ns  loc: HCALTower.cpp:1189
._crit_edge.0:265  %ClusterEta49_0_Clust = select i1 %tmp_241_1, i16 %p_read48_read, i16 %p_read49_read

ST_2: ClusterPhi81_0_Clust (357)  [1/1] 0.71ns  loc: HCALTower.cpp:1189
._crit_edge.0:266  %ClusterPhi81_0_Clust = select i1 %tmp_241_1, i16 %p_read81_read, i16 %p_read80_read

ST_2: ClusterPhi80_0_Clust (358)  [1/1] 0.71ns  loc: HCALTower.cpp:1189
._crit_edge.0:267  %ClusterPhi80_0_Clust = select i1 %tmp_241_1, i16 %p_read80_read, i16 %p_read81_read

ST_2: tmp_25 (359)  [1/1] 1.29ns  loc: HCALTower.cpp:1204
._crit_edge.0:268  %tmp_25 = icmp ugt i16 %p_read22_read, %p_read23_read

ST_2: ClusterDeposits21_0_s (360)  [1/1] 0.71ns  loc: HCALTower.cpp:1204
._crit_edge.0:269  %ClusterDeposits21_0_s = select i1 %tmp_25, i16 %p_read23_read, i16 %p_read22_read

ST_2: ClusterDeposits20_0_s (361)  [1/1] 0.71ns  loc: HCALTower.cpp:1204
._crit_edge.0:270  %ClusterDeposits20_0_s = select i1 %tmp_25, i16 %p_read22_read, i16 %p_read23_read

ST_2: ClusterEta52_0_Clust (362)  [1/1] 0.71ns  loc: HCALTower.cpp:1204
._crit_edge.0:271  %ClusterEta52_0_Clust = select i1 %tmp_25, i16 %p_read55_read, i16 %p_read54_read

ST_2: ClusterEta51_0_Clust (363)  [1/1] 0.71ns  loc: HCALTower.cpp:1204
._crit_edge.0:272  %ClusterEta51_0_Clust = select i1 %tmp_25, i16 %p_read54_read, i16 %p_read55_read

ST_2: ClusterPhi83_0_Clust (364)  [1/1] 0.71ns  loc: HCALTower.cpp:1204
._crit_edge.0:273  %ClusterPhi83_0_Clust = select i1 %tmp_25, i16 %p_read87_read, i16 %p_read86_read

ST_2: ClusterPhi82_0_Clust (365)  [1/1] 0.71ns  loc: HCALTower.cpp:1204
._crit_edge.0:274  %ClusterPhi82_0_Clust = select i1 %tmp_25, i16 %p_read86_read, i16 %p_read87_read

ST_2: tmp_246_1 (366)  [1/1] 1.29ns  loc: HCALTower.cpp:1204
._crit_edge.0:275  %tmp_246_1 = icmp ugt i16 %p_read20_read, %p_read21_read

ST_2: ClusterDeposits23_0_s (367)  [1/1] 0.71ns  loc: HCALTower.cpp:1204
._crit_edge.0:276  %ClusterDeposits23_0_s = select i1 %tmp_246_1, i16 %p_read21_read, i16 %p_read20_read

ST_2: ClusterDeposits22_0_s (368)  [1/1] 0.71ns  loc: HCALTower.cpp:1204
._crit_edge.0:277  %ClusterDeposits22_0_s = select i1 %tmp_246_1, i16 %p_read20_read, i16 %p_read21_read

ST_2: ClusterEta54_0_Clust (369)  [1/1] 0.71ns  loc: HCALTower.cpp:1204
._crit_edge.0:278  %ClusterEta54_0_Clust = select i1 %tmp_246_1, i16 %p_read53_read, i16 %p_read52_read

ST_2: ClusterEta53_0_Clust (370)  [1/1] 0.71ns  loc: HCALTower.cpp:1204
._crit_edge.0:279  %ClusterEta53_0_Clust = select i1 %tmp_246_1, i16 %p_read52_read, i16 %p_read53_read

ST_2: ClusterPhi85_0_Clust (371)  [1/1] 0.71ns  loc: HCALTower.cpp:1204
._crit_edge.0:280  %ClusterPhi85_0_Clust = select i1 %tmp_246_1, i16 %p_read85_read, i16 %p_read84_read

ST_2: ClusterPhi84_0_Clust (372)  [1/1] 0.71ns  loc: HCALTower.cpp:1204
._crit_edge.0:281  %ClusterPhi84_0_Clust = select i1 %tmp_246_1, i16 %p_read84_read, i16 %p_read85_read

ST_2: tmp_26 (373)  [1/1] 1.29ns  loc: HCALTower.cpp:1219
._crit_edge.0:282  %tmp_26 = icmp ult i16 %p_read26_read, %p_read27_read

ST_2: ClusterDeposits25_0_s (374)  [1/1] 0.71ns  loc: HCALTower.cpp:1219
._crit_edge.0:283  %ClusterDeposits25_0_s = select i1 %tmp_26, i16 %p_read27_read, i16 %p_read26_read

ST_2: ClusterDeposits2428_s (375)  [1/1] 0.71ns  loc: HCALTower.cpp:1219
._crit_edge.0:284  %ClusterDeposits2428_s = select i1 %tmp_26, i16 %p_read26_read, i16 %p_read27_read

ST_2: ClusterEta56_0_Clust (376)  [1/1] 0.71ns  loc: HCALTower.cpp:1219
._crit_edge.0:285  %ClusterEta56_0_Clust = select i1 %tmp_26, i16 %p_read59_read, i16 %p_read58_read

ST_2: ClusterEta55_0_Clust (377)  [1/1] 0.71ns  loc: HCALTower.cpp:1219
._crit_edge.0:286  %ClusterEta55_0_Clust = select i1 %tmp_26, i16 %p_read58_read, i16 %p_read59_read

ST_2: ClusterPhi87_0_Clust (378)  [1/1] 0.71ns  loc: HCALTower.cpp:1219
._crit_edge.0:287  %ClusterPhi87_0_Clust = select i1 %tmp_26, i16 %p_read91_read, i16 %p_read90_read

ST_2: ClusterPhi86_0_Clust (379)  [1/1] 0.71ns  loc: HCALTower.cpp:1219
._crit_edge.0:288  %ClusterPhi86_0_Clust = select i1 %tmp_26, i16 %p_read90_read, i16 %p_read91_read

ST_2: tmp_251_1 (380)  [1/1] 1.29ns  loc: HCALTower.cpp:1219
._crit_edge.0:289  %tmp_251_1 = icmp ult i16 %p_read24_read, %p_read25_read

ST_2: ClusterDeposits27_0_s (381)  [1/1] 0.71ns  loc: HCALTower.cpp:1219
._crit_edge.0:290  %ClusterDeposits27_0_s = select i1 %tmp_251_1, i16 %p_read25_read, i16 %p_read24_read

ST_2: ClusterDeposits26_0_s (382)  [1/1] 0.71ns  loc: HCALTower.cpp:1219
._crit_edge.0:291  %ClusterDeposits26_0_s = select i1 %tmp_251_1, i16 %p_read24_read, i16 %p_read25_read

ST_2: ClusterEta58_0_Clust (383)  [1/1] 0.71ns  loc: HCALTower.cpp:1219
._crit_edge.0:292  %ClusterEta58_0_Clust = select i1 %tmp_251_1, i16 %p_read57_read, i16 %p_read56_read

ST_2: ClusterEta57_0_Clust (384)  [1/1] 0.71ns  loc: HCALTower.cpp:1219
._crit_edge.0:293  %ClusterEta57_0_Clust = select i1 %tmp_251_1, i16 %p_read56_read, i16 %p_read57_read

ST_2: ClusterPhi89_0_Clust (385)  [1/1] 0.71ns  loc: HCALTower.cpp:1219
._crit_edge.0:294  %ClusterPhi89_0_Clust = select i1 %tmp_251_1, i16 %p_read89_read, i16 %p_read88_read

ST_2: ClusterPhi88_0_Clust (386)  [1/1] 0.71ns  loc: HCALTower.cpp:1219
._crit_edge.0:295  %ClusterPhi88_0_Clust = select i1 %tmp_251_1, i16 %p_read88_read, i16 %p_read89_read

ST_2: tmp_256_1 (387)  [1/1] 1.29ns  loc: HCALTower.cpp:1234
._crit_edge.0:296  %tmp_256_1 = icmp ugt i16 %ClusterDeposits_28_1, %ClusterDeposits_29_1

ST_2: ClusterDeposits31_0_s (388)  [1/1] 0.71ns  loc: HCALTower.cpp:1234
._crit_edge.0:297  %ClusterDeposits31_0_s = select i1 %tmp_256_1, i16 %ClusterDeposits_29_1, i16 %ClusterDeposits_28_1

ST_2: ClusterDeposits30_0_s (389)  [1/1] 0.71ns  loc: HCALTower.cpp:1234
._crit_edge.0:298  %ClusterDeposits30_0_s = select i1 %tmp_256_1, i16 %ClusterDeposits_28_1, i16 %ClusterDeposits_29_1

ST_2: ClusterEta62_0_Clust (390)  [1/1] 0.71ns  loc: HCALTower.cpp:1234
._crit_edge.0:299  %ClusterEta62_0_Clust = select i1 %tmp_256_1, i16 %p_read2, i16 %p_read

ST_2: ClusterEta61_0_Clust (391)  [1/1] 0.71ns  loc: HCALTower.cpp:1234
._crit_edge.0:300  %ClusterEta61_0_Clust = select i1 %tmp_256_1, i16 %p_read, i16 %p_read2

ST_2: ClusterPhi93_0_Clust (392)  [1/1] 0.71ns  loc: HCALTower.cpp:1234
._crit_edge.0:301  %ClusterPhi93_0_Clust = select i1 %tmp_256_1, i16 %p_read3, i16 %p_read1

ST_2: ClusterPhi92_0_Clust (393)  [1/1] 0.71ns  loc: HCALTower.cpp:1234
._crit_edge.0:302  %ClusterPhi92_0_Clust = select i1 %tmp_256_1, i16 %p_read1, i16 %p_read3

ST_2: call_ret (394)  [4/4] 6.01ns  loc: HCALTower.cpp:1247
._crit_edge.0:303  %call_ret = call fastcc { i16, i16, i16, i16, i16, i16, i16, i16, i16, i16, i16, i16, i16, i16, i16, i16, i16, i16, i16, i16, i16, i16, i16, i16, i16, i16, i16, i16, i16, i16, i16, i16, i16, i16, i16, i16, i16, i16, i16, i16, i16, i16, i16, i16, i16, i16, i16, i16, i16, i16, i16, i16, i16, i16, i16, i16, i16, i16, i16, i16 } @bitonic8(i16 %ClusterDeposits12_0_s, i16 %ClusterDeposits_0_Cl, i16 %ClusterDeposits3_0_C, i16 %ClusterDeposits2_0_C, i16 %ClusterDeposits5_0_C, i16 %ClusterDeposits4_0_C, i16 %ClusterDeposits7_0_C, i16 %ClusterDeposits6_0_C, i16 %ClusterDeposits9_0_C, i16 %ClusterDeposits8_0_C, i16 %ClusterDeposits11_0_s, i16 %ClusterDeposits10_0_s, i16 %ClusterDeposits1316_s, i16 %ClusterDeposits1214_s, i16 %ClusterDeposits15_0_s, i16 %ClusterDeposits14_0_s, i16 %ClusterDeposits17_0_s, i16 %ClusterDeposits16_0_s, i16 %ClusterDeposits19_0_s, i16 %ClusterDeposits18_0_s, i16 %ClusterDeposits21_0_s, i16 %ClusterDeposits20_0_s, i16 %ClusterDeposits23_0_s, i16 %ClusterDeposits22_0_s, i16 %ClusterDeposits25_0_s, i16 %ClusterDeposits2428_s, i16 %ClusterDeposits27_0_s, i16 %ClusterDeposits26_0_s, i16 %ClusterDeposits31_0_s, i16 %ClusterDeposits30_0_s, i16 %ClusterEta32_0_Clust, i16 %ClusterEta_0_Cluster, i16 %ClusterEta34_0_Clust, i16 %ClusterEta33_0_Clust, i16 %ClusterEta36_0_Clust, i16 %ClusterEta35_0_Clust, i16 %ClusterEta38_0_Clust, i16 %ClusterEta3743_0_Clu, i16 %ClusterEta40_0_Clust, i16 %ClusterEta39_0_Clust, i16 %ClusterEta42_0_Clust, i16 %ClusterEta41_0_Clust, i16 %ClusterEta44_0_Clust, i16 %ClusterEta43_0_Clust, i16 %ClusterEta46_0_Clust, i16 %ClusterEta45_0_Clust, i16 %ClusterEta48_0_Clust, i16 %ClusterEta47_0_Clust, i16 %ClusterEta50_0_Clust, i16 %ClusterEta49_0_Clust, i16 %ClusterEta52_0_Clust, i16 %ClusterEta51_0_Clust, i16 %ClusterEta54_0_Clust, i16 %ClusterEta53_0_Clust, i16 %ClusterEta56_0_Clust, i16 %ClusterEta55_0_Clust, i16 %ClusterEta58_0_Clust, i16 %ClusterEta57_0_Clust, i16 %p_read60_s, i16 %p_read61_s, i16 %ClusterEta62_0_Clust, i16 %ClusterEta61_0_Clust, i16 %ClusterPhi63_0_Clust, i16 %ClusterPhi_0_Cluster, i16 %ClusterPhi65_0_Clust, i16 %ClusterPhi64_0_Clust, i16 %ClusterPhi67_0_Clust, i16 %ClusterPhi66_0_Clust, i16 %ClusterPhi69_0_Clust, i16 %ClusterPhi68_0_Clust, i16 %ClusterPhi71_0_Clust, i16 %ClusterPhi7078_0_Clu, i16 %ClusterPhi73_0_Clust, i16 %ClusterPhi72_0_Clust, i16 %ClusterPhi75_0_Clust, i16 %ClusterPhi74_0_Clust, i16 %ClusterPhi77_0_Clust, i16 %ClusterPhi76_0_Clust, i16 %ClusterPhi79_0_Clust, i16 %ClusterPhi78_0_Clust, i16 %ClusterPhi81_0_Clust, i16 %ClusterPhi80_0_Clust, i16 %ClusterPhi83_0_Clust, i16 %ClusterPhi82_0_Clust, i16 %ClusterPhi85_0_Clust, i16 %ClusterPhi84_0_Clust, i16 %ClusterPhi87_0_Clust, i16 %ClusterPhi86_0_Clust, i16 %ClusterPhi89_0_Clust, i16 %ClusterPhi88_0_Clust, i16 %p_read92_s, i16 %p_read93_s, i16 %ClusterPhi93_0_Clust, i16 %ClusterPhi92_0_Clust)


 <State 3>: 8.59ns
ST_3: call_ret (394)  [3/4] 8.59ns  loc: HCALTower.cpp:1247
._crit_edge.0:303  %call_ret = call fastcc { i16, i16, i16, i16, i16, i16, i16, i16, i16, i16, i16, i16, i16, i16, i16, i16, i16, i16, i16, i16, i16, i16, i16, i16, i16, i16, i16, i16, i16, i16, i16, i16, i16, i16, i16, i16, i16, i16, i16, i16, i16, i16, i16, i16, i16, i16, i16, i16, i16, i16, i16, i16, i16, i16, i16, i16, i16, i16, i16, i16 } @bitonic8(i16 %ClusterDeposits12_0_s, i16 %ClusterDeposits_0_Cl, i16 %ClusterDeposits3_0_C, i16 %ClusterDeposits2_0_C, i16 %ClusterDeposits5_0_C, i16 %ClusterDeposits4_0_C, i16 %ClusterDeposits7_0_C, i16 %ClusterDeposits6_0_C, i16 %ClusterDeposits9_0_C, i16 %ClusterDeposits8_0_C, i16 %ClusterDeposits11_0_s, i16 %ClusterDeposits10_0_s, i16 %ClusterDeposits1316_s, i16 %ClusterDeposits1214_s, i16 %ClusterDeposits15_0_s, i16 %ClusterDeposits14_0_s, i16 %ClusterDeposits17_0_s, i16 %ClusterDeposits16_0_s, i16 %ClusterDeposits19_0_s, i16 %ClusterDeposits18_0_s, i16 %ClusterDeposits21_0_s, i16 %ClusterDeposits20_0_s, i16 %ClusterDeposits23_0_s, i16 %ClusterDeposits22_0_s, i16 %ClusterDeposits25_0_s, i16 %ClusterDeposits2428_s, i16 %ClusterDeposits27_0_s, i16 %ClusterDeposits26_0_s, i16 %ClusterDeposits31_0_s, i16 %ClusterDeposits30_0_s, i16 %ClusterEta32_0_Clust, i16 %ClusterEta_0_Cluster, i16 %ClusterEta34_0_Clust, i16 %ClusterEta33_0_Clust, i16 %ClusterEta36_0_Clust, i16 %ClusterEta35_0_Clust, i16 %ClusterEta38_0_Clust, i16 %ClusterEta3743_0_Clu, i16 %ClusterEta40_0_Clust, i16 %ClusterEta39_0_Clust, i16 %ClusterEta42_0_Clust, i16 %ClusterEta41_0_Clust, i16 %ClusterEta44_0_Clust, i16 %ClusterEta43_0_Clust, i16 %ClusterEta46_0_Clust, i16 %ClusterEta45_0_Clust, i16 %ClusterEta48_0_Clust, i16 %ClusterEta47_0_Clust, i16 %ClusterEta50_0_Clust, i16 %ClusterEta49_0_Clust, i16 %ClusterEta52_0_Clust, i16 %ClusterEta51_0_Clust, i16 %ClusterEta54_0_Clust, i16 %ClusterEta53_0_Clust, i16 %ClusterEta56_0_Clust, i16 %ClusterEta55_0_Clust, i16 %ClusterEta58_0_Clust, i16 %ClusterEta57_0_Clust, i16 %p_read60_s, i16 %p_read61_s, i16 %ClusterEta62_0_Clust, i16 %ClusterEta61_0_Clust, i16 %ClusterPhi63_0_Clust, i16 %ClusterPhi_0_Cluster, i16 %ClusterPhi65_0_Clust, i16 %ClusterPhi64_0_Clust, i16 %ClusterPhi67_0_Clust, i16 %ClusterPhi66_0_Clust, i16 %ClusterPhi69_0_Clust, i16 %ClusterPhi68_0_Clust, i16 %ClusterPhi71_0_Clust, i16 %ClusterPhi7078_0_Clu, i16 %ClusterPhi73_0_Clust, i16 %ClusterPhi72_0_Clust, i16 %ClusterPhi75_0_Clust, i16 %ClusterPhi74_0_Clust, i16 %ClusterPhi77_0_Clust, i16 %ClusterPhi76_0_Clust, i16 %ClusterPhi79_0_Clust, i16 %ClusterPhi78_0_Clust, i16 %ClusterPhi81_0_Clust, i16 %ClusterPhi80_0_Clust, i16 %ClusterPhi83_0_Clust, i16 %ClusterPhi82_0_Clust, i16 %ClusterPhi85_0_Clust, i16 %ClusterPhi84_0_Clust, i16 %ClusterPhi87_0_Clust, i16 %ClusterPhi86_0_Clust, i16 %ClusterPhi89_0_Clust, i16 %ClusterPhi88_0_Clust, i16 %p_read92_s, i16 %p_read93_s, i16 %ClusterPhi93_0_Clust, i16 %ClusterPhi92_0_Clust)


 <State 4>: 8.59ns
ST_4: call_ret (394)  [2/4] 8.59ns  loc: HCALTower.cpp:1247
._crit_edge.0:303  %call_ret = call fastcc { i16, i16, i16, i16, i16, i16, i16, i16, i16, i16, i16, i16, i16, i16, i16, i16, i16, i16, i16, i16, i16, i16, i16, i16, i16, i16, i16, i16, i16, i16, i16, i16, i16, i16, i16, i16, i16, i16, i16, i16, i16, i16, i16, i16, i16, i16, i16, i16, i16, i16, i16, i16, i16, i16, i16, i16, i16, i16, i16, i16 } @bitonic8(i16 %ClusterDeposits12_0_s, i16 %ClusterDeposits_0_Cl, i16 %ClusterDeposits3_0_C, i16 %ClusterDeposits2_0_C, i16 %ClusterDeposits5_0_C, i16 %ClusterDeposits4_0_C, i16 %ClusterDeposits7_0_C, i16 %ClusterDeposits6_0_C, i16 %ClusterDeposits9_0_C, i16 %ClusterDeposits8_0_C, i16 %ClusterDeposits11_0_s, i16 %ClusterDeposits10_0_s, i16 %ClusterDeposits1316_s, i16 %ClusterDeposits1214_s, i16 %ClusterDeposits15_0_s, i16 %ClusterDeposits14_0_s, i16 %ClusterDeposits17_0_s, i16 %ClusterDeposits16_0_s, i16 %ClusterDeposits19_0_s, i16 %ClusterDeposits18_0_s, i16 %ClusterDeposits21_0_s, i16 %ClusterDeposits20_0_s, i16 %ClusterDeposits23_0_s, i16 %ClusterDeposits22_0_s, i16 %ClusterDeposits25_0_s, i16 %ClusterDeposits2428_s, i16 %ClusterDeposits27_0_s, i16 %ClusterDeposits26_0_s, i16 %ClusterDeposits31_0_s, i16 %ClusterDeposits30_0_s, i16 %ClusterEta32_0_Clust, i16 %ClusterEta_0_Cluster, i16 %ClusterEta34_0_Clust, i16 %ClusterEta33_0_Clust, i16 %ClusterEta36_0_Clust, i16 %ClusterEta35_0_Clust, i16 %ClusterEta38_0_Clust, i16 %ClusterEta3743_0_Clu, i16 %ClusterEta40_0_Clust, i16 %ClusterEta39_0_Clust, i16 %ClusterEta42_0_Clust, i16 %ClusterEta41_0_Clust, i16 %ClusterEta44_0_Clust, i16 %ClusterEta43_0_Clust, i16 %ClusterEta46_0_Clust, i16 %ClusterEta45_0_Clust, i16 %ClusterEta48_0_Clust, i16 %ClusterEta47_0_Clust, i16 %ClusterEta50_0_Clust, i16 %ClusterEta49_0_Clust, i16 %ClusterEta52_0_Clust, i16 %ClusterEta51_0_Clust, i16 %ClusterEta54_0_Clust, i16 %ClusterEta53_0_Clust, i16 %ClusterEta56_0_Clust, i16 %ClusterEta55_0_Clust, i16 %ClusterEta58_0_Clust, i16 %ClusterEta57_0_Clust, i16 %p_read60_s, i16 %p_read61_s, i16 %ClusterEta62_0_Clust, i16 %ClusterEta61_0_Clust, i16 %ClusterPhi63_0_Clust, i16 %ClusterPhi_0_Cluster, i16 %ClusterPhi65_0_Clust, i16 %ClusterPhi64_0_Clust, i16 %ClusterPhi67_0_Clust, i16 %ClusterPhi66_0_Clust, i16 %ClusterPhi69_0_Clust, i16 %ClusterPhi68_0_Clust, i16 %ClusterPhi71_0_Clust, i16 %ClusterPhi7078_0_Clu, i16 %ClusterPhi73_0_Clust, i16 %ClusterPhi72_0_Clust, i16 %ClusterPhi75_0_Clust, i16 %ClusterPhi74_0_Clust, i16 %ClusterPhi77_0_Clust, i16 %ClusterPhi76_0_Clust, i16 %ClusterPhi79_0_Clust, i16 %ClusterPhi78_0_Clust, i16 %ClusterPhi81_0_Clust, i16 %ClusterPhi80_0_Clust, i16 %ClusterPhi83_0_Clust, i16 %ClusterPhi82_0_Clust, i16 %ClusterPhi85_0_Clust, i16 %ClusterPhi84_0_Clust, i16 %ClusterPhi87_0_Clust, i16 %ClusterPhi86_0_Clust, i16 %ClusterPhi89_0_Clust, i16 %ClusterPhi88_0_Clust, i16 %p_read92_s, i16 %p_read93_s, i16 %ClusterPhi93_0_Clust, i16 %ClusterPhi92_0_Clust)


 <State 5>: 3.55ns
ST_5: call_ret (394)  [1/4] 3.55ns  loc: HCALTower.cpp:1247
._crit_edge.0:303  %call_ret = call fastcc { i16, i16, i16, i16, i16, i16, i16, i16, i16, i16, i16, i16, i16, i16, i16, i16, i16, i16, i16, i16, i16, i16, i16, i16, i16, i16, i16, i16, i16, i16, i16, i16, i16, i16, i16, i16, i16, i16, i16, i16, i16, i16, i16, i16, i16, i16, i16, i16, i16, i16, i16, i16, i16, i16, i16, i16, i16, i16, i16, i16 } @bitonic8(i16 %ClusterDeposits12_0_s, i16 %ClusterDeposits_0_Cl, i16 %ClusterDeposits3_0_C, i16 %ClusterDeposits2_0_C, i16 %ClusterDeposits5_0_C, i16 %ClusterDeposits4_0_C, i16 %ClusterDeposits7_0_C, i16 %ClusterDeposits6_0_C, i16 %ClusterDeposits9_0_C, i16 %ClusterDeposits8_0_C, i16 %ClusterDeposits11_0_s, i16 %ClusterDeposits10_0_s, i16 %ClusterDeposits1316_s, i16 %ClusterDeposits1214_s, i16 %ClusterDeposits15_0_s, i16 %ClusterDeposits14_0_s, i16 %ClusterDeposits17_0_s, i16 %ClusterDeposits16_0_s, i16 %ClusterDeposits19_0_s, i16 %ClusterDeposits18_0_s, i16 %ClusterDeposits21_0_s, i16 %ClusterDeposits20_0_s, i16 %ClusterDeposits23_0_s, i16 %ClusterDeposits22_0_s, i16 %ClusterDeposits25_0_s, i16 %ClusterDeposits2428_s, i16 %ClusterDeposits27_0_s, i16 %ClusterDeposits26_0_s, i16 %ClusterDeposits31_0_s, i16 %ClusterDeposits30_0_s, i16 %ClusterEta32_0_Clust, i16 %ClusterEta_0_Cluster, i16 %ClusterEta34_0_Clust, i16 %ClusterEta33_0_Clust, i16 %ClusterEta36_0_Clust, i16 %ClusterEta35_0_Clust, i16 %ClusterEta38_0_Clust, i16 %ClusterEta3743_0_Clu, i16 %ClusterEta40_0_Clust, i16 %ClusterEta39_0_Clust, i16 %ClusterEta42_0_Clust, i16 %ClusterEta41_0_Clust, i16 %ClusterEta44_0_Clust, i16 %ClusterEta43_0_Clust, i16 %ClusterEta46_0_Clust, i16 %ClusterEta45_0_Clust, i16 %ClusterEta48_0_Clust, i16 %ClusterEta47_0_Clust, i16 %ClusterEta50_0_Clust, i16 %ClusterEta49_0_Clust, i16 %ClusterEta52_0_Clust, i16 %ClusterEta51_0_Clust, i16 %ClusterEta54_0_Clust, i16 %ClusterEta53_0_Clust, i16 %ClusterEta56_0_Clust, i16 %ClusterEta55_0_Clust, i16 %ClusterEta58_0_Clust, i16 %ClusterEta57_0_Clust, i16 %p_read60_s, i16 %p_read61_s, i16 %ClusterEta62_0_Clust, i16 %ClusterEta61_0_Clust, i16 %ClusterPhi63_0_Clust, i16 %ClusterPhi_0_Cluster, i16 %ClusterPhi65_0_Clust, i16 %ClusterPhi64_0_Clust, i16 %ClusterPhi67_0_Clust, i16 %ClusterPhi66_0_Clust, i16 %ClusterPhi69_0_Clust, i16 %ClusterPhi68_0_Clust, i16 %ClusterPhi71_0_Clust, i16 %ClusterPhi7078_0_Clu, i16 %ClusterPhi73_0_Clust, i16 %ClusterPhi72_0_Clust, i16 %ClusterPhi75_0_Clust, i16 %ClusterPhi74_0_Clust, i16 %ClusterPhi77_0_Clust, i16 %ClusterPhi76_0_Clust, i16 %ClusterPhi79_0_Clust, i16 %ClusterPhi78_0_Clust, i16 %ClusterPhi81_0_Clust, i16 %ClusterPhi80_0_Clust, i16 %ClusterPhi83_0_Clust, i16 %ClusterPhi82_0_Clust, i16 %ClusterPhi85_0_Clust, i16 %ClusterPhi84_0_Clust, i16 %ClusterPhi87_0_Clust, i16 %ClusterPhi86_0_Clust, i16 %ClusterPhi89_0_Clust, i16 %ClusterPhi88_0_Clust, i16 %p_read92_s, i16 %p_read93_s, i16 %ClusterPhi93_0_Clust, i16 %ClusterPhi92_0_Clust)

ST_5: StgValue_313 (395)  [1/1] 0.00ns  loc: HCALTower.cpp:1247
._crit_edge.0:304  ret { i16, i16, i16, i16, i16, i16, i16, i16, i16, i16, i16, i16, i16, i16, i16, i16, i16, i16, i16, i16, i16, i16, i16, i16, i16, i16, i16, i16, i16, i16, i16, i16, i16, i16, i16, i16, i16, i16, i16, i16, i16, i16, i16, i16, i16, i16, i16, i16, i16, i16, i16, i16, i16, i16, i16, i16, i16, i16, i16, i16 } %call_ret



============================================================
+ Verbose Summary: Timing violations
============================================================
Target clock period: 10ns, clock uncertainty: 1.25ns.

 <State 1>: 1.29ns
The critical path consists of the following:
	wire read on port 'ClusterDeposits_27_s' [153]  (0 ns)
	'icmp' operation ('tmp_212_1', HCALTower.cpp:1098) [272]  (1.29 ns)

 <State 2>: 8.72ns
The critical path consists of the following:
	wire read on port 'ClusterDeposits_29_s' [151]  (0 ns)
	'icmp' operation ('tmp_216_1', HCALTower.cpp:1113) [284]  (1.29 ns)
	'select' operation ('p_read2', HCALTower.cpp:1113) [286]  (0.71 ns)
	'select' operation ('ClusterEta62_0_Clust', HCALTower.cpp:1234) [390]  (0.71 ns)
	'call' operation ('call_ret', HCALTower.cpp:1247) to 'bitonic8' [394]  (6.01 ns)

 <State 3>: 8.59ns
The critical path consists of the following:
	'call' operation ('call_ret', HCALTower.cpp:1247) to 'bitonic8' [394]  (8.59 ns)

 <State 4>: 8.59ns
The critical path consists of the following:
	'call' operation ('call_ret', HCALTower.cpp:1247) to 'bitonic8' [394]  (8.59 ns)

 <State 5>: 3.55ns
The critical path consists of the following:
	'call' operation ('call_ret', HCALTower.cpp:1247) to 'bitonic8' [394]  (3.55 ns)


============================================================
+ Verbose Summary: Binding
============================================================
N/A
* FSMD analyzer results:
  - Output states:
 - Input state : 
  - Chain level:
	State 1
	State 2
	State 3
	State 4
	State 5


============================================================
+ Verbose Summary: Datapath Resource usage 
============================================================
N/A
