Copyright 1986-2016 Xilinx, Inc. All Rights Reserved.
-------------------------------------------------------------------------------------------------
| Tool Version : Vivado v.2016.4 (lin64) Build 1733598 Wed Dec 14 22:35:42 MST 2016
| Date         : Tue Aug 21 12:39:42 2018
| Host         : pcminn34.cern.ch running 64-bit Scientific Linux CERN SLC release 6.10 (Carbon)
| Command      : report_timing -file ./report/MakeHT_timing_synth.rpt
| Design       : MakeHT
| Device       : 7vx690t-ffg1927
| Speed File   : -2  PRODUCTION 1.11 2014-09-11
-------------------------------------------------------------------------------------------------

Timing Report

Slack (MET) :             6.134ns  (required time - arrival time)
  Source:                 hfETLUT_1_U/MakeHT_rgnETLUT_1_rom_U/q0_reg/CLKARDCLK
                            (rising edge-triggered cell RAMB18E1 clocked by ap_clk  {rise@0.000ns fall@5.000ns period=10.000ns})
  Destination:            hfHT_2_3_reg_28890_reg[9]/D
                            (rising edge-triggered cell FDRE clocked by ap_clk  {rise@0.000ns fall@5.000ns period=10.000ns})
  Path Group:             ap_clk
  Path Type:              Setup (Max at Slow Process Corner)
  Requirement:            10.000ns  (ap_clk rise@10.000ns - ap_clk rise@0.000ns)
  Data Path Delay:        3.812ns  (logic 2.869ns (75.254%)  route 0.943ns (24.746%))
  Logic Levels:           7  (CARRY4=4 LUT2=2 LUT6=1)
  Clock Path Skew:        -0.027ns (DCD - SCD + CPR)
    Destination Clock Delay (DCD):    0.510ns = ( 10.510 - 10.000 ) 
    Source Clock Delay      (SCD):    0.537ns
    Clock Pessimism Removal (CPR):    0.000ns
  Clock Uncertainty:      0.035ns  ((TSJ^2 + TIJ^2)^1/2 + DJ) / 2 + PE
    Total System Jitter     (TSJ):    0.071ns
    Total Input Jitter      (TIJ):    0.000ns
    Discrete Jitter          (DJ):    0.000ns
    Phase Error              (PE):    0.000ns

    Location             Delay type                Incr(ns)  Path(ns)    Netlist Resource(s)
  -------------------------------------------------------------------    -------------------
                         (clock ap_clk rise edge)     0.000     0.000 r  
                                                      0.000     0.000 r  ap_clk (IN)
                         net (fo=13378, unset)        0.537     0.537    hfETLUT_1_U/MakeHT_rgnETLUT_1_rom_U/ap_clk
                         RAMB18E1                                     r  hfETLUT_1_U/MakeHT_rgnETLUT_1_rom_U/q0_reg/CLKARDCLK
  -------------------------------------------------------------------    -------------------
                         RAMB18E1 (Prop_ramb18e1_CLKARDCLK_DOADO[1])
                                                      1.800     2.337 r  hfETLUT_1_U/MakeHT_rgnETLUT_1_rom_U/q0_reg/DOADO[1]
                         net (fo=7, unplaced)         0.466     2.803    hfETLUT_1_U/MakeHT_rgnETLUT_1_rom_U/hfETLUT_1_load_3_reg_29890_reg[9][1]
                         LUT2 (Prop_lut2_I1_O)        0.043     2.846 r  hfETLUT_1_U/MakeHT_rgnETLUT_1_rom_U/hfHT_1_2_reg_28885[3]_i_11/O
                         net (fo=1, unplaced)         0.270     3.116    hfETLUT_1_U/MakeHT_rgnETLUT_1_rom_U/hfHT_1_2_reg_28885[3]_i_11_n_0
                         LUT6 (Prop_lut6_I3_O)        0.043     3.159 r  hfETLUT_1_U/MakeHT_rgnETLUT_1_rom_U/hfHT_1_2_reg_28885[3]_i_7/O
                         net (fo=1, unplaced)         0.000     3.159    hfETLUT_1_U/MakeHT_rgnETLUT_1_rom_U/hfHT_1_2_reg_28885[3]_i_7_n_0
                         CARRY4 (Prop_carry4_S[1]_CO[3])
                                                      0.256     3.415 r  hfETLUT_1_U/MakeHT_rgnETLUT_1_rom_U/hfHT_1_2_reg_28885_reg[3]_i_1/CO[3]
                         net (fo=1, unplaced)         0.000     3.415    hfETLUT_1_U/MakeHT_rgnETLUT_1_rom_U/hfHT_1_2_reg_28885_reg[3]_i_1_n_0
                         CARRY4 (Prop_carry4_CI_O[1])
                                                      0.173     3.588 r  hfETLUT_1_U/MakeHT_rgnETLUT_1_rom_U/hfHT_1_2_reg_28885_reg[7]_i_1/O[1]
                         net (fo=3, unplaced)         0.207     3.795    hfETLUT_1_U/MakeHT_rgnETLUT_1_rom_U/D[5]
                         LUT2 (Prop_lut2_I0_O)        0.125     3.920 r  hfETLUT_1_U/MakeHT_rgnETLUT_1_rom_U/hfHT_2_3_reg_28890[7]_i_4/O
                         net (fo=1, unplaced)         0.000     3.920    hfETLUT_1_U/MakeHT_rgnETLUT_1_rom_U/hfHT_2_3_reg_28890[7]_i_4_n_0
                         CARRY4 (Prop_carry4_S[1]_CO[3])
                                                      0.256     4.176 r  hfETLUT_1_U/MakeHT_rgnETLUT_1_rom_U/hfHT_2_3_reg_28890_reg[7]_i_1/CO[3]
                         net (fo=1, unplaced)         0.000     4.176    hfETLUT_1_U/MakeHT_rgnETLUT_1_rom_U/hfHT_2_3_reg_28890_reg[7]_i_1_n_0
                         CARRY4 (Prop_carry4_CI_O[1])
                                                      0.173     4.349 r  hfETLUT_1_U/MakeHT_rgnETLUT_1_rom_U/hfHT_2_3_reg_28890_reg[11]_i_2/O[1]
                         net (fo=1, unplaced)         0.000     4.349    hfHT_2_3_fu_9069_p2[9]
                         FDRE                                         r  hfHT_2_3_reg_28890_reg[9]/D
  -------------------------------------------------------------------    -------------------

                         (clock ap_clk rise edge)    10.000    10.000 r  
                                                      0.000    10.000 r  ap_clk (IN)
                         net (fo=13378, unset)        0.510    10.510    ap_clk
                         FDRE                                         r  hfHT_2_3_reg_28890_reg[9]/C
                         clock pessimism              0.000    10.510    
                         clock uncertainty           -0.035    10.475    
                         FDRE (Setup_fdre_C_D)        0.009    10.484    hfHT_2_3_reg_28890_reg[9]
  -------------------------------------------------------------------
                         required time                         10.484    
                         arrival time                          -4.349    
  -------------------------------------------------------------------
                         slack                                  6.134    




