==============================================================
File generated by Vivado(TM) HLS - High-Level Synthesis from C, C++ and SystemC
Version: 2016.4
Copyright (C) 1986-2016 Xilinx, Inc. All Rights Reserved.

==============================================================

@I [SYN-201] Setting up clock 'default' with a period of 10ns.
@I [HLS-10] Setting target device to 'xc7vx690tffg1927-2'
@I [HLS-10] Analyzing design file 'MakeHT.cc' ... 
@I [HLS-10] Validating synthesis directives ...
@I [HLS-111] Finished Checking Pragmas Time (s): cpu = 00:00:03 ; elapsed = 00:00:03 . Memory (MB): peak = 319.168 ; gain = 16.715 ; free physical = 2852 ; free virtual = 34667
@I [HLS-111] Finished Linking Time (s): cpu = 00:00:03 ; elapsed = 00:00:03 . Memory (MB): peak = 319.168 ; gain = 16.715 ; free physical = 2850 ; free virtual = 34667
@I [HLS-10] Starting code transformations ...
@I [HLS-111] Finished Standard Transforms Time (s): cpu = 00:00:03 ; elapsed = 00:00:03 . Memory (MB): peak = 319.211 ; gain = 16.758 ; free physical = 2849 ; free virtual = 34666
@I [HLS-10] Checking synthesizability ...
@I [HLS-111] Finished Checking Synthesizability Time (s): cpu = 00:00:03 ; elapsed = 00:00:04 . Memory (MB): peak = 319.211 ; gain = 16.758 ; free physical = 2848 ; free virtual = 34666
@I [XFORM-501] Unrolling loop 'Loop-1' (MakeHT.cc:16) in function 'MakeHT' completely.
@I [XFORM-501] Unrolling loop 'Loop-2' (MakeHT.cc:24) in function 'MakeHT' completely.
@I [XFORM-102] Partitioning array 'rgnETLUT' in dimension 2 automatically.
@I [XFORM-102] Partitioning array 'hfETLUT' in dimension 2 automatically.
@I [XFORM-101] Partitioning array 'rgnET' (MakeHT.cc:5) in dimension 1 completely.
@I [XFORM-101] Partitioning array 'hfET' (MakeHT.cc:5) in dimension 1 completely.
@I [XFORM-101] Partitioning array 'HT' (MakeHT.cc:5) in dimension 1 completely.
@I [XFORM-712] Applying dataflow to function 'MakeHT' (MakeHT.cc:5), detected/extracted 1 process function(s):
	 'Block_codeRepl84651_proc'.
@I [XFORM-401] Performing if-conversion on hyperblock from (MakeHT.cc:19:42) in function 'Block_codeRepl84651_proc'... converting 661 basic blocks.
@I [HLS-111] Finished Pre-synthesis Time (s): cpu = 00:00:10 ; elapsed = 00:00:11 . Memory (MB): peak = 447.164 ; gain = 144.711 ; free physical = 2791 ; free virtual = 34612
@W [XFORM-631] Renaming function 'Block_codeRepl84651_proc' (MakeHT.cc:19:4) into Block_codeRepl84651_.
@I [HLS-111] Finished Architecture Synthesis Time (s): cpu = 00:00:32 ; elapsed = 00:00:33 . Memory (MB): peak = 447.164 ; gain = 144.711 ; free physical = 2792 ; free virtual = 34616
@I [HLS-10] Starting hardware synthesis ...
@I [HLS-10] Synthesizing 'MakeHT' ...
@W [SYN-103] Legalizing function name 'Block_codeRepl84651_' to 'Block_codeRepl84651_s'.
@I [HLS-10] ----------------------------------------------------------------
@I [HLS-10] -- Implementing module 'Block_codeRepl84651_s' 
@I [HLS-10] ----------------------------------------------------------------
@I [SCHED-11] Starting scheduling ...
@I [SCHED-11] Finished scheduling.
@I [HLS-111]  Elapsed time: 38.6 seconds; current allocated memory: 0.203 MB.
@I [BIND-100] Starting micro-architecture generation ...
@I [BIND-101] Performing variable lifetime analysis.
@I [BIND-101] Exploring resource sharing.
@I [BIND-101] Binding ...
@I [BIND-100] Finished micro-architecture generation.
@I [HLS-111]  Elapsed time: 11.28 seconds; current allocated memory: 0.203 MB.
@I [HLS-10] ----------------------------------------------------------------
@I [HLS-10] -- Implementing module 'MakeHT' 
@I [HLS-10] ----------------------------------------------------------------
@I [SCHED-11] Starting scheduling ...
@I [SCHED-11] Finished scheduling.
@I [HLS-111]  Elapsed time: 9.78 seconds; current allocated memory: 0.203 MB.
@I [BIND-100] Starting micro-architecture generation ...
@I [BIND-101] Performing variable lifetime analysis.
@I [BIND-101] Exploring resource sharing.
@I [BIND-101] Binding ...
@I [BIND-100] Finished micro-architecture generation.
@I [HLS-111]  Elapsed time: 1.29 seconds; current allocated memory: 0.203 MB.
@I [HLS-10] ----------------------------------------------------------------
@I [HLS-10] -- Generating RTL for module 'Block_codeRepl84651_s' 
@I [HLS-10] ----------------------------------------------------------------
@I [SYN-210] Renamed object name 'Block_codeRepl84651_s_rgnETLUT_0' to 'Block_codeRepl846bkb' due to the length limit 20
@I [SYN-210] Renamed object name 'Block_codeRepl84651_s_rgnETLUT_1' to 'Block_codeRepl846cud' due to the length limit 20
@I [SYN-210] Renamed object name 'Block_codeRepl84651_s_rgnETLUT_2' to 'Block_codeRepl846dEe' due to the length limit 20
@I [SYN-210] Renamed object name 'Block_codeRepl84651_s_rgnETLUT_3' to 'Block_codeRepl846eOg' due to the length limit 20
@I [SYN-210] Renamed object name 'Block_codeRepl84651_s_rgnETLUT_4' to 'Block_codeRepl846fYi' due to the length limit 20
@I [SYN-210] Renamed object name 'Block_codeRepl84651_s_rgnETLUT_5' to 'Block_codeRepl846g8j' due to the length limit 20
@I [SYN-210] Renamed object name 'Block_codeRepl84651_s_rgnETLUT_6' to 'Block_codeRepl846hbi' due to the length limit 20
@I [SYN-210] Renamed object name 'Block_codeRepl84651_s_rgnETLUT_7' to 'Block_codeRepl846ibs' due to the length limit 20
@I [SYN-210] Renamed object name 'Block_codeRepl84651_s_rgnETLUT_8' to 'Block_codeRepl846jbC' due to the length limit 20
@I [SYN-210] Renamed object name 'Block_codeRepl84651_s_rgnETLUT_9' to 'Block_codeRepl846kbM' due to the length limit 20
@I [SYN-210] Renamed object name 'Block_codeRepl84651_s_rgnETLUT_10' to 'Block_codeRepl846lbW' due to the length limit 20
@I [SYN-210] Renamed object name 'Block_codeRepl84651_s_rgnETLUT_11' to 'Block_codeRepl846mb6' due to the length limit 20
@I [SYN-210] Renamed object name 'Block_codeRepl84651_s_rgnETLUT_12' to 'Block_codeRepl846ncg' due to the length limit 20
@I [SYN-210] Renamed object name 'Block_codeRepl84651_s_rgnETLUT_13' to 'Block_codeRepl846ocq' due to the length limit 20
@I [SYN-210] Renamed object name 'Block_codeRepl84651_s_hfETLUT_0' to 'Block_codeRepl846pcA' due to the length limit 20
@I [SYN-210] Renamed object name 'Block_codeRepl84651_s_hfETLUT_1' to 'Block_codeRepl846qcK' due to the length limit 20
@I [SYN-210] Renamed object name 'Block_codeRepl84651_s_hfETLUT_2' to 'Block_codeRepl846rcU' due to the length limit 20
@I [SYN-210] Renamed object name 'Block_codeRepl84651_s_hfETLUT_3' to 'Block_codeRepl846sc4' due to the length limit 20
@I [SYN-210] Renamed object name 'Block_codeRepl84651_s_hfETLUT_4' to 'Block_codeRepl846tde' due to the length limit 20
@I [SYN-210] Renamed object name 'Block_codeRepl84651_s_hfETLUT_5' to 'Block_codeRepl846udo' due to the length limit 20
@I [SYN-210] Renamed object name 'Block_codeRepl84651_s_hfETLUT_6' to 'Block_codeRepl846vdy' due to the length limit 20
@I [SYN-210] Renamed object name 'Block_codeRepl84651_s_hfETLUT_7' to 'Block_codeRepl846wdI' due to the length limit 20
@I [RTGEN-100] Finished creating RTL model for 'Block_codeRepl84651_s'.
@I [HLS-111]  Elapsed time: 4.11 seconds; current allocated memory: 0.203 MB.
@I [HLS-10] ----------------------------------------------------------------
@I [HLS-10] -- Generating RTL for module 'MakeHT' 
@I [HLS-10] ----------------------------------------------------------------
@I [RTGEN-500] Setting interface mode on port 'MakeHT/rgnET_0' to 'ap_none'.
@I [RTGEN-500] Setting interface mode on port 'MakeHT/rgnET_1' to 'ap_none'.
@I [RTGEN-500] Setting interface mode on port 'MakeHT/rgnET_2' to 'ap_none'.
@I [RTGEN-500] Setting interface mode on port 'MakeHT/rgnET_3' to 'ap_none'.
@I [RTGEN-500] Setting interface mode on port 'MakeHT/rgnET_4' to 'ap_none'.
@I [RTGEN-500] Setting interface mode on port 'MakeHT/rgnET_5' to 'ap_none'.
@I [RTGEN-500] Setting interface mode on port 'MakeHT/rgnET_6' to 'ap_none'.
@I [RTGEN-500] Setting interface mode on port 'MakeHT/rgnET_7' to 'ap_none'.
@I [RTGEN-500] Setting interface mode on port 'MakeHT/rgnET_8' to 'ap_none'.
@I [RTGEN-500] Setting interface mode on port 'MakeHT/rgnET_9' to 'ap_none'.
@I [RTGEN-500] Setting interface mode on port 'MakeHT/rgnET_10' to 'ap_none'.
@I [RTGEN-500] Setting interface mode on port 'MakeHT/rgnET_11' to 'ap_none'.
@I [RTGEN-500] Setting interface mode on port 'MakeHT/rgnET_12' to 'ap_none'.
@I [RTGEN-500] Setting interface mode on port 'MakeHT/rgnET_13' to 'ap_none'.
@I [RTGEN-500] Setting interface mode on port 'MakeHT/rgnET_14' to 'ap_none'.
@I [RTGEN-500] Setting interface mode on port 'MakeHT/rgnET_15' to 'ap_none'.
@I [RTGEN-500] Setting interface mode on port 'MakeHT/rgnET_16' to 'ap_none'.
@I [RTGEN-500] Setting interface mode on port 'MakeHT/rgnET_17' to 'ap_none'.
@I [RTGEN-500] Setting interface mode on port 'MakeHT/rgnET_18' to 'ap_none'.
@I [RTGEN-500] Setting interface mode on port 'MakeHT/rgnET_19' to 'ap_none'.
@I [RTGEN-500] Setting interface mode on port 'MakeHT/rgnET_20' to 'ap_none'.
@I [RTGEN-500] Setting interface mode on port 'MakeHT/rgnET_21' to 'ap_none'.
@I [RTGEN-500] Setting interface mode on port 'MakeHT/rgnET_22' to 'ap_none'.
@I [RTGEN-500] Setting interface mode on port 'MakeHT/rgnET_23' to 'ap_none'.
@I [RTGEN-500] Setting interface mode on port 'MakeHT/rgnET_24' to 'ap_none'.
@I [RTGEN-500] Setting interface mode on port 'MakeHT/rgnET_25' to 'ap_none'.
@I [RTGEN-500] Setting interface mode on port 'MakeHT/rgnET_26' to 'ap_none'.
@I [RTGEN-500] Setting interface mode on port 'MakeHT/rgnET_27' to 'ap_none'.
@I [RTGEN-500] Setting interface mode on port 'MakeHT/rgnET_28' to 'ap_none'.
@I [RTGEN-500] Setting interface mode on port 'MakeHT/rgnET_29' to 'ap_none'.
@I [RTGEN-500] Setting interface mode on port 'MakeHT/rgnET_30' to 'ap_none'.
@I [RTGEN-500] Setting interface mode on port 'MakeHT/rgnET_31' to 'ap_none'.
@I [RTGEN-500] Setting interface mode on port 'MakeHT/rgnET_32' to 'ap_none'.
@I [RTGEN-500] Setting interface mode on port 'MakeHT/rgnET_33' to 'ap_none'.
@I [RTGEN-500] Setting interface mode on port 'MakeHT/rgnET_34' to 'ap_none'.
@I [RTGEN-500] Setting interface mode on port 'MakeHT/rgnET_35' to 'ap_none'.
@I [RTGEN-500] Setting interface mode on port 'MakeHT/rgnET_36' to 'ap_none'.
@I [RTGEN-500] Setting interface mode on port 'MakeHT/rgnET_37' to 'ap_none'.
@I [RTGEN-500] Setting interface mode on port 'MakeHT/rgnET_38' to 'ap_none'.
@I [RTGEN-500] Setting interface mode on port 'MakeHT/rgnET_39' to 'ap_none'.
@I [RTGEN-500] Setting interface mode on port 'MakeHT/rgnET_40' to 'ap_none'.
@I [RTGEN-500] Setting interface mode on port 'MakeHT/rgnET_41' to 'ap_none'.
@I [RTGEN-500] Setting interface mode on port 'MakeHT/rgnET_42' to 'ap_none'.
@I [RTGEN-500] Setting interface mode on port 'MakeHT/rgnET_43' to 'ap_none'.
@I [RTGEN-500] Setting interface mode on port 'MakeHT/rgnET_44' to 'ap_none'.
@I [RTGEN-500] Setting interface mode on port 'MakeHT/rgnET_45' to 'ap_none'.
@I [RTGEN-500] Setting interface mode on port 'MakeHT/rgnET_46' to 'ap_none'.
@I [RTGEN-500] Setting interface mode on port 'MakeHT/rgnET_47' to 'ap_none'.
@I [RTGEN-500] Setting interface mode on port 'MakeHT/rgnET_48' to 'ap_none'.
@I [RTGEN-500] Setting interface mode on port 'MakeHT/rgnET_49' to 'ap_none'.
@I [RTGEN-500] Setting interface mode on port 'MakeHT/rgnET_50' to 'ap_none'.
@I [RTGEN-500] Setting interface mode on port 'MakeHT/rgnET_51' to 'ap_none'.
@I [RTGEN-500] Setting interface mode on port 'MakeHT/rgnET_52' to 'ap_none'.
@I [RTGEN-500] Setting interface mode on port 'MakeHT/rgnET_53' to 'ap_none'.
@I [RTGEN-500] Setting interface mode on port 'MakeHT/rgnET_54' to 'ap_none'.
@I [RTGEN-500] Setting interface mode on port 'MakeHT/rgnET_55' to 'ap_none'.
@I [RTGEN-500] Setting interface mode on port 'MakeHT/rgnET_56' to 'ap_none'.
@I [RTGEN-500] Setting interface mode on port 'MakeHT/rgnET_57' to 'ap_none'.
@I [RTGEN-500] Setting interface mode on port 'MakeHT/rgnET_58' to 'ap_none'.
@I [RTGEN-500] Setting interface mode on port 'MakeHT/rgnET_59' to 'ap_none'.
@I [RTGEN-500] Setting interface mode on port 'MakeHT/rgnET_60' to 'ap_none'.
@I [RTGEN-500] Setting interface mode on port 'MakeHT/rgnET_61' to 'ap_none'.
@I [RTGEN-500] Setting interface mode on port 'MakeHT/rgnET_62' to 'ap_none'.
@I [RTGEN-500] Setting interface mode on port 'MakeHT/rgnET_63' to 'ap_none'.
@I [RTGEN-500] Setting interface mode on port 'MakeHT/rgnET_64' to 'ap_none'.
@I [RTGEN-500] Setting interface mode on port 'MakeHT/rgnET_65' to 'ap_none'.
@I [RTGEN-500] Setting interface mode on port 'MakeHT/rgnET_66' to 'ap_none'.
@I [RTGEN-500] Setting interface mode on port 'MakeHT/rgnET_67' to 'ap_none'.
@I [RTGEN-500] Setting interface mode on port 'MakeHT/rgnET_68' to 'ap_none'.
@I [RTGEN-500] Setting interface mode on port 'MakeHT/rgnET_69' to 'ap_none'.
@I [RTGEN-500] Setting interface mode on port 'MakeHT/rgnET_70' to 'ap_none'.
@I [RTGEN-500] Setting interface mode on port 'MakeHT/rgnET_71' to 'ap_none'.
@I [RTGEN-500] Setting interface mode on port 'MakeHT/rgnET_72' to 'ap_none'.
@I [RTGEN-500] Setting interface mode on port 'MakeHT/rgnET_73' to 'ap_none'.
@I [RTGEN-500] Setting interface mode on port 'MakeHT/rgnET_74' to 'ap_none'.
@I [RTGEN-500] Setting interface mode on port 'MakeHT/rgnET_75' to 'ap_none'.
@I [RTGEN-500] Setting interface mode on port 'MakeHT/rgnET_76' to 'ap_none'.
@I [RTGEN-500] Setting interface mode on port 'MakeHT/rgnET_77' to 'ap_none'.
@I [RTGEN-500] Setting interface mode on port 'MakeHT/rgnET_78' to 'ap_none'.
@I [RTGEN-500] Setting interface mode on port 'MakeHT/rgnET_79' to 'ap_none'.
@I [RTGEN-500] Setting interface mode on port 'MakeHT/rgnET_80' to 'ap_none'.
@I [RTGEN-500] Setting interface mode on port 'MakeHT/rgnET_81' to 'ap_none'.
@I [RTGEN-500] Setting interface mode on port 'MakeHT/rgnET_82' to 'ap_none'.
@I [RTGEN-500] Setting interface mode on port 'MakeHT/rgnET_83' to 'ap_none'.
@I [RTGEN-500] Setting interface mode on port 'MakeHT/rgnET_84' to 'ap_none'.
@I [RTGEN-500] Setting interface mode on port 'MakeHT/rgnET_85' to 'ap_none'.
@I [RTGEN-500] Setting interface mode on port 'MakeHT/rgnET_86' to 'ap_none'.
@I [RTGEN-500] Setting interface mode on port 'MakeHT/rgnET_87' to 'ap_none'.
@I [RTGEN-500] Setting interface mode on port 'MakeHT/rgnET_88' to 'ap_none'.
@I [RTGEN-500] Setting interface mode on port 'MakeHT/rgnET_89' to 'ap_none'.
@I [RTGEN-500] Setting interface mode on port 'MakeHT/rgnET_90' to 'ap_none'.
@I [RTGEN-500] Setting interface mode on port 'MakeHT/rgnET_91' to 'ap_none'.
@I [RTGEN-500] Setting interface mode on port 'MakeHT/rgnET_92' to 'ap_none'.
@I [RTGEN-500] Setting interface mode on port 'MakeHT/rgnET_93' to 'ap_none'.
@I [RTGEN-500] Setting interface mode on port 'MakeHT/rgnET_94' to 'ap_none'.
@I [RTGEN-500] Setting interface mode on port 'MakeHT/rgnET_95' to 'ap_none'.
@I [RTGEN-500] Setting interface mode on port 'MakeHT/rgnET_96' to 'ap_none'.
@I [RTGEN-500] Setting interface mode on port 'MakeHT/rgnET_97' to 'ap_none'.
@I [RTGEN-500] Setting interface mode on port 'MakeHT/rgnET_98' to 'ap_none'.
@I [RTGEN-500] Setting interface mode on port 'MakeHT/rgnET_99' to 'ap_none'.
@I [RTGEN-500] Setting interface mode on port 'MakeHT/rgnET_100' to 'ap_none'.
@I [RTGEN-500] Setting interface mode on port 'MakeHT/rgnET_101' to 'ap_none'.
@I [RTGEN-500] Setting interface mode on port 'MakeHT/rgnET_102' to 'ap_none'.
@I [RTGEN-500] Setting interface mode on port 'MakeHT/rgnET_103' to 'ap_none'.
@I [RTGEN-500] Setting interface mode on port 'MakeHT/rgnET_104' to 'ap_none'.
@I [RTGEN-500] Setting interface mode on port 'MakeHT/rgnET_105' to 'ap_none'.
@I [RTGEN-500] Setting interface mode on port 'MakeHT/rgnET_106' to 'ap_none'.
@I [RTGEN-500] Setting interface mode on port 'MakeHT/rgnET_107' to 'ap_none'.
@I [RTGEN-500] Setting interface mode on port 'MakeHT/rgnET_108' to 'ap_none'.
@I [RTGEN-500] Setting interface mode on port 'MakeHT/rgnET_109' to 'ap_none'.
@I [RTGEN-500] Setting interface mode on port 'MakeHT/rgnET_110' to 'ap_none'.
@I [RTGEN-500] Setting interface mode on port 'MakeHT/rgnET_111' to 'ap_none'.
@I [RTGEN-500] Setting interface mode on port 'MakeHT/rgnET_112' to 'ap_none'.
@I [RTGEN-500] Setting interface mode on port 'MakeHT/rgnET_113' to 'ap_none'.
@I [RTGEN-500] Setting interface mode on port 'MakeHT/rgnET_114' to 'ap_none'.
@I [RTGEN-500] Setting interface mode on port 'MakeHT/rgnET_115' to 'ap_none'.
@I [RTGEN-500] Setting interface mode on port 'MakeHT/rgnET_116' to 'ap_none'.
@I [RTGEN-500] Setting interface mode on port 'MakeHT/rgnET_117' to 'ap_none'.
@I [RTGEN-500] Setting interface mode on port 'MakeHT/rgnET_118' to 'ap_none'.
@I [RTGEN-500] Setting interface mode on port 'MakeHT/rgnET_119' to 'ap_none'.
@I [RTGEN-500] Setting interface mode on port 'MakeHT/rgnET_120' to 'ap_none'.
@I [RTGEN-500] Setting interface mode on port 'MakeHT/rgnET_121' to 'ap_none'.
@I [RTGEN-500] Setting interface mode on port 'MakeHT/rgnET_122' to 'ap_none'.
@I [RTGEN-500] Setting interface mode on port 'MakeHT/rgnET_123' to 'ap_none'.
@I [RTGEN-500] Setting interface mode on port 'MakeHT/rgnET_124' to 'ap_none'.
@I [RTGEN-500] Setting interface mode on port 'MakeHT/rgnET_125' to 'ap_none'.
@I [RTGEN-500] Setting interface mode on port 'MakeHT/rgnET_126' to 'ap_none'.
@I [RTGEN-500] Setting interface mode on port 'MakeHT/rgnET_127' to 'ap_none'.
@I [RTGEN-500] Setting interface mode on port 'MakeHT/rgnET_128' to 'ap_none'.
@I [RTGEN-500] Setting interface mode on port 'MakeHT/rgnET_129' to 'ap_none'.
@I [RTGEN-500] Setting interface mode on port 'MakeHT/rgnET_130' to 'ap_none'.
@I [RTGEN-500] Setting interface mode on port 'MakeHT/rgnET_131' to 'ap_none'.
@I [RTGEN-500] Setting interface mode on port 'MakeHT/rgnET_132' to 'ap_none'.
@I [RTGEN-500] Setting interface mode on port 'MakeHT/rgnET_133' to 'ap_none'.
@I [RTGEN-500] Setting interface mode on port 'MakeHT/rgnET_134' to 'ap_none'.
@I [RTGEN-500] Setting interface mode on port 'MakeHT/rgnET_135' to 'ap_none'.
@I [RTGEN-500] Setting interface mode on port 'MakeHT/rgnET_136' to 'ap_none'.
@I [RTGEN-500] Setting interface mode on port 'MakeHT/rgnET_137' to 'ap_none'.
@I [RTGEN-500] Setting interface mode on port 'MakeHT/rgnET_138' to 'ap_none'.
@I [RTGEN-500] Setting interface mode on port 'MakeHT/rgnET_139' to 'ap_none'.
@I [RTGEN-500] Setting interface mode on port 'MakeHT/rgnET_140' to 'ap_none'.
@I [RTGEN-500] Setting interface mode on port 'MakeHT/rgnET_141' to 'ap_none'.
@I [RTGEN-500] Setting interface mode on port 'MakeHT/rgnET_142' to 'ap_none'.
@I [RTGEN-500] Setting interface mode on port 'MakeHT/rgnET_143' to 'ap_none'.
@I [RTGEN-500] Setting interface mode on port 'MakeHT/rgnET_144' to 'ap_none'.
@I [RTGEN-500] Setting interface mode on port 'MakeHT/rgnET_145' to 'ap_none'.
@I [RTGEN-500] Setting interface mode on port 'MakeHT/rgnET_146' to 'ap_none'.
@I [RTGEN-500] Setting interface mode on port 'MakeHT/rgnET_147' to 'ap_none'.
@I [RTGEN-500] Setting interface mode on port 'MakeHT/rgnET_148' to 'ap_none'.
@I [RTGEN-500] Setting interface mode on port 'MakeHT/rgnET_149' to 'ap_none'.
@I [RTGEN-500] Setting interface mode on port 'MakeHT/rgnET_150' to 'ap_none'.
@I [RTGEN-500] Setting interface mode on port 'MakeHT/rgnET_151' to 'ap_none'.
@I [RTGEN-500] Setting interface mode on port 'MakeHT/rgnET_152' to 'ap_none'.
@I [RTGEN-500] Setting interface mode on port 'MakeHT/rgnET_153' to 'ap_none'.
@I [RTGEN-500] Setting interface mode on port 'MakeHT/rgnET_154' to 'ap_none'.
@I [RTGEN-500] Setting interface mode on port 'MakeHT/rgnET_155' to 'ap_none'.
@I [RTGEN-500] Setting interface mode on port 'MakeHT/rgnET_156' to 'ap_none'.
@I [RTGEN-500] Setting interface mode on port 'MakeHT/rgnET_157' to 'ap_none'.
@I [RTGEN-500] Setting interface mode on port 'MakeHT/rgnET_158' to 'ap_none'.
@I [RTGEN-500] Setting interface mode on port 'MakeHT/rgnET_159' to 'ap_none'.
@I [RTGEN-500] Setting interface mode on port 'MakeHT/rgnET_160' to 'ap_none'.
@I [RTGEN-500] Setting interface mode on port 'MakeHT/rgnET_161' to 'ap_none'.
@I [RTGEN-500] Setting interface mode on port 'MakeHT/rgnET_162' to 'ap_none'.
@I [RTGEN-500] Setting interface mode on port 'MakeHT/rgnET_163' to 'ap_none'.
@I [RTGEN-500] Setting interface mode on port 'MakeHT/rgnET_164' to 'ap_none'.
@I [RTGEN-500] Setting interface mode on port 'MakeHT/rgnET_165' to 'ap_none'.
@I [RTGEN-500] Setting interface mode on port 'MakeHT/rgnET_166' to 'ap_none'.
@I [RTGEN-500] Setting interface mode on port 'MakeHT/rgnET_167' to 'ap_none'.
@I [RTGEN-500] Setting interface mode on port 'MakeHT/rgnET_168' to 'ap_none'.
@I [RTGEN-500] Setting interface mode on port 'MakeHT/rgnET_169' to 'ap_none'.
@I [RTGEN-500] Setting interface mode on port 'MakeHT/rgnET_170' to 'ap_none'.
@I [RTGEN-500] Setting interface mode on port 'MakeHT/rgnET_171' to 'ap_none'.
@I [RTGEN-500] Setting interface mode on port 'MakeHT/rgnET_172' to 'ap_none'.
@I [RTGEN-500] Setting interface mode on port 'MakeHT/rgnET_173' to 'ap_none'.
@I [RTGEN-500] Setting interface mode on port 'MakeHT/rgnET_174' to 'ap_none'.
@I [RTGEN-500] Setting interface mode on port 'MakeHT/rgnET_175' to 'ap_none'.
@I [RTGEN-500] Setting interface mode on port 'MakeHT/rgnET_176' to 'ap_none'.
@I [RTGEN-500] Setting interface mode on port 'MakeHT/rgnET_177' to 'ap_none'.
@I [RTGEN-500] Setting interface mode on port 'MakeHT/rgnET_178' to 'ap_none'.
@I [RTGEN-500] Setting interface mode on port 'MakeHT/rgnET_179' to 'ap_none'.
@I [RTGEN-500] Setting interface mode on port 'MakeHT/rgnET_180' to 'ap_none'.
@I [RTGEN-500] Setting interface mode on port 'MakeHT/rgnET_181' to 'ap_none'.
@I [RTGEN-500] Setting interface mode on port 'MakeHT/rgnET_182' to 'ap_none'.
@I [RTGEN-500] Setting interface mode on port 'MakeHT/rgnET_183' to 'ap_none'.
@I [RTGEN-500] Setting interface mode on port 'MakeHT/rgnET_184' to 'ap_none'.
@I [RTGEN-500] Setting interface mode on port 'MakeHT/rgnET_185' to 'ap_none'.
@I [RTGEN-500] Setting interface mode on port 'MakeHT/rgnET_186' to 'ap_none'.
@I [RTGEN-500] Setting interface mode on port 'MakeHT/rgnET_187' to 'ap_none'.
@I [RTGEN-500] Setting interface mode on port 'MakeHT/rgnET_188' to 'ap_none'.
@I [RTGEN-500] Setting interface mode on port 'MakeHT/rgnET_189' to 'ap_none'.
@I [RTGEN-500] Setting interface mode on port 'MakeHT/rgnET_190' to 'ap_none'.
@I [RTGEN-500] Setting interface mode on port 'MakeHT/rgnET_191' to 'ap_none'.
@I [RTGEN-500] Setting interface mode on port 'MakeHT/rgnET_192' to 'ap_none'.
@I [RTGEN-500] Setting interface mode on port 'MakeHT/rgnET_193' to 'ap_none'.
@I [RTGEN-500] Setting interface mode on port 'MakeHT/rgnET_194' to 'ap_none'.
@I [RTGEN-500] Setting interface mode on port 'MakeHT/rgnET_195' to 'ap_none'.
@I [RTGEN-500] Setting interface mode on port 'MakeHT/rgnET_196' to 'ap_none'.
@I [RTGEN-500] Setting interface mode on port 'MakeHT/rgnET_197' to 'ap_none'.
@I [RTGEN-500] Setting interface mode on port 'MakeHT/rgnET_198' to 'ap_none'.
@I [RTGEN-500] Setting interface mode on port 'MakeHT/rgnET_199' to 'ap_none'.
@I [RTGEN-500] Setting interface mode on port 'MakeHT/rgnET_200' to 'ap_none'.
@I [RTGEN-500] Setting interface mode on port 'MakeHT/rgnET_201' to 'ap_none'.
@I [RTGEN-500] Setting interface mode on port 'MakeHT/rgnET_202' to 'ap_none'.
@I [RTGEN-500] Setting interface mode on port 'MakeHT/rgnET_203' to 'ap_none'.
@I [RTGEN-500] Setting interface mode on port 'MakeHT/rgnET_204' to 'ap_none'.
@I [RTGEN-500] Setting interface mode on port 'MakeHT/rgnET_205' to 'ap_none'.
@I [RTGEN-500] Setting interface mode on port 'MakeHT/rgnET_206' to 'ap_none'.
@I [RTGEN-500] Setting interface mode on port 'MakeHT/rgnET_207' to 'ap_none'.
@I [RTGEN-500] Setting interface mode on port 'MakeHT/rgnET_208' to 'ap_none'.
@I [RTGEN-500] Setting interface mode on port 'MakeHT/rgnET_209' to 'ap_none'.
@I [RTGEN-500] Setting interface mode on port 'MakeHT/rgnET_210' to 'ap_none'.
@I [RTGEN-500] Setting interface mode on port 'MakeHT/rgnET_211' to 'ap_none'.
@I [RTGEN-500] Setting interface mode on port 'MakeHT/rgnET_212' to 'ap_none'.
@I [RTGEN-500] Setting interface mode on port 'MakeHT/rgnET_213' to 'ap_none'.
@I [RTGEN-500] Setting interface mode on port 'MakeHT/rgnET_214' to 'ap_none'.
@I [RTGEN-500] Setting interface mode on port 'MakeHT/rgnET_215' to 'ap_none'.
@I [RTGEN-500] Setting interface mode on port 'MakeHT/rgnET_216' to 'ap_none'.
@I [RTGEN-500] Setting interface mode on port 'MakeHT/rgnET_217' to 'ap_none'.
@I [RTGEN-500] Setting interface mode on port 'MakeHT/rgnET_218' to 'ap_none'.
@I [RTGEN-500] Setting interface mode on port 'MakeHT/rgnET_219' to 'ap_none'.
@I [RTGEN-500] Setting interface mode on port 'MakeHT/rgnET_220' to 'ap_none'.
@I [RTGEN-500] Setting interface mode on port 'MakeHT/rgnET_221' to 'ap_none'.
@I [RTGEN-500] Setting interface mode on port 'MakeHT/rgnET_222' to 'ap_none'.
@I [RTGEN-500] Setting interface mode on port 'MakeHT/rgnET_223' to 'ap_none'.
@I [RTGEN-500] Setting interface mode on port 'MakeHT/rgnET_224' to 'ap_none'.
@I [RTGEN-500] Setting interface mode on port 'MakeHT/rgnET_225' to 'ap_none'.
@I [RTGEN-500] Setting interface mode on port 'MakeHT/rgnET_226' to 'ap_none'.
@I [RTGEN-500] Setting interface mode on port 'MakeHT/rgnET_227' to 'ap_none'.
@I [RTGEN-500] Setting interface mode on port 'MakeHT/rgnET_228' to 'ap_none'.
@I [RTGEN-500] Setting interface mode on port 'MakeHT/rgnET_229' to 'ap_none'.
@I [RTGEN-500] Setting interface mode on port 'MakeHT/rgnET_230' to 'ap_none'.
@I [RTGEN-500] Setting interface mode on port 'MakeHT/rgnET_231' to 'ap_none'.
@I [RTGEN-500] Setting interface mode on port 'MakeHT/rgnET_232' to 'ap_none'.
@I [RTGEN-500] Setting interface mode on port 'MakeHT/rgnET_233' to 'ap_none'.
@I [RTGEN-500] Setting interface mode on port 'MakeHT/rgnET_234' to 'ap_none'.
@I [RTGEN-500] Setting interface mode on port 'MakeHT/rgnET_235' to 'ap_none'.
@I [RTGEN-500] Setting interface mode on port 'MakeHT/rgnET_236' to 'ap_none'.
@I [RTGEN-500] Setting interface mode on port 'MakeHT/rgnET_237' to 'ap_none'.
@I [RTGEN-500] Setting interface mode on port 'MakeHT/rgnET_238' to 'ap_none'.
@I [RTGEN-500] Setting interface mode on port 'MakeHT/rgnET_239' to 'ap_none'.
@I [RTGEN-500] Setting interface mode on port 'MakeHT/rgnET_240' to 'ap_none'.
@I [RTGEN-500] Setting interface mode on port 'MakeHT/rgnET_241' to 'ap_none'.
@I [RTGEN-500] Setting interface mode on port 'MakeHT/rgnET_242' to 'ap_none'.
@I [RTGEN-500] Setting interface mode on port 'MakeHT/rgnET_243' to 'ap_none'.
@I [RTGEN-500] Setting interface mode on port 'MakeHT/rgnET_244' to 'ap_none'.
@I [RTGEN-500] Setting interface mode on port 'MakeHT/rgnET_245' to 'ap_none'.
@I [RTGEN-500] Setting interface mode on port 'MakeHT/rgnET_246' to 'ap_none'.
@I [RTGEN-500] Setting interface mode on port 'MakeHT/rgnET_247' to 'ap_none'.
@I [RTGEN-500] Setting interface mode on port 'MakeHT/rgnET_248' to 'ap_none'.
@I [RTGEN-500] Setting interface mode on port 'MakeHT/rgnET_249' to 'ap_none'.
@I [RTGEN-500] Setting interface mode on port 'MakeHT/rgnET_250' to 'ap_none'.
@I [RTGEN-500] Setting interface mode on port 'MakeHT/rgnET_251' to 'ap_none'.
@I [RTGEN-500] Setting interface mode on port 'MakeHT/hfET_0' to 'ap_none'.
@I [RTGEN-500] Setting interface mode on port 'MakeHT/hfET_1' to 'ap_none'.
@I [RTGEN-500] Setting interface mode on port 'MakeHT/hfET_2' to 'ap_none'.
@I [RTGEN-500] Setting interface mode on port 'MakeHT/hfET_3' to 'ap_none'.
@I [RTGEN-500] Setting interface mode on port 'MakeHT/hfET_4' to 'ap_none'.
@I [RTGEN-500] Setting interface mode on port 'MakeHT/hfET_5' to 'ap_none'.
@I [RTGEN-500] Setting interface mode on port 'MakeHT/hfET_6' to 'ap_none'.
@I [RTGEN-500] Setting interface mode on port 'MakeHT/hfET_7' to 'ap_none'.
@I [RTGEN-500] Setting interface mode on port 'MakeHT/hfET_8' to 'ap_none'.
@I [RTGEN-500] Setting interface mode on port 'MakeHT/hfET_9' to 'ap_none'.
@I [RTGEN-500] Setting interface mode on port 'MakeHT/hfET_10' to 'ap_none'.
@I [RTGEN-500] Setting interface mode on port 'MakeHT/hfET_11' to 'ap_none'.
@I [RTGEN-500] Setting interface mode on port 'MakeHT/hfET_12' to 'ap_none'.
@I [RTGEN-500] Setting interface mode on port 'MakeHT/hfET_13' to 'ap_none'.
@I [RTGEN-500] Setting interface mode on port 'MakeHT/hfET_14' to 'ap_none'.
@I [RTGEN-500] Setting interface mode on port 'MakeHT/hfET_15' to 'ap_none'.
@I [RTGEN-500] Setting interface mode on port 'MakeHT/hfET_16' to 'ap_none'.
@I [RTGEN-500] Setting interface mode on port 'MakeHT/hfET_17' to 'ap_none'.
@I [RTGEN-500] Setting interface mode on port 'MakeHT/hfET_18' to 'ap_none'.
@I [RTGEN-500] Setting interface mode on port 'MakeHT/hfET_19' to 'ap_none'.
@I [RTGEN-500] Setting interface mode on port 'MakeHT/hfET_20' to 'ap_none'.
@I [RTGEN-500] Setting interface mode on port 'MakeHT/hfET_21' to 'ap_none'.
@I [RTGEN-500] Setting interface mode on port 'MakeHT/hfET_22' to 'ap_none'.
@I [RTGEN-500] Setting interface mode on port 'MakeHT/hfET_23' to 'ap_none'.
@I [RTGEN-500] Setting interface mode on port 'MakeHT/hfET_24' to 'ap_none'.
@I [RTGEN-500] Setting interface mode on port 'MakeHT/hfET_25' to 'ap_none'.
@I [RTGEN-500] Setting interface mode on port 'MakeHT/hfET_26' to 'ap_none'.
@I [RTGEN-500] Setting interface mode on port 'MakeHT/hfET_27' to 'ap_none'.
@I [RTGEN-500] Setting interface mode on port 'MakeHT/hfET_28' to 'ap_none'.
@I [RTGEN-500] Setting interface mode on port 'MakeHT/hfET_29' to 'ap_none'.
@I [RTGEN-500] Setting interface mode on port 'MakeHT/hfET_30' to 'ap_none'.
@I [RTGEN-500] Setting interface mode on port 'MakeHT/hfET_31' to 'ap_none'.
@I [RTGEN-500] Setting interface mode on port 'MakeHT/hfET_32' to 'ap_none'.
@I [RTGEN-500] Setting interface mode on port 'MakeHT/hfET_33' to 'ap_none'.
@I [RTGEN-500] Setting interface mode on port 'MakeHT/hfET_34' to 'ap_none'.
@I [RTGEN-500] Setting interface mode on port 'MakeHT/hfET_35' to 'ap_none'.
@I [RTGEN-500] Setting interface mode on port 'MakeHT/hfET_36' to 'ap_none'.
@I [RTGEN-500] Setting interface mode on port 'MakeHT/hfET_37' to 'ap_none'.
@I [RTGEN-500] Setting interface mode on port 'MakeHT/hfET_38' to 'ap_none'.
@I [RTGEN-500] Setting interface mode on port 'MakeHT/hfET_39' to 'ap_none'.
@I [RTGEN-500] Setting interface mode on port 'MakeHT/hfET_40' to 'ap_none'.
@I [RTGEN-500] Setting interface mode on port 'MakeHT/hfET_41' to 'ap_none'.
@I [RTGEN-500] Setting interface mode on port 'MakeHT/hfET_42' to 'ap_none'.
@I [RTGEN-500] Setting interface mode on port 'MakeHT/hfET_43' to 'ap_none'.
@I [RTGEN-500] Setting interface mode on port 'MakeHT/hfET_44' to 'ap_none'.
@I [RTGEN-500] Setting interface mode on port 'MakeHT/hfET_45' to 'ap_none'.
@I [RTGEN-500] Setting interface mode on port 'MakeHT/hfET_46' to 'ap_none'.
@I [RTGEN-500] Setting interface mode on port 'MakeHT/hfET_47' to 'ap_none'.
@I [RTGEN-500] Setting interface mode on port 'MakeHT/hfET_48' to 'ap_none'.
@I [RTGEN-500] Setting interface mode on port 'MakeHT/hfET_49' to 'ap_none'.
@I [RTGEN-500] Setting interface mode on port 'MakeHT/hfET_50' to 'ap_none'.
@I [RTGEN-500] Setting interface mode on port 'MakeHT/hfET_51' to 'ap_none'.
@I [RTGEN-500] Setting interface mode on port 'MakeHT/hfET_52' to 'ap_none'.
@I [RTGEN-500] Setting interface mode on port 'MakeHT/hfET_53' to 'ap_none'.
@I [RTGEN-500] Setting interface mode on port 'MakeHT/hfET_54' to 'ap_none'.
@I [RTGEN-500] Setting interface mode on port 'MakeHT/hfET_55' to 'ap_none'.
@I [RTGEN-500] Setting interface mode on port 'MakeHT/hfET_56' to 'ap_none'.
@I [RTGEN-500] Setting interface mode on port 'MakeHT/hfET_57' to 'ap_none'.
@I [RTGEN-500] Setting interface mode on port 'MakeHT/hfET_58' to 'ap_none'.
@I [RTGEN-500] Setting interface mode on port 'MakeHT/hfET_59' to 'ap_none'.
@I [RTGEN-500] Setting interface mode on port 'MakeHT/hfET_60' to 'ap_none'.
@I [RTGEN-500] Setting interface mode on port 'MakeHT/hfET_61' to 'ap_none'.
@I [RTGEN-500] Setting interface mode on port 'MakeHT/hfET_62' to 'ap_none'.
@I [RTGEN-500] Setting interface mode on port 'MakeHT/hfET_63' to 'ap_none'.
@I [RTGEN-500] Setting interface mode on port 'MakeHT/hfET_64' to 'ap_none'.
@I [RTGEN-500] Setting interface mode on port 'MakeHT/hfET_65' to 'ap_none'.
@I [RTGEN-500] Setting interface mode on port 'MakeHT/hfET_66' to 'ap_none'.
@I [RTGEN-500] Setting interface mode on port 'MakeHT/hfET_67' to 'ap_none'.
@I [RTGEN-500] Setting interface mode on port 'MakeHT/hfET_68' to 'ap_none'.
@I [RTGEN-500] Setting interface mode on port 'MakeHT/hfET_69' to 'ap_none'.
@I [RTGEN-500] Setting interface mode on port 'MakeHT/hfET_70' to 'ap_none'.
@I [RTGEN-500] Setting interface mode on port 'MakeHT/hfET_71' to 'ap_none'.
@I [RTGEN-500] Setting interface mode on port 'MakeHT/hfET_72' to 'ap_none'.
@I [RTGEN-500] Setting interface mode on port 'MakeHT/hfET_73' to 'ap_none'.
@I [RTGEN-500] Setting interface mode on port 'MakeHT/hfET_74' to 'ap_none'.
@I [RTGEN-500] Setting interface mode on port 'MakeHT/hfET_75' to 'ap_none'.
@I [RTGEN-500] Setting interface mode on port 'MakeHT/hfET_76' to 'ap_none'.
@I [RTGEN-500] Setting interface mode on port 'MakeHT/hfET_77' to 'ap_none'.
@I [RTGEN-500] Setting interface mode on port 'MakeHT/hfET_78' to 'ap_none'.
@I [RTGEN-500] Setting interface mode on port 'MakeHT/hfET_79' to 'ap_none'.
@I [RTGEN-500] Setting interface mode on port 'MakeHT/hfET_80' to 'ap_none'.
@I [RTGEN-500] Setting interface mode on port 'MakeHT/hfET_81' to 'ap_none'.
@I [RTGEN-500] Setting interface mode on port 'MakeHT/hfET_82' to 'ap_none'.
@I [RTGEN-500] Setting interface mode on port 'MakeHT/hfET_83' to 'ap_none'.
@I [RTGEN-500] Setting interface mode on port 'MakeHT/hfET_84' to 'ap_none'.
@I [RTGEN-500] Setting interface mode on port 'MakeHT/hfET_85' to 'ap_none'.
@I [RTGEN-500] Setting interface mode on port 'MakeHT/hfET_86' to 'ap_none'.
@I [RTGEN-500] Setting interface mode on port 'MakeHT/hfET_87' to 'ap_none'.
@I [RTGEN-500] Setting interface mode on port 'MakeHT/hfET_88' to 'ap_none'.
@I [RTGEN-500] Setting interface mode on port 'MakeHT/hfET_89' to 'ap_none'.
@I [RTGEN-500] Setting interface mode on port 'MakeHT/hfET_90' to 'ap_none'.
@I [RTGEN-500] Setting interface mode on port 'MakeHT/hfET_91' to 'ap_none'.
@I [RTGEN-500] Setting interface mode on port 'MakeHT/hfET_92' to 'ap_none'.
@I [RTGEN-500] Setting interface mode on port 'MakeHT/hfET_93' to 'ap_none'.
@I [RTGEN-500] Setting interface mode on port 'MakeHT/hfET_94' to 'ap_none'.
@I [RTGEN-500] Setting interface mode on port 'MakeHT/hfET_95' to 'ap_none'.
@I [RTGEN-500] Setting interface mode on port 'MakeHT/hfET_96' to 'ap_none'.
@I [RTGEN-500] Setting interface mode on port 'MakeHT/hfET_97' to 'ap_none'.
@I [RTGEN-500] Setting interface mode on port 'MakeHT/hfET_98' to 'ap_none'.
@I [RTGEN-500] Setting interface mode on port 'MakeHT/hfET_99' to 'ap_none'.
@I [RTGEN-500] Setting interface mode on port 'MakeHT/hfET_100' to 'ap_none'.
@I [RTGEN-500] Setting interface mode on port 'MakeHT/hfET_101' to 'ap_none'.
@I [RTGEN-500] Setting interface mode on port 'MakeHT/hfET_102' to 'ap_none'.
@I [RTGEN-500] Setting interface mode on port 'MakeHT/hfET_103' to 'ap_none'.
@I [RTGEN-500] Setting interface mode on port 'MakeHT/hfET_104' to 'ap_none'.
@I [RTGEN-500] Setting interface mode on port 'MakeHT/hfET_105' to 'ap_none'.
@I [RTGEN-500] Setting interface mode on port 'MakeHT/hfET_106' to 'ap_none'.
@I [RTGEN-500] Setting interface mode on port 'MakeHT/hfET_107' to 'ap_none'.
@I [RTGEN-500] Setting interface mode on port 'MakeHT/hfET_108' to 'ap_none'.
@I [RTGEN-500] Setting interface mode on port 'MakeHT/hfET_109' to 'ap_none'.
@I [RTGEN-500] Setting interface mode on port 'MakeHT/hfET_110' to 'ap_none'.
@I [RTGEN-500] Setting interface mode on port 'MakeHT/hfET_111' to 'ap_none'.
@I [RTGEN-500] Setting interface mode on port 'MakeHT/hfET_112' to 'ap_none'.
@I [RTGEN-500] Setting interface mode on port 'MakeHT/hfET_113' to 'ap_none'.
@I [RTGEN-500] Setting interface mode on port 'MakeHT/hfET_114' to 'ap_none'.
@I [RTGEN-500] Setting interface mode on port 'MakeHT/hfET_115' to 'ap_none'.
@I [RTGEN-500] Setting interface mode on port 'MakeHT/hfET_116' to 'ap_none'.
@I [RTGEN-500] Setting interface mode on port 'MakeHT/hfET_117' to 'ap_none'.
@I [RTGEN-500] Setting interface mode on port 'MakeHT/hfET_118' to 'ap_none'.
@I [RTGEN-500] Setting interface mode on port 'MakeHT/hfET_119' to 'ap_none'.
@I [RTGEN-500] Setting interface mode on port 'MakeHT/hfET_120' to 'ap_none'.
@I [RTGEN-500] Setting interface mode on port 'MakeHT/hfET_121' to 'ap_none'.
@I [RTGEN-500] Setting interface mode on port 'MakeHT/hfET_122' to 'ap_none'.
@I [RTGEN-500] Setting interface mode on port 'MakeHT/hfET_123' to 'ap_none'.
@I [RTGEN-500] Setting interface mode on port 'MakeHT/hfET_124' to 'ap_none'.
@I [RTGEN-500] Setting interface mode on port 'MakeHT/hfET_125' to 'ap_none'.
@I [RTGEN-500] Setting interface mode on port 'MakeHT/hfET_126' to 'ap_none'.
@I [RTGEN-500] Setting interface mode on port 'MakeHT/hfET_127' to 'ap_none'.
@I [RTGEN-500] Setting interface mode on port 'MakeHT/hfET_128' to 'ap_none'.
@I [RTGEN-500] Setting interface mode on port 'MakeHT/hfET_129' to 'ap_none'.
@I [RTGEN-500] Setting interface mode on port 'MakeHT/hfET_130' to 'ap_none'.
@I [RTGEN-500] Setting interface mode on port 'MakeHT/hfET_131' to 'ap_none'.
@I [RTGEN-500] Setting interface mode on port 'MakeHT/hfET_132' to 'ap_none'.
@I [RTGEN-500] Setting interface mode on port 'MakeHT/hfET_133' to 'ap_none'.
@I [RTGEN-500] Setting interface mode on port 'MakeHT/hfET_134' to 'ap_none'.
@I [RTGEN-500] Setting interface mode on port 'MakeHT/hfET_135' to 'ap_none'.
@I [RTGEN-500] Setting interface mode on port 'MakeHT/hfET_136' to 'ap_none'.
@I [RTGEN-500] Setting interface mode on port 'MakeHT/hfET_137' to 'ap_none'.
@I [RTGEN-500] Setting interface mode on port 'MakeHT/hfET_138' to 'ap_none'.
@I [RTGEN-500] Setting interface mode on port 'MakeHT/hfET_139' to 'ap_none'.
@I [RTGEN-500] Setting interface mode on port 'MakeHT/hfET_140' to 'ap_none'.
@I [RTGEN-500] Setting interface mode on port 'MakeHT/hfET_141' to 'ap_none'.
@I [RTGEN-500] Setting interface mode on port 'MakeHT/hfET_142' to 'ap_none'.
@I [RTGEN-500] Setting interface mode on port 'MakeHT/hfET_143' to 'ap_none'.
@I [RTGEN-500] Setting interface mode on port 'MakeHT/HT_0' to 'ap_none'.
@W [RTGEN-101] Port 'HT_0' with mode 'ap_none' may require an associated data valid signal to correctly communicate with other blocks or a test bench; automatic C/RTL co-simulation may not be able to verify such a port.
@I [RTGEN-500] Setting interface mode on port 'MakeHT/HT_1' to 'ap_none'.
@W [RTGEN-101] Port 'HT_1' with mode 'ap_none' may require an associated data valid signal to correctly communicate with other blocks or a test bench; automatic C/RTL co-simulation may not be able to verify such a port.
@I [RTGEN-500] Setting interface mode on port 'MakeHT/HT_2' to 'ap_none'.
@W [RTGEN-101] Port 'HT_2' with mode 'ap_none' may require an associated data valid signal to correctly communicate with other blocks or a test bench; automatic C/RTL co-simulation may not be able to verify such a port.
@I [RTGEN-500] Setting interface mode on function 'MakeHT' to 'ap_ctrl_hs'.
@I [RTGEN-100] Finished creating RTL model for 'MakeHT'.
@I [HLS-111]  Elapsed time: 19.24 seconds; current allocated memory: 0.203 MB.
@I [RTMG-279] Implementing memory 'Block_codeRepl846bkb_rom' using auto ROMs.
@I [RTMG-279] Implementing memory 'Block_codeRepl846cud_rom' using auto ROMs.
@I [RTMG-279] Implementing memory 'Block_codeRepl846dEe_rom' using auto ROMs.
@I [RTMG-279] Implementing memory 'Block_codeRepl846eOg_rom' using auto ROMs.
@I [RTMG-279] Implementing memory 'Block_codeRepl846fYi_rom' using auto ROMs.
@I [RTMG-279] Implementing memory 'Block_codeRepl846g8j_rom' using auto ROMs.
@I [RTMG-279] Implementing memory 'Block_codeRepl846hbi_rom' using auto ROMs.
@I [RTMG-279] Implementing memory 'Block_codeRepl846ibs_rom' using auto ROMs.
@I [RTMG-279] Implementing memory 'Block_codeRepl846jbC_rom' using auto ROMs.
@I [RTMG-279] Implementing memory 'Block_codeRepl846kbM_rom' using auto ROMs.
@I [RTMG-279] Implementing memory 'Block_codeRepl846lbW_rom' using auto ROMs.
@I [RTMG-279] Implementing memory 'Block_codeRepl846mb6_rom' using auto ROMs.
@I [RTMG-279] Implementing memory 'Block_codeRepl846ncg_rom' using auto ROMs.
@I [RTMG-279] Implementing memory 'Block_codeRepl846ocq_rom' using auto ROMs.
@I [HLS-111] Finished generating all RTL models Time (s): cpu = 00:01:03 ; elapsed = 00:01:44 . Memory (MB): peak = 511.168 ; gain = 208.715 ; free physical = 2513 ; free virtual = 34464
@I [SYSC-301] Generating SystemC RTL for MakeHT.
@I [VHDL-304] Generating VHDL RTL for MakeHT.
@I [VLOG-307] Generating Verilog RTL for MakeHT.
@I [HLS-112] Total elapsed time: 103.89 seconds; peak allocated memory: 0.203 MB.
