
*** Running vivado
    with args -log MakeHT.vdi -applog -m64 -product Vivado -messageDb vivado.pb -mode batch -source MakeHT.tcl -notrace


****** Vivado v2016.4 (64-bit)
  **** SW Build 1733598 on Wed Dec 14 22:35:42 MST 2016
  **** IP Build 1731160 on Wed Dec 14 23:47:21 MST 2016
    ** Copyright 1986-2016 Xilinx, Inc. All Rights Reserved.

source MakeHT.tcl -notrace
Command: open_checkpoint /afs/cern.ch/user/p/psiddire/CMSSW_10_2_2/src/VivadoHLSProjects/HT/MakeHT/solution1/impl/vhdl/project.runs/impl_1/MakeHT.dcp

Starting open_checkpoint Task

Time (s): cpu = 00:00:00.02 ; elapsed = 00:00:00.02 . Memory (MB): peak = 984.254 ; gain = 0.000 ; free physical = 218 ; free virtual = 33388
INFO: [Netlist 29-17] Analyzing 3292 Unisim elements for replacement
INFO: [Netlist 29-28] Unisim Transformation completed in 0 CPU seconds
WARNING: [Netlist 29-101] Netlist 'MakeHT' is not ideal for floorplanning, since the cellview 'MakeHT' contains a large number of primitives.  Please consider enabling hierarchy in synthesis if you want to do floorplanning.
INFO: [Project 1-479] Netlist was created with Vivado 2016.4
INFO: [Device 21-403] Loading part xc7vx690tffg1927-2
INFO: [Project 1-570] Preparing netlist for logic optimization
Parsing XDC File [/afs/cern.ch/user/p/psiddire/CMSSW_10_2_2/src/VivadoHLSProjects/HT/MakeHT/solution1/impl/vhdl/project.runs/impl_1/.Xil/Vivado-31970-pcminn34.cern.ch/dcp/MakeHT.xdc]
INFO: [Vivado 12-4761] HD.CLK_SRC property is set on port ap_clk. The net connecting to the port drives either clock PIN or hierarchical black box. Use the create_clock constraint to create a clock on this port prior to setting HD.CLK_SRC.  [/afs/cern.ch/user/p/psiddire/CMSSW_10_2_2/src/VivadoHLSProjects/HT/MakeHT/solution1/impl/vhdl/MakeHT.xdc:2]
Finished Parsing XDC File [/afs/cern.ch/user/p/psiddire/CMSSW_10_2_2/src/VivadoHLSProjects/HT/MakeHT/solution1/impl/vhdl/project.runs/impl_1/.Xil/Vivado-31970-pcminn34.cern.ch/dcp/MakeHT.xdc]
INFO: [Project 1-111] Unisim Transformation Summary:
No Unisim elements were transformed.

INFO: [Project 1-604] Checkpoint was created with Vivado v2016.4 (64-bit) build 1733598
open_checkpoint: Time (s): cpu = 00:00:13 ; elapsed = 00:00:16 . Memory (MB): peak = 1454.965 ; gain = 470.715 ; free physical = 317 ; free virtual = 32953
INFO: [Vivado_Tcl 4-424] Cannot write hardware definition file as there are no IPI block design hardware handoff files present
Command: opt_design
Attempting to get a license for feature 'Implementation' and/or device 'xc7vx690t'
INFO: [Common 17-349] Got license for feature 'Implementation' and/or device 'xc7vx690t'
INFO: [Common 17-1223] The version limit for your license is '2016.12' and will expire in -598 days. A version limit expiration means that, although you may be able to continue to use the current version of tools or IP with this license, you will not be eligible for any updates or new releases.
Running DRC as a precondition to command opt_design

Starting DRC Task
INFO: [DRC 23-27] Running DRC with 8 threads
INFO: [Project 1-461] DRC finished with 0 Errors
INFO: [Project 1-462] Please refer to the DRC report (report_drc) for more information.

Time (s): cpu = 00:00:01 ; elapsed = 00:00:00.22 . Memory (MB): peak = 1577.004 ; gain = 112.035 ; free physical = 288 ; free virtual = 32925
INFO: [Timing 38-35] Done setting XDC timing constraints.

Starting Logic Optimization Task
Implement Debug Cores | Checksum: eaf0931d

Phase 1 Retarget
INFO: [Opt 31-138] Pushed 0 inverter(s) to 0 load pin(s).
INFO: [Opt 31-49] Retargeted 0 cell(s).
Phase 1 Retarget | Checksum: 105f7b528

Time (s): cpu = 00:00:01 ; elapsed = 00:00:01 . Memory (MB): peak = 2204.230 ; gain = 0.000 ; free physical = 219 ; free virtual = 32375

Phase 2 Constant propagation
INFO: [Opt 31-138] Pushed 0 inverter(s) to 0 load pin(s).
INFO: [Opt 31-10] Eliminated 0 cells.
Phase 2 Constant propagation | Checksum: 105f7b528

Time (s): cpu = 00:00:02 ; elapsed = 00:00:02 . Memory (MB): peak = 2204.230 ; gain = 0.000 ; free physical = 215 ; free virtual = 32372

Phase 3 Sweep
INFO: [Opt 31-12] Eliminated 8372 unconnected nets.
INFO: [Opt 31-11] Eliminated 0 unconnected cells.
Phase 3 Sweep | Checksum: 12ed020e4

Time (s): cpu = 00:00:04 ; elapsed = 00:00:04 . Memory (MB): peak = 2204.230 ; gain = 0.000 ; free physical = 214 ; free virtual = 32371

Phase 4 BUFG optimization
INFO: [Opt 31-12] Eliminated 0 unconnected nets.
INFO: [Opt 31-11] Eliminated 0 unconnected cells.
Phase 4 BUFG optimization | Checksum: 12ed020e4

Time (s): cpu = 00:00:04 ; elapsed = 00:00:04 . Memory (MB): peak = 2204.230 ; gain = 0.000 ; free physical = 214 ; free virtual = 32371

Starting Connectivity Check Task

Time (s): cpu = 00:00:00.04 ; elapsed = 00:00:00.05 . Memory (MB): peak = 2204.230 ; gain = 0.000 ; free physical = 214 ; free virtual = 32371
Ending Logic Optimization Task | Checksum: 12ed020e4

Time (s): cpu = 00:00:04 ; elapsed = 00:00:04 . Memory (MB): peak = 2204.230 ; gain = 0.000 ; free physical = 214 ; free virtual = 32371

Starting Power Optimization Task
INFO: [Pwropt 34-132] Skipping clock gating for clocks with a period < 2.00 ns.
INFO: [Timing 38-35] Done setting XDC timing constraints.
INFO: [Pwropt 34-9] Applying IDT optimizations ...
INFO: [Pwropt 34-10] Applying ODC optimizations ...
Running Vector-less Activity Propagation...

Finished Running Vector-less Activity Propagation


Starting PowerOpt Patch Enables Task
INFO: [Pwropt 34-162] WRITE_MODE attribute of 0 BRAM(s) out of a total of 41 has been updated to save power. Run report_power_opt to get a complete listing of the BRAMs updated.
INFO: [Pwropt 34-201] Structural ODC has moved 0 WE to EN ports
Number of BRAM Ports augmented: 0 newly gated: 0 Total Ports: 82
Ending PowerOpt Patch Enables Task | Checksum: 12ed020e4

Time (s): cpu = 00:00:00.05 ; elapsed = 00:00:00.05 . Memory (MB): peak = 2638.379 ; gain = 0.000 ; free physical = 216 ; free virtual = 32130
Ending Power Optimization Task | Checksum: 12ed020e4

Time (s): cpu = 00:00:13 ; elapsed = 00:00:04 . Memory (MB): peak = 2638.379 ; gain = 434.148 ; free physical = 216 ; free virtual = 32130
INFO: [Common 17-83] Releasing license: Implementation
30 Infos, 1 Warnings, 0 Critical Warnings and 0 Errors encountered.
opt_design completed successfully
opt_design: Time (s): cpu = 00:00:30 ; elapsed = 00:00:20 . Memory (MB): peak = 2638.379 ; gain = 1183.410 ; free physical = 216 ; free virtual = 32130
INFO: [Timing 38-35] Done setting XDC timing constraints.
INFO: [Common 17-1381] The checkpoint '/afs/cern.ch/user/p/psiddire/CMSSW_10_2_2/src/VivadoHLSProjects/HT/MakeHT/solution1/impl/vhdl/project.runs/impl_1/MakeHT_opt.dcp' has been generated.
write_checkpoint: Time (s): cpu = 00:00:06 ; elapsed = 00:00:05 . Memory (MB): peak = 2638.379 ; gain = 0.000 ; free physical = 299 ; free virtual = 32126
INFO: [DRC 23-27] Running DRC with 8 threads
INFO: [Coretcl 2-168] The results of DRC are in file /afs/cern.ch/user/p/psiddire/CMSSW_10_2_2/src/VivadoHLSProjects/HT/MakeHT/solution1/impl/vhdl/project.runs/impl_1/MakeHT_drc_opted.rpt.
INFO: [Chipscope 16-241] No debug cores found in the current design.
Before running the implement_debug_core command, either use the Set Up Debug wizard (GUI mode)
or use the create_debug_core and connect_debug_core Tcl commands to insert debug cores into the design.
Command: place_design
Attempting to get a license for feature 'Implementation' and/or device 'xc7vx690t'
INFO: [Common 17-349] Got license for feature 'Implementation' and/or device 'xc7vx690t'
INFO: [Common 17-1223] The version limit for your license is '2016.12' and will expire in -598 days. A version limit expiration means that, although you may be able to continue to use the current version of tools or IP with this license, you will not be eligible for any updates or new releases.
INFO: [DRC 23-27] Running DRC with 8 threads
INFO: [Vivado_Tcl 4-198] DRC finished with 0 Errors
INFO: [Vivado_Tcl 4-199] Please refer to the DRC report (report_drc) for more information.
Running DRC as a precondition to command place_design
INFO: [DRC 23-27] Running DRC with 8 threads
INFO: [Vivado_Tcl 4-198] DRC finished with 0 Errors
INFO: [Vivado_Tcl 4-199] Please refer to the DRC report (report_drc) for more information.

Starting Placer Task
INFO: [Place 30-611] Multithreading enabled for place_design using a maximum of 8 CPUs

Phase 1 Placer Initialization
Netlist sorting complete. Time (s): cpu = 00:00:00.02 ; elapsed = 00:00:00.02 . Memory (MB): peak = 2638.379 ; gain = 0.000 ; free physical = 295 ; free virtual = 32122
Netlist sorting complete. Time (s): cpu = 00:00:00.02 ; elapsed = 00:00:00.02 . Memory (MB): peak = 2638.379 ; gain = 0.000 ; free physical = 295 ; free virtual = 32122

Phase 1.1 IO Placement/ Clock Placement/ Build Placer Device
Phase 1.1 IO Placement/ Clock Placement/ Build Placer Device | Checksum: bdf39fe3

Time (s): cpu = 00:00:06 ; elapsed = 00:00:05 . Memory (MB): peak = 2638.379 ; gain = 0.000 ; free physical = 293 ; free virtual = 32120

Phase 1.2 Build Placer Netlist Model
Phase 1.2 Build Placer Netlist Model | Checksum: 17bc2c714

Time (s): cpu = 00:00:17 ; elapsed = 00:00:09 . Memory (MB): peak = 2638.379 ; gain = 0.000 ; free physical = 266 ; free virtual = 32094

Phase 1.3 Constrain Clocks/Macros
Phase 1.3 Constrain Clocks/Macros | Checksum: 17bc2c714

Time (s): cpu = 00:00:17 ; elapsed = 00:00:10 . Memory (MB): peak = 2638.379 ; gain = 0.000 ; free physical = 266 ; free virtual = 32094
Phase 1 Placer Initialization | Checksum: 17bc2c714

Time (s): cpu = 00:00:17 ; elapsed = 00:00:10 . Memory (MB): peak = 2638.379 ; gain = 0.000 ; free physical = 252 ; free virtual = 32079

Phase 2 Global Placement
Phase 2 Global Placement | Checksum: 10f8c3206

Time (s): cpu = 00:00:56 ; elapsed = 00:00:21 . Memory (MB): peak = 2675.418 ; gain = 37.039 ; free physical = 236 ; free virtual = 32063

Phase 3 Detail Placement

Phase 3.1 Commit Multi Column Macros
Phase 3.1 Commit Multi Column Macros | Checksum: 10f8c3206

Time (s): cpu = 00:00:56 ; elapsed = 00:00:21 . Memory (MB): peak = 2675.418 ; gain = 37.039 ; free physical = 236 ; free virtual = 32063

Phase 3.2 Commit Most Macros & LUTRAMs
Phase 3.2 Commit Most Macros & LUTRAMs | Checksum: 25ee538f7

Time (s): cpu = 00:01:08 ; elapsed = 00:00:27 . Memory (MB): peak = 2675.418 ; gain = 37.039 ; free physical = 251 ; free virtual = 32079

Phase 3.3 Area Swap Optimization
Phase 3.3 Area Swap Optimization | Checksum: 29d3093d0

Time (s): cpu = 00:01:09 ; elapsed = 00:00:28 . Memory (MB): peak = 2675.418 ; gain = 37.039 ; free physical = 251 ; free virtual = 32079

Phase 3.4 Pipeline Register Optimization
Phase 3.4 Pipeline Register Optimization | Checksum: 1ed06f2b2

Time (s): cpu = 00:01:09 ; elapsed = 00:00:28 . Memory (MB): peak = 2675.418 ; gain = 37.039 ; free physical = 251 ; free virtual = 32079

Phase 3.5 Timing Path Optimizer
Phase 3.5 Timing Path Optimizer | Checksum: 1e318da7f

Time (s): cpu = 00:01:11 ; elapsed = 00:00:29 . Memory (MB): peak = 2675.418 ; gain = 37.039 ; free physical = 251 ; free virtual = 32079

Phase 3.6 Small Shape Detail Placement
Phase 3.6 Small Shape Detail Placement | Checksum: f4b766d0

Time (s): cpu = 00:01:16 ; elapsed = 00:00:32 . Memory (MB): peak = 2675.418 ; gain = 37.039 ; free physical = 251 ; free virtual = 32079

Phase 3.7 Re-assign LUT pins
Phase 3.7 Re-assign LUT pins | Checksum: 1ceb44fd6

Time (s): cpu = 00:01:16 ; elapsed = 00:00:33 . Memory (MB): peak = 2675.418 ; gain = 37.039 ; free physical = 251 ; free virtual = 32079

Phase 3.8 Pipeline Register Optimization
Phase 3.8 Pipeline Register Optimization | Checksum: 1fbea62c1

Time (s): cpu = 00:01:17 ; elapsed = 00:00:33 . Memory (MB): peak = 2675.418 ; gain = 37.039 ; free physical = 251 ; free virtual = 32079
Phase 3 Detail Placement | Checksum: 1fbea62c1

Time (s): cpu = 00:01:18 ; elapsed = 00:00:34 . Memory (MB): peak = 2675.418 ; gain = 37.039 ; free physical = 251 ; free virtual = 32079

Phase 4 Post Placement Optimization and Clean-Up

Phase 4.1 Post Commit Optimization
INFO: [Timing 38-35] Done setting XDC timing constraints.

Phase 4.1.1 Post Placement Optimization
INFO: [Place 30-746] Post Placement Timing Summary WNS=3.322. For the most accurate timing information please run report_timing.
Phase 4.1.1 Post Placement Optimization | Checksum: 1567081c8

Time (s): cpu = 00:01:29 ; elapsed = 00:00:37 . Memory (MB): peak = 2675.418 ; gain = 37.039 ; free physical = 251 ; free virtual = 32079
Phase 4.1 Post Commit Optimization | Checksum: 1567081c8

Time (s): cpu = 00:01:29 ; elapsed = 00:00:37 . Memory (MB): peak = 2675.418 ; gain = 37.039 ; free physical = 251 ; free virtual = 32079

Phase 4.2 Post Placement Cleanup
Phase 4.2 Post Placement Cleanup | Checksum: 1567081c8

Time (s): cpu = 00:01:30 ; elapsed = 00:00:37 . Memory (MB): peak = 2675.418 ; gain = 37.039 ; free physical = 251 ; free virtual = 32079

Phase 4.3 Placer Reporting
Phase 4.3 Placer Reporting | Checksum: 1567081c8

Time (s): cpu = 00:01:30 ; elapsed = 00:00:38 . Memory (MB): peak = 2675.418 ; gain = 37.039 ; free physical = 251 ; free virtual = 32079

Phase 4.4 Final Placement Cleanup
Phase 4.4 Final Placement Cleanup | Checksum: 14b1c4d91

Time (s): cpu = 00:01:30 ; elapsed = 00:00:38 . Memory (MB): peak = 2675.418 ; gain = 37.039 ; free physical = 251 ; free virtual = 32079
Phase 4 Post Placement Optimization and Clean-Up | Checksum: 14b1c4d91

Time (s): cpu = 00:01:30 ; elapsed = 00:00:38 . Memory (MB): peak = 2675.418 ; gain = 37.039 ; free physical = 251 ; free virtual = 32079
Ending Placer Task | Checksum: e35fbaa1

Time (s): cpu = 00:01:30 ; elapsed = 00:00:38 . Memory (MB): peak = 2675.418 ; gain = 37.039 ; free physical = 251 ; free virtual = 32079
INFO: [Common 17-83] Releasing license: Implementation
47 Infos, 1 Warnings, 0 Critical Warnings and 0 Errors encountered.
place_design completed successfully
place_design: Time (s): cpu = 00:01:36 ; elapsed = 00:00:40 . Memory (MB): peak = 2675.418 ; gain = 37.039 ; free physical = 251 ; free virtual = 32079
Writing placer database...
Writing XDEF routing.
Writing XDEF routing logical nets.
Writing XDEF routing special nets.
Write XDEF Complete: Time (s): cpu = 00:00:04 ; elapsed = 00:00:02 . Memory (MB): peak = 2675.418 ; gain = 0.000 ; free physical = 233 ; free virtual = 32081
INFO: [Common 17-1381] The checkpoint '/afs/cern.ch/user/p/psiddire/CMSSW_10_2_2/src/VivadoHLSProjects/HT/MakeHT/solution1/impl/vhdl/project.runs/impl_1/MakeHT_placed.dcp' has been generated.
report_io: Time (s): cpu = 00:00:00.23 ; elapsed = 00:00:00.29 . Memory (MB): peak = 2675.418 ; gain = 0.000 ; free physical = 281 ; free virtual = 32079
report_utilization: Time (s): cpu = 00:00:00.22 ; elapsed = 00:00:00.29 . Memory (MB): peak = 2675.418 ; gain = 0.000 ; free physical = 280 ; free virtual = 32079
report_control_sets: Time (s): cpu = 00:00:00.05 ; elapsed = 00:00:00.11 . Memory (MB): peak = 2675.418 ; gain = 0.000 ; free physical = 280 ; free virtual = 32079
Command: phys_opt_design
Attempting to get a license for feature 'Implementation' and/or device 'xc7vx690t'
INFO: [Common 17-349] Got license for feature 'Implementation' and/or device 'xc7vx690t'
INFO: [Common 17-1223] The version limit for your license is '2016.12' and will expire in -598 days. A version limit expiration means that, although you may be able to continue to use the current version of tools or IP with this license, you will not be eligible for any updates or new releases.
Netlist sorting complete. Time (s): cpu = 00:00:00.02 ; elapsed = 00:00:00.02 . Memory (MB): peak = 2675.418 ; gain = 0.000 ; free physical = 280 ; free virtual = 32079

Starting Physical Synthesis Task

Phase 1 Physical Synthesis Initialization
INFO: [Physopt 32-721] Multithreading enabled for phys_opt_design using a maximum of 8 CPUs
Phase 1 Physical Synthesis Initialization | Checksum: b6caf05c

Time (s): cpu = 00:00:12 ; elapsed = 00:00:04 . Memory (MB): peak = 2675.418 ; gain = 0.000 ; free physical = 280 ; free virtual = 32079
INFO: [Vivado_Tcl 4-383] Design worst setup slack (WNS) is greater than or equal to 0.500 ns. Skipping all physical synthesis optimizations.
INFO: [Vivado_Tcl 4-232] No setup violation found. The netlist was not modified.
Ending Physical Synthesis Task | Checksum: 152e17585

Time (s): cpu = 00:00:14 ; elapsed = 00:00:05 . Memory (MB): peak = 2675.418 ; gain = 0.000 ; free physical = 279 ; free virtual = 32079
INFO: [Common 17-83] Releasing license: Implementation
54 Infos, 1 Warnings, 0 Critical Warnings and 0 Errors encountered.
phys_opt_design completed successfully
phys_opt_design: Time (s): cpu = 00:00:14 ; elapsed = 00:00:06 . Memory (MB): peak = 2675.418 ; gain = 0.000 ; free physical = 279 ; free virtual = 32079
Writing placer database...
Writing XDEF routing.
Writing XDEF routing logical nets.
Writing XDEF routing special nets.
Write XDEF Complete: Time (s): cpu = 00:00:04 ; elapsed = 00:00:02 . Memory (MB): peak = 2675.418 ; gain = 0.000 ; free physical = 216 ; free virtual = 32080
INFO: [Common 17-1381] The checkpoint '/afs/cern.ch/user/p/psiddire/CMSSW_10_2_2/src/VivadoHLSProjects/HT/MakeHT/solution1/impl/vhdl/project.runs/impl_1/MakeHT_physopt.dcp' has been generated.
Command: route_design
Attempting to get a license for feature 'Implementation' and/or device 'xc7vx690t'
INFO: [Common 17-349] Got license for feature 'Implementation' and/or device 'xc7vx690t'
INFO: [Common 17-1223] The version limit for your license is '2016.12' and will expire in -598 days. A version limit expiration means that, although you may be able to continue to use the current version of tools or IP with this license, you will not be eligible for any updates or new releases.
Running DRC as a precondition to command route_design
INFO: [DRC 23-27] Running DRC with 8 threads
INFO: [Vivado_Tcl 4-198] DRC finished with 0 Errors
INFO: [Vivado_Tcl 4-199] Please refer to the DRC report (report_drc) for more information.


Starting Routing Task
INFO: [Route 35-254] Multithreading enabled for route_design using a maximum of 8 CPUs
Checksum: PlaceDB: 6b95a604 ConstDB: 0 ShapeSum: 398e1073 RouteDB: 0

Phase 1 Build RT Design
WARNING: [Route 35-198] Port "rgnET_217[0]" does not have an associated HD.PARTPIN_LOCS, which will prevent the partial routing of the signal "rgnET_217[0]". Without this partial route, timing analysis to/from this port will not be accurate, and no routing information for this port can be exported.
WARNING: [Route 35-198] Port "rgnET_175[4]" does not have an associated HD.PARTPIN_LOCS, which will prevent the partial routing of the signal "rgnET_175[4]". Without this partial route, timing analysis to/from this port will not be accurate, and no routing information for this port can be exported.
WARNING: [Route 35-198] Port "rgnET_175[3]" does not have an associated HD.PARTPIN_LOCS, which will prevent the partial routing of the signal "rgnET_175[3]". Without this partial route, timing analysis to/from this port will not be accurate, and no routing information for this port can be exported.
WARNING: [Route 35-198] Port "rgnET_175[0]" does not have an associated HD.PARTPIN_LOCS, which will prevent the partial routing of the signal "rgnET_175[0]". Without this partial route, timing analysis to/from this port will not be accurate, and no routing information for this port can be exported.
WARNING: [Route 35-198] Port "rgnET_175[2]" does not have an associated HD.PARTPIN_LOCS, which will prevent the partial routing of the signal "rgnET_175[2]". Without this partial route, timing analysis to/from this port will not be accurate, and no routing information for this port can be exported.
WARNING: [Route 35-198] Port "rgnET_175[1]" does not have an associated HD.PARTPIN_LOCS, which will prevent the partial routing of the signal "rgnET_175[1]". Without this partial route, timing analysis to/from this port will not be accurate, and no routing information for this port can be exported.
WARNING: [Route 35-198] Port "rgnET_175[8]" does not have an associated HD.PARTPIN_LOCS, which will prevent the partial routing of the signal "rgnET_175[8]". Without this partial route, timing analysis to/from this port will not be accurate, and no routing information for this port can be exported.
WARNING: [Route 35-198] Port "rgnET_175[7]" does not have an associated HD.PARTPIN_LOCS, which will prevent the partial routing of the signal "rgnET_175[7]". Without this partial route, timing analysis to/from this port will not be accurate, and no routing information for this port can be exported.
WARNING: [Route 35-198] Port "rgnET_175[6]" does not have an associated HD.PARTPIN_LOCS, which will prevent the partial routing of the signal "rgnET_175[6]". Without this partial route, timing analysis to/from this port will not be accurate, and no routing information for this port can be exported.
WARNING: [Route 35-198] Port "rgnET_175[5]" does not have an associated HD.PARTPIN_LOCS, which will prevent the partial routing of the signal "rgnET_175[5]". Without this partial route, timing analysis to/from this port will not be accurate, and no routing information for this port can be exported.
WARNING: [Route 35-198] Port "rgnET_175[12]" does not have an associated HD.PARTPIN_LOCS, which will prevent the partial routing of the signal "rgnET_175[12]". Without this partial route, timing analysis to/from this port will not be accurate, and no routing information for this port can be exported.
WARNING: [Route 35-198] Port "rgnET_175[11]" does not have an associated HD.PARTPIN_LOCS, which will prevent the partial routing of the signal "rgnET_175[11]". Without this partial route, timing analysis to/from this port will not be accurate, and no routing information for this port can be exported.
WARNING: [Route 35-198] Port "rgnET_175[10]" does not have an associated HD.PARTPIN_LOCS, which will prevent the partial routing of the signal "rgnET_175[10]". Without this partial route, timing analysis to/from this port will not be accurate, and no routing information for this port can be exported.
WARNING: [Route 35-198] Port "rgnET_175[9]" does not have an associated HD.PARTPIN_LOCS, which will prevent the partial routing of the signal "rgnET_175[9]". Without this partial route, timing analysis to/from this port will not be accurate, and no routing information for this port can be exported.
WARNING: [Route 35-198] Port "rgnET_175[15]" does not have an associated HD.PARTPIN_LOCS, which will prevent the partial routing of the signal "rgnET_175[15]". Without this partial route, timing analysis to/from this port will not be accurate, and no routing information for this port can be exported.
WARNING: [Route 35-198] Port "rgnET_175[14]" does not have an associated HD.PARTPIN_LOCS, which will prevent the partial routing of the signal "rgnET_175[14]". Without this partial route, timing analysis to/from this port will not be accurate, and no routing information for this port can be exported.
WARNING: [Route 35-198] Port "rgnET_175[13]" does not have an associated HD.PARTPIN_LOCS, which will prevent the partial routing of the signal "rgnET_175[13]". Without this partial route, timing analysis to/from this port will not be accurate, and no routing information for this port can be exported.
WARNING: [Route 35-198] Port "rgnET_132[0]" does not have an associated HD.PARTPIN_LOCS, which will prevent the partial routing of the signal "rgnET_132[0]". Without this partial route, timing analysis to/from this port will not be accurate, and no routing information for this port can be exported.
WARNING: [Route 35-198] Port "rgnET_81[2]" does not have an associated HD.PARTPIN_LOCS, which will prevent the partial routing of the signal "rgnET_81[2]". Without this partial route, timing analysis to/from this port will not be accurate, and no routing information for this port can be exported.
WARNING: [Route 35-198] Port "rgnET_39[2]" does not have an associated HD.PARTPIN_LOCS, which will prevent the partial routing of the signal "rgnET_39[2]". Without this partial route, timing analysis to/from this port will not be accurate, and no routing information for this port can be exported.
WARNING: [Route 35-198] Port "rgnET_123[2]" does not have an associated HD.PARTPIN_LOCS, which will prevent the partial routing of the signal "rgnET_123[2]". Without this partial route, timing analysis to/from this port will not be accurate, and no routing information for this port can be exported.
WARNING: [Route 35-198] Port "rgnET_207[2]" does not have an associated HD.PARTPIN_LOCS, which will prevent the partial routing of the signal "rgnET_207[2]". Without this partial route, timing analysis to/from this port will not be accurate, and no routing information for this port can be exported.
WARNING: [Route 35-198] Port "rgnET_165[2]" does not have an associated HD.PARTPIN_LOCS, which will prevent the partial routing of the signal "rgnET_165[2]". Without this partial route, timing analysis to/from this port will not be accurate, and no routing information for this port can be exported.
WARNING: [Route 35-198] Port "rgnET_249[2]" does not have an associated HD.PARTPIN_LOCS, which will prevent the partial routing of the signal "rgnET_249[2]". Without this partial route, timing analysis to/from this port will not be accurate, and no routing information for this port can be exported.
WARNING: [Route 35-198] Port "rgnET_81[5]" does not have an associated HD.PARTPIN_LOCS, which will prevent the partial routing of the signal "rgnET_81[5]". Without this partial route, timing analysis to/from this port will not be accurate, and no routing information for this port can be exported.
WARNING: [Route 35-198] Port "rgnET_39[5]" does not have an associated HD.PARTPIN_LOCS, which will prevent the partial routing of the signal "rgnET_39[5]". Without this partial route, timing analysis to/from this port will not be accurate, and no routing information for this port can be exported.
WARNING: [Route 35-198] Port "rgnET_123[5]" does not have an associated HD.PARTPIN_LOCS, which will prevent the partial routing of the signal "rgnET_123[5]". Without this partial route, timing analysis to/from this port will not be accurate, and no routing information for this port can be exported.
WARNING: [Route 35-198] Port "rgnET_207[5]" does not have an associated HD.PARTPIN_LOCS, which will prevent the partial routing of the signal "rgnET_207[5]". Without this partial route, timing analysis to/from this port will not be accurate, and no routing information for this port can be exported.
WARNING: [Route 35-198] Port "rgnET_165[5]" does not have an associated HD.PARTPIN_LOCS, which will prevent the partial routing of the signal "rgnET_165[5]". Without this partial route, timing analysis to/from this port will not be accurate, and no routing information for this port can be exported.
WARNING: [Route 35-198] Port "rgnET_249[5]" does not have an associated HD.PARTPIN_LOCS, which will prevent the partial routing of the signal "rgnET_249[5]". Without this partial route, timing analysis to/from this port will not be accurate, and no routing information for this port can be exported.
WARNING: [Route 35-198] Port "rgnET_81[7]" does not have an associated HD.PARTPIN_LOCS, which will prevent the partial routing of the signal "rgnET_81[7]". Without this partial route, timing analysis to/from this port will not be accurate, and no routing information for this port can be exported.
WARNING: [Route 35-198] Port "rgnET_39[7]" does not have an associated HD.PARTPIN_LOCS, which will prevent the partial routing of the signal "rgnET_39[7]". Without this partial route, timing analysis to/from this port will not be accurate, and no routing information for this port can be exported.
WARNING: [Route 35-198] Port "rgnET_123[7]" does not have an associated HD.PARTPIN_LOCS, which will prevent the partial routing of the signal "rgnET_123[7]". Without this partial route, timing analysis to/from this port will not be accurate, and no routing information for this port can be exported.
WARNING: [Route 35-198] Port "rgnET_207[7]" does not have an associated HD.PARTPIN_LOCS, which will prevent the partial routing of the signal "rgnET_207[7]". Without this partial route, timing analysis to/from this port will not be accurate, and no routing information for this port can be exported.
WARNING: [Route 35-198] Port "rgnET_165[7]" does not have an associated HD.PARTPIN_LOCS, which will prevent the partial routing of the signal "rgnET_165[7]". Without this partial route, timing analysis to/from this port will not be accurate, and no routing information for this port can be exported.
WARNING: [Route 35-198] Port "rgnET_249[7]" does not have an associated HD.PARTPIN_LOCS, which will prevent the partial routing of the signal "rgnET_249[7]". Without this partial route, timing analysis to/from this port will not be accurate, and no routing information for this port can be exported.
WARNING: [Route 35-198] Port "rgnET_130[5]" does not have an associated HD.PARTPIN_LOCS, which will prevent the partial routing of the signal "rgnET_130[5]". Without this partial route, timing analysis to/from this port will not be accurate, and no routing information for this port can be exported.
WARNING: [Route 35-198] Port "rgnET_130[4]" does not have an associated HD.PARTPIN_LOCS, which will prevent the partial routing of the signal "rgnET_130[4]". Without this partial route, timing analysis to/from this port will not be accurate, and no routing information for this port can be exported.
WARNING: [Route 35-198] Port "rgnET_130[3]" does not have an associated HD.PARTPIN_LOCS, which will prevent the partial routing of the signal "rgnET_130[3]". Without this partial route, timing analysis to/from this port will not be accurate, and no routing information for this port can be exported.
WARNING: [Route 35-198] Port "rgnET_130[2]" does not have an associated HD.PARTPIN_LOCS, which will prevent the partial routing of the signal "rgnET_130[2]". Without this partial route, timing analysis to/from this port will not be accurate, and no routing information for this port can be exported.
WARNING: [Route 35-198] Port "rgnET_130[6]" does not have an associated HD.PARTPIN_LOCS, which will prevent the partial routing of the signal "rgnET_130[6]". Without this partial route, timing analysis to/from this port will not be accurate, and no routing information for this port can be exported.
WARNING: [Route 35-198] Port "rgnET_130[9]" does not have an associated HD.PARTPIN_LOCS, which will prevent the partial routing of the signal "rgnET_130[9]". Without this partial route, timing analysis to/from this port will not be accurate, and no routing information for this port can be exported.
WARNING: [Route 35-198] Port "rgnET_130[8]" does not have an associated HD.PARTPIN_LOCS, which will prevent the partial routing of the signal "rgnET_130[8]". Without this partial route, timing analysis to/from this port will not be accurate, and no routing information for this port can be exported.
WARNING: [Route 35-198] Port "rgnET_130[7]" does not have an associated HD.PARTPIN_LOCS, which will prevent the partial routing of the signal "rgnET_130[7]". Without this partial route, timing analysis to/from this port will not be accurate, and no routing information for this port can be exported.
WARNING: [Route 35-198] Port "rgnET_130[13]" does not have an associated HD.PARTPIN_LOCS, which will prevent the partial routing of the signal "rgnET_130[13]". Without this partial route, timing analysis to/from this port will not be accurate, and no routing information for this port can be exported.
WARNING: [Route 35-198] Port "rgnET_130[12]" does not have an associated HD.PARTPIN_LOCS, which will prevent the partial routing of the signal "rgnET_130[12]". Without this partial route, timing analysis to/from this port will not be accurate, and no routing information for this port can be exported.
WARNING: [Route 35-198] Port "rgnET_130[11]" does not have an associated HD.PARTPIN_LOCS, which will prevent the partial routing of the signal "rgnET_130[11]". Without this partial route, timing analysis to/from this port will not be accurate, and no routing information for this port can be exported.
WARNING: [Route 35-198] Port "rgnET_130[10]" does not have an associated HD.PARTPIN_LOCS, which will prevent the partial routing of the signal "rgnET_130[10]". Without this partial route, timing analysis to/from this port will not be accurate, and no routing information for this port can be exported.
WARNING: [Route 35-198] Port "rgnET_130[15]" does not have an associated HD.PARTPIN_LOCS, which will prevent the partial routing of the signal "rgnET_130[15]". Without this partial route, timing analysis to/from this port will not be accurate, and no routing information for this port can be exported.
WARNING: [Route 35-198] Port "rgnET_130[14]" does not have an associated HD.PARTPIN_LOCS, which will prevent the partial routing of the signal "rgnET_130[14]". Without this partial route, timing analysis to/from this port will not be accurate, and no routing information for this port can be exported.
WARNING: [Route 35-198] Port "rgnET_124[8]" does not have an associated HD.PARTPIN_LOCS, which will prevent the partial routing of the signal "rgnET_124[8]". Without this partial route, timing analysis to/from this port will not be accurate, and no routing information for this port can be exported.
WARNING: [Route 35-198] Port "rgnET_208[8]" does not have an associated HD.PARTPIN_LOCS, which will prevent the partial routing of the signal "rgnET_208[8]". Without this partial route, timing analysis to/from this port will not be accurate, and no routing information for this port can be exported.
WARNING: [Route 35-198] Port "rgnET_166[8]" does not have an associated HD.PARTPIN_LOCS, which will prevent the partial routing of the signal "rgnET_166[8]". Without this partial route, timing analysis to/from this port will not be accurate, and no routing information for this port can be exported.
WARNING: [Route 35-198] Port "rgnET_250[8]" does not have an associated HD.PARTPIN_LOCS, which will prevent the partial routing of the signal "rgnET_250[8]". Without this partial route, timing analysis to/from this port will not be accurate, and no routing information for this port can be exported.
WARNING: [Route 35-198] Port "rgnET_40[8]" does not have an associated HD.PARTPIN_LOCS, which will prevent the partial routing of the signal "rgnET_40[8]". Without this partial route, timing analysis to/from this port will not be accurate, and no routing information for this port can be exported.
WARNING: [Route 35-198] Port "rgnET_82[8]" does not have an associated HD.PARTPIN_LOCS, which will prevent the partial routing of the signal "rgnET_82[8]". Without this partial route, timing analysis to/from this port will not be accurate, and no routing information for this port can be exported.
WARNING: [Route 35-198] Port "rgnET_124[6]" does not have an associated HD.PARTPIN_LOCS, which will prevent the partial routing of the signal "rgnET_124[6]". Without this partial route, timing analysis to/from this port will not be accurate, and no routing information for this port can be exported.
WARNING: [Route 35-198] Port "rgnET_208[6]" does not have an associated HD.PARTPIN_LOCS, which will prevent the partial routing of the signal "rgnET_208[6]". Without this partial route, timing analysis to/from this port will not be accurate, and no routing information for this port can be exported.
WARNING: [Route 35-198] Port "rgnET_166[6]" does not have an associated HD.PARTPIN_LOCS, which will prevent the partial routing of the signal "rgnET_166[6]". Without this partial route, timing analysis to/from this port will not be accurate, and no routing information for this port can be exported.
WARNING: [Route 35-198] Port "rgnET_250[6]" does not have an associated HD.PARTPIN_LOCS, which will prevent the partial routing of the signal "rgnET_250[6]". Without this partial route, timing analysis to/from this port will not be accurate, and no routing information for this port can be exported.
WARNING: [Route 35-198] Port "rgnET_40[6]" does not have an associated HD.PARTPIN_LOCS, which will prevent the partial routing of the signal "rgnET_40[6]". Without this partial route, timing analysis to/from this port will not be accurate, and no routing information for this port can be exported.
WARNING: [Route 35-198] Port "rgnET_82[6]" does not have an associated HD.PARTPIN_LOCS, which will prevent the partial routing of the signal "rgnET_82[6]". Without this partial route, timing analysis to/from this port will not be accurate, and no routing information for this port can be exported.
WARNING: [Route 35-198] Port "rgnET_169[2]" does not have an associated HD.PARTPIN_LOCS, which will prevent the partial routing of the signal "rgnET_169[2]". Without this partial route, timing analysis to/from this port will not be accurate, and no routing information for this port can be exported.
WARNING: [Route 35-198] Port "rgnET_169[1]" does not have an associated HD.PARTPIN_LOCS, which will prevent the partial routing of the signal "rgnET_169[1]". Without this partial route, timing analysis to/from this port will not be accurate, and no routing information for this port can be exported.
WARNING: [Route 35-198] Port "rgnET_169[3]" does not have an associated HD.PARTPIN_LOCS, which will prevent the partial routing of the signal "rgnET_169[3]". Without this partial route, timing analysis to/from this port will not be accurate, and no routing information for this port can be exported.
WARNING: [Route 35-198] Port "rgnET_169[0]" does not have an associated HD.PARTPIN_LOCS, which will prevent the partial routing of the signal "rgnET_169[0]". Without this partial route, timing analysis to/from this port will not be accurate, and no routing information for this port can be exported.
WARNING: [Route 35-198] Port "rgnET_169[7]" does not have an associated HD.PARTPIN_LOCS, which will prevent the partial routing of the signal "rgnET_169[7]". Without this partial route, timing analysis to/from this port will not be accurate, and no routing information for this port can be exported.
WARNING: [Route 35-198] Port "rgnET_169[6]" does not have an associated HD.PARTPIN_LOCS, which will prevent the partial routing of the signal "rgnET_169[6]". Without this partial route, timing analysis to/from this port will not be accurate, and no routing information for this port can be exported.
WARNING: [Route 35-198] Port "rgnET_169[5]" does not have an associated HD.PARTPIN_LOCS, which will prevent the partial routing of the signal "rgnET_169[5]". Without this partial route, timing analysis to/from this port will not be accurate, and no routing information for this port can be exported.
WARNING: [Route 35-198] Port "rgnET_169[4]" does not have an associated HD.PARTPIN_LOCS, which will prevent the partial routing of the signal "rgnET_169[4]". Without this partial route, timing analysis to/from this port will not be accurate, and no routing information for this port can be exported.
WARNING: [Route 35-198] Port "rgnET_169[11]" does not have an associated HD.PARTPIN_LOCS, which will prevent the partial routing of the signal "rgnET_169[11]". Without this partial route, timing analysis to/from this port will not be accurate, and no routing information for this port can be exported.
WARNING: [Route 35-198] Port "rgnET_169[10]" does not have an associated HD.PARTPIN_LOCS, which will prevent the partial routing of the signal "rgnET_169[10]". Without this partial route, timing analysis to/from this port will not be accurate, and no routing information for this port can be exported.
WARNING: [Route 35-198] Port "rgnET_169[9]" does not have an associated HD.PARTPIN_LOCS, which will prevent the partial routing of the signal "rgnET_169[9]". Without this partial route, timing analysis to/from this port will not be accurate, and no routing information for this port can be exported.
WARNING: [Route 35-198] Port "rgnET_169[8]" does not have an associated HD.PARTPIN_LOCS, which will prevent the partial routing of the signal "rgnET_169[8]". Without this partial route, timing analysis to/from this port will not be accurate, and no routing information for this port can be exported.
WARNING: [Route 35-198] Port "rgnET_169[12]" does not have an associated HD.PARTPIN_LOCS, which will prevent the partial routing of the signal "rgnET_169[12]". Without this partial route, timing analysis to/from this port will not be accurate, and no routing information for this port can be exported.
WARNING: [Route 35-198] Port "rgnET_169[15]" does not have an associated HD.PARTPIN_LOCS, which will prevent the partial routing of the signal "rgnET_169[15]". Without this partial route, timing analysis to/from this port will not be accurate, and no routing information for this port can be exported.
WARNING: [Route 35-198] Port "rgnET_169[14]" does not have an associated HD.PARTPIN_LOCS, which will prevent the partial routing of the signal "rgnET_169[14]". Without this partial route, timing analysis to/from this port will not be accurate, and no routing information for this port can be exported.
WARNING: [Route 35-198] Port "rgnET_169[13]" does not have an associated HD.PARTPIN_LOCS, which will prevent the partial routing of the signal "rgnET_169[13]". Without this partial route, timing analysis to/from this port will not be accurate, and no routing information for this port can be exported.
WARNING: [Route 35-198] Port "rgnET_207[0]" does not have an associated HD.PARTPIN_LOCS, which will prevent the partial routing of the signal "rgnET_207[0]". Without this partial route, timing analysis to/from this port will not be accurate, and no routing information for this port can be exported.
WARNING: [Route 35-198] Port "rgnET_207[4]" does not have an associated HD.PARTPIN_LOCS, which will prevent the partial routing of the signal "rgnET_207[4]". Without this partial route, timing analysis to/from this port will not be accurate, and no routing information for this port can be exported.
WARNING: [Route 35-198] Port "rgnET_207[3]" does not have an associated HD.PARTPIN_LOCS, which will prevent the partial routing of the signal "rgnET_207[3]". Without this partial route, timing analysis to/from this port will not be accurate, and no routing information for this port can be exported.
WARNING: [Route 35-198] Port "rgnET_207[1]" does not have an associated HD.PARTPIN_LOCS, which will prevent the partial routing of the signal "rgnET_207[1]". Without this partial route, timing analysis to/from this port will not be accurate, and no routing information for this port can be exported.
WARNING: [Route 35-198] Port "rgnET_207[8]" does not have an associated HD.PARTPIN_LOCS, which will prevent the partial routing of the signal "rgnET_207[8]". Without this partial route, timing analysis to/from this port will not be accurate, and no routing information for this port can be exported.
WARNING: [Route 35-198] Port "rgnET_207[6]" does not have an associated HD.PARTPIN_LOCS, which will prevent the partial routing of the signal "rgnET_207[6]". Without this partial route, timing analysis to/from this port will not be accurate, and no routing information for this port can be exported.
WARNING: [Route 35-198] Port "rgnET_207[12]" does not have an associated HD.PARTPIN_LOCS, which will prevent the partial routing of the signal "rgnET_207[12]". Without this partial route, timing analysis to/from this port will not be accurate, and no routing information for this port can be exported.
WARNING: [Route 35-198] Port "rgnET_207[11]" does not have an associated HD.PARTPIN_LOCS, which will prevent the partial routing of the signal "rgnET_207[11]". Without this partial route, timing analysis to/from this port will not be accurate, and no routing information for this port can be exported.
WARNING: [Route 35-198] Port "rgnET_207[10]" does not have an associated HD.PARTPIN_LOCS, which will prevent the partial routing of the signal "rgnET_207[10]". Without this partial route, timing analysis to/from this port will not be accurate, and no routing information for this port can be exported.
WARNING: [Route 35-198] Port "rgnET_207[9]" does not have an associated HD.PARTPIN_LOCS, which will prevent the partial routing of the signal "rgnET_207[9]". Without this partial route, timing analysis to/from this port will not be accurate, and no routing information for this port can be exported.
WARNING: [Route 35-198] Port "rgnET_207[15]" does not have an associated HD.PARTPIN_LOCS, which will prevent the partial routing of the signal "rgnET_207[15]". Without this partial route, timing analysis to/from this port will not be accurate, and no routing information for this port can be exported.
WARNING: [Route 35-198] Port "rgnET_207[14]" does not have an associated HD.PARTPIN_LOCS, which will prevent the partial routing of the signal "rgnET_207[14]". Without this partial route, timing analysis to/from this port will not be accurate, and no routing information for this port can be exported.
WARNING: [Route 35-198] Port "rgnET_207[13]" does not have an associated HD.PARTPIN_LOCS, which will prevent the partial routing of the signal "rgnET_207[13]". Without this partial route, timing analysis to/from this port will not be accurate, and no routing information for this port can be exported.
WARNING: [Route 35-198] Port "rgnET_166[0]" does not have an associated HD.PARTPIN_LOCS, which will prevent the partial routing of the signal "rgnET_166[0]". Without this partial route, timing analysis to/from this port will not be accurate, and no routing information for this port can be exported.
WARNING: [Route 35-198] Port "rgnET_208[4]" does not have an associated HD.PARTPIN_LOCS, which will prevent the partial routing of the signal "rgnET_208[4]". Without this partial route, timing analysis to/from this port will not be accurate, and no routing information for this port can be exported.
WARNING: [Route 35-198] Port "rgnET_208[3]" does not have an associated HD.PARTPIN_LOCS, which will prevent the partial routing of the signal "rgnET_208[3]". Without this partial route, timing analysis to/from this port will not be accurate, and no routing information for this port can be exported.
WARNING: [Route 35-198] Port "rgnET_208[1]" does not have an associated HD.PARTPIN_LOCS, which will prevent the partial routing of the signal "rgnET_208[1]". Without this partial route, timing analysis to/from this port will not be accurate, and no routing information for this port can be exported.
WARNING: [Route 35-198] Port "rgnET_208[0]" does not have an associated HD.PARTPIN_LOCS, which will prevent the partial routing of the signal "rgnET_208[0]". Without this partial route, timing analysis to/from this port will not be accurate, and no routing information for this port can be exported.
WARNING: [Route 35-198] Port "rgnET_208[2]" does not have an associated HD.PARTPIN_LOCS, which will prevent the partial routing of the signal "rgnET_208[2]". Without this partial route, timing analysis to/from this port will not be accurate, and no routing information for this port can be exported.
WARNING: [Route 35-198] Port "rgnET_208[7]" does not have an associated HD.PARTPIN_LOCS, which will prevent the partial routing of the signal "rgnET_208[7]". Without this partial route, timing analysis to/from this port will not be accurate, and no routing information for this port can be exported.
WARNING: [Route 35-198] Port "rgnET_208[5]" does not have an associated HD.PARTPIN_LOCS, which will prevent the partial routing of the signal "rgnET_208[5]". Without this partial route, timing analysis to/from this port will not be accurate, and no routing information for this port can be exported.
WARNING: [Route 35-198] Port "rgnET_208[12]" does not have an associated HD.PARTPIN_LOCS, which will prevent the partial routing of the signal "rgnET_208[12]". Without this partial route, timing analysis to/from this port will not be accurate, and no routing information for this port can be exported.
INFO: [Common 17-14] Message 'Route 35-198' appears 100 times and further instances of the messages will be disabled. Use the Tcl command set_msg_config to change the current settings.
Phase 1 Build RT Design | Checksum: e123b513

Time (s): cpu = 00:00:52 ; elapsed = 00:00:27 . Memory (MB): peak = 2945.508 ; gain = 270.090 ; free physical = 224 ; free virtual = 31732

Phase 2 Router Initialization

Phase 2.1 Create Timer
Phase 2.1 Create Timer | Checksum: e123b513

Time (s): cpu = 00:00:52 ; elapsed = 00:00:27 . Memory (MB): peak = 2945.508 ; gain = 270.090 ; free physical = 224 ; free virtual = 31732

Phase 2.2 Fix Topology Constraints
Phase 2.2 Fix Topology Constraints | Checksum: e123b513

Time (s): cpu = 00:00:52 ; elapsed = 00:00:28 . Memory (MB): peak = 2945.508 ; gain = 270.090 ; free physical = 230 ; free virtual = 31701

Phase 2.3 Pre Route Cleanup
Phase 2.3 Pre Route Cleanup | Checksum: e123b513

Time (s): cpu = 00:00:52 ; elapsed = 00:00:28 . Memory (MB): peak = 2945.508 ; gain = 270.090 ; free physical = 230 ; free virtual = 31701
 Number of Nodes with overlaps = 0

Phase 2.4 Update Timing
Phase 2.4 Update Timing | Checksum: 1794a6947

Time (s): cpu = 00:01:04 ; elapsed = 00:00:32 . Memory (MB): peak = 2984.070 ; gain = 308.652 ; free physical = 224 ; free virtual = 31653
INFO: [Route 35-416] Intermediate Timing Summary | WNS=3.477  | TNS=0.000  | WHS=-0.243 | THS=-343.859|

Phase 2 Router Initialization | Checksum: 1dec2692f

Time (s): cpu = 00:01:08 ; elapsed = 00:00:32 . Memory (MB): peak = 2984.070 ; gain = 308.652 ; free physical = 226 ; free virtual = 31655

Phase 3 Initial Routing
Phase 3 Initial Routing | Checksum: 13288f46b

Time (s): cpu = 00:01:23 ; elapsed = 00:00:35 . Memory (MB): peak = 2990.363 ; gain = 314.945 ; free physical = 276 ; free virtual = 31628

Phase 4 Rip-up And Reroute

Phase 4.1 Global Iteration 0
 Number of Nodes with overlaps = 1612
 Number of Nodes with overlaps = 110
 Number of Nodes with overlaps = 0

Phase 4.1.1 Update Timing
Phase 4.1.1 Update Timing | Checksum: 213beea74

Time (s): cpu = 00:01:47 ; elapsed = 00:00:39 . Memory (MB): peak = 2990.363 ; gain = 314.945 ; free physical = 275 ; free virtual = 31626
INFO: [Route 35-416] Intermediate Timing Summary | WNS=0.971  | TNS=0.000  | WHS=N/A    | THS=N/A    |

Phase 4.1 Global Iteration 0 | Checksum: 168aa2c93

Time (s): cpu = 00:01:48 ; elapsed = 00:00:39 . Memory (MB): peak = 2990.363 ; gain = 314.945 ; free physical = 275 ; free virtual = 31626
Phase 4 Rip-up And Reroute | Checksum: 168aa2c93

Time (s): cpu = 00:01:48 ; elapsed = 00:00:39 . Memory (MB): peak = 2990.363 ; gain = 314.945 ; free physical = 275 ; free virtual = 31626

Phase 5 Delay and Skew Optimization

Phase 5.1 Delay CleanUp

Phase 5.1.1 Update Timing
Phase 5.1.1 Update Timing | Checksum: 12cae03b3

Time (s): cpu = 00:01:49 ; elapsed = 00:00:40 . Memory (MB): peak = 2990.363 ; gain = 314.945 ; free physical = 275 ; free virtual = 31626
INFO: [Route 35-416] Intermediate Timing Summary | WNS=0.971  | TNS=0.000  | WHS=N/A    | THS=N/A    |

Phase 5.1 Delay CleanUp | Checksum: 12cae03b3

Time (s): cpu = 00:01:49 ; elapsed = 00:00:40 . Memory (MB): peak = 2990.363 ; gain = 314.945 ; free physical = 275 ; free virtual = 31626

Phase 5.2 Clock Skew Optimization
Phase 5.2 Clock Skew Optimization | Checksum: 12cae03b3

Time (s): cpu = 00:01:49 ; elapsed = 00:00:40 . Memory (MB): peak = 2990.363 ; gain = 314.945 ; free physical = 275 ; free virtual = 31626
Phase 5 Delay and Skew Optimization | Checksum: 12cae03b3

Time (s): cpu = 00:01:49 ; elapsed = 00:00:40 . Memory (MB): peak = 2990.363 ; gain = 314.945 ; free physical = 275 ; free virtual = 31626

Phase 6 Post Hold Fix

Phase 6.1 Hold Fix Iter

Phase 6.1.1 Update Timing
Phase 6.1.1 Update Timing | Checksum: e129509a

Time (s): cpu = 00:01:51 ; elapsed = 00:00:40 . Memory (MB): peak = 2990.363 ; gain = 314.945 ; free physical = 275 ; free virtual = 31626
INFO: [Route 35-416] Intermediate Timing Summary | WNS=0.971  | TNS=0.000  | WHS=0.021  | THS=0.000  |

Phase 6.1 Hold Fix Iter | Checksum: 131b666df

Time (s): cpu = 00:01:51 ; elapsed = 00:00:40 . Memory (MB): peak = 2990.363 ; gain = 314.945 ; free physical = 275 ; free virtual = 31626
Phase 6 Post Hold Fix | Checksum: 131b666df

Time (s): cpu = 00:01:51 ; elapsed = 00:00:40 . Memory (MB): peak = 2990.363 ; gain = 314.945 ; free physical = 275 ; free virtual = 31626

Phase 7 Route finalize

Router Utilization Summary
  Global Vertical Routing Utilization    = 0.527039 %
  Global Horizontal Routing Utilization  = 0.628067 %
  Routable Net Status*
  *Does not include unroutable nets such as driverless and loadless.
  Run report_route_status for detailed report.
  Number of Failed Nets               = 0
  Number of Unrouted Nets             = 0
  Number of Partially Routed Nets     = 0
  Number of Node Overlaps             = 0

Phase 7 Route finalize | Checksum: 16c525188

Time (s): cpu = 00:01:53 ; elapsed = 00:00:41 . Memory (MB): peak = 2990.363 ; gain = 314.945 ; free physical = 275 ; free virtual = 31626

Phase 8 Verifying routed nets

 Verification completed successfully
Phase 8 Verifying routed nets | Checksum: 16c525188

Time (s): cpu = 00:01:53 ; elapsed = 00:00:41 . Memory (MB): peak = 2990.363 ; gain = 314.945 ; free physical = 275 ; free virtual = 31626

Phase 9 Depositing Routes
Phase 9 Depositing Routes | Checksum: 13701ac87

Time (s): cpu = 00:01:54 ; elapsed = 00:00:42 . Memory (MB): peak = 2990.363 ; gain = 314.945 ; free physical = 275 ; free virtual = 31626

Phase 10 Post Router Timing
INFO: [Route 35-57] Estimated Timing Summary | WNS=0.971  | TNS=0.000  | WHS=0.021  | THS=0.000  |

INFO: [Route 35-327] The final timing numbers are based on the router estimated timing analysis. For a complete and accurate timing signoff, please run report_timing_summary.
Phase 10 Post Router Timing | Checksum: 13701ac87

Time (s): cpu = 00:01:54 ; elapsed = 00:00:42 . Memory (MB): peak = 2990.363 ; gain = 314.945 ; free physical = 275 ; free virtual = 31626
INFO: [Route 35-16] Router Completed Successfully

Time (s): cpu = 00:01:55 ; elapsed = 00:00:42 . Memory (MB): peak = 2990.363 ; gain = 314.945 ; free physical = 275 ; free virtual = 31626

Routing Is Done.
INFO: [Common 17-83] Releasing license: Implementation
70 Infos, 101 Warnings, 0 Critical Warnings and 0 Errors encountered.
route_design completed successfully
route_design: Time (s): cpu = 00:02:00 ; elapsed = 00:00:44 . Memory (MB): peak = 2990.363 ; gain = 314.945 ; free physical = 275 ; free virtual = 31626
Writing placer database...
Writing XDEF routing.
Writing XDEF routing logical nets.
Writing XDEF routing special nets.
Write XDEF Complete: Time (s): cpu = 00:00:04 ; elapsed = 00:00:02 . Memory (MB): peak = 3020.375 ; gain = 0.000 ; free physical = 230 ; free virtual = 31626
INFO: [Common 17-1381] The checkpoint '/afs/cern.ch/user/p/psiddire/CMSSW_10_2_2/src/VivadoHLSProjects/HT/MakeHT/solution1/impl/vhdl/project.runs/impl_1/MakeHT_routed.dcp' has been generated.
write_checkpoint: Time (s): cpu = 00:00:07 ; elapsed = 00:00:05 . Memory (MB): peak = 3020.379 ; gain = 30.016 ; free physical = 289 ; free virtual = 31624
INFO: [DRC 23-27] Running DRC with 8 threads
INFO: [Coretcl 2-168] The results of DRC are in file /afs/cern.ch/user/p/psiddire/CMSSW_10_2_2/src/VivadoHLSProjects/HT/MakeHT/solution1/impl/vhdl/project.runs/impl_1/MakeHT_drc_routed.rpt.
INFO: [Timing 38-35] Done setting XDC timing constraints.
INFO: [DRC 23-133] Running Methodology with 8 threads
INFO: [Coretcl 2-1520] The results of Report Methodology are in file /afs/cern.ch/user/p/psiddire/CMSSW_10_2_2/src/VivadoHLSProjects/HT/MakeHT/solution1/impl/vhdl/project.runs/impl_1/MakeHT_methodology_drc_routed.rpt.
INFO: [Timing 38-35] Done setting XDC timing constraints.
INFO: [Timing 38-91] UpdateTimingParams: Speed grade: -2, Delay Type: min_max.
INFO: [Timing 38-191] Multithreading enabled for timing update using a maximum of 8 CPUs
INFO: [Timing 38-35] Done setting XDC timing constraints.
Command: report_power -file MakeHT_power_routed.rpt -pb MakeHT_power_summary_routed.pb -rpx MakeHT_power_routed.rpx
Running Vector-less Activity Propagation...

Finished Running Vector-less Activity Propagation
80 Infos, 101 Warnings, 0 Critical Warnings and 0 Errors encountered.
report_power completed successfully
INFO: [Common 17-206] Exiting Vivado at Tue Aug 21 12:42:34 2018...
