

================================================================
== Vivado HLS Report for 'bitonic16'
================================================================
* Date:           Mon Aug 20 17:22:27 2018

* Version:        2016.4 (Build 1733598 on Wed Dec 14 22:59:20 MST 2016)
* Project:        HCALTower
* Solution:       solution1
* Product family: virtex7
* Target device:  xc7vx690tffg1927-2


================================================================
== Performance Estimates
================================================================
+ Timing (ns): 
    * Summary: 
    +--------+-------+----------+------------+
    |  Clock | Target| Estimated| Uncertainty|
    +--------+-------+----------+------------+
    |ap_clk  |  10.00|      8.59|        1.25|
    +--------+-------+----------+------------+

+ Latency (clock cycles): 
    * Summary: 
    +-----+-----+-----+-----+----------+
    |  Latency  |  Interval | Pipeline |
    | min | max | min | max |   Type   |
    +-----+-----+-----+-----+----------+
    |    2|    2|    3|    3| function |
    +-----+-----+-----+-----+----------+

    + Detail: 
        * Instance: 
        +----------------------+-----------+-----+-----+-----+-----+----------+
        |                      |           |  Latency  |  Interval | Pipeline |
        |       Instance       |   Module  | min | max | min | max |   Type   |
        +----------------------+-----------+-----+-----+-----+-----+----------+
        |grp_bitonic32_fu_760  |bitonic32  |    1|    1|    2|    2| function |
        +----------------------+-----------+-----+-----+-----+-----+----------+

        * Loop: 
        N/A



================================================================
== Utilization Estimates
================================================================
* Summary: 
+-----------------+---------+-------+--------+--------+
|       Name      | BRAM_18K| DSP48E|   FF   |   LUT  |
+-----------------+---------+-------+--------+--------+
|DSP              |        -|      -|       -|       -|
|Expression       |        -|      -|       0|    5960|
|FIFO             |        -|      -|       -|       -|
|Instance         |        -|      -|    1103|    7219|
|Memory           |        -|      -|       -|       -|
|Multiplexer      |        -|      -|       -|       1|
|Register         |        -|      -|    1510|       -|
+-----------------+---------+-------+--------+--------+
|Total            |        0|      0|    2613|   13180|
+-----------------+---------+-------+--------+--------+
|Available        |     2940|   3600|  866400|  433200|
+-----------------+---------+-------+--------+--------+
|Utilization (%)  |        0|      0|   ~0   |       3|
+-----------------+---------+-------+--------+--------+

+ Detail: 
    * Instance: 
    +----------------------+-----------+---------+-------+------+------+
    |       Instance       |   Module  | BRAM_18K| DSP48E|  FF  |  LUT |
    +----------------------+-----------+---------+-------+------+------+
    |grp_bitonic32_fu_760  |bitonic32  |        0|      0|  1103|  7219|
    +----------------------+-----------+---------+-------+------+------+
    |Total                 |           |        0|      0|  1103|  7219|
    +----------------------+-----------+---------+-------+------+------+

    * DSP48: 
    N/A

    * Memory: 
    N/A

    * FIFO: 
    N/A

    * Expression: 
    +----------------------------------+----------+-------+---+----+------------+------------+
    |           Variable Name          | Operation| DSP48E| FF| LUT| Bitwidth P0| Bitwidth P1|
    +----------------------------------+----------+-------+---+----+------------+------------+
    |p_read24_read_fu_1308_p2          |    and   |      0|  0|   1|           1|           1|
    |p_read25_read_fu_1362_p2          |    and   |      0|  0|   1|           1|           1|
    |tmp_299_1_fu_914_p2               |   icmp   |      0|  0|   6|          16|          16|
    |tmp_299_2_fu_968_p2               |   icmp   |      0|  0|   6|          16|          16|
    |tmp_299_3_fu_1022_p2              |   icmp   |      0|  0|   6|          16|          16|
    |tmp_299_4_fu_1076_p2              |   icmp   |      0|  0|   6|          16|          16|
    |tmp_299_5_fu_1130_p2              |   icmp   |      0|  0|   6|          16|          16|
    |tmp_299_6_fu_1184_p2              |   icmp   |      0|  0|   6|          16|          16|
    |tmp_299_7_fu_1238_p2              |   icmp   |      0|  0|   6|          16|          16|
    |tmp_303_1_fu_1346_p2              |   icmp   |      0|  0|   6|          16|           1|
    |tmp_303_2_fu_1400_p2              |   icmp   |      0|  0|   6|          16|          16|
    |tmp_303_3_fu_1454_p2              |   icmp   |      0|  0|   6|          16|          16|
    |tmp_303_4_fu_1508_p2              |   icmp   |      0|  0|   6|          16|          16|
    |tmp_303_5_fu_1562_p2              |   icmp   |      0|  0|   6|          16|          16|
    |tmp_303_6_fu_1616_p2              |   icmp   |      0|  0|   6|          16|          16|
    |tmp_303_7_fu_1670_p2              |   icmp   |      0|  0|   6|          16|          16|
    |tmp_307_1_fu_1778_p2              |   icmp   |      0|  0|   6|          16|          16|
    |tmp_307_2_fu_1832_p2              |   icmp   |      0|  0|   6|          16|          16|
    |tmp_307_3_fu_1886_p2              |   icmp   |      0|  0|   6|          16|          16|
    |tmp_311_1_fu_1994_p2              |   icmp   |      0|  0|   6|          16|          16|
    |tmp_311_2_fu_2048_p2              |   icmp   |      0|  0|   6|          16|          16|
    |tmp_311_3_fu_2102_p2              |   icmp   |      0|  0|   6|          16|          16|
    |tmp_315_2_fu_2156_p2              |   icmp   |      0|  0|   6|          16|          16|
    |tmp_315_3_fu_2210_p2              |   icmp   |      0|  0|   6|          16|          16|
    |tmp_319_1_fu_2318_p2              |   icmp   |      0|  0|   6|          16|          16|
    |tmp_319_2_fu_2372_p2              |   icmp   |      0|  0|   6|          16|          16|
    |tmp_319_3_fu_2426_p2              |   icmp   |      0|  0|   6|          16|          16|
    |tmp_324_1_fu_2588_p2              |   icmp   |      0|  0|   6|          16|          16|
    |tmp_324_2_fu_2696_p2              |   icmp   |      0|  0|   6|          16|          16|
    |tmp_324_3_fu_2804_p2              |   icmp   |      0|  0|   6|          16|          16|
    |tmp_329_1_fu_2642_p2              |   icmp   |      0|  0|   6|          16|          16|
    |tmp_329_2_fu_2750_p2              |   icmp   |      0|  0|   6|          16|          16|
    |tmp_329_3_fu_2858_p2              |   icmp   |      0|  0|   6|          16|          16|
    |tmp_334_1_fu_2912_p2              |   icmp   |      0|  0|   6|          16|          16|
    |tmp_334_2_fu_3020_p2              |   icmp   |      0|  0|   6|          16|          16|
    |tmp_334_3_fu_3128_p2              |   icmp   |      0|  0|   6|          16|          16|
    |tmp_339_1_fu_2966_p2              |   icmp   |      0|  0|   6|          16|          16|
    |tmp_339_2_fu_3074_p2              |   icmp   |      0|  0|   6|          16|          16|
    |tmp_339_3_fu_3182_p2              |   icmp   |      0|  0|   6|          16|          16|
    |tmp_344_1_fu_3290_p2              |   icmp   |      0|  0|   6|          16|          16|
    |tmp_344_2_fu_3344_p2              |   icmp   |      0|  0|   6|          16|          16|
    |tmp_344_3_fu_3398_p2              |   icmp   |      0|  0|   6|          16|          16|
    |tmp_344_4_fu_3452_p2              |   icmp   |      0|  0|   6|          16|          16|
    |tmp_344_5_fu_3506_p2              |   icmp   |      0|  0|   6|          16|          16|
    |tmp_344_6_fu_3560_p2              |   icmp   |      0|  0|   6|          16|          16|
    |tmp_344_7_fu_3614_p2              |   icmp   |      0|  0|   6|          16|          16|
    |tmp_349_1_fu_3668_p2              |   icmp   |      0|  0|   6|          16|          16|
    |tmp_349_2_fu_3722_p2              |   icmp   |      0|  0|   6|          16|          16|
    |tmp_349_3_fu_3776_p2              |   icmp   |      0|  0|   6|          16|          16|
    |tmp_349_4_fu_3830_p2              |   icmp   |      0|  0|   6|          16|          16|
    |tmp_349_5_fu_3884_p2              |   icmp   |      0|  0|   6|          16|          16|
    |tmp_349_6_fu_3938_p2              |   icmp   |      0|  0|   6|          16|          16|
    |tmp_349_7_fu_3992_p2              |   icmp   |      0|  0|   6|          16|          16|
    |tmp_35_fu_1292_p2                 |   icmp   |      0|  0|   6|          16|           1|
    |tmp_36_fu_1724_p2                 |   icmp   |      0|  0|   6|          16|          16|
    |tmp_37_fu_1940_p2                 |   icmp   |      0|  0|   6|          16|          16|
    |tmp_38_fu_2264_p2                 |   icmp   |      0|  0|   6|          16|          16|
    |tmp_39_fu_2480_p2                 |   icmp   |      0|  0|   6|          16|          16|
    |tmp_40_fu_2534_p2                 |   icmp   |      0|  0|   6|          16|          16|
    |tmp_41_fu_3236_p2                 |   icmp   |      0|  0|   6|          16|          16|
    |tmp_s_fu_860_p2                   |   icmp   |      0|  0|   6|          16|          16|
    |ClusterDeposits10_0_s_fu_2062_p3  |  select  |      0|  0|  16|           1|          16|
    |ClusterDeposits10_1_s_fu_2702_p3  |  select  |      0|  0|  16|           1|          16|
    |ClusterDeposits10_2_s_fu_3520_p3  |  select  |      0|  0|  16|           1|          16|
    |ClusterDeposits11_0_s_fu_2116_p3  |  select  |      0|  0|  16|           1|          16|
    |ClusterDeposits11_1_s_fu_2756_p3  |  select  |      0|  0|  16|           1|          16|
    |ClusterDeposits11_2_s_fu_3512_p3  |  select  |      0|  0|  16|           1|          16|
    |ClusterDeposits1214_4_fu_2818_p3  |  select  |      0|  0|  16|           1|          16|
    |ClusterDeposits1214_5_fu_3574_p3  |  select  |      0|  0|  16|           1|          16|
    |ClusterDeposits1214_s_fu_1946_p3  |  select  |      0|  0|  16|           1|          16|
    |ClusterDeposits12_0_s_fu_1792_p3  |  select  |      0|  0|  16|           1|          16|
    |ClusterDeposits12_1_s_fu_2548_p3  |  select  |      0|  0|  16|           1|          16|
    |ClusterDeposits12_2_s_fu_3242_p3  |  select  |      0|  0|  16|           1|          16|
    |ClusterDeposits1316_4_fu_2872_p3  |  select  |      0|  0|  16|           1|          16|
    |ClusterDeposits1316_5_fu_3566_p3  |  select  |      0|  0|  16|           1|          16|
    |ClusterDeposits1316_s_fu_2000_p3  |  select  |      0|  0|  16|           1|          16|
    |ClusterDeposits14_0_s_fu_2054_p3  |  select  |      0|  0|  16|           1|          16|
    |ClusterDeposits14_1_s_fu_2810_p3  |  select  |      0|  0|  16|           1|          16|
    |ClusterDeposits14_2_s_fu_3628_p3  |  select  |      0|  0|  16|           1|          16|
    |ClusterDeposits15_0_s_fu_2108_p3  |  select  |      0|  0|  16|           1|          16|
    |ClusterDeposits15_1_s_fu_2864_p3  |  select  |      0|  0|  16|           1|          16|
    |ClusterDeposits15_2_s_fu_3620_p3  |  select  |      0|  0|  16|           1|          16|
    |ClusterDeposits18_0_s_fu_2170_p3  |  select  |      0|  0|  16|           1|          16|
    |ClusterDeposits18_2_s_fu_3682_p3  |  select  |      0|  0|  16|           1|          16|
    |ClusterDeposits19_0_s_fu_2224_p3  |  select  |      0|  0|  16|           1|          16|
    |ClusterDeposits19_2_s_fu_3674_p3  |  select  |      0|  0|  16|           1|          16|
    |ClusterDeposits20_1_s_fu_2926_p3  |  select  |      0|  0|  16|           1|          16|
    |ClusterDeposits20_2_s_fu_3736_p3  |  select  |      0|  0|  16|           1|          16|
    |ClusterDeposits21_1_s_fu_2980_p3  |  select  |      0|  0|  16|           1|          16|
    |ClusterDeposits21_2_s_fu_3728_p3  |  select  |      0|  0|  16|           1|          16|
    |ClusterDeposits22_0_s_fu_2162_p3  |  select  |      0|  0|  16|           1|          16|
    |ClusterDeposits22_1_s_fu_2918_p3  |  select  |      0|  0|  16|           1|          16|
    |ClusterDeposits22_2_s_fu_3790_p3  |  select  |      0|  0|  16|           1|          16|
    |ClusterDeposits23_0_s_fu_2216_p3  |  select  |      0|  0|  16|           1|          16|
    |ClusterDeposits23_1_s_fu_2972_p3  |  select  |      0|  0|  16|           1|          16|
    |ClusterDeposits23_2_s_fu_3782_p3  |  select  |      0|  0|  16|           1|          16|
    |ClusterDeposits2428_4_fu_3034_p3  |  select  |      0|  0|  16|           1|          16|
    |ClusterDeposits2428_5_fu_3844_p3  |  select  |      0|  0|  16|           1|          16|
    |ClusterDeposits2428_s_fu_2278_p3  |  select  |      0|  0|  16|           1|          16|
    |ClusterDeposits25_0_s_fu_2332_p3  |  select  |      0|  0|  16|           1|          16|
    |ClusterDeposits25_1_s_fu_3088_p3  |  select  |      0|  0|  16|           1|          16|
    |ClusterDeposits25_2_s_fu_3836_p3  |  select  |      0|  0|  16|           1|          16|
    |ClusterDeposits26_0_s_fu_2386_p3  |  select  |      0|  0|  16|           1|          16|
    |ClusterDeposits26_1_s_fu_3026_p3  |  select  |      0|  0|  16|           1|          16|
    |ClusterDeposits26_2_s_fu_3898_p3  |  select  |      0|  0|  16|           1|          16|
    |ClusterDeposits27_0_s_fu_2440_p3  |  select  |      0|  0|  16|           1|          16|
    |ClusterDeposits27_1_s_fu_3080_p3  |  select  |      0|  0|  16|           1|          16|
    |ClusterDeposits27_2_s_fu_3890_p3  |  select  |      0|  0|  16|           1|          16|
    |ClusterDeposits28_0_s_fu_2270_p3  |  select  |      0|  0|  16|           1|          16|
    |ClusterDeposits28_1_s_fu_3142_p3  |  select  |      0|  0|  16|           1|          16|
    |ClusterDeposits28_2_s_fu_3952_p3  |  select  |      0|  0|  16|           1|          16|
    |ClusterDeposits29_0_s_fu_2324_p3  |  select  |      0|  0|  16|           1|          16|
    |ClusterDeposits29_1_s_fu_3196_p3  |  select  |      0|  0|  16|           1|          16|
    |ClusterDeposits29_2_s_fu_3944_p3  |  select  |      0|  0|  16|           1|          16|
    |ClusterDeposits2_0_C_fu_1846_p3   |  select  |      0|  0|  16|           1|          16|
    |ClusterDeposits2_1_C_fu_2486_p3   |  select  |      0|  0|  16|           1|          16|
    |ClusterDeposits2_2_C_fu_3304_p3   |  select  |      0|  0|  16|           1|          16|
    |ClusterDeposits30_0_s_fu_2378_p3  |  select  |      0|  0|  16|           1|          16|
    |ClusterDeposits30_1_s_fu_3134_p3  |  select  |      0|  0|  16|           1|          16|
    |ClusterDeposits30_2_s_fu_4006_p3  |  select  |      0|  0|  16|           1|          16|
    |ClusterDeposits31_0_s_fu_2432_p3  |  select  |      0|  0|  16|           1|          16|
    |ClusterDeposits31_1_s_fu_3188_p3  |  select  |      0|  0|  16|           1|          16|
    |ClusterDeposits31_2_s_fu_3998_p3  |  select  |      0|  0|  16|           1|          16|
    |ClusterDeposits3_0_C_fu_1900_p3   |  select  |      0|  0|  16|           1|          16|
    |ClusterDeposits3_1_C_fu_2540_p3   |  select  |      0|  0|  16|           1|          16|
    |ClusterDeposits3_2_C_fu_3296_p3   |  select  |      0|  0|  16|           1|          16|
    |ClusterDeposits4_0_C_fu_1730_p3   |  select  |      0|  0|  16|           1|          16|
    |ClusterDeposits4_1_C_fu_2602_p3   |  select  |      0|  0|  16|           1|          16|
    |ClusterDeposits4_2_C_fu_3358_p3   |  select  |      0|  0|  16|           1|          16|
    |ClusterDeposits5_0_C_fu_1784_p3   |  select  |      0|  0|  16|           1|          16|
    |ClusterDeposits5_1_C_fu_2656_p3   |  select  |      0|  0|  16|           1|          16|
    |ClusterDeposits5_2_C_fu_3350_p3   |  select  |      0|  0|  16|           1|          16|
    |ClusterDeposits6_0_C_fu_1838_p3   |  select  |      0|  0|  16|           1|          16|
    |ClusterDeposits6_1_C_fu_2594_p3   |  select  |      0|  0|  16|           1|          16|
    |ClusterDeposits6_2_C_fu_3412_p3   |  select  |      0|  0|  16|           1|          16|
    |ClusterDeposits7_0_C_fu_1892_p3   |  select  |      0|  0|  16|           1|          16|
    |ClusterDeposits7_1_C_fu_2648_p3   |  select  |      0|  0|  16|           1|          16|
    |ClusterDeposits7_2_C_fu_3404_p3   |  select  |      0|  0|  16|           1|          16|
    |ClusterDeposits8_0_C_fu_1954_p3   |  select  |      0|  0|  16|           1|          16|
    |ClusterDeposits8_1_C_fu_2710_p3   |  select  |      0|  0|  16|           1|          16|
    |ClusterDeposits8_2_C_fu_3466_p3   |  select  |      0|  0|  16|           1|          16|
    |ClusterDeposits9_0_C_fu_2008_p3   |  select  |      0|  0|  16|           1|          16|
    |ClusterDeposits9_1_C_fu_2764_p3   |  select  |      0|  0|  16|           1|          16|
    |ClusterDeposits9_2_C_fu_3458_p3   |  select  |      0|  0|  16|           1|          16|
    |ClusterDeposits_0_Cl_fu_1738_p3   |  select  |      0|  0|  16|           1|          16|
    |ClusterDeposits_1_Cl_fu_2494_p3   |  select  |      0|  0|  16|           1|          16|
    |ClusterDeposits_2_Cl_fu_3250_p3   |  select  |      0|  0|  16|           1|          16|
    |ClusterEta32_0_Clust_fu_1808_p3   |  select  |      0|  0|  16|           1|          16|
    |ClusterEta32_1_Clust_fu_2564_p3   |  select  |      0|  0|  16|           1|          16|
    |ClusterEta32_2_Clust_fu_3258_p3   |  select  |      0|  0|  16|           1|          16|
    |ClusterEta33_0_Clust_fu_1862_p3   |  select  |      0|  0|  16|           1|          16|
    |ClusterEta33_1_Clust_fu_2502_p3   |  select  |      0|  0|  16|           1|          16|
    |ClusterEta33_2_Clust_fu_3320_p3   |  select  |      0|  0|  16|           1|          16|
    |ClusterEta34_0_Clust_fu_1916_p3   |  select  |      0|  0|  16|           1|          16|
    |ClusterEta34_1_Clust_fu_2556_p3   |  select  |      0|  0|  16|           1|          16|
    |ClusterEta34_2_Clust_fu_3312_p3   |  select  |      0|  0|  16|           1|          16|
    |ClusterEta35_0_Clust_fu_1746_p3   |  select  |      0|  0|  16|           1|          16|
    |ClusterEta35_1_Clust_fu_2618_p3   |  select  |      0|  0|  16|           1|          16|
    |ClusterEta35_2_Clust_fu_3374_p3   |  select  |      0|  0|  16|           1|          16|
    |ClusterEta36_0_Clust_fu_1800_p3   |  select  |      0|  0|  16|           1|          16|
    |ClusterEta36_1_Clust_fu_2672_p3   |  select  |      0|  0|  16|           1|          16|
    |ClusterEta36_2_Clust_fu_3366_p3   |  select  |      0|  0|  16|           1|          16|
    |ClusterEta3743_0_Clu_fu_1854_p3   |  select  |      0|  0|  16|           1|          16|
    |ClusterEta3743_1_Clu_fu_2610_p3   |  select  |      0|  0|  16|           1|          16|
    |ClusterEta3743_2_Clu_fu_3428_p3   |  select  |      0|  0|  16|           1|          16|
    |ClusterEta38_0_Clust_fu_1908_p3   |  select  |      0|  0|  16|           1|          16|
    |ClusterEta38_1_Clust_fu_2664_p3   |  select  |      0|  0|  16|           1|          16|
    |ClusterEta38_2_Clust_fu_3420_p3   |  select  |      0|  0|  16|           1|          16|
    |ClusterEta39_0_Clust_fu_1970_p3   |  select  |      0|  0|  16|           1|          16|
    |ClusterEta39_1_Clust_fu_2726_p3   |  select  |      0|  0|  16|           1|          16|
    |ClusterEta39_2_Clust_fu_3482_p3   |  select  |      0|  0|  16|           1|          16|
    |ClusterEta40_0_Clust_fu_2024_p3   |  select  |      0|  0|  16|           1|          16|
    |ClusterEta40_1_Clust_fu_2780_p3   |  select  |      0|  0|  16|           1|          16|
    |ClusterEta40_2_Clust_fu_3474_p3   |  select  |      0|  0|  16|           1|          16|
    |ClusterEta41_0_Clust_fu_2078_p3   |  select  |      0|  0|  16|           1|          16|
    |ClusterEta41_1_Clust_fu_2718_p3   |  select  |      0|  0|  16|           1|          16|
    |ClusterEta41_2_Clust_fu_3536_p3   |  select  |      0|  0|  16|           1|          16|
    |ClusterEta42_0_Clust_fu_2132_p3   |  select  |      0|  0|  16|           1|          16|
    |ClusterEta42_1_Clust_fu_2772_p3   |  select  |      0|  0|  16|           1|          16|
    |ClusterEta42_2_Clust_fu_3528_p3   |  select  |      0|  0|  16|           1|          16|
    |ClusterEta43_0_Clust_fu_1962_p3   |  select  |      0|  0|  16|           1|          16|
    |ClusterEta43_1_Clust_fu_2834_p3   |  select  |      0|  0|  16|           1|          16|
    |ClusterEta43_2_Clust_fu_3590_p3   |  select  |      0|  0|  16|           1|          16|
    |ClusterEta44_0_Clust_fu_2016_p3   |  select  |      0|  0|  16|           1|          16|
    |ClusterEta44_1_Clust_fu_2888_p3   |  select  |      0|  0|  16|           1|          16|
    |ClusterEta44_2_Clust_fu_3582_p3   |  select  |      0|  0|  16|           1|          16|
    |ClusterEta45_0_Clust_fu_2070_p3   |  select  |      0|  0|  16|           1|          16|
    |ClusterEta45_1_Clust_fu_2826_p3   |  select  |      0|  0|  16|           1|          16|
    |ClusterEta45_2_Clust_fu_3644_p3   |  select  |      0|  0|  16|           1|          16|
    |ClusterEta46_0_Clust_fu_2124_p3   |  select  |      0|  0|  16|           1|          16|
    |ClusterEta46_1_Clust_fu_2880_p3   |  select  |      0|  0|  16|           1|          16|
    |ClusterEta46_2_Clust_fu_3636_p3   |  select  |      0|  0|  16|           1|          16|
    |ClusterEta49_0_Clust_fu_2186_p3   |  select  |      0|  0|  16|           1|          16|
    |ClusterEta49_2_Clust_fu_3698_p3   |  select  |      0|  0|  16|           1|          16|
    |ClusterEta50_0_Clust_fu_2240_p3   |  select  |      0|  0|  16|           1|          16|
    |ClusterEta50_2_Clust_fu_3690_p3   |  select  |      0|  0|  16|           1|          16|
    |ClusterEta51_1_Clust_fu_2942_p3   |  select  |      0|  0|  16|           1|          16|
    |ClusterEta51_2_Clust_fu_3752_p3   |  select  |      0|  0|  16|           1|          16|
    |ClusterEta52_1_Clust_fu_2996_p3   |  select  |      0|  0|  16|           1|          16|
    |ClusterEta52_2_Clust_fu_3744_p3   |  select  |      0|  0|  16|           1|          16|
    |ClusterEta53_0_Clust_fu_2178_p3   |  select  |      0|  0|  16|           1|          16|
    |ClusterEta53_1_Clust_fu_2934_p3   |  select  |      0|  0|  16|           1|          16|
    |ClusterEta53_2_Clust_fu_3806_p3   |  select  |      0|  0|  16|           1|          16|
    |ClusterEta54_0_Clust_fu_2232_p3   |  select  |      0|  0|  16|           1|          16|
    |ClusterEta54_1_Clust_fu_2988_p3   |  select  |      0|  0|  16|           1|          16|
    |ClusterEta54_2_Clust_fu_3798_p3   |  select  |      0|  0|  16|           1|          16|
    |ClusterEta55_0_Clust_fu_2294_p3   |  select  |      0|  0|  16|           1|          16|
    |ClusterEta55_1_Clust_fu_3050_p3   |  select  |      0|  0|  16|           1|          16|
    |ClusterEta55_2_Clust_fu_3860_p3   |  select  |      0|  0|  16|           1|          16|
    |ClusterEta56_0_Clust_fu_2348_p3   |  select  |      0|  0|  16|           1|          16|
    |ClusterEta56_1_Clust_fu_3104_p3   |  select  |      0|  0|  16|           1|          16|
    |ClusterEta56_2_Clust_fu_3852_p3   |  select  |      0|  0|  16|           1|          16|
    |ClusterEta57_0_Clust_fu_2402_p3   |  select  |      0|  0|  16|           1|          16|
    |ClusterEta57_1_Clust_fu_3042_p3   |  select  |      0|  0|  16|           1|          16|
    |ClusterEta57_2_Clust_fu_3914_p3   |  select  |      0|  0|  16|           1|          16|
    |ClusterEta58_0_Clust_fu_2456_p3   |  select  |      0|  0|  16|           1|          16|
    |ClusterEta58_1_Clust_fu_3096_p3   |  select  |      0|  0|  16|           1|          16|
    |ClusterEta58_2_Clust_fu_3906_p3   |  select  |      0|  0|  16|           1|          16|
    |ClusterEta59_0_Clust_fu_2286_p3   |  select  |      0|  0|  16|           1|          16|
    |ClusterEta59_1_Clust_fu_3158_p3   |  select  |      0|  0|  16|           1|          16|
    |ClusterEta59_2_Clust_fu_3968_p3   |  select  |      0|  0|  16|           1|          16|
    |ClusterEta60_0_Clust_fu_2340_p3   |  select  |      0|  0|  16|           1|          16|
    |ClusterEta60_1_Clust_fu_3212_p3   |  select  |      0|  0|  16|           1|          16|
    |ClusterEta60_2_Clust_fu_3960_p3   |  select  |      0|  0|  16|           1|          16|
    |ClusterEta61_0_Clust_fu_2394_p3   |  select  |      0|  0|  16|           1|          16|
    |ClusterEta61_1_Clust_fu_3150_p3   |  select  |      0|  0|  16|           1|          16|
    |ClusterEta61_2_Clust_fu_4022_p3   |  select  |      0|  0|  16|           1|          16|
    |ClusterEta62_0_Clust_fu_2448_p3   |  select  |      0|  0|  16|           1|          16|
    |ClusterEta62_1_Clust_fu_3204_p3   |  select  |      0|  0|  16|           1|          16|
    |ClusterEta62_2_Clust_fu_4014_p3   |  select  |      0|  0|  16|           1|          16|
    |ClusterEta_0_Cluster_fu_1754_p3   |  select  |      0|  0|  16|           1|          16|
    |ClusterEta_1_Cluster_fu_2510_p3   |  select  |      0|  0|  16|           1|          16|
    |ClusterEta_2_Cluster_fu_3266_p3   |  select  |      0|  0|  16|           1|          16|
    |ClusterPhi63_0_Clust_fu_1824_p3   |  select  |      0|  0|  16|           1|          16|
    |ClusterPhi63_1_Clust_fu_2580_p3   |  select  |      0|  0|  16|           1|          16|
    |ClusterPhi63_2_Clust_fu_3274_p3   |  select  |      0|  0|  16|           1|          16|
    |ClusterPhi64_0_Clust_fu_1878_p3   |  select  |      0|  0|  16|           1|          16|
    |ClusterPhi64_1_Clust_fu_2518_p3   |  select  |      0|  0|  16|           1|          16|
    |ClusterPhi64_2_Clust_fu_3336_p3   |  select  |      0|  0|  16|           1|          16|
    |ClusterPhi65_0_Clust_fu_1932_p3   |  select  |      0|  0|  16|           1|          16|
    |ClusterPhi65_1_Clust_fu_2572_p3   |  select  |      0|  0|  16|           1|          16|
    |ClusterPhi65_2_Clust_fu_3328_p3   |  select  |      0|  0|  16|           1|          16|
    |ClusterPhi66_0_Clust_fu_1762_p3   |  select  |      0|  0|  16|           1|          16|
    |ClusterPhi66_1_Clust_fu_2634_p3   |  select  |      0|  0|  16|           1|          16|
    |ClusterPhi66_2_Clust_fu_3390_p3   |  select  |      0|  0|  16|           1|          16|
    |ClusterPhi67_0_Clust_fu_1816_p3   |  select  |      0|  0|  16|           1|          16|
    |ClusterPhi67_1_Clust_fu_2688_p3   |  select  |      0|  0|  16|           1|          16|
    |ClusterPhi67_2_Clust_fu_3382_p3   |  select  |      0|  0|  16|           1|          16|
    |ClusterPhi68_0_Clust_fu_1870_p3   |  select  |      0|  0|  16|           1|          16|
    |ClusterPhi68_1_Clust_fu_2626_p3   |  select  |      0|  0|  16|           1|          16|
    |ClusterPhi68_2_Clust_fu_3444_p3   |  select  |      0|  0|  16|           1|          16|
    |ClusterPhi69_0_Clust_fu_1924_p3   |  select  |      0|  0|  16|           1|          16|
    |ClusterPhi69_1_Clust_fu_2680_p3   |  select  |      0|  0|  16|           1|          16|
    |ClusterPhi69_2_Clust_fu_3436_p3   |  select  |      0|  0|  16|           1|          16|
    |ClusterPhi7078_0_Clu_fu_1986_p3   |  select  |      0|  0|  16|           1|          16|
    |ClusterPhi7078_1_Clu_fu_2742_p3   |  select  |      0|  0|  16|           1|          16|
    |ClusterPhi7078_2_Clu_fu_3498_p3   |  select  |      0|  0|  16|           1|          16|
    |ClusterPhi71_0_Clust_fu_2040_p3   |  select  |      0|  0|  16|           1|          16|
    |ClusterPhi71_1_Clust_fu_2796_p3   |  select  |      0|  0|  16|           1|          16|
    |ClusterPhi71_2_Clust_fu_3490_p3   |  select  |      0|  0|  16|           1|          16|
    |ClusterPhi72_0_Clust_fu_2094_p3   |  select  |      0|  0|  16|           1|          16|
    |ClusterPhi72_1_Clust_fu_2734_p3   |  select  |      0|  0|  16|           1|          16|
    |ClusterPhi72_2_Clust_fu_3552_p3   |  select  |      0|  0|  16|           1|          16|
    |ClusterPhi73_0_Clust_fu_2148_p3   |  select  |      0|  0|  16|           1|          16|
    |ClusterPhi73_1_Clust_fu_2788_p3   |  select  |      0|  0|  16|           1|          16|
    |ClusterPhi73_2_Clust_fu_3544_p3   |  select  |      0|  0|  16|           1|          16|
    |ClusterPhi74_0_Clust_fu_1978_p3   |  select  |      0|  0|  16|           1|          16|
    |ClusterPhi74_1_Clust_fu_2850_p3   |  select  |      0|  0|  16|           1|          16|
    |ClusterPhi74_2_Clust_fu_3606_p3   |  select  |      0|  0|  16|           1|          16|
    |ClusterPhi75_0_Clust_fu_2032_p3   |  select  |      0|  0|  16|           1|          16|
    |ClusterPhi75_1_Clust_fu_2904_p3   |  select  |      0|  0|  16|           1|          16|
    |ClusterPhi75_2_Clust_fu_3598_p3   |  select  |      0|  0|  16|           1|          16|
    |ClusterPhi76_0_Clust_fu_2086_p3   |  select  |      0|  0|  16|           1|          16|
    |ClusterPhi76_1_Clust_fu_2842_p3   |  select  |      0|  0|  16|           1|          16|
    |ClusterPhi76_2_Clust_fu_3660_p3   |  select  |      0|  0|  16|           1|          16|
    |ClusterPhi77_0_Clust_fu_2140_p3   |  select  |      0|  0|  16|           1|          16|
    |ClusterPhi77_1_Clust_fu_2896_p3   |  select  |      0|  0|  16|           1|          16|
    |ClusterPhi77_2_Clust_fu_3652_p3   |  select  |      0|  0|  16|           1|          16|
    |ClusterPhi80_0_Clust_fu_2202_p3   |  select  |      0|  0|  16|           1|          16|
    |ClusterPhi80_2_Clust_fu_3714_p3   |  select  |      0|  0|  16|           1|          16|
    |ClusterPhi81_0_Clust_fu_2256_p3   |  select  |      0|  0|  16|           1|          16|
    |ClusterPhi81_2_Clust_fu_3706_p3   |  select  |      0|  0|  16|           1|          16|
    |ClusterPhi82_1_Clust_fu_2958_p3   |  select  |      0|  0|  16|           1|          16|
    |ClusterPhi82_2_Clust_fu_3768_p3   |  select  |      0|  0|  16|           1|          16|
    |ClusterPhi83_1_Clust_fu_3012_p3   |  select  |      0|  0|  16|           1|          16|
    |ClusterPhi83_2_Clust_fu_3760_p3   |  select  |      0|  0|  16|           1|          16|
    |ClusterPhi84_0_Clust_fu_2194_p3   |  select  |      0|  0|  16|           1|          16|
    |ClusterPhi84_1_Clust_fu_2950_p3   |  select  |      0|  0|  16|           1|          16|
    |ClusterPhi84_2_Clust_fu_3822_p3   |  select  |      0|  0|  16|           1|          16|
    |ClusterPhi85_0_Clust_fu_2248_p3   |  select  |      0|  0|  16|           1|          16|
    |ClusterPhi85_1_Clust_fu_3004_p3   |  select  |      0|  0|  16|           1|          16|
    |ClusterPhi85_2_Clust_fu_3814_p3   |  select  |      0|  0|  16|           1|          16|
    |ClusterPhi86_0_Clust_fu_2310_p3   |  select  |      0|  0|  16|           1|          16|
    |ClusterPhi86_1_Clust_fu_3066_p3   |  select  |      0|  0|  16|           1|          16|
    |ClusterPhi86_2_Clust_fu_3876_p3   |  select  |      0|  0|  16|           1|          16|
    |ClusterPhi87_0_Clust_fu_2364_p3   |  select  |      0|  0|  16|           1|          16|
    |ClusterPhi87_1_Clust_fu_3120_p3   |  select  |      0|  0|  16|           1|          16|
    |ClusterPhi87_2_Clust_fu_3868_p3   |  select  |      0|  0|  16|           1|          16|
    |ClusterPhi88_0_Clust_fu_2418_p3   |  select  |      0|  0|  16|           1|          16|
    |ClusterPhi88_1_Clust_fu_3058_p3   |  select  |      0|  0|  16|           1|          16|
    |ClusterPhi88_2_Clust_fu_3930_p3   |  select  |      0|  0|  16|           1|          16|
    |ClusterPhi89_0_Clust_fu_2472_p3   |  select  |      0|  0|  16|           1|          16|
    |ClusterPhi89_1_Clust_fu_3112_p3   |  select  |      0|  0|  16|           1|          16|
    |ClusterPhi89_2_Clust_fu_3922_p3   |  select  |      0|  0|  16|           1|          16|
    |ClusterPhi90_0_Clust_fu_2302_p3   |  select  |      0|  0|  16|           1|          16|
    |ClusterPhi90_1_Clust_fu_3174_p3   |  select  |      0|  0|  16|           1|          16|
    |ClusterPhi90_2_Clust_fu_3984_p3   |  select  |      0|  0|  16|           1|          16|
    |ClusterPhi91_0_Clust_fu_2356_p3   |  select  |      0|  0|  16|           1|          16|
    |ClusterPhi91_1_Clust_fu_3228_p3   |  select  |      0|  0|  16|           1|          16|
    |ClusterPhi91_2_Clust_fu_3976_p3   |  select  |      0|  0|  16|           1|          16|
    |ClusterPhi92_0_Clust_fu_2410_p3   |  select  |      0|  0|  16|           1|          16|
    |ClusterPhi92_1_Clust_fu_3166_p3   |  select  |      0|  0|  16|           1|          16|
    |ClusterPhi92_2_Clust_fu_4038_p3   |  select  |      0|  0|  16|           1|          16|
    |ClusterPhi93_0_Clust_fu_2464_p3   |  select  |      0|  0|  16|           1|          16|
    |ClusterPhi93_1_Clust_fu_3220_p3   |  select  |      0|  0|  16|           1|          16|
    |ClusterPhi93_2_Clust_fu_4030_p3   |  select  |      0|  0|  16|           1|          16|
    |ClusterPhi_0_Cluster_fu_1770_p3   |  select  |      0|  0|  16|           1|          16|
    |ClusterPhi_1_Cluster_fu_2526_p3   |  select  |      0|  0|  16|           1|          16|
    |ClusterPhi_2_Cluster_fu_3282_p3   |  select  |      0|  0|  16|           1|          16|
    |p_read10_read2_fu_974_p3          |  select  |      0|  0|  16|           1|          16|
    |p_read11_read3_fu_1028_p3         |  select  |      0|  0|  16|           1|          16|
    |p_read12_read4_fu_1082_p3         |  select  |      0|  0|  16|           1|          16|
    |p_read13_read5_fu_1136_p3         |  select  |      0|  0|  16|           1|          16|
    |p_read14_read6_fu_1190_p3         |  select  |      0|  0|  16|           1|          16|
    |p_read15_read7_fu_1244_p3         |  select  |      0|  0|  16|           1|          16|
    |p_read18_read_fu_1414_p3          |  select  |      0|  0|  16|           1|          16|
    |p_read19_read_fu_1468_p3          |  select  |      0|  0|  16|           1|          16|
    |p_read1_read9_fu_928_p3           |  select  |      0|  0|  16|           1|          16|
    |p_read20_read_fu_1522_p3          |  select  |      0|  0|  16|           1|          16|
    |p_read21_read_fu_1576_p3          |  select  |      0|  0|  16|           1|          16|
    |p_read22_read_fu_1630_p3          |  select  |      0|  0|  16|           1|          16|
    |p_read23_read_fu_1684_p3          |  select  |      0|  0|  16|           1|          16|
    |p_read26_read_fu_1406_p3          |  select  |      0|  0|  16|           1|          16|
    |p_read27_read_fu_1460_p3          |  select  |      0|  0|  16|           1|          16|
    |p_read28_read_fu_1514_p3          |  select  |      0|  0|  16|           1|          16|
    |p_read29_read_fu_1568_p3          |  select  |      0|  0|  16|           1|          16|
    |p_read2_read_fu_982_p3            |  select  |      0|  0|  16|           1|          16|
    |p_read30_read_fu_1622_p3          |  select  |      0|  0|  16|           1|          16|
    |p_read31_read_fu_1676_p3          |  select  |      0|  0|  16|           1|          16|
    |p_read32_read_fu_890_p3           |  select  |      0|  0|  16|           1|          16|
    |p_read33_read_fu_944_p3           |  select  |      0|  0|  16|           1|          16|
    |p_read34_read_fu_998_p3           |  select  |      0|  0|  16|           1|          16|
    |p_read35_read_fu_1052_p3          |  select  |      0|  0|  16|           1|          16|
    |p_read36_read_fu_1106_p3          |  select  |      0|  0|  16|           1|          16|
    |p_read37_read_fu_1160_p3          |  select  |      0|  0|  16|           1|          16|
    |p_read38_read_fu_1214_p3          |  select  |      0|  0|  16|           1|          16|
    |p_read39_read_fu_1268_p3          |  select  |      0|  0|  16|           1|          16|
    |p_read3_read_fu_1036_p3           |  select  |      0|  0|  16|           1|          16|
    |p_read40_read_fu_882_p3           |  select  |      0|  0|  16|           1|          16|
    |p_read41_read_fu_936_p3           |  select  |      0|  0|  16|           1|          16|
    |p_read42_read_fu_990_p3           |  select  |      0|  0|  16|           1|          16|
    |p_read43_read_fu_1044_p3          |  select  |      0|  0|  16|           1|          16|
    |p_read44_read_fu_1098_p3          |  select  |      0|  0|  16|           1|          16|
    |p_read45_read_fu_1152_p3          |  select  |      0|  0|  16|           1|          16|
    |p_read46_read_fu_1206_p3          |  select  |      0|  0|  16|           1|          16|
    |p_read47_read_fu_1260_p3          |  select  |      0|  0|  16|           1|          16|
    |p_read48_read_fu_1322_p3          |  select  |      0|  0|  16|           1|          16|
    |p_read49_read_fu_1376_p3          |  select  |      0|  0|  16|           1|          16|
    |p_read4_read_fu_1090_p3           |  select  |      0|  0|  16|           1|          16|
    |p_read50_read_fu_1430_p3          |  select  |      0|  0|  16|           1|          16|
    |p_read51_read_fu_1484_p3          |  select  |      0|  0|  16|           1|          16|
    |p_read52_read_fu_1538_p3          |  select  |      0|  0|  16|           1|          16|
    |p_read53_read_fu_1592_p3          |  select  |      0|  0|  16|           1|          16|
    |p_read54_read_fu_1646_p3          |  select  |      0|  0|  16|           1|          16|
    |p_read55_read_fu_1700_p3          |  select  |      0|  0|  16|           1|          16|
    |p_read56_read_fu_1314_p3          |  select  |      0|  0|  16|           1|          16|
    |p_read57_read_fu_1368_p3          |  select  |      0|  0|  16|           1|          16|
    |p_read58_read_fu_1422_p3          |  select  |      0|  0|  16|           1|          16|
    |p_read59_read_fu_1476_p3          |  select  |      0|  0|  16|           1|          16|
    |p_read5_read_fu_1144_p3           |  select  |      0|  0|  16|           1|          16|
    |p_read60_read_fu_1530_p3          |  select  |      0|  0|  16|           1|          16|
    |p_read61_read_fu_1584_p3          |  select  |      0|  0|  16|           1|          16|
    |p_read62_read_fu_1638_p3          |  select  |      0|  0|  16|           1|          16|
    |p_read63_read_fu_1692_p3          |  select  |      0|  0|  16|           1|          16|
    |p_read64_read_fu_906_p3           |  select  |      0|  0|  16|           1|          16|
    |p_read65_read_fu_960_p3           |  select  |      0|  0|  16|           1|          16|
    |p_read66_read_fu_1014_p3          |  select  |      0|  0|  16|           1|          16|
    |p_read67_read_fu_1068_p3          |  select  |      0|  0|  16|           1|          16|
    |p_read68_read_fu_1122_p3          |  select  |      0|  0|  16|           1|          16|
    |p_read69_read_fu_1176_p3          |  select  |      0|  0|  16|           1|          16|
    |p_read6_read_fu_1198_p3           |  select  |      0|  0|  16|           1|          16|
    |p_read70_read_fu_1230_p3          |  select  |      0|  0|  16|           1|          16|
    |p_read71_read_fu_1284_p3          |  select  |      0|  0|  16|           1|          16|
    |p_read72_read_fu_898_p3           |  select  |      0|  0|  16|           1|          16|
    |p_read73_read_fu_952_p3           |  select  |      0|  0|  16|           1|          16|
    |p_read74_read_fu_1006_p3          |  select  |      0|  0|  16|           1|          16|
    |p_read75_read_fu_1060_p3          |  select  |      0|  0|  16|           1|          16|
    |p_read76_read_fu_1114_p3          |  select  |      0|  0|  16|           1|          16|
    |p_read77_read_fu_1168_p3          |  select  |      0|  0|  16|           1|          16|
    |p_read78_read_fu_1222_p3          |  select  |      0|  0|  16|           1|          16|
    |p_read79_read_fu_1276_p3          |  select  |      0|  0|  16|           1|          16|
    |p_read7_read_fu_1252_p3           |  select  |      0|  0|  16|           1|          16|
    |p_read80_read_fu_1338_p3          |  select  |      0|  0|  16|           1|          16|
    |p_read81_read_fu_1392_p3          |  select  |      0|  0|  16|           1|          16|
    |p_read82_read_fu_1446_p3          |  select  |      0|  0|  16|           1|          16|
    |p_read83_read_fu_1500_p3          |  select  |      0|  0|  16|           1|          16|
    |p_read84_read_fu_1554_p3          |  select  |      0|  0|  16|           1|          16|
    |p_read85_read_fu_1608_p3          |  select  |      0|  0|  16|           1|          16|
    |p_read86_read_fu_1662_p3          |  select  |      0|  0|  16|           1|          16|
    |p_read87_read_fu_1716_p3          |  select  |      0|  0|  16|           1|          16|
    |p_read88_read_fu_1330_p3          |  select  |      0|  0|  16|           1|          16|
    |p_read89_read_fu_1384_p3          |  select  |      0|  0|  16|           1|          16|
    |p_read8_read_fu_866_p3            |  select  |      0|  0|  16|           1|          16|
    |p_read90_read_fu_1438_p3          |  select  |      0|  0|  16|           1|          16|
    |p_read91_read_fu_1492_p3          |  select  |      0|  0|  16|           1|          16|
    |p_read92_read_fu_1546_p3          |  select  |      0|  0|  16|           1|          16|
    |p_read93_read_fu_1600_p3          |  select  |      0|  0|  16|           1|          16|
    |p_read94_read_fu_1654_p3          |  select  |      0|  0|  16|           1|          16|
    |p_read95_read_fu_1708_p3          |  select  |      0|  0|  16|           1|          16|
    |p_read9_read1_fu_920_p3           |  select  |      0|  0|  16|           1|          16|
    |p_read_read8_fu_874_p3            |  select  |      0|  0|  16|           1|          16|
    |not_tmp_303_1_fu_1356_p2          |    xor   |      0|  0|   2|           1|           2|
    |not_tmp_s_fu_1302_p2              |    xor   |      0|  0|   2|           1|           2|
    +----------------------------------+----------+-------+---+----+------------+------------+
    |Total                             |          |      0|  0|5960|        1298|        6520|
    +----------------------------------+----------+-------+---+----+------------+------------+

    * Multiplexer: 
    +-----------+----+-----------+-----+-----------+
    |    Name   | LUT| Input Size| Bits| Total Bits|
    +-----------+----+-----------+-----+-----------+
    |ap_NS_fsm  |   1|          4|    1|          4|
    +-----------+----+-----------+-----+-----------+
    |Total      |   1|          4|    1|          4|
    +-----------+----+-----------+-----+-----------+

    * Register: 
    +--------------------------------------+----+----+-----+-----------+
    |                 Name                 | FF | LUT| Bits| Const Bits|
    +--------------------------------------+----+----+-----+-----------+
    |ClusterDeposits10_2_s_reg_4231        |  16|   0|   16|          0|
    |ClusterDeposits11_2_s_reg_4226        |  16|   0|   16|          0|
    |ClusterDeposits1214_5_reg_4261        |  16|   0|   16|          0|
    |ClusterDeposits12_2_s_reg_4076        |  16|   0|   16|          0|
    |ClusterDeposits1316_5_reg_4256        |  16|   0|   16|          0|
    |ClusterDeposits14_2_s_reg_4291        |  16|   0|   16|          0|
    |ClusterDeposits15_2_s_reg_4286        |  16|   0|   16|          0|
    |ClusterDeposits18_2_s_reg_4321        |  16|   0|   16|          0|
    |ClusterDeposits19_2_s_reg_4316        |  16|   0|   16|          0|
    |ClusterDeposits20_2_s_reg_4351        |  16|   0|   16|          0|
    |ClusterDeposits21_2_s_reg_4346        |  16|   0|   16|          0|
    |ClusterDeposits22_2_s_reg_4381        |  16|   0|   16|          0|
    |ClusterDeposits23_2_s_reg_4376        |  16|   0|   16|          0|
    |ClusterDeposits2428_5_reg_4411        |  16|   0|   16|          0|
    |ClusterDeposits25_2_s_reg_4406        |  16|   0|   16|          0|
    |ClusterDeposits26_2_s_reg_4441        |  16|   0|   16|          0|
    |ClusterDeposits27_2_s_reg_4436        |  16|   0|   16|          0|
    |ClusterDeposits28_2_s_reg_4471        |  16|   0|   16|          0|
    |ClusterDeposits29_2_s_reg_4466        |  16|   0|   16|          0|
    |ClusterDeposits2_2_C_reg_4111         |  16|   0|   16|          0|
    |ClusterDeposits30_2_s_reg_4501        |  16|   0|   16|          0|
    |ClusterDeposits31_2_s_reg_4496        |  16|   0|   16|          0|
    |ClusterDeposits3_2_C_reg_4106         |  16|   0|   16|          0|
    |ClusterDeposits4_2_C_reg_4141         |  16|   0|   16|          0|
    |ClusterDeposits5_2_C_reg_4136         |  16|   0|   16|          0|
    |ClusterDeposits6_2_C_reg_4171         |  16|   0|   16|          0|
    |ClusterDeposits7_2_C_reg_4166         |  16|   0|   16|          0|
    |ClusterDeposits8_2_C_reg_4201         |  16|   0|   16|          0|
    |ClusterDeposits9_2_C_reg_4196         |  16|   0|   16|          0|
    |ClusterDeposits_2_Cl_reg_4081         |  16|   0|   16|          0|
    |ClusterEta32_2_Clust_reg_4086         |  16|   0|   16|          0|
    |ClusterEta33_2_Clust_reg_4121         |  16|   0|   16|          0|
    |ClusterEta34_2_Clust_reg_4116         |  16|   0|   16|          0|
    |ClusterEta35_2_Clust_reg_4151         |  16|   0|   16|          0|
    |ClusterEta36_2_Clust_reg_4146         |  16|   0|   16|          0|
    |ClusterEta3743_2_Clu_reg_4181         |  16|   0|   16|          0|
    |ClusterEta38_2_Clust_reg_4176         |  16|   0|   16|          0|
    |ClusterEta39_2_Clust_reg_4211         |  16|   0|   16|          0|
    |ClusterEta40_2_Clust_reg_4206         |  16|   0|   16|          0|
    |ClusterEta41_2_Clust_reg_4241         |  16|   0|   16|          0|
    |ClusterEta42_2_Clust_reg_4236         |  16|   0|   16|          0|
    |ClusterEta43_2_Clust_reg_4271         |  16|   0|   16|          0|
    |ClusterEta44_2_Clust_reg_4266         |  16|   0|   16|          0|
    |ClusterEta45_2_Clust_reg_4301         |  16|   0|   16|          0|
    |ClusterEta46_2_Clust_reg_4296         |  16|   0|   16|          0|
    |ClusterEta49_2_Clust_reg_4331         |  16|   0|   16|          0|
    |ClusterEta50_2_Clust_reg_4326         |  16|   0|   16|          0|
    |ClusterEta51_2_Clust_reg_4361         |  16|   0|   16|          0|
    |ClusterEta52_2_Clust_reg_4356         |  16|   0|   16|          0|
    |ClusterEta53_2_Clust_reg_4391         |  16|   0|   16|          0|
    |ClusterEta54_2_Clust_reg_4386         |  16|   0|   16|          0|
    |ClusterEta55_2_Clust_reg_4421         |  16|   0|   16|          0|
    |ClusterEta56_2_Clust_reg_4416         |  16|   0|   16|          0|
    |ClusterEta57_2_Clust_reg_4451         |  16|   0|   16|          0|
    |ClusterEta58_2_Clust_reg_4446         |  16|   0|   16|          0|
    |ClusterEta59_2_Clust_reg_4481         |  16|   0|   16|          0|
    |ClusterEta60_2_Clust_reg_4476         |  16|   0|   16|          0|
    |ClusterEta61_2_Clust_reg_4511         |  16|   0|   16|          0|
    |ClusterEta62_2_Clust_reg_4506         |  16|   0|   16|          0|
    |ClusterEta_2_Cluster_reg_4091         |  16|   0|   16|          0|
    |ClusterPhi63_2_Clust_reg_4096         |  16|   0|   16|          0|
    |ClusterPhi64_2_Clust_reg_4131         |  16|   0|   16|          0|
    |ClusterPhi65_2_Clust_reg_4126         |  16|   0|   16|          0|
    |ClusterPhi66_2_Clust_reg_4161         |  16|   0|   16|          0|
    |ClusterPhi67_2_Clust_reg_4156         |  16|   0|   16|          0|
    |ClusterPhi68_2_Clust_reg_4191         |  16|   0|   16|          0|
    |ClusterPhi69_2_Clust_reg_4186         |  16|   0|   16|          0|
    |ClusterPhi7078_2_Clu_reg_4221         |  16|   0|   16|          0|
    |ClusterPhi71_2_Clust_reg_4216         |  16|   0|   16|          0|
    |ClusterPhi72_2_Clust_reg_4251         |  16|   0|   16|          0|
    |ClusterPhi73_2_Clust_reg_4246         |  16|   0|   16|          0|
    |ClusterPhi74_2_Clust_reg_4281         |  16|   0|   16|          0|
    |ClusterPhi75_2_Clust_reg_4276         |  16|   0|   16|          0|
    |ClusterPhi76_2_Clust_reg_4311         |  16|   0|   16|          0|
    |ClusterPhi77_2_Clust_reg_4306         |  16|   0|   16|          0|
    |ClusterPhi80_2_Clust_reg_4341         |  16|   0|   16|          0|
    |ClusterPhi81_2_Clust_reg_4336         |  16|   0|   16|          0|
    |ClusterPhi82_2_Clust_reg_4371         |  16|   0|   16|          0|
    |ClusterPhi83_2_Clust_reg_4366         |  16|   0|   16|          0|
    |ClusterPhi84_2_Clust_reg_4401         |  16|   0|   16|          0|
    |ClusterPhi85_2_Clust_reg_4396         |  16|   0|   16|          0|
    |ClusterPhi86_2_Clust_reg_4431         |  16|   0|   16|          0|
    |ClusterPhi87_2_Clust_reg_4426         |  16|   0|   16|          0|
    |ClusterPhi88_2_Clust_reg_4461         |  16|   0|   16|          0|
    |ClusterPhi89_2_Clust_reg_4456         |  16|   0|   16|          0|
    |ClusterPhi90_2_Clust_reg_4491         |  16|   0|   16|          0|
    |ClusterPhi91_2_Clust_reg_4486         |  16|   0|   16|          0|
    |ClusterPhi92_2_Clust_reg_4521         |  16|   0|   16|          0|
    |ClusterPhi93_2_Clust_reg_4516         |  16|   0|   16|          0|
    |ClusterPhi_2_Cluster_reg_4101         |  16|   0|   16|          0|
    |ap_CS_fsm                             |   3|   0|    3|          0|
    |ap_reg_grp_bitonic32_fu_760_ap_start  |   1|   0|    1|          0|
    |p_read24_read_reg_4046                |   1|   0|    1|          0|
    |p_read25_read_reg_4061                |   1|   0|    1|          0|
    |p_read56_read_reg_4051                |  16|   0|   16|          0|
    |p_read57_read_reg_4066                |  16|   0|   16|          0|
    |p_read88_read_reg_4056                |  16|   0|   16|          0|
    |p_read89_read_reg_4071                |  16|   0|   16|          0|
    +--------------------------------------+----+----+-----+-----------+
    |Total                                 |1510|   0| 1510|          0|
    +--------------------------------------+----+----+-----+-----------+



================================================================
== Interface
================================================================
* Summary: 
+----------------------+-----+-----+------------+----------------------+--------------+
|       RTL Ports      | Dir | Bits|  Protocol  |     Source Object    |    C Type    |
+----------------------+-----+-----+------------+----------------------+--------------+
|ap_clk                |  in |    1| ap_ctrl_hs |       bitonic16      | return value |
|ap_rst                |  in |    1| ap_ctrl_hs |       bitonic16      | return value |
|ap_start              |  in |    1| ap_ctrl_hs |       bitonic16      | return value |
|ap_done               | out |    1| ap_ctrl_hs |       bitonic16      | return value |
|ap_idle               | out |    1| ap_ctrl_hs |       bitonic16      | return value |
|ap_ready              | out |    1| ap_ctrl_hs |       bitonic16      | return value |
|ap_return_0           | out |   16| ap_ctrl_hs |       bitonic16      | return value |
|ap_return_1           | out |   16| ap_ctrl_hs |       bitonic16      | return value |
|ap_return_2           | out |   16| ap_ctrl_hs |       bitonic16      | return value |
|ap_return_3           | out |   16| ap_ctrl_hs |       bitonic16      | return value |
|ap_return_4           | out |   16| ap_ctrl_hs |       bitonic16      | return value |
|ap_return_5           | out |   16| ap_ctrl_hs |       bitonic16      | return value |
|ap_return_6           | out |   16| ap_ctrl_hs |       bitonic16      | return value |
|ap_return_7           | out |   16| ap_ctrl_hs |       bitonic16      | return value |
|ap_return_8           | out |   16| ap_ctrl_hs |       bitonic16      | return value |
|ap_return_9           | out |   16| ap_ctrl_hs |       bitonic16      | return value |
|ap_return_10          | out |   16| ap_ctrl_hs |       bitonic16      | return value |
|ap_return_11          | out |   16| ap_ctrl_hs |       bitonic16      | return value |
|ap_return_12          | out |   16| ap_ctrl_hs |       bitonic16      | return value |
|ap_return_13          | out |   16| ap_ctrl_hs |       bitonic16      | return value |
|ap_return_14          | out |   16| ap_ctrl_hs |       bitonic16      | return value |
|ap_return_15          | out |   16| ap_ctrl_hs |       bitonic16      | return value |
|ap_return_16          | out |   16| ap_ctrl_hs |       bitonic16      | return value |
|ap_return_17          | out |   16| ap_ctrl_hs |       bitonic16      | return value |
|ap_return_18          | out |   16| ap_ctrl_hs |       bitonic16      | return value |
|ap_return_19          | out |   16| ap_ctrl_hs |       bitonic16      | return value |
|ap_return_20          | out |   16| ap_ctrl_hs |       bitonic16      | return value |
|ap_return_21          | out |   16| ap_ctrl_hs |       bitonic16      | return value |
|ap_return_22          | out |   16| ap_ctrl_hs |       bitonic16      | return value |
|ap_return_23          | out |   16| ap_ctrl_hs |       bitonic16      | return value |
|ap_return_24          | out |   16| ap_ctrl_hs |       bitonic16      | return value |
|ap_return_25          | out |   16| ap_ctrl_hs |       bitonic16      | return value |
|ap_return_26          | out |   16| ap_ctrl_hs |       bitonic16      | return value |
|ap_return_27          | out |   16| ap_ctrl_hs |       bitonic16      | return value |
|ap_return_28          | out |   16| ap_ctrl_hs |       bitonic16      | return value |
|ap_return_29          | out |   16| ap_ctrl_hs |       bitonic16      | return value |
|ap_return_30          | out |   16| ap_ctrl_hs |       bitonic16      | return value |
|ap_return_31          | out |   16| ap_ctrl_hs |       bitonic16      | return value |
|ap_return_32          | out |   16| ap_ctrl_hs |       bitonic16      | return value |
|ap_return_33          | out |   16| ap_ctrl_hs |       bitonic16      | return value |
|ap_return_34          | out |   16| ap_ctrl_hs |       bitonic16      | return value |
|ap_return_35          | out |   16| ap_ctrl_hs |       bitonic16      | return value |
|ap_return_36          | out |   16| ap_ctrl_hs |       bitonic16      | return value |
|ap_return_37          | out |   16| ap_ctrl_hs |       bitonic16      | return value |
|ap_return_38          | out |   16| ap_ctrl_hs |       bitonic16      | return value |
|ap_return_39          | out |   16| ap_ctrl_hs |       bitonic16      | return value |
|ap_return_40          | out |   16| ap_ctrl_hs |       bitonic16      | return value |
|ap_return_41          | out |   16| ap_ctrl_hs |       bitonic16      | return value |
|ap_return_42          | out |   16| ap_ctrl_hs |       bitonic16      | return value |
|ap_return_43          | out |   16| ap_ctrl_hs |       bitonic16      | return value |
|ap_return_44          | out |   16| ap_ctrl_hs |       bitonic16      | return value |
|ap_return_45          | out |   16| ap_ctrl_hs |       bitonic16      | return value |
|ap_return_46          | out |   16| ap_ctrl_hs |       bitonic16      | return value |
|ap_return_47          | out |   16| ap_ctrl_hs |       bitonic16      | return value |
|ap_return_48          | out |   16| ap_ctrl_hs |       bitonic16      | return value |
|ap_return_49          | out |   16| ap_ctrl_hs |       bitonic16      | return value |
|ap_return_50          | out |   16| ap_ctrl_hs |       bitonic16      | return value |
|ap_return_51          | out |   16| ap_ctrl_hs |       bitonic16      | return value |
|ap_return_52          | out |   16| ap_ctrl_hs |       bitonic16      | return value |
|ap_return_53          | out |   16| ap_ctrl_hs |       bitonic16      | return value |
|ap_return_54          | out |   16| ap_ctrl_hs |       bitonic16      | return value |
|ap_return_55          | out |   16| ap_ctrl_hs |       bitonic16      | return value |
|ap_return_56          | out |   16| ap_ctrl_hs |       bitonic16      | return value |
|ap_return_57          | out |   16| ap_ctrl_hs |       bitonic16      | return value |
|ap_return_58          | out |   16| ap_ctrl_hs |       bitonic16      | return value |
|ap_return_59          | out |   16| ap_ctrl_hs |       bitonic16      | return value |
|ClusterDeposits_0_r   |  in |   16|   ap_none  |  ClusterDeposits_0_r |    scalar    |
|ClusterDeposits_1_r   |  in |   16|   ap_none  |  ClusterDeposits_1_r |    scalar    |
|ClusterDeposits_2_r   |  in |   16|   ap_none  |  ClusterDeposits_2_r |    scalar    |
|ClusterDeposits_3_r   |  in |   16|   ap_none  |  ClusterDeposits_3_r |    scalar    |
|ClusterDeposits_4_r   |  in |   16|   ap_none  |  ClusterDeposits_4_r |    scalar    |
|ClusterDeposits_5_r   |  in |   16|   ap_none  |  ClusterDeposits_5_r |    scalar    |
|ClusterDeposits_6_r   |  in |   16|   ap_none  |  ClusterDeposits_6_r |    scalar    |
|ClusterDeposits_7_r   |  in |   16|   ap_none  |  ClusterDeposits_7_r |    scalar    |
|ClusterDeposits_8_r   |  in |   16|   ap_none  |  ClusterDeposits_8_r |    scalar    |
|ClusterDeposits_9_r   |  in |   16|   ap_none  |  ClusterDeposits_9_r |    scalar    |
|ClusterDeposits_10_s  |  in |   16|   ap_none  | ClusterDeposits_10_s |    scalar    |
|ClusterDeposits_11_s  |  in |   16|   ap_none  | ClusterDeposits_11_s |    scalar    |
|ClusterDeposits_12_s  |  in |   16|   ap_none  | ClusterDeposits_12_s |    scalar    |
|ClusterDeposits_13_s  |  in |   16|   ap_none  | ClusterDeposits_13_s |    scalar    |
|ClusterDeposits_14_s  |  in |   16|   ap_none  | ClusterDeposits_14_s |    scalar    |
|ClusterDeposits_15_s  |  in |   16|   ap_none  | ClusterDeposits_15_s |    scalar    |
|ClusterDeposits_16_s  |  in |   16|   ap_none  | ClusterDeposits_16_s |    scalar    |
|ClusterDeposits_17_s  |  in |   16|   ap_none  | ClusterDeposits_17_s |    scalar    |
|ClusterDeposits_18_s  |  in |   16|   ap_none  | ClusterDeposits_18_s |    scalar    |
|ClusterDeposits_19_s  |  in |   16|   ap_none  | ClusterDeposits_19_s |    scalar    |
|ClusterDeposits_20_s  |  in |   16|   ap_none  | ClusterDeposits_20_s |    scalar    |
|ClusterDeposits_21_s  |  in |   16|   ap_none  | ClusterDeposits_21_s |    scalar    |
|ClusterDeposits_22_s  |  in |   16|   ap_none  | ClusterDeposits_22_s |    scalar    |
|ClusterDeposits_23_s  |  in |   16|   ap_none  | ClusterDeposits_23_s |    scalar    |
|ClusterDeposits_26_s  |  in |   16|   ap_none  | ClusterDeposits_26_s |    scalar    |
|ClusterDeposits_27_s  |  in |   16|   ap_none  | ClusterDeposits_27_s |    scalar    |
|ClusterDeposits_28_s  |  in |   16|   ap_none  | ClusterDeposits_28_s |    scalar    |
|ClusterDeposits_29_s  |  in |   16|   ap_none  | ClusterDeposits_29_s |    scalar    |
|ClusterDeposits_30_s  |  in |   16|   ap_none  | ClusterDeposits_30_s |    scalar    |
|ClusterDeposits_31_s  |  in |   16|   ap_none  | ClusterDeposits_31_s |    scalar    |
|ClusterEta_0_read     |  in |   16|   ap_none  |   ClusterEta_0_read  |    scalar    |
|ClusterEta_1_read     |  in |   16|   ap_none  |   ClusterEta_1_read  |    scalar    |
|ClusterEta_2_read     |  in |   16|   ap_none  |   ClusterEta_2_read  |    scalar    |
|ClusterEta_3_read     |  in |   16|   ap_none  |   ClusterEta_3_read  |    scalar    |
|ClusterEta_4_read     |  in |   16|   ap_none  |   ClusterEta_4_read  |    scalar    |
|ClusterEta_5_read     |  in |   16|   ap_none  |   ClusterEta_5_read  |    scalar    |
|ClusterEta_6_read     |  in |   16|   ap_none  |   ClusterEta_6_read  |    scalar    |
|ClusterEta_7_read     |  in |   16|   ap_none  |   ClusterEta_7_read  |    scalar    |
|ClusterEta_8_read     |  in |   16|   ap_none  |   ClusterEta_8_read  |    scalar    |
|ClusterEta_9_read     |  in |   16|   ap_none  |   ClusterEta_9_read  |    scalar    |
|ClusterEta_10_read    |  in |   16|   ap_none  |  ClusterEta_10_read  |    scalar    |
|ClusterEta_11_read    |  in |   16|   ap_none  |  ClusterEta_11_read  |    scalar    |
|ClusterEta_12_read    |  in |   16|   ap_none  |  ClusterEta_12_read  |    scalar    |
|ClusterEta_13_read    |  in |   16|   ap_none  |  ClusterEta_13_read  |    scalar    |
|ClusterEta_14_read    |  in |   16|   ap_none  |  ClusterEta_14_read  |    scalar    |
|ClusterEta_15_read    |  in |   16|   ap_none  |  ClusterEta_15_read  |    scalar    |
|ClusterEta_16_read    |  in |   16|   ap_none  |  ClusterEta_16_read  |    scalar    |
|ClusterEta_17_read    |  in |   16|   ap_none  |  ClusterEta_17_read  |    scalar    |
|ClusterEta_18_read    |  in |   16|   ap_none  |  ClusterEta_18_read  |    scalar    |
|ClusterEta_19_read    |  in |   16|   ap_none  |  ClusterEta_19_read  |    scalar    |
|ClusterEta_20_read    |  in |   16|   ap_none  |  ClusterEta_20_read  |    scalar    |
|ClusterEta_21_read    |  in |   16|   ap_none  |  ClusterEta_21_read  |    scalar    |
|ClusterEta_22_read    |  in |   16|   ap_none  |  ClusterEta_22_read  |    scalar    |
|ClusterEta_23_read    |  in |   16|   ap_none  |  ClusterEta_23_read  |    scalar    |
|ClusterEta_24_read    |  in |   16|   ap_none  |  ClusterEta_24_read  |    scalar    |
|ClusterEta_25_read    |  in |   16|   ap_none  |  ClusterEta_25_read  |    scalar    |
|ClusterEta_26_read    |  in |   16|   ap_none  |  ClusterEta_26_read  |    scalar    |
|ClusterEta_27_read    |  in |   16|   ap_none  |  ClusterEta_27_read  |    scalar    |
|ClusterEta_28_read    |  in |   16|   ap_none  |  ClusterEta_28_read  |    scalar    |
|ClusterEta_29_read    |  in |   16|   ap_none  |  ClusterEta_29_read  |    scalar    |
|ClusterEta_30_read    |  in |   16|   ap_none  |  ClusterEta_30_read  |    scalar    |
|ClusterEta_31_read    |  in |   16|   ap_none  |  ClusterEta_31_read  |    scalar    |
|ClusterPhi_0_read     |  in |   16|   ap_none  |   ClusterPhi_0_read  |    scalar    |
|ClusterPhi_1_read     |  in |   16|   ap_none  |   ClusterPhi_1_read  |    scalar    |
|ClusterPhi_2_read     |  in |   16|   ap_none  |   ClusterPhi_2_read  |    scalar    |
|ClusterPhi_3_read     |  in |   16|   ap_none  |   ClusterPhi_3_read  |    scalar    |
|ClusterPhi_4_read     |  in |   16|   ap_none  |   ClusterPhi_4_read  |    scalar    |
|ClusterPhi_5_read     |  in |   16|   ap_none  |   ClusterPhi_5_read  |    scalar    |
|ClusterPhi_6_read     |  in |   16|   ap_none  |   ClusterPhi_6_read  |    scalar    |
|ClusterPhi_7_read     |  in |   16|   ap_none  |   ClusterPhi_7_read  |    scalar    |
|ClusterPhi_8_read     |  in |   16|   ap_none  |   ClusterPhi_8_read  |    scalar    |
|ClusterPhi_9_read     |  in |   16|   ap_none  |   ClusterPhi_9_read  |    scalar    |
|ClusterPhi_10_read    |  in |   16|   ap_none  |  ClusterPhi_10_read  |    scalar    |
|ClusterPhi_11_read    |  in |   16|   ap_none  |  ClusterPhi_11_read  |    scalar    |
|ClusterPhi_12_read    |  in |   16|   ap_none  |  ClusterPhi_12_read  |    scalar    |
|ClusterPhi_13_read    |  in |   16|   ap_none  |  ClusterPhi_13_read  |    scalar    |
|ClusterPhi_14_read    |  in |   16|   ap_none  |  ClusterPhi_14_read  |    scalar    |
|ClusterPhi_15_read    |  in |   16|   ap_none  |  ClusterPhi_15_read  |    scalar    |
|ClusterPhi_16_read    |  in |   16|   ap_none  |  ClusterPhi_16_read  |    scalar    |
|ClusterPhi_17_read    |  in |   16|   ap_none  |  ClusterPhi_17_read  |    scalar    |
|ClusterPhi_18_read    |  in |   16|   ap_none  |  ClusterPhi_18_read  |    scalar    |
|ClusterPhi_19_read    |  in |   16|   ap_none  |  ClusterPhi_19_read  |    scalar    |
|ClusterPhi_20_read    |  in |   16|   ap_none  |  ClusterPhi_20_read  |    scalar    |
|ClusterPhi_21_read    |  in |   16|   ap_none  |  ClusterPhi_21_read  |    scalar    |
|ClusterPhi_22_read    |  in |   16|   ap_none  |  ClusterPhi_22_read  |    scalar    |
|ClusterPhi_23_read    |  in |   16|   ap_none  |  ClusterPhi_23_read  |    scalar    |
|ClusterPhi_24_read    |  in |   16|   ap_none  |  ClusterPhi_24_read  |    scalar    |
|ClusterPhi_25_read    |  in |   16|   ap_none  |  ClusterPhi_25_read  |    scalar    |
|ClusterPhi_26_read    |  in |   16|   ap_none  |  ClusterPhi_26_read  |    scalar    |
|ClusterPhi_27_read    |  in |   16|   ap_none  |  ClusterPhi_27_read  |    scalar    |
|ClusterPhi_28_read    |  in |   16|   ap_none  |  ClusterPhi_28_read  |    scalar    |
|ClusterPhi_29_read    |  in |   16|   ap_none  |  ClusterPhi_29_read  |    scalar    |
|ClusterPhi_30_read    |  in |   16|   ap_none  |  ClusterPhi_30_read  |    scalar    |
|ClusterPhi_31_read    |  in |   16|   ap_none  |  ClusterPhi_31_read  |    scalar    |
+----------------------+-----+-----+------------+----------------------+--------------+

