

================================================================
== Vivado HLS Report for 'bitonic_1_8'
================================================================
* Date:           Mon Aug 20 17:22:24 2018

* Version:        2016.4 (Build 1733598 on Wed Dec 14 22:59:20 MST 2016)
* Project:        HCALTower
* Solution:       solution1
* Product family: virtex7
* Target device:  xc7vx690tffg1927-2


================================================================
== Performance Estimates
================================================================
+ Timing (ns): 
    * Summary: 
    +--------+-------+----------+------------+
    |  Clock | Target| Estimated| Uncertainty|
    +--------+-------+----------+------------+
    |ap_clk  |  10.00|      7.30|        1.25|
    +--------+-------+----------+------------+

+ Latency (clock cycles): 
    * Summary: 
    +-----+-----+-----+-----+----------+
    |  Latency  |  Interval | Pipeline |
    | min | max | min | max |   Type   |
    +-----+-----+-----+-----+----------+
    |    1|    1|    2|    2| function |
    +-----+-----+-----+-----+----------+

    + Detail: 
        * Instance: 
        +------------------------------+--------------+-----+-----+-----+-----+----------+
        |                              |              |  Latency  |  Interval | Pipeline |
        |           Instance           |    Module    | min | max | min | max |   Type   |
        +------------------------------+--------------+-----+-----+-----+-----+----------+
        |call_ret_bitonic_1_16_fu_300  |bitonic_1_16  |    0|    0|    1|    1| function |
        +------------------------------+--------------+-----+-----+-----+-----+----------+

        * Loop: 
        N/A



================================================================
== Utilization Estimates
================================================================
* Summary: 
+-----------------+---------+-------+--------+--------+
|       Name      | BRAM_18K| DSP48E|   FF   |   LUT  |
+-----------------+---------+-------+--------+--------+
|DSP              |        -|      -|       -|       -|
|Expression       |        -|      -|       0|     776|
|FIFO             |        -|      -|       -|       -|
|Instance         |        -|      -|       0|     470|
|Memory           |        -|      -|       -|       -|
|Multiplexer      |        -|      -|       -|       1|
|Register         |        -|      -|     242|       -|
+-----------------+---------+-------+--------+--------+
|Total            |        0|      0|     242|    1247|
+-----------------+---------+-------+--------+--------+
|Available        |     2940|   3600|  866400|  433200|
+-----------------+---------+-------+--------+--------+
|Utilization (%)  |        0|      0|   ~0   |   ~0   |
+-----------------+---------+-------+--------+--------+

+ Detail: 
    * Instance: 
    +------------------------------+--------------+---------+-------+---+-----+
    |           Instance           |    Module    | BRAM_18K| DSP48E| FF| LUT |
    +------------------------------+--------------+---------+-------+---+-----+
    |call_ret_bitonic_1_16_fu_300  |bitonic_1_16  |        0|      0|  0|  470|
    +------------------------------+--------------+---------+-------+---+-----+
    |Total                         |              |        0|      0|  0|  470|
    +------------------------------+--------------+---------+-------+---+-----+

    * DSP48: 
    N/A

    * Memory: 
    N/A

    * FIFO: 
    N/A

    * Expression: 
    +-----------------------------------+----------+-------+---+----+------------+------------+
    |           Variable Name           | Operation| DSP48E| FF| LUT| Bitwidth P0| Bitwidth P1|
    +-----------------------------------+----------+-------+---+----+------------+------------+
    |tmp_19_1_fu_398_p2                 |   icmp   |      0|  0|   6|          16|          16|
    |tmp_19_2_fu_456_p2                 |   icmp   |      0|  0|   6|          16|          16|
    |tmp_19_3_fu_514_p2                 |   icmp   |      0|  0|   6|          16|          16|
    |tmp_23_1_fu_594_p2                 |   icmp   |      0|  0|   6|          16|           1|
    |tmp_23_2_fu_616_p2                 |   icmp   |      0|  0|   6|          16|           1|
    |tmp_23_3_fu_638_p2                 |   icmp   |      0|  0|   6|          16|           1|
    |tmp_28_1_fu_768_p2                 |   icmp   |      0|  0|   6|          16|          16|
    |tmp_2_fu_572_p2                    |   icmp   |      0|  0|   6|          16|           1|
    |tmp_33_1_fu_822_p2                 |   icmp   |      0|  0|   6|          16|          16|
    |tmp_38_1_fu_876_p2                 |   icmp   |      0|  0|   6|          16|          16|
    |tmp_3_fu_660_p2                    |   icmp   |      0|  0|   6|          16|          16|
    |tmp_43_1_fu_930_p2                 |   icmp   |      0|  0|   6|          16|          16|
    |tmp_48_1_fu_1038_p2                |   icmp   |      0|  0|   6|          16|          16|
    |tmp_48_2_fu_1092_p2                |   icmp   |      0|  0|   6|          16|          16|
    |tmp_48_3_fu_1146_p2                |   icmp   |      0|  0|   6|          16|          16|
    |tmp_4_fu_714_p2                    |   icmp   |      0|  0|   6|          16|          16|
    |tmp_53_2_fu_1200_p2                |   icmp   |      0|  0|   6|          16|          16|
    |tmp_53_3_fu_1254_p2                |   icmp   |      0|  0|   6|          16|          16|
    |tmp_5_fu_984_p2                    |   icmp   |      0|  0|   6|          16|          16|
    |tmp_s_fu_340_p2                    |   icmp   |      0|  0|   6|          16|          16|
    |Cluster_1_Deposits12_1_fu_890_p3   |  select  |      0|  0|  16|           1|          16|
    |Cluster_1_Deposits12_2_fu_990_p3   |  select  |      0|  0|  16|           1|          16|
    |Cluster_1_Deposits12_3_fu_1214_p3  |  select  |      0|  0|  16|           1|          16|
    |Cluster_1_Deposits13_1_fu_1206_p3  |  select  |      0|  0|  16|           1|          16|
    |Cluster_1_Deposits14_1_fu_1268_p3  |  select  |      0|  0|  16|           1|          16|
    |Cluster_1_Deposits15_1_fu_1260_p3  |  select  |      0|  0|  16|           1|          16|
    |Cluster_1_Deposits1_fu_728_p3      |  select  |      0|  0|  16|           1|          16|
    |Cluster_1_Deposits2_1_fu_1052_p3   |  select  |      0|  0|  16|           1|          16|
    |Cluster_1_Deposits2_fu_882_p3      |  select  |      0|  0|  16|           1|          16|
    |Cluster_1_Deposits2_s_fu_666_p3    |  select  |      0|  0|  16|           1|          16|
    |Cluster_1_Deposits3_1_fu_1044_p3   |  select  |      0|  0|  16|           1|          16|
    |Cluster_1_Deposits3_fu_936_p3      |  select  |      0|  0|  16|           1|          16|
    |Cluster_1_Deposits3_s_fu_720_p3    |  select  |      0|  0|  16|           1|          16|
    |Cluster_1_Deposits4_1_fu_1106_p3   |  select  |      0|  0|  16|           1|          16|
    |Cluster_1_Deposits4_fu_944_p3      |  select  |      0|  0|  16|           1|          16|
    |Cluster_1_Deposits4_s_fu_782_p3    |  select  |      0|  0|  16|           1|          16|
    |Cluster_1_Deposits5_1_fu_1098_p3   |  select  |      0|  0|  16|           1|          16|
    |Cluster_1_Deposits5_s_fu_836_p3    |  select  |      0|  0|  16|           1|          16|
    |Cluster_1_Deposits6_1_fu_1160_p3   |  select  |      0|  0|  16|           1|          16|
    |Cluster_1_Deposits6_s_fu_774_p3    |  select  |      0|  0|  16|           1|          16|
    |Cluster_1_Deposits7_1_fu_1152_p3   |  select  |      0|  0|  16|           1|          16|
    |Cluster_1_Deposits7_s_fu_828_p3    |  select  |      0|  0|  16|           1|          16|
    |Cluster_1_Deposits_1_8_fu_998_p3   |  select  |      0|  0|  16|           1|          16|
    |Cluster_1_Deposits_fu_674_p3       |  select  |      0|  0|  16|           1|          16|
    |Cluster_1_Eta16_0_Cl_fu_744_p3     |  select  |      0|  0|   2|           1|           2|
    |Cluster_1_Eta16_1_Cl_fu_1006_p3    |  select  |      0|  0|   2|           1|           2|
    |Cluster_1_Eta17_0_Cl_fu_682_p3     |  select  |      0|  0|   2|           1|           2|
    |Cluster_1_Eta17_1_Cl_fu_1068_p3    |  select  |      0|  0|   2|           1|           2|
    |Cluster_1_Eta18_0_Cl_fu_736_p3     |  select  |      0|  0|   2|           1|           2|
    |Cluster_1_Eta18_1_Cl_fu_1060_p3    |  select  |      0|  0|   2|           1|           2|
    |Cluster_1_Eta19_0_Cl_fu_798_p3     |  select  |      0|  0|   2|           1|           2|
    |Cluster_1_Eta19_1_Cl_fu_1122_p3    |  select  |      0|  0|   2|           1|           2|
    |Cluster_1_Eta2025_0_s_fu_852_p3    |  select  |      0|  0|   2|           1|           2|
    |Cluster_1_Eta2025_1_s_fu_1114_p3   |  select  |      0|  0|   2|           1|           2|
    |Cluster_1_Eta21_0_Cl_fu_790_p3     |  select  |      0|  0|   2|           1|           2|
    |Cluster_1_Eta21_1_Cl_fu_1176_p3    |  select  |      0|  0|   2|           1|           2|
    |Cluster_1_Eta22_0_Cl_fu_844_p3     |  select  |      0|  0|   2|           1|           2|
    |Cluster_1_Eta22_1_Cl_fu_1168_p3    |  select  |      0|  0|   2|           1|           2|
    |Cluster_1_Eta27_0_Cl_fu_906_p3     |  select  |      0|  0|   2|           1|           2|
    |Cluster_1_Eta27_1_Cl_fu_1230_p3    |  select  |      0|  0|   2|           1|           2|
    |Cluster_1_Eta28_0_Cl_fu_960_p3     |  select  |      0|  0|   2|           1|           2|
    |Cluster_1_Eta28_1_Cl_fu_1222_p3    |  select  |      0|  0|   2|           1|           2|
    |Cluster_1_Eta29_0_Cl_fu_898_p3     |  select  |      0|  0|   2|           1|           2|
    |Cluster_1_Eta29_1_Cl_fu_1284_p3    |  select  |      0|  0|   2|           1|           2|
    |Cluster_1_Eta30_0_Cl_fu_952_p3     |  select  |      0|  0|   2|           1|           2|
    |Cluster_1_Eta30_1_Cl_fu_1276_p3    |  select  |      0|  0|   2|           1|           2|
    |Cluster_1_Eta_0_Clus_fu_690_p3     |  select  |      0|  0|   2|           1|           2|
    |Cluster_1_Eta_1_Clus_fu_1014_p3    |  select  |      0|  0|   2|           1|           2|
    |Cluster_1_Phi31_0_Cl_fu_760_p3     |  select  |      0|  0|   2|           1|           2|
    |Cluster_1_Phi31_1_Cl_fu_1022_p3    |  select  |      0|  0|   2|           1|           2|
    |Cluster_1_Phi32_0_Cl_fu_698_p3     |  select  |      0|  0|   2|           1|           2|
    |Cluster_1_Phi32_1_Cl_fu_1084_p3    |  select  |      0|  0|   2|           1|           2|
    |Cluster_1_Phi33_0_Cl_fu_752_p3     |  select  |      0|  0|   2|           1|           2|
    |Cluster_1_Phi33_1_Cl_fu_1076_p3    |  select  |      0|  0|   2|           1|           2|
    |Cluster_1_Phi34_0_Cl_fu_814_p3     |  select  |      0|  0|   2|           1|           2|
    |Cluster_1_Phi34_1_Cl_fu_1138_p3    |  select  |      0|  0|   2|           1|           2|
    |Cluster_1_Phi35_0_Cl_fu_868_p3     |  select  |      0|  0|   2|           1|           2|
    |Cluster_1_Phi35_1_Cl_fu_1130_p3    |  select  |      0|  0|   2|           1|           2|
    |Cluster_1_Phi36_0_Cl_fu_806_p3     |  select  |      0|  0|   2|           1|           2|
    |Cluster_1_Phi36_1_Cl_fu_1192_p3    |  select  |      0|  0|   2|           1|           2|
    |Cluster_1_Phi3744_0_s_fu_860_p3    |  select  |      0|  0|   2|           1|           2|
    |Cluster_1_Phi3744_1_s_fu_1184_p3   |  select  |      0|  0|   2|           1|           2|
    |Cluster_1_Phi42_0_Cl_fu_922_p3     |  select  |      0|  0|   2|           1|           2|
    |Cluster_1_Phi42_1_Cl_fu_1246_p3    |  select  |      0|  0|   2|           1|           2|
    |Cluster_1_Phi43_0_Cl_fu_976_p3     |  select  |      0|  0|   2|           1|           2|
    |Cluster_1_Phi43_1_Cl_fu_1238_p3    |  select  |      0|  0|   2|           1|           2|
    |Cluster_1_Phi44_0_Cl_fu_914_p3     |  select  |      0|  0|   2|           1|           2|
    |Cluster_1_Phi44_1_Cl_fu_1300_p3    |  select  |      0|  0|   2|           1|           2|
    |Cluster_1_Phi45_0_Cl_fu_968_p3     |  select  |      0|  0|   2|           1|           2|
    |Cluster_1_Phi45_1_Cl_fu_1292_p3    |  select  |      0|  0|   2|           1|           2|
    |Cluster_1_Phi_0_Clus_fu_706_p3     |  select  |      0|  0|   2|           1|           2|
    |Cluster_1_Phi_1_Clus_fu_1030_p3    |  select  |      0|  0|   2|           1|           2|
    |p_read16_read_fu_370_p3            |  select  |      0|  0|   2|           1|           2|
    |p_read17_read_fu_428_p3            |  select  |      0|  0|   2|           1|           2|
    |p_read18_read_fu_486_p3            |  select  |      0|  0|   2|           1|           2|
    |p_read19_read_fu_544_p3            |  select  |      0|  0|   2|           1|           2|
    |p_read1_fu_586_p3                  |  select  |      0|  0|   2|           1|           1|
    |p_read1_read5_fu_412_p3            |  select  |      0|  0|  16|           1|          16|
    |p_read20_read_fu_362_p3            |  select  |      0|  0|   2|           1|           2|
    |p_read21_read_fu_420_p3            |  select  |      0|  0|   2|           1|           2|
    |p_read22_read_fu_478_p3            |  select  |      0|  0|   2|           1|           2|
    |p_read23_read_fu_536_p3            |  select  |      0|  0|   2|           1|           2|
    |p_read2_fu_600_p3                  |  select  |      0|  0|   2|           1|           1|
    |p_read2_read6_fu_470_p3            |  select  |      0|  0|  16|           1|          16|
    |p_read32_read_fu_390_p3            |  select  |      0|  0|   2|           1|           2|
    |p_read33_read_fu_448_p3            |  select  |      0|  0|   2|           1|           2|
    |p_read34_read_fu_506_p3            |  select  |      0|  0|   2|           1|           2|
    |p_read35_read_fu_564_p3            |  select  |      0|  0|   2|           1|           2|
    |p_read36_read_fu_382_p3            |  select  |      0|  0|   2|           1|           2|
    |p_read37_read_fu_440_p3            |  select  |      0|  0|   2|           1|           2|
    |p_read38_read_fu_498_p3            |  select  |      0|  0|   2|           1|           2|
    |p_read39_read_fu_556_p3            |  select  |      0|  0|   2|           1|           2|
    |p_read3_fu_608_p3                  |  select  |      0|  0|   2|           1|           1|
    |p_read3_read7_fu_528_p3            |  select  |      0|  0|  16|           1|          16|
    |p_read4_fu_622_p3                  |  select  |      0|  0|   2|           1|           1|
    |p_read4_read_fu_346_p3             |  select  |      0|  0|  16|           1|          16|
    |p_read5_fu_630_p3                  |  select  |      0|  0|   2|           1|           1|
    |p_read5_read1_fu_404_p3            |  select  |      0|  0|  16|           1|          16|
    |p_read6_fu_644_p3                  |  select  |      0|  0|   2|           1|           1|
    |p_read6_read2_fu_462_p3            |  select  |      0|  0|  16|           1|          16|
    |p_read7_fu_652_p3                  |  select  |      0|  0|   2|           1|           1|
    |p_read7_read3_fu_520_p3            |  select  |      0|  0|  16|           1|          16|
    |p_read_fu_578_p3                   |  select  |      0|  0|   2|           1|           1|
    |p_read_read4_fu_354_p3             |  select  |      0|  0|  16|           1|          16|
    +-----------------------------------+----------+-------+---+----+------------+------------+
    |Total                              |          |      0|  0| 776|         424|         908|
    +-----------------------------------+----------+-------+---+----+------------+------------+

    * Multiplexer: 
    +-----------+----+-----------+-----+-----------+
    |    Name   | LUT| Input Size| Bits| Total Bits|
    +-----------+----+-----------+-----+-----------+
    |ap_NS_fsm  |   1|          3|    1|          3|
    +-----------+----+-----------+-----+-----------+
    |Total      |   1|          3|    1|          3|
    +-----------+----+-----------+-----+-----------+

    * Register: 
    +---------------------------------+----+----+-----+-----------+
    |               Name              | FF | LUT| Bits| Const Bits|
    +---------------------------------+----+----+-----+-----------+
    |Cluster_1_Deposits12_2_reg_1308  |  16|   0|   16|          0|
    |Cluster_1_Deposits12_3_reg_1433  |  16|   0|   16|          0|
    |Cluster_1_Deposits13_1_reg_1428  |  16|   0|   16|          0|
    |Cluster_1_Deposits14_1_reg_1463  |  16|   0|   16|          0|
    |Cluster_1_Deposits15_1_reg_1458  |  16|   0|   16|          0|
    |Cluster_1_Deposits2_1_reg_1343   |  16|   0|   16|          0|
    |Cluster_1_Deposits3_1_reg_1338   |  16|   0|   16|          0|
    |Cluster_1_Deposits4_1_reg_1373   |  16|   0|   16|          0|
    |Cluster_1_Deposits5_1_reg_1368   |  16|   0|   16|          0|
    |Cluster_1_Deposits6_1_reg_1403   |  16|   0|   16|          0|
    |Cluster_1_Deposits7_1_reg_1398   |  16|   0|   16|          0|
    |Cluster_1_Deposits_1_8_reg_1313  |  16|   0|   16|          0|
    |Cluster_1_Eta16_1_Cl_reg_1318    |   2|   0|    2|          0|
    |Cluster_1_Eta17_1_Cl_reg_1353    |   2|   0|    2|          0|
    |Cluster_1_Eta18_1_Cl_reg_1348    |   2|   0|    2|          0|
    |Cluster_1_Eta19_1_Cl_reg_1383    |   2|   0|    2|          0|
    |Cluster_1_Eta2025_1_s_reg_1378   |   2|   0|    2|          0|
    |Cluster_1_Eta21_1_Cl_reg_1413    |   2|   0|    2|          0|
    |Cluster_1_Eta22_1_Cl_reg_1408    |   2|   0|    2|          0|
    |Cluster_1_Eta27_1_Cl_reg_1443    |   2|   0|    2|          0|
    |Cluster_1_Eta28_1_Cl_reg_1438    |   2|   0|    2|          0|
    |Cluster_1_Eta29_1_Cl_reg_1473    |   2|   0|    2|          0|
    |Cluster_1_Eta30_1_Cl_reg_1468    |   2|   0|    2|          0|
    |Cluster_1_Eta_1_Clus_reg_1323    |   2|   0|    2|          0|
    |Cluster_1_Phi31_1_Cl_reg_1328    |   2|   0|    2|          0|
    |Cluster_1_Phi32_1_Cl_reg_1363    |   2|   0|    2|          0|
    |Cluster_1_Phi33_1_Cl_reg_1358    |   2|   0|    2|          0|
    |Cluster_1_Phi34_1_Cl_reg_1393    |   2|   0|    2|          0|
    |Cluster_1_Phi35_1_Cl_reg_1388    |   2|   0|    2|          0|
    |Cluster_1_Phi36_1_Cl_reg_1423    |   2|   0|    2|          0|
    |Cluster_1_Phi3744_1_s_reg_1418   |   2|   0|    2|          0|
    |Cluster_1_Phi42_1_Cl_reg_1453    |   2|   0|    2|          0|
    |Cluster_1_Phi43_1_Cl_reg_1448    |   2|   0|    2|          0|
    |Cluster_1_Phi44_1_Cl_reg_1483    |   2|   0|    2|          0|
    |Cluster_1_Phi45_1_Cl_reg_1478    |   2|   0|    2|          0|
    |Cluster_1_Phi_1_Clus_reg_1333    |   2|   0|    2|          0|
    |ap_CS_fsm                        |   2|   0|    2|          0|
    +---------------------------------+----+----+-----+-----------+
    |Total                            | 242|   0|  242|          0|
    +---------------------------------+----+----+-----+-----------+



================================================================
== Interface
================================================================
* Summary: 
+------------------------+-----+-----+------------+------------------------+--------------+
|        RTL Ports       | Dir | Bits|  Protocol  |      Source Object     |    C Type    |
+------------------------+-----+-----+------------+------------------------+--------------+
|ap_clk                  |  in |    1| ap_ctrl_hs |       bitonic_1_8      | return value |
|ap_rst                  |  in |    1| ap_ctrl_hs |       bitonic_1_8      | return value |
|ap_start                |  in |    1| ap_ctrl_hs |       bitonic_1_8      | return value |
|ap_done                 | out |    1| ap_ctrl_hs |       bitonic_1_8      | return value |
|ap_idle                 | out |    1| ap_ctrl_hs |       bitonic_1_8      | return value |
|ap_ready                | out |    1| ap_ctrl_hs |       bitonic_1_8      | return value |
|ap_return_0             | out |   16| ap_ctrl_hs |       bitonic_1_8      | return value |
|ap_return_1             | out |   16| ap_ctrl_hs |       bitonic_1_8      | return value |
|ap_return_2             | out |   16| ap_ctrl_hs |       bitonic_1_8      | return value |
|ap_return_3             | out |   16| ap_ctrl_hs |       bitonic_1_8      | return value |
|ap_return_4             | out |   16| ap_ctrl_hs |       bitonic_1_8      | return value |
|ap_return_5             | out |   16| ap_ctrl_hs |       bitonic_1_8      | return value |
|ap_return_6             | out |   16| ap_ctrl_hs |       bitonic_1_8      | return value |
|ap_return_7             | out |   16| ap_ctrl_hs |       bitonic_1_8      | return value |
|ap_return_8             | out |   16| ap_ctrl_hs |       bitonic_1_8      | return value |
|ap_return_9             | out |   16| ap_ctrl_hs |       bitonic_1_8      | return value |
|ap_ce                   |  in |    1| ap_ctrl_hs |       bitonic_1_8      | return value |
|Cluster_1_Deposits_0    |  in |   16|   ap_none  |  Cluster_1_Deposits_0  |    scalar    |
|Cluster_1_Deposits_1    |  in |   16|   ap_none  |  Cluster_1_Deposits_1  |    scalar    |
|Cluster_1_Deposits_2    |  in |   16|   ap_none  |  Cluster_1_Deposits_2  |    scalar    |
|Cluster_1_Deposits_3    |  in |   16|   ap_none  |  Cluster_1_Deposits_3  |    scalar    |
|Cluster_1_Deposits_4    |  in |   16|   ap_none  |  Cluster_1_Deposits_4  |    scalar    |
|Cluster_1_Deposits_5    |  in |   16|   ap_none  |  Cluster_1_Deposits_5  |    scalar    |
|Cluster_1_Deposits_6    |  in |   16|   ap_none  |  Cluster_1_Deposits_6  |    scalar    |
|Cluster_1_Deposits_7    |  in |   16|   ap_none  |  Cluster_1_Deposits_7  |    scalar    |
|Cluster_1_Deposits_8    |  in |   16|   ap_none  |  Cluster_1_Deposits_8  |    scalar    |
|Cluster_1_Deposits_9    |  in |   16|   ap_none  |  Cluster_1_Deposits_9  |    scalar    |
|Cluster_1_Deposits_1_3  |  in |   16|   ap_none  | Cluster_1_Deposits_1_3 |    scalar    |
|Cluster_1_Deposits_1_4  |  in |   16|   ap_none  | Cluster_1_Deposits_1_4 |    scalar    |
|Cluster_1_Eta_0_rea     |  in |    2|   ap_none  |   Cluster_1_Eta_0_rea  |    scalar    |
|Cluster_1_Eta_1_rea     |  in |    2|   ap_none  |   Cluster_1_Eta_1_rea  |    scalar    |
|Cluster_1_Eta_2_rea     |  in |    2|   ap_none  |   Cluster_1_Eta_2_rea  |    scalar    |
|Cluster_1_Eta_3_rea     |  in |    2|   ap_none  |   Cluster_1_Eta_3_rea  |    scalar    |
|Cluster_1_Eta_4_rea     |  in |    2|   ap_none  |   Cluster_1_Eta_4_rea  |    scalar    |
|Cluster_1_Eta_5_rea     |  in |    2|   ap_none  |   Cluster_1_Eta_5_rea  |    scalar    |
|Cluster_1_Eta_6_rea     |  in |    2|   ap_none  |   Cluster_1_Eta_6_rea  |    scalar    |
|Cluster_1_Eta_7_rea     |  in |    2|   ap_none  |   Cluster_1_Eta_7_rea  |    scalar    |
|Cluster_1_Eta_8_rea     |  in |    2|   ap_none  |   Cluster_1_Eta_8_rea  |    scalar    |
|Cluster_1_Eta_9_rea     |  in |    2|   ap_none  |   Cluster_1_Eta_9_rea  |    scalar    |
|Cluster_1_Eta_10_re     |  in |    2|   ap_none  |   Cluster_1_Eta_10_re  |    scalar    |
|Cluster_1_Eta_11_re     |  in |    2|   ap_none  |   Cluster_1_Eta_11_re  |    scalar    |
|Cluster_1_Phi_0_rea     |  in |    1|   ap_none  |   Cluster_1_Phi_0_rea  |    scalar    |
|Cluster_1_Phi_1_rea     |  in |    1|   ap_none  |   Cluster_1_Phi_1_rea  |    scalar    |
|Cluster_1_Phi_2_rea     |  in |    1|   ap_none  |   Cluster_1_Phi_2_rea  |    scalar    |
|Cluster_1_Phi_3_rea     |  in |    1|   ap_none  |   Cluster_1_Phi_3_rea  |    scalar    |
|Cluster_1_Phi_4_rea     |  in |    2|   ap_none  |   Cluster_1_Phi_4_rea  |    scalar    |
|Cluster_1_Phi_5_rea     |  in |    2|   ap_none  |   Cluster_1_Phi_5_rea  |    scalar    |
|Cluster_1_Phi_6_rea     |  in |    2|   ap_none  |   Cluster_1_Phi_6_rea  |    scalar    |
|Cluster_1_Phi_7_rea     |  in |    2|   ap_none  |   Cluster_1_Phi_7_rea  |    scalar    |
|Cluster_1_Phi_8_rea     |  in |    2|   ap_none  |   Cluster_1_Phi_8_rea  |    scalar    |
|Cluster_1_Phi_9_rea     |  in |    2|   ap_none  |   Cluster_1_Phi_9_rea  |    scalar    |
|Cluster_1_Phi_10_re     |  in |    2|   ap_none  |   Cluster_1_Phi_10_re  |    scalar    |
|Cluster_1_Phi_11_re     |  in |    2|   ap_none  |   Cluster_1_Phi_11_re  |    scalar    |
+------------------------+-----+-----+------------+------------------------+--------------+

